[ 2025-01-09 17:10:12,720 ] 97 werkzeug - WARNING -  * Debugger is active!
[ 2025-01-09 17:10:12,727 ] 97 werkzeug - INFO -  * Debugger PIN: 368-050-414
[ 2025-01-09 17:10:12,801 ] 97 werkzeug - INFO -  * Detected change in 'c:\\Users\\ARUN KUMAR\\Downloads\\Diamond-Price-Prediction-with-DVC-Flask-Streamlit-main\\venv\\Lib\\site-packages\\pip\\_internal\\operations\\install\\editable_legacy.py', reloading
[ 2025-01-09 17:10:12,804 ] 97 werkzeug - INFO -  * Detected change in 'c:\\users\\arun kumar\\downloads\\diamond-price-prediction-with-dvc-flask-streamlit-main\\venv\\Lib\\site-packages\\pip\\_internal\\operations\\install\\editable_legacy.py', reloading
[ 2025-01-09 17:10:12,807 ] 97 werkzeug - INFO -  * Detected change in 'c:\\Users\\ARUN KUMAR\\Downloads\\Diamond-Price-Prediction-with-DVC-Flask-Streamlit-main\\venv\\Lib\\site-packages\\pip\\_internal\\operations\\install\\wheel.py', reloading
[ 2025-01-09 17:10:12,809 ] 97 werkzeug - INFO -  * Detected change in 'c:\\users\\arun kumar\\downloads\\diamond-price-prediction-with-dvc-flask-streamlit-main\\venv\\Lib\\site-packages\\pip\\_internal\\operations\\install\\wheel.py', reloading
[ 2025-01-09 17:10:12,812 ] 97 werkzeug - INFO -  * Detected change in 'c:\\Users\\ARUN KUMAR\\Downloads\\Diamond-Price-Prediction-with-DVC-Flask-Streamlit-main\\venv\\Lib\\site-packages\\pip\\_internal\\operations\\prepare.py', reloading
[ 2025-01-09 17:10:12,814 ] 97 werkzeug - INFO -  * Detected change in 'c:\\users\\arun kumar\\downloads\\diamond-price-prediction-with-dvc-flask-streamlit-main\\venv\\Lib\\site-packages\\pip\\_internal\\operations\\prepare.py', reloading
[ 2025-01-09 17:10:12,817 ] 97 werkzeug - INFO -  * Detected change in 'c:\\Users\\ARUN KUMAR\\Downloads\\Diamond-Price-Prediction-with-DVC-Flask-Streamlit-main\\venv\\Lib\\site-packages\\pip\\_internal\\pyproject.py', reloading
[ 2025-01-09 17:10:12,818 ] 97 werkzeug - INFO -  * Detected change in 'c:\\users\\arun kumar\\downloads\\diamond-price-prediction-with-dvc-flask-streamlit-main\\venv\\Lib\\site-packages\\pip\\_internal\\pyproject.py', reloading
[ 2025-01-09 17:10:12,821 ] 97 werkzeug - INFO -  * Detected change in 'c:\\Users\\ARUN KUMAR\\Downloads\\Diamond-Price-Prediction-with-DVC-Flask-Streamlit-main\\venv\\Lib\\site-packages\\pip\\_internal\\req\\__init__.py', reloading
[ 2025-01-09 17:10:12,822 ] 97 werkzeug - INFO -  * Detected change in 'c:\\users\\arun kumar\\downloads\\diamond-price-prediction-with-dvc-flask-streamlit-main\\venv\\Lib\\site-packages\\pip\\_internal\\req\\__init__.py', reloading
[ 2025-01-09 17:10:12,848 ] 97 werkzeug - INFO -  * Detected change in 'c:\\users\\arun kumar\\downloads\\diamond-price-prediction-with-dvc-flask-streamlit-main\\venv\\Lib\\site-packages\\pip\\_internal\\req\\constructors.py', reloading
[ 2025-01-09 17:10:12,850 ] 97 werkzeug - INFO -  * Detected change in 'c:\\Users\\ARUN KUMAR\\Downloads\\Diamond-Price-Prediction-with-DVC-Flask-Streamlit-main\\venv\\Lib\\site-packages\\pip\\_internal\\req\\constructors.py', reloading
[ 2025-01-09 17:10:12,854 ] 97 werkzeug - INFO -  * Detected change in 'c:\\Users\\ARUN KUMAR\\Downloads\\Diamond-Price-Prediction-with-DVC-Flask-Streamlit-main\\venv\\Lib\\site-packages\\pip\\_internal\\req\\req_file.py', reloading
[ 2025-01-09 17:10:12,855 ] 97 werkzeug - INFO -  * Detected change in 'c:\\users\\arun kumar\\downloads\\diamond-price-prediction-with-dvc-flask-streamlit-main\\venv\\Lib\\site-packages\\pip\\_internal\\req\\req_file.py', reloading
[ 2025-01-09 17:10:12,859 ] 97 werkzeug - INFO -  * Detected change in 'c:\\Users\\ARUN KUMAR\\Downloads\\Diamond-Price-Prediction-with-DVC-Flask-Streamlit-main\\venv\\Lib\\site-packages\\pip\\_internal\\req\\req_install.py', reloading
[ 2025-01-09 17:10:12,861 ] 97 werkzeug - INFO -  * Detected change in 'c:\\users\\arun kumar\\downloads\\diamond-price-prediction-with-dvc-flask-streamlit-main\\venv\\Lib\\site-packages\\pip\\_internal\\req\\req_install.py', reloading
[ 2025-01-09 17:10:12,865 ] 97 werkzeug - INFO -  * Detected change in 'c:\\Users\\ARUN KUMAR\\Downloads\\Diamond-Price-Prediction-with-DVC-Flask-Streamlit-main\\venv\\Lib\\site-packages\\pip\\_internal\\req\\req_set.py', reloading
[ 2025-01-09 17:10:12,866 ] 97 werkzeug - INFO -  * Detected change in 'c:\\users\\arun kumar\\downloads\\diamond-price-prediction-with-dvc-flask-streamlit-main\\venv\\Lib\\site-packages\\pip\\_internal\\req\\req_set.py', reloading
[ 2025-01-09 17:10:12,870 ] 97 werkzeug - INFO -  * Detected change in 'c:\\Users\\ARUN KUMAR\\Downloads\\Diamond-Price-Prediction-with-DVC-Flask-Streamlit-main\\venv\\Lib\\site-packages\\pip\\_internal\\req\\req_uninstall.py', reloading
[ 2025-01-09 17:10:12,872 ] 97 werkzeug - INFO -  * Detected change in 'c:\\users\\arun kumar\\downloads\\diamond-price-prediction-with-dvc-flask-streamlit-main\\venv\\Lib\\site-packages\\pip\\_internal\\req\\req_uninstall.py', reloading
[ 2025-01-09 17:10:12,883 ] 97 werkzeug - INFO -  * Detected change in 'c:\\users\\arun kumar\\downloads\\diamond-price-prediction-with-dvc-flask-streamlit-main\\venv\\Lib\\site-packages\\pip\\_internal\\resolution\\base.py', reloading
[ 2025-01-09 17:10:12,884 ] 97 werkzeug - INFO -  * Detected change in 'c:\\Users\\ARUN KUMAR\\Downloads\\Diamond-Price-Prediction-with-DVC-Flask-Streamlit-main\\venv\\Lib\\site-packages\\pip\\_internal\\resolution\\base.py', reloading
[ 2025-01-09 17:10:12,896 ] 97 werkzeug - INFO -  * Detected change in 'c:\\users\\arun kumar\\downloads\\diamond-price-prediction-with-dvc-flask-streamlit-main\\venv\\Lib\\site-packages\\pip\\_internal\\resolution\\legacy\\resolver.py', reloading
[ 2025-01-09 17:10:12,898 ] 97 werkzeug - INFO -  * Detected change in 'c:\\Users\\ARUN KUMAR\\Downloads\\Diamond-Price-Prediction-with-DVC-Flask-Streamlit-main\\venv\\Lib\\site-packages\\pip\\_internal\\resolution\\legacy\\resolver.py', reloading
[ 2025-01-09 17:10:12,929 ] 97 werkzeug - INFO -  * Detected change in 'c:\\Users\\ARUN KUMAR\\Downloads\\Diamond-Price-Prediction-with-DVC-Flask-Streamlit-main\\venv\\Lib\\site-packages\\pip\\_internal\\resolution\\resolvelib\\base.py', reloading
[ 2025-01-09 17:10:12,930 ] 97 werkzeug - INFO -  * Detected change in 'c:\\users\\arun kumar\\downloads\\diamond-price-prediction-with-dvc-flask-streamlit-main\\venv\\Lib\\site-packages\\pip\\_internal\\resolution\\resolvelib\\base.py', reloading
[ 2025-01-09 17:10:12,933 ] 97 werkzeug - INFO -  * Detected change in 'c:\\Users\\ARUN KUMAR\\Downloads\\Diamond-Price-Prediction-with-DVC-Flask-Streamlit-main\\venv\\Lib\\site-packages\\pip\\_internal\\resolution\\resolvelib\\candidates.py', reloading
[ 2025-01-09 17:10:12,934 ] 97 werkzeug - INFO -  * Detected change in 'c:\\users\\arun kumar\\downloads\\diamond-price-prediction-with-dvc-flask-streamlit-main\\venv\\Lib\\site-packages\\pip\\_internal\\resolution\\resolvelib\\candidates.py', reloading
[ 2025-01-09 17:10:12,938 ] 97 werkzeug - INFO -  * Detected change in 'c:\\Users\\ARUN KUMAR\\Downloads\\Diamond-Price-Prediction-with-DVC-Flask-Streamlit-main\\venv\\Lib\\site-packages\\pip\\_internal\\resolution\\resolvelib\\factory.py', reloading
[ 2025-01-09 17:10:12,939 ] 97 werkzeug - INFO -  * Detected change in 'c:\\users\\arun kumar\\downloads\\diamond-price-prediction-with-dvc-flask-streamlit-main\\venv\\Lib\\site-packages\\pip\\_internal\\resolution\\resolvelib\\factory.py', reloading
[ 2025-01-09 17:10:12,943 ] 97 werkzeug - INFO -  * Detected change in 'c:\\Users\\ARUN KUMAR\\Downloads\\Diamond-Price-Prediction-with-DVC-Flask-Streamlit-main\\venv\\Lib\\site-packages\\pip\\_internal\\resolution\\resolvelib\\found_candidates.py', reloading
[ 2025-01-09 17:10:12,944 ] 97 werkzeug - INFO -  * Detected change in 'c:\\users\\arun kumar\\downloads\\diamond-price-prediction-with-dvc-flask-streamlit-main\\venv\\Lib\\site-packages\\pip\\_internal\\resolution\\resolvelib\\found_candidates.py', reloading
[ 2025-01-09 17:10:12,947 ] 97 werkzeug - INFO -  * Detected change in 'c:\\Users\\ARUN KUMAR\\Downloads\\Diamond-Price-Prediction-with-DVC-Flask-Streamlit-main\\venv\\Lib\\site-packages\\pip\\_internal\\resolution\\resolvelib\\provider.py', reloading
[ 2025-01-09 17:10:12,948 ] 97 werkzeug - INFO -  * Detected change in 'c:\\users\\arun kumar\\downloads\\diamond-price-prediction-with-dvc-flask-streamlit-main\\venv\\Lib\\site-packages\\pip\\_internal\\resolution\\resolvelib\\provider.py', reloading
[ 2025-01-09 17:10:12,950 ] 97 werkzeug - INFO -  * Detected change in 'c:\\Users\\ARUN KUMAR\\Downloads\\Diamond-Price-Prediction-with-DVC-Flask-Streamlit-main\\venv\\Lib\\site-packages\\pip\\_internal\\resolution\\resolvelib\\reporter.py', reloading
[ 2025-01-09 17:10:12,951 ] 97 werkzeug - INFO -  * Detected change in 'c:\\users\\arun kumar\\downloads\\diamond-price-prediction-with-dvc-flask-streamlit-main\\venv\\Lib\\site-packages\\pip\\_internal\\resolution\\resolvelib\\reporter.py', reloading
[ 2025-01-09 17:10:12,955 ] 97 werkzeug - INFO -  * Detected change in 'c:\\users\\arun kumar\\downloads\\diamond-price-prediction-with-dvc-flask-streamlit-main\\venv\\Lib\\site-packages\\pip\\_internal\\resolution\\resolvelib\\requirements.py', reloading
[ 2025-01-09 17:10:12,955 ] 97 werkzeug - INFO -  * Detected change in 'c:\\Users\\ARUN KUMAR\\Downloads\\Diamond-Price-Prediction-with-DVC-Flask-Streamlit-main\\venv\\Lib\\site-packages\\pip\\_internal\\resolution\\resolvelib\\requirements.py', reloading
[ 2025-01-09 17:10:12,957 ] 97 werkzeug - INFO -  * Detected change in 'c:\\users\\arun kumar\\downloads\\diamond-price-prediction-with-dvc-flask-streamlit-main\\venv\\Lib\\site-packages\\pip\\_internal\\resolution\\resolvelib\\resolver.py', reloading
[ 2025-01-09 17:10:12,958 ] 97 werkzeug - INFO -  * Detected change in 'c:\\Users\\ARUN KUMAR\\Downloads\\Diamond-Price-Prediction-with-DVC-Flask-Streamlit-main\\venv\\Lib\\site-packages\\pip\\_internal\\resolution\\resolvelib\\resolver.py', reloading
[ 2025-01-09 17:10:12,960 ] 97 werkzeug - INFO -  * Detected change in 'c:\\users\\arun kumar\\downloads\\diamond-price-prediction-with-dvc-flask-streamlit-main\\venv\\Lib\\site-packages\\pip\\_internal\\self_outdated_check.py', reloading
[ 2025-01-09 17:10:12,960 ] 97 werkzeug - INFO -  * Detected change in 'c:\\Users\\ARUN KUMAR\\Downloads\\Diamond-Price-Prediction-with-DVC-Flask-Streamlit-main\\venv\\Lib\\site-packages\\pip\\_internal\\self_outdated_check.py', reloading
[ 2025-01-09 17:10:13,060 ] 97 werkzeug - INFO -  * Detected change in 'c:\\users\\arun kumar\\downloads\\diamond-price-prediction-with-dvc-flask-streamlit-main\\venv\\Lib\\site-packages\\pip\\_internal\\utils\\_jaraco_text.py', reloading
[ 2025-01-09 17:10:13,061 ] 97 werkzeug - INFO -  * Detected change in 'c:\\Users\\ARUN KUMAR\\Downloads\\Diamond-Price-Prediction-with-DVC-Flask-Streamlit-main\\venv\\Lib\\site-packages\\pip\\_internal\\utils\\_jaraco_text.py', reloading
[ 2025-01-09 17:10:13,066 ] 97 werkzeug - INFO -  * Detected change in 'c:\\Users\\ARUN KUMAR\\Downloads\\Diamond-Price-Prediction-with-DVC-Flask-Streamlit-main\\venv\\Lib\\site-packages\\pip\\_internal\\utils\\_log.py', reloading
[ 2025-01-09 17:10:13,067 ] 97 werkzeug - INFO -  * Detected change in 'c:\\users\\arun kumar\\downloads\\diamond-price-prediction-with-dvc-flask-streamlit-main\\venv\\Lib\\site-packages\\pip\\_internal\\utils\\_log.py', reloading
[ 2025-01-09 17:10:13,071 ] 97 werkzeug - INFO -  * Detected change in 'c:\\Users\\ARUN KUMAR\\Downloads\\Diamond-Price-Prediction-with-DVC-Flask-Streamlit-main\\venv\\Lib\\site-packages\\pip\\_internal\\utils\\appdirs.py', reloading
[ 2025-01-09 17:10:13,072 ] 97 werkzeug - INFO -  * Detected change in 'c:\\users\\arun kumar\\downloads\\diamond-price-prediction-with-dvc-flask-streamlit-main\\venv\\Lib\\site-packages\\pip\\_internal\\utils\\appdirs.py', reloading
[ 2025-01-09 17:10:13,076 ] 97 werkzeug - INFO -  * Detected change in 'c:\\Users\\ARUN KUMAR\\Downloads\\Diamond-Price-Prediction-with-DVC-Flask-Streamlit-main\\venv\\Lib\\site-packages\\pip\\_internal\\utils\\compat.py', reloading
[ 2025-01-09 17:10:13,079 ] 97 werkzeug - INFO -  * Detected change in 'c:\\users\\arun kumar\\downloads\\diamond-price-prediction-with-dvc-flask-streamlit-main\\venv\\Lib\\site-packages\\pip\\_internal\\utils\\compat.py', reloading
[ 2025-01-09 17:10:13,082 ] 97 werkzeug - INFO -  * Detected change in 'c:\\Users\\ARUN KUMAR\\Downloads\\Diamond-Price-Prediction-with-DVC-Flask-Streamlit-main\\venv\\Lib\\site-packages\\pip\\_internal\\utils\\compatibility_tags.py', reloading
[ 2025-01-09 17:10:13,086 ] 97 werkzeug - INFO -  * Detected change in 'c:\\users\\arun kumar\\downloads\\diamond-price-prediction-with-dvc-flask-streamlit-main\\venv\\Lib\\site-packages\\pip\\_internal\\utils\\compatibility_tags.py', reloading
[ 2025-01-09 17:10:13,088 ] 97 werkzeug - INFO -  * Detected change in 'c:\\Users\\ARUN KUMAR\\Downloads\\Diamond-Price-Prediction-with-DVC-Flask-Streamlit-main\\venv\\Lib\\site-packages\\pip\\_internal\\utils\\datetime.py', reloading
[ 2025-01-09 17:10:13,090 ] 97 werkzeug - INFO -  * Detected change in 'c:\\users\\arun kumar\\downloads\\diamond-price-prediction-with-dvc-flask-streamlit-main\\venv\\Lib\\site-packages\\pip\\_internal\\utils\\datetime.py', reloading
[ 2025-01-09 17:10:13,091 ] 97 werkzeug - INFO -  * Detected change in 'c:\\Users\\ARUN KUMAR\\Downloads\\Diamond-Price-Prediction-with-DVC-Flask-Streamlit-main\\venv\\Lib\\site-packages\\pip\\_internal\\utils\\deprecation.py', reloading
[ 2025-01-09 17:10:13,093 ] 97 werkzeug - INFO -  * Detected change in 'c:\\users\\arun kumar\\downloads\\diamond-price-prediction-with-dvc-flask-streamlit-main\\venv\\Lib\\site-packages\\pip\\_internal\\utils\\deprecation.py', reloading
[ 2025-01-09 17:10:13,095 ] 97 werkzeug - INFO -  * Detected change in 'c:\\Users\\ARUN KUMAR\\Downloads\\Diamond-Price-Prediction-with-DVC-Flask-Streamlit-main\\venv\\Lib\\site-packages\\pip\\_internal\\utils\\direct_url_helpers.py', reloading
[ 2025-01-09 17:10:13,098 ] 97 werkzeug - INFO -  * Detected change in 'c:\\users\\arun kumar\\downloads\\diamond-price-prediction-with-dvc-flask-streamlit-main\\venv\\Lib\\site-packages\\pip\\_internal\\utils\\direct_url_helpers.py', reloading
[ 2025-01-09 17:10:13,102 ] 97 werkzeug - INFO -  * Detected change in 'c:\\Users\\ARUN KUMAR\\Downloads\\Diamond-Price-Prediction-with-DVC-Flask-Streamlit-main\\venv\\Lib\\site-packages\\pip\\_internal\\utils\\egg_link.py', reloading
[ 2025-01-09 17:10:13,104 ] 97 werkzeug - INFO -  * Detected change in 'c:\\users\\arun kumar\\downloads\\diamond-price-prediction-with-dvc-flask-streamlit-main\\venv\\Lib\\site-packages\\pip\\_internal\\utils\\egg_link.py', reloading
[ 2025-01-09 17:10:13,106 ] 97 werkzeug - INFO -  * Detected change in 'c:\\Users\\ARUN KUMAR\\Downloads\\Diamond-Price-Prediction-with-DVC-Flask-Streamlit-main\\venv\\Lib\\site-packages\\pip\\_internal\\utils\\encoding.py', reloading
[ 2025-01-09 17:10:13,107 ] 97 werkzeug - INFO -  * Detected change in 'c:\\users\\arun kumar\\downloads\\diamond-price-prediction-with-dvc-flask-streamlit-main\\venv\\Lib\\site-packages\\pip\\_internal\\utils\\encoding.py', reloading
[ 2025-01-09 17:10:13,113 ] 97 werkzeug - INFO -  * Detected change in 'c:\\Users\\ARUN KUMAR\\Downloads\\Diamond-Price-Prediction-with-DVC-Flask-Streamlit-main\\venv\\Lib\\site-packages\\pip\\_internal\\utils\\entrypoints.py', reloading
[ 2025-01-09 17:10:13,114 ] 97 werkzeug - INFO -  * Detected change in 'c:\\users\\arun kumar\\downloads\\diamond-price-prediction-with-dvc-flask-streamlit-main\\venv\\Lib\\site-packages\\pip\\_internal\\utils\\entrypoints.py', reloading
[ 2025-01-09 17:10:13,117 ] 97 werkzeug - INFO -  * Detected change in 'c:\\users\\arun kumar\\downloads\\diamond-price-prediction-with-dvc-flask-streamlit-main\\venv\\Lib\\site-packages\\pip\\_internal\\utils\\filesystem.py', reloading
[ 2025-01-09 17:10:13,118 ] 97 werkzeug - INFO -  * Detected change in 'c:\\Users\\ARUN KUMAR\\Downloads\\Diamond-Price-Prediction-with-DVC-Flask-Streamlit-main\\venv\\Lib\\site-packages\\pip\\_internal\\utils\\filesystem.py', reloading
[ 2025-01-09 17:10:13,122 ] 97 werkzeug - INFO -  * Detected change in 'c:\\users\\arun kumar\\downloads\\diamond-price-prediction-with-dvc-flask-streamlit-main\\venv\\Lib\\site-packages\\pip\\_internal\\utils\\filetypes.py', reloading
[ 2025-01-09 17:10:13,122 ] 97 werkzeug - INFO -  * Detected change in 'c:\\Users\\ARUN KUMAR\\Downloads\\Diamond-Price-Prediction-with-DVC-Flask-Streamlit-main\\venv\\Lib\\site-packages\\pip\\_internal\\utils\\filetypes.py', reloading
[ 2025-01-09 17:10:13,126 ] 97 werkzeug - INFO -  * Detected change in 'c:\\users\\arun kumar\\downloads\\diamond-price-prediction-with-dvc-flask-streamlit-main\\venv\\Lib\\site-packages\\pip\\_internal\\utils\\glibc.py', reloading
[ 2025-01-09 17:10:13,127 ] 97 werkzeug - INFO -  * Detected change in 'c:\\Users\\ARUN KUMAR\\Downloads\\Diamond-Price-Prediction-with-DVC-Flask-Streamlit-main\\venv\\Lib\\site-packages\\pip\\_internal\\utils\\glibc.py', reloading
[ 2025-01-09 17:10:13,131 ] 97 werkzeug - INFO -  * Detected change in 'c:\\users\\arun kumar\\downloads\\diamond-price-prediction-with-dvc-flask-streamlit-main\\venv\\Lib\\site-packages\\pip\\_internal\\utils\\hashes.py', reloading
[ 2025-01-09 17:10:13,132 ] 97 werkzeug - INFO -  * Detected change in 'c:\\Users\\ARUN KUMAR\\Downloads\\Diamond-Price-Prediction-with-DVC-Flask-Streamlit-main\\venv\\Lib\\site-packages\\pip\\_internal\\utils\\hashes.py', reloading
[ 2025-01-09 17:10:13,136 ] 97 werkzeug - INFO -  * Detected change in 'c:\\users\\arun kumar\\downloads\\diamond-price-prediction-with-dvc-flask-streamlit-main\\venv\\Lib\\site-packages\\pip\\_internal\\utils\\logging.py', reloading
[ 2025-01-09 17:10:13,137 ] 97 werkzeug - INFO -  * Detected change in 'c:\\Users\\ARUN KUMAR\\Downloads\\Diamond-Price-Prediction-with-DVC-Flask-Streamlit-main\\venv\\Lib\\site-packages\\pip\\_internal\\utils\\logging.py', reloading
[ 2025-01-09 17:10:13,141 ] 97 werkzeug - INFO -  * Detected change in 'c:\\users\\arun kumar\\downloads\\diamond-price-prediction-with-dvc-flask-streamlit-main\\venv\\Lib\\site-packages\\pip\\_internal\\utils\\misc.py', reloading
[ 2025-01-09 17:10:13,142 ] 97 werkzeug - INFO -  * Detected change in 'c:\\Users\\ARUN KUMAR\\Downloads\\Diamond-Price-Prediction-with-DVC-Flask-Streamlit-main\\venv\\Lib\\site-packages\\pip\\_internal\\utils\\misc.py', reloading
[ 2025-01-09 17:10:13,148 ] 97 werkzeug - INFO -  * Detected change in 'c:\\Users\\ARUN KUMAR\\Downloads\\Diamond-Price-Prediction-with-DVC-Flask-Streamlit-main\\venv\\Lib\\site-packages\\pip\\_internal\\utils\\packaging.py', reloading
[ 2025-01-09 17:10:13,149 ] 97 werkzeug - INFO -  * Detected change in 'c:\\users\\arun kumar\\downloads\\diamond-price-prediction-with-dvc-flask-streamlit-main\\venv\\Lib\\site-packages\\pip\\_internal\\utils\\packaging.py', reloading
[ 2025-01-09 17:10:13,152 ] 97 werkzeug - INFO -  * Detected change in 'c:\\Users\\ARUN KUMAR\\Downloads\\Diamond-Price-Prediction-with-DVC-Flask-Streamlit-main\\venv\\Lib\\site-packages\\pip\\_internal\\utils\\retry.py', reloading
[ 2025-01-09 17:10:13,155 ] 97 werkzeug - INFO -  * Detected change in 'c:\\users\\arun kumar\\downloads\\diamond-price-prediction-with-dvc-flask-streamlit-main\\venv\\Lib\\site-packages\\pip\\_internal\\utils\\retry.py', reloading
[ 2025-01-09 17:10:13,157 ] 97 werkzeug - INFO -  * Detected change in 'c:\\Users\\ARUN KUMAR\\Downloads\\Diamond-Price-Prediction-with-DVC-Flask-Streamlit-main\\venv\\Lib\\site-packages\\pip\\_internal\\utils\\setuptools_build.py', reloading
[ 2025-01-09 17:10:13,160 ] 97 werkzeug - INFO -  * Detected change in 'c:\\users\\arun kumar\\downloads\\diamond-price-prediction-with-dvc-flask-streamlit-main\\venv\\Lib\\site-packages\\pip\\_internal\\utils\\setuptools_build.py', reloading
[ 2025-01-09 17:10:13,162 ] 97 werkzeug - INFO -  * Detected change in 'c:\\Users\\ARUN KUMAR\\Downloads\\Diamond-Price-Prediction-with-DVC-Flask-Streamlit-main\\venv\\Lib\\site-packages\\pip\\_internal\\utils\\subprocess.py', reloading
[ 2025-01-09 17:10:13,165 ] 97 werkzeug - INFO -  * Detected change in 'c:\\users\\arun kumar\\downloads\\diamond-price-prediction-with-dvc-flask-streamlit-main\\venv\\Lib\\site-packages\\pip\\_internal\\utils\\subprocess.py', reloading
[ 2025-01-09 17:10:13,167 ] 97 werkzeug - INFO -  * Detected change in 'c:\\Users\\ARUN KUMAR\\Downloads\\Diamond-Price-Prediction-with-DVC-Flask-Streamlit-main\\venv\\Lib\\site-packages\\pip\\_internal\\utils\\temp_dir.py', reloading
[ 2025-01-09 17:10:13,170 ] 97 werkzeug - INFO -  * Detected change in 'c:\\users\\arun kumar\\downloads\\diamond-price-prediction-with-dvc-flask-streamlit-main\\venv\\Lib\\site-packages\\pip\\_internal\\utils\\temp_dir.py', reloading
[ 2025-01-09 17:10:13,171 ] 97 werkzeug - INFO -  * Detected change in 'c:\\Users\\ARUN KUMAR\\Downloads\\Diamond-Price-Prediction-with-DVC-Flask-Streamlit-main\\venv\\Lib\\site-packages\\pip\\_internal\\utils\\unpacking.py', reloading
[ 2025-01-09 17:10:13,173 ] 97 werkzeug - INFO -  * Detected change in 'c:\\users\\arun kumar\\downloads\\diamond-price-prediction-with-dvc-flask-streamlit-main\\venv\\Lib\\site-packages\\pip\\_internal\\utils\\unpacking.py', reloading
[ 2025-01-09 17:10:13,174 ] 97 werkzeug - INFO -  * Detected change in 'c:\\Users\\ARUN KUMAR\\Downloads\\Diamond-Price-Prediction-with-DVC-Flask-Streamlit-main\\venv\\Lib\\site-packages\\pip\\_internal\\utils\\urls.py', reloading
[ 2025-01-09 17:10:13,178 ] 97 werkzeug - INFO -  * Detected change in 'c:\\users\\arun kumar\\downloads\\diamond-price-prediction-with-dvc-flask-streamlit-main\\venv\\Lib\\site-packages\\pip\\_internal\\utils\\urls.py', reloading
[ 2025-01-09 17:10:13,183 ] 97 werkzeug - INFO -  * Detected change in 'c:\\users\\arun kumar\\downloads\\diamond-price-prediction-with-dvc-flask-streamlit-main\\venv\\Lib\\site-packages\\pip\\_internal\\utils\\virtualenv.py', reloading
[ 2025-01-09 17:10:13,183 ] 97 werkzeug - INFO -  * Detected change in 'c:\\Users\\ARUN KUMAR\\Downloads\\Diamond-Price-Prediction-with-DVC-Flask-Streamlit-main\\venv\\Lib\\site-packages\\pip\\_internal\\utils\\virtualenv.py', reloading
[ 2025-01-09 17:10:13,186 ] 97 werkzeug - INFO -  * Detected change in 'c:\\users\\arun kumar\\downloads\\diamond-price-prediction-with-dvc-flask-streamlit-main\\venv\\Lib\\site-packages\\pip\\_internal\\utils\\wheel.py', reloading
[ 2025-01-09 17:10:13,188 ] 97 werkzeug - INFO -  * Detected change in 'c:\\Users\\ARUN KUMAR\\Downloads\\Diamond-Price-Prediction-with-DVC-Flask-Streamlit-main\\venv\\Lib\\site-packages\\pip\\_internal\\utils\\wheel.py', reloading
[ 2025-01-09 17:10:13,189 ] 97 werkzeug - INFO -  * Detected change in 'c:\\users\\arun kumar\\downloads\\diamond-price-prediction-with-dvc-flask-streamlit-main\\venv\\Lib\\site-packages\\pip\\_internal\\vcs\\__init__.py', reloading
[ 2025-01-09 17:10:13,190 ] 97 werkzeug - INFO -  * Detected change in 'c:\\Users\\ARUN KUMAR\\Downloads\\Diamond-Price-Prediction-with-DVC-Flask-Streamlit-main\\venv\\Lib\\site-packages\\pip\\_internal\\vcs\\__init__.py', reloading
[ 2025-01-09 17:10:13,212 ] 97 werkzeug - INFO -  * Detected change in 'c:\\Users\\ARUN KUMAR\\Downloads\\Diamond-Price-Prediction-with-DVC-Flask-Streamlit-main\\venv\\Lib\\site-packages\\pip\\_internal\\vcs\\bazaar.py', reloading
[ 2025-01-09 17:10:13,215 ] 97 werkzeug - INFO -  * Detected change in 'c:\\users\\arun kumar\\downloads\\diamond-price-prediction-with-dvc-flask-streamlit-main\\venv\\Lib\\site-packages\\pip\\_internal\\vcs\\bazaar.py', reloading
[ 2025-01-09 17:10:13,216 ] 97 werkzeug - INFO -  * Detected change in 'c:\\Users\\ARUN KUMAR\\Downloads\\Diamond-Price-Prediction-with-DVC-Flask-Streamlit-main\\venv\\Lib\\site-packages\\pip\\_internal\\vcs\\git.py', reloading
[ 2025-01-09 17:10:13,221 ] 97 werkzeug - INFO -  * Detected change in 'c:\\users\\arun kumar\\downloads\\diamond-price-prediction-with-dvc-flask-streamlit-main\\venv\\Lib\\site-packages\\pip\\_internal\\vcs\\git.py', reloading
[ 2025-01-09 17:10:13,222 ] 97 werkzeug - INFO -  * Detected change in 'c:\\Users\\ARUN KUMAR\\Downloads\\Diamond-Price-Prediction-with-DVC-Flask-Streamlit-main\\venv\\Lib\\site-packages\\pip\\_internal\\vcs\\mercurial.py', reloading
[ 2025-01-09 17:10:13,224 ] 97 werkzeug - INFO -  * Detected change in 'c:\\users\\arun kumar\\downloads\\diamond-price-prediction-with-dvc-flask-streamlit-main\\venv\\Lib\\site-packages\\pip\\_internal\\vcs\\mercurial.py', reloading
[ 2025-01-09 17:10:13,226 ] 97 werkzeug - INFO -  * Detected change in 'c:\\Users\\ARUN KUMAR\\Downloads\\Diamond-Price-Prediction-with-DVC-Flask-Streamlit-main\\venv\\Lib\\site-packages\\pip\\_internal\\vcs\\subversion.py', reloading
[ 2025-01-09 17:10:13,230 ] 97 werkzeug - INFO -  * Detected change in 'c:\\users\\arun kumar\\downloads\\diamond-price-prediction-with-dvc-flask-streamlit-main\\venv\\Lib\\site-packages\\pip\\_internal\\vcs\\subversion.py', reloading
[ 2025-01-09 17:10:13,231 ] 97 werkzeug - INFO -  * Detected change in 'c:\\Users\\ARUN KUMAR\\Downloads\\Diamond-Price-Prediction-with-DVC-Flask-Streamlit-main\\venv\\Lib\\site-packages\\pip\\_internal\\vcs\\versioncontrol.py', reloading
[ 2025-01-09 17:10:13,235 ] 97 werkzeug - INFO -  * Detected change in 'c:\\users\\arun kumar\\downloads\\diamond-price-prediction-with-dvc-flask-streamlit-main\\venv\\Lib\\site-packages\\pip\\_internal\\vcs\\versioncontrol.py', reloading
[ 2025-01-09 17:10:13,236 ] 97 werkzeug - INFO -  * Detected change in 'c:\\Users\\ARUN KUMAR\\Downloads\\Diamond-Price-Prediction-with-DVC-Flask-Streamlit-main\\venv\\Lib\\site-packages\\pip\\_internal\\wheel_builder.py', reloading
[ 2025-01-09 17:10:13,239 ] 97 werkzeug - INFO -  * Detected change in 'c:\\users\\arun kumar\\downloads\\diamond-price-prediction-with-dvc-flask-streamlit-main\\venv\\Lib\\site-packages\\pip\\_internal\\wheel_builder.py', reloading
[ 2025-01-09 17:10:13,242 ] 97 werkzeug - INFO -  * Detected change in 'c:\\Users\\ARUN KUMAR\\Downloads\\Diamond-Price-Prediction-with-DVC-Flask-Streamlit-main\\venv\\Lib\\site-packages\\pip\\_vendor\\__init__.py', reloading
[ 2025-01-09 17:10:13,247 ] 97 werkzeug - INFO -  * Detected change in 'c:\\users\\arun kumar\\downloads\\diamond-price-prediction-with-dvc-flask-streamlit-main\\venv\\Lib\\site-packages\\pip\\_vendor\\__init__.py', reloading
[ 2025-01-09 17:10:13,256 ] 97 werkzeug - INFO -  * Detected change in 'c:\\Users\\ARUN KUMAR\\Downloads\\Diamond-Price-Prediction-with-DVC-Flask-Streamlit-main\\venv\\Lib\\site-packages\\pip\\_vendor\\cachecontrol\\__init__.py', reloading
[ 2025-01-09 17:10:13,261 ] 97 werkzeug - INFO -  * Detected change in 'c:\\users\\arun kumar\\downloads\\diamond-price-prediction-with-dvc-flask-streamlit-main\\venv\\Lib\\site-packages\\pip\\_vendor\\cachecontrol\\__init__.py', reloading
[ 2025-01-09 17:10:13,293 ] 97 werkzeug - INFO -  * Detected change in 'c:\\Users\\ARUN KUMAR\\Downloads\\Diamond-Price-Prediction-with-DVC-Flask-Streamlit-main\\venv\\Lib\\site-packages\\pip\\_vendor\\cachecontrol\\_cmd.py', reloading
[ 2025-01-09 17:10:13,296 ] 97 werkzeug - INFO -  * Detected change in 'c:\\users\\arun kumar\\downloads\\diamond-price-prediction-with-dvc-flask-streamlit-main\\venv\\Lib\\site-packages\\pip\\_vendor\\cachecontrol\\_cmd.py', reloading
[ 2025-01-09 17:10:13,298 ] 97 werkzeug - INFO -  * Detected change in 'c:\\Users\\ARUN KUMAR\\Downloads\\Diamond-Price-Prediction-with-DVC-Flask-Streamlit-main\\venv\\Lib\\site-packages\\pip\\_vendor\\cachecontrol\\adapter.py', reloading
[ 2025-01-09 17:10:13,301 ] 97 werkzeug - INFO -  * Detected change in 'c:\\users\\arun kumar\\downloads\\diamond-price-prediction-with-dvc-flask-streamlit-main\\venv\\Lib\\site-packages\\pip\\_vendor\\cachecontrol\\adapter.py', reloading
[ 2025-01-09 17:10:13,302 ] 97 werkzeug - INFO -  * Detected change in 'c:\\Users\\ARUN KUMAR\\Downloads\\Diamond-Price-Prediction-with-DVC-Flask-Streamlit-main\\venv\\Lib\\site-packages\\pip\\_vendor\\cachecontrol\\cache.py', reloading
[ 2025-01-09 17:10:13,304 ] 97 werkzeug - INFO -  * Detected change in 'c:\\users\\arun kumar\\downloads\\diamond-price-prediction-with-dvc-flask-streamlit-main\\venv\\Lib\\site-packages\\pip\\_vendor\\cachecontrol\\cache.py', reloading
[ 2025-01-09 17:10:13,306 ] 97 werkzeug - INFO -  * Detected change in 'c:\\Users\\ARUN KUMAR\\Downloads\\Diamond-Price-Prediction-with-DVC-Flask-Streamlit-main\\venv\\Lib\\site-packages\\pip\\_vendor\\cachecontrol\\caches\\__init__.py', reloading
[ 2025-01-09 17:10:13,308 ] 97 werkzeug - INFO -  * Detected change in 'c:\\users\\arun kumar\\downloads\\diamond-price-prediction-with-dvc-flask-streamlit-main\\venv\\Lib\\site-packages\\pip\\_vendor\\cachecontrol\\caches\\__init__.py', reloading
[ 2025-01-09 17:10:13,321 ] 97 werkzeug - INFO -  * Detected change in 'c:\\Users\\ARUN KUMAR\\Downloads\\Diamond-Price-Prediction-with-DVC-Flask-Streamlit-main\\venv\\Lib\\site-packages\\pip\\_vendor\\cachecontrol\\caches\\file_cache.py', reloading
[ 2025-01-09 17:10:13,323 ] 97 werkzeug - INFO -  * Detected change in 'c:\\users\\arun kumar\\downloads\\diamond-price-prediction-with-dvc-flask-streamlit-main\\venv\\Lib\\site-packages\\pip\\_vendor\\cachecontrol\\caches\\file_cache.py', reloading
[ 2025-01-09 17:10:13,325 ] 97 werkzeug - INFO -  * Detected change in 'c:\\users\\arun kumar\\downloads\\diamond-price-prediction-with-dvc-flask-streamlit-main\\venv\\Lib\\site-packages\\pip\\_vendor\\cachecontrol\\caches\\redis_cache.py', reloading
[ 2025-01-09 17:10:13,326 ] 97 werkzeug - INFO -  * Detected change in 'c:\\Users\\ARUN KUMAR\\Downloads\\Diamond-Price-Prediction-with-DVC-Flask-Streamlit-main\\venv\\Lib\\site-packages\\pip\\_vendor\\cachecontrol\\caches\\redis_cache.py', reloading
[ 2025-01-09 17:10:13,328 ] 97 werkzeug - INFO -  * Detected change in 'c:\\users\\arun kumar\\downloads\\diamond-price-prediction-with-dvc-flask-streamlit-main\\venv\\Lib\\site-packages\\pip\\_vendor\\cachecontrol\\controller.py', reloading
[ 2025-01-09 17:10:13,329 ] 97 werkzeug - INFO -  * Detected change in 'c:\\Users\\ARUN KUMAR\\Downloads\\Diamond-Price-Prediction-with-DVC-Flask-Streamlit-main\\venv\\Lib\\site-packages\\pip\\_vendor\\cachecontrol\\controller.py', reloading
[ 2025-01-09 17:10:13,332 ] 97 werkzeug - INFO -  * Detected change in 'c:\\users\\arun kumar\\downloads\\diamond-price-prediction-with-dvc-flask-streamlit-main\\venv\\Lib\\site-packages\\pip\\_vendor\\cachecontrol\\filewrapper.py', reloading
[ 2025-01-09 17:10:13,333 ] 97 werkzeug - INFO -  * Detected change in 'c:\\Users\\ARUN KUMAR\\Downloads\\Diamond-Price-Prediction-with-DVC-Flask-Streamlit-main\\venv\\Lib\\site-packages\\pip\\_vendor\\cachecontrol\\filewrapper.py', reloading
[ 2025-01-09 17:10:13,336 ] 97 werkzeug - INFO -  * Detected change in 'c:\\users\\arun kumar\\downloads\\diamond-price-prediction-with-dvc-flask-streamlit-main\\venv\\Lib\\site-packages\\pip\\_vendor\\cachecontrol\\heuristics.py', reloading
[ 2025-01-09 17:10:13,336 ] 97 werkzeug - INFO -  * Detected change in 'c:\\Users\\ARUN KUMAR\\Downloads\\Diamond-Price-Prediction-with-DVC-Flask-Streamlit-main\\venv\\Lib\\site-packages\\pip\\_vendor\\cachecontrol\\heuristics.py', reloading
[ 2025-01-09 17:10:13,341 ] 97 werkzeug - INFO -  * Detected change in 'c:\\Users\\ARUN KUMAR\\Downloads\\Diamond-Price-Prediction-with-DVC-Flask-Streamlit-main\\venv\\Lib\\site-packages\\pip\\_vendor\\cachecontrol\\serialize.py', reloading
[ 2025-01-09 17:10:13,341 ] 97 werkzeug - INFO -  * Detected change in 'c:\\users\\arun kumar\\downloads\\diamond-price-prediction-with-dvc-flask-streamlit-main\\venv\\Lib\\site-packages\\pip\\_vendor\\cachecontrol\\serialize.py', reloading
[ 2025-01-09 17:10:13,343 ] 97 werkzeug - INFO -  * Detected change in 'c:\\Users\\ARUN KUMAR\\Downloads\\Diamond-Price-Prediction-with-DVC-Flask-Streamlit-main\\venv\\Lib\\site-packages\\pip\\_vendor\\cachecontrol\\wrapper.py', reloading
[ 2025-01-09 17:10:13,345 ] 97 werkzeug - INFO -  * Detected change in 'c:\\users\\arun kumar\\downloads\\diamond-price-prediction-with-dvc-flask-streamlit-main\\venv\\Lib\\site-packages\\pip\\_vendor\\cachecontrol\\wrapper.py', reloading
[ 2025-01-09 17:10:13,349 ] 97 werkzeug - INFO -  * Detected change in 'c:\\Users\\ARUN KUMAR\\Downloads\\Diamond-Price-Prediction-with-DVC-Flask-Streamlit-main\\venv\\Lib\\site-packages\\pip\\_vendor\\certifi\\__init__.py', reloading
[ 2025-01-09 17:10:13,351 ] 97 werkzeug - INFO -  * Detected change in 'c:\\users\\arun kumar\\downloads\\diamond-price-prediction-with-dvc-flask-streamlit-main\\venv\\Lib\\site-packages\\pip\\_vendor\\certifi\\__init__.py', reloading
[ 2025-01-09 17:10:13,354 ] 97 werkzeug - INFO -  * Detected change in 'c:\\users\\arun kumar\\downloads\\diamond-price-prediction-with-dvc-flask-streamlit-main\\venv\\Lib\\site-packages\\pip\\_vendor\\certifi\\__main__.py', reloading
[ 2025-01-09 17:10:13,355 ] 97 werkzeug - INFO -  * Detected change in 'c:\\Users\\ARUN KUMAR\\Downloads\\Diamond-Price-Prediction-with-DVC-Flask-Streamlit-main\\venv\\Lib\\site-packages\\pip\\_vendor\\certifi\\__main__.py', reloading
[ 2025-01-09 17:10:13,373 ] 97 werkzeug - INFO -  * Detected change in 'c:\\users\\arun kumar\\downloads\\diamond-price-prediction-with-dvc-flask-streamlit-main\\venv\\Lib\\site-packages\\pip\\_vendor\\certifi\\core.py', reloading
[ 2025-01-09 17:10:13,375 ] 97 werkzeug - INFO -  * Detected change in 'c:\\Users\\ARUN KUMAR\\Downloads\\Diamond-Price-Prediction-with-DVC-Flask-Streamlit-main\\venv\\Lib\\site-packages\\pip\\_vendor\\certifi\\core.py', reloading
[ 2025-01-09 17:10:13,377 ] 97 werkzeug - INFO -  * Detected change in 'c:\\users\\arun kumar\\downloads\\diamond-price-prediction-with-dvc-flask-streamlit-main\\venv\\Lib\\site-packages\\pip\\_vendor\\distlib\\__init__.py', reloading
[ 2025-01-09 17:10:13,383 ] 97 werkzeug - INFO -  * Detected change in 'c:\\Users\\ARUN KUMAR\\Downloads\\Diamond-Price-Prediction-with-DVC-Flask-Streamlit-main\\venv\\Lib\\site-packages\\pip\\_vendor\\distlib\\__init__.py', reloading
[ 2025-01-09 17:10:13,429 ] 97 werkzeug - INFO -  * Detected change in 'c:\\users\\arun kumar\\downloads\\diamond-price-prediction-with-dvc-flask-streamlit-main\\venv\\Lib\\site-packages\\pip\\_vendor\\distlib\\compat.py', reloading
[ 2025-01-09 17:10:13,431 ] 97 werkzeug - INFO -  * Detected change in 'c:\\Users\\ARUN KUMAR\\Downloads\\Diamond-Price-Prediction-with-DVC-Flask-Streamlit-main\\venv\\Lib\\site-packages\\pip\\_vendor\\distlib\\compat.py', reloading
[ 2025-01-09 17:10:13,434 ] 97 werkzeug - INFO -  * Detected change in 'c:\\users\\arun kumar\\downloads\\diamond-price-prediction-with-dvc-flask-streamlit-main\\venv\\Lib\\site-packages\\pip\\_vendor\\distlib\\database.py', reloading
[ 2025-01-09 17:10:13,435 ] 97 werkzeug - INFO -  * Detected change in 'c:\\Users\\ARUN KUMAR\\Downloads\\Diamond-Price-Prediction-with-DVC-Flask-Streamlit-main\\venv\\Lib\\site-packages\\pip\\_vendor\\distlib\\database.py', reloading
[ 2025-01-09 17:10:13,438 ] 97 werkzeug - INFO -  * Detected change in 'c:\\Users\\ARUN KUMAR\\Downloads\\Diamond-Price-Prediction-with-DVC-Flask-Streamlit-main\\venv\\Lib\\site-packages\\pip\\_vendor\\distlib\\index.py', reloading
[ 2025-01-09 17:10:13,438 ] 97 werkzeug - INFO -  * Detected change in 'c:\\users\\arun kumar\\downloads\\diamond-price-prediction-with-dvc-flask-streamlit-main\\venv\\Lib\\site-packages\\pip\\_vendor\\distlib\\index.py', reloading
[ 2025-01-09 17:10:13,442 ] 97 werkzeug - INFO -  * Detected change in 'c:\\Users\\ARUN KUMAR\\Downloads\\Diamond-Price-Prediction-with-DVC-Flask-Streamlit-main\\venv\\Lib\\site-packages\\pip\\_vendor\\distlib\\locators.py', reloading
[ 2025-01-09 17:10:13,443 ] 97 werkzeug - INFO -  * Detected change in 'c:\\users\\arun kumar\\downloads\\diamond-price-prediction-with-dvc-flask-streamlit-main\\venv\\Lib\\site-packages\\pip\\_vendor\\distlib\\locators.py', reloading
[ 2025-01-09 17:10:13,445 ] 97 werkzeug - INFO -  * Detected change in 'c:\\Users\\ARUN KUMAR\\Downloads\\Diamond-Price-Prediction-with-DVC-Flask-Streamlit-main\\venv\\Lib\\site-packages\\pip\\_vendor\\distlib\\manifest.py', reloading
[ 2025-01-09 17:10:13,447 ] 97 werkzeug - INFO -  * Detected change in 'c:\\users\\arun kumar\\downloads\\diamond-price-prediction-with-dvc-flask-streamlit-main\\venv\\Lib\\site-packages\\pip\\_vendor\\distlib\\manifest.py', reloading
[ 2025-01-09 17:10:13,451 ] 97 werkzeug - INFO -  * Detected change in 'c:\\Users\\ARUN KUMAR\\Downloads\\Diamond-Price-Prediction-with-DVC-Flask-Streamlit-main\\venv\\Lib\\site-packages\\pip\\_vendor\\distlib\\markers.py', reloading
[ 2025-01-09 17:10:13,452 ] 97 werkzeug - INFO -  * Detected change in 'c:\\users\\arun kumar\\downloads\\diamond-price-prediction-with-dvc-flask-streamlit-main\\venv\\Lib\\site-packages\\pip\\_vendor\\distlib\\markers.py', reloading
[ 2025-01-09 17:10:13,455 ] 97 werkzeug - INFO -  * Detected change in 'c:\\Users\\ARUN KUMAR\\Downloads\\Diamond-Price-Prediction-with-DVC-Flask-Streamlit-main\\venv\\Lib\\site-packages\\pip\\_vendor\\distlib\\metadata.py', reloading
[ 2025-01-09 17:10:13,457 ] 97 werkzeug - INFO -  * Detected change in 'c:\\users\\arun kumar\\downloads\\diamond-price-prediction-with-dvc-flask-streamlit-main\\venv\\Lib\\site-packages\\pip\\_vendor\\distlib\\metadata.py', reloading
[ 2025-01-09 17:10:13,460 ] 97 werkzeug - INFO -  * Detected change in 'c:\\Users\\ARUN KUMAR\\Downloads\\Diamond-Price-Prediction-with-DVC-Flask-Streamlit-main\\venv\\Lib\\site-packages\\pip\\_vendor\\distlib\\resources.py', reloading
[ 2025-01-09 17:10:13,460 ] 97 werkzeug - INFO -  * Detected change in 'c:\\users\\arun kumar\\downloads\\diamond-price-prediction-with-dvc-flask-streamlit-main\\venv\\Lib\\site-packages\\pip\\_vendor\\distlib\\resources.py', reloading
[ 2025-01-09 17:10:13,465 ] 97 werkzeug - INFO -  * Detected change in 'c:\\Users\\ARUN KUMAR\\Downloads\\Diamond-Price-Prediction-with-DVC-Flask-Streamlit-main\\venv\\Lib\\site-packages\\pip\\_vendor\\distlib\\scripts.py', reloading
[ 2025-01-09 17:10:13,466 ] 97 werkzeug - INFO -  * Detected change in 'c:\\users\\arun kumar\\downloads\\diamond-price-prediction-with-dvc-flask-streamlit-main\\venv\\Lib\\site-packages\\pip\\_vendor\\distlib\\scripts.py', reloading
[ 2025-01-09 17:10:13,493 ] 97 werkzeug - INFO -  * Detected change in 'c:\\users\\arun kumar\\downloads\\diamond-price-prediction-with-dvc-flask-streamlit-main\\venv\\Lib\\site-packages\\pip\\_vendor\\distlib\\util.py', reloading
[ 2025-01-09 17:10:13,493 ] 97 werkzeug - INFO -  * Detected change in 'c:\\Users\\ARUN KUMAR\\Downloads\\Diamond-Price-Prediction-with-DVC-Flask-Streamlit-main\\venv\\Lib\\site-packages\\pip\\_vendor\\distlib\\util.py', reloading
[ 2025-01-09 17:10:13,498 ] 97 werkzeug - INFO -  * Detected change in 'c:\\users\\arun kumar\\downloads\\diamond-price-prediction-with-dvc-flask-streamlit-main\\venv\\Lib\\site-packages\\pip\\_vendor\\distlib\\version.py', reloading
[ 2025-01-09 17:10:13,498 ] 97 werkzeug - INFO -  * Detected change in 'c:\\Users\\ARUN KUMAR\\Downloads\\Diamond-Price-Prediction-with-DVC-Flask-Streamlit-main\\venv\\Lib\\site-packages\\pip\\_vendor\\distlib\\version.py', reloading
[ 2025-01-09 17:10:13,528 ] 97 werkzeug - INFO -  * Detected change in 'c:\\users\\arun kumar\\downloads\\diamond-price-prediction-with-dvc-flask-streamlit-main\\venv\\Lib\\site-packages\\pip\\_vendor\\distlib\\wheel.py', reloading
[ 2025-01-09 17:10:13,529 ] 97 werkzeug - INFO -  * Detected change in 'c:\\Users\\ARUN KUMAR\\Downloads\\Diamond-Price-Prediction-with-DVC-Flask-Streamlit-main\\venv\\Lib\\site-packages\\pip\\_vendor\\distlib\\wheel.py', reloading
[ 2025-01-09 17:10:13,531 ] 97 werkzeug - INFO -  * Detected change in 'c:\\Users\\ARUN KUMAR\\Downloads\\Diamond-Price-Prediction-with-DVC-Flask-Streamlit-main\\venv\\Lib\\site-packages\\pip\\_vendor\\distro\\__init__.py', reloading
[ 2025-01-09 17:10:13,532 ] 97 werkzeug - INFO -  * Detected change in 'c:\\users\\arun kumar\\downloads\\diamond-price-prediction-with-dvc-flask-streamlit-main\\venv\\Lib\\site-packages\\pip\\_vendor\\distro\\__init__.py', reloading
[ 2025-01-09 17:10:13,534 ] 97 werkzeug - INFO -  * Detected change in 'c:\\users\\arun kumar\\downloads\\diamond-price-prediction-with-dvc-flask-streamlit-main\\venv\\Lib\\site-packages\\pip\\_vendor\\distro\\__main__.py', reloading
[ 2025-01-09 17:10:13,535 ] 97 werkzeug - INFO -  * Detected change in 'c:\\Users\\ARUN KUMAR\\Downloads\\Diamond-Price-Prediction-with-DVC-Flask-Streamlit-main\\venv\\Lib\\site-packages\\pip\\_vendor\\distro\\__main__.py', reloading
[ 2025-01-09 17:10:13,543 ] 97 werkzeug - INFO -  * Detected change in 'c:\\users\\arun kumar\\downloads\\diamond-price-prediction-with-dvc-flask-streamlit-main\\venv\\Lib\\site-packages\\pip\\_vendor\\distro\\distro.py', reloading
[ 2025-01-09 17:10:13,544 ] 97 werkzeug - INFO -  * Detected change in 'c:\\Users\\ARUN KUMAR\\Downloads\\Diamond-Price-Prediction-with-DVC-Flask-Streamlit-main\\venv\\Lib\\site-packages\\pip\\_vendor\\distro\\distro.py', reloading
[ 2025-01-09 17:10:13,548 ] 97 werkzeug - INFO -  * Detected change in 'c:\\users\\arun kumar\\downloads\\diamond-price-prediction-with-dvc-flask-streamlit-main\\venv\\Lib\\site-packages\\pip\\_vendor\\idna\\__init__.py', reloading
[ 2025-01-09 17:10:13,549 ] 97 werkzeug - INFO -  * Detected change in 'c:\\Users\\ARUN KUMAR\\Downloads\\Diamond-Price-Prediction-with-DVC-Flask-Streamlit-main\\venv\\Lib\\site-packages\\pip\\_vendor\\idna\\__init__.py', reloading
[ 2025-01-09 17:10:13,584 ] 97 werkzeug - INFO -  * Detected change in 'c:\\users\\arun kumar\\downloads\\diamond-price-prediction-with-dvc-flask-streamlit-main\\venv\\Lib\\site-packages\\pip\\_vendor\\idna\\codec.py', reloading
[ 2025-01-09 17:10:13,584 ] 97 werkzeug - INFO -  * Detected change in 'c:\\Users\\ARUN KUMAR\\Downloads\\Diamond-Price-Prediction-with-DVC-Flask-Streamlit-main\\venv\\Lib\\site-packages\\pip\\_vendor\\idna\\codec.py', reloading
[ 2025-01-09 17:10:13,587 ] 97 werkzeug - INFO -  * Detected change in 'c:\\Users\\ARUN KUMAR\\Downloads\\Diamond-Price-Prediction-with-DVC-Flask-Streamlit-main\\venv\\Lib\\site-packages\\pip\\_vendor\\idna\\compat.py', reloading
[ 2025-01-09 17:10:13,588 ] 97 werkzeug - INFO -  * Detected change in 'c:\\users\\arun kumar\\downloads\\diamond-price-prediction-with-dvc-flask-streamlit-main\\venv\\Lib\\site-packages\\pip\\_vendor\\idna\\compat.py', reloading
[ 2025-01-09 17:10:13,593 ] 97 werkzeug - INFO -  * Detected change in 'c:\\users\\arun kumar\\downloads\\diamond-price-prediction-with-dvc-flask-streamlit-main\\venv\\Lib\\site-packages\\pip\\_vendor\\idna\\core.py', reloading
[ 2025-01-09 17:10:13,594 ] 97 werkzeug - INFO -  * Detected change in 'c:\\Users\\ARUN KUMAR\\Downloads\\Diamond-Price-Prediction-with-DVC-Flask-Streamlit-main\\venv\\Lib\\site-packages\\pip\\_vendor\\idna\\core.py', reloading
[ 2025-01-09 17:10:13,598 ] 97 werkzeug - INFO -  * Detected change in 'c:\\users\\arun kumar\\downloads\\diamond-price-prediction-with-dvc-flask-streamlit-main\\venv\\Lib\\site-packages\\pip\\_vendor\\idna\\idnadata.py', reloading
[ 2025-01-09 17:10:13,599 ] 97 werkzeug - INFO -  * Detected change in 'c:\\Users\\ARUN KUMAR\\Downloads\\Diamond-Price-Prediction-with-DVC-Flask-Streamlit-main\\venv\\Lib\\site-packages\\pip\\_vendor\\idna\\idnadata.py', reloading
[ 2025-01-09 17:10:13,602 ] 97 werkzeug - INFO -  * Detected change in 'c:\\users\\arun kumar\\downloads\\diamond-price-prediction-with-dvc-flask-streamlit-main\\venv\\Lib\\site-packages\\pip\\_vendor\\idna\\intranges.py', reloading
[ 2025-01-09 17:10:13,602 ] 97 werkzeug - INFO -  * Detected change in 'c:\\Users\\ARUN KUMAR\\Downloads\\Diamond-Price-Prediction-with-DVC-Flask-Streamlit-main\\venv\\Lib\\site-packages\\pip\\_vendor\\idna\\intranges.py', reloading
[ 2025-01-09 17:10:13,605 ] 97 werkzeug - INFO -  * Detected change in 'c:\\users\\arun kumar\\downloads\\diamond-price-prediction-with-dvc-flask-streamlit-main\\venv\\Lib\\site-packages\\pip\\_vendor\\idna\\package_data.py', reloading
[ 2025-01-09 17:10:13,606 ] 97 werkzeug - INFO -  * Detected change in 'c:\\Users\\ARUN KUMAR\\Downloads\\Diamond-Price-Prediction-with-DVC-Flask-Streamlit-main\\venv\\Lib\\site-packages\\pip\\_vendor\\idna\\package_data.py', reloading
[ 2025-01-09 17:10:13,611 ] 97 werkzeug - INFO -  * Detected change in 'c:\\users\\arun kumar\\downloads\\diamond-price-prediction-with-dvc-flask-streamlit-main\\venv\\Lib\\site-packages\\pip\\_vendor\\idna\\uts46data.py', reloading
[ 2025-01-09 17:10:13,613 ] 97 werkzeug - INFO -  * Detected change in 'c:\\Users\\ARUN KUMAR\\Downloads\\Diamond-Price-Prediction-with-DVC-Flask-Streamlit-main\\venv\\Lib\\site-packages\\pip\\_vendor\\idna\\uts46data.py', reloading
[ 2025-01-09 17:10:13,615 ] 97 werkzeug - INFO -  * Detected change in 'c:\\users\\arun kumar\\downloads\\diamond-price-prediction-with-dvc-flask-streamlit-main\\venv\\Lib\\site-packages\\pip\\_vendor\\msgpack\\__init__.py', reloading
[ 2025-01-09 17:10:13,616 ] 97 werkzeug - INFO -  * Detected change in 'c:\\Users\\ARUN KUMAR\\Downloads\\Diamond-Price-Prediction-with-DVC-Flask-Streamlit-main\\venv\\Lib\\site-packages\\pip\\_vendor\\msgpack\\__init__.py', reloading
[ 2025-01-09 17:10:13,632 ] 97 werkzeug - INFO -  * Detected change in 'c:\\Users\\ARUN KUMAR\\Downloads\\Diamond-Price-Prediction-with-DVC-Flask-Streamlit-main\\venv\\Lib\\site-packages\\pip\\_vendor\\msgpack\\exceptions.py', reloading
[ 2025-01-09 17:10:13,633 ] 97 werkzeug - INFO -  * Detected change in 'c:\\users\\arun kumar\\downloads\\diamond-price-prediction-with-dvc-flask-streamlit-main\\venv\\Lib\\site-packages\\pip\\_vendor\\msgpack\\exceptions.py', reloading
[ 2025-01-09 17:10:13,637 ] 97 werkzeug - INFO -  * Detected change in 'c:\\Users\\ARUN KUMAR\\Downloads\\Diamond-Price-Prediction-with-DVC-Flask-Streamlit-main\\venv\\Lib\\site-packages\\pip\\_vendor\\msgpack\\ext.py', reloading
[ 2025-01-09 17:10:13,638 ] 97 werkzeug - INFO -  * Detected change in 'c:\\users\\arun kumar\\downloads\\diamond-price-prediction-with-dvc-flask-streamlit-main\\venv\\Lib\\site-packages\\pip\\_vendor\\msgpack\\ext.py', reloading
[ 2025-01-09 17:10:13,641 ] 97 werkzeug - INFO -  * Detected change in 'c:\\users\\arun kumar\\downloads\\diamond-price-prediction-with-dvc-flask-streamlit-main\\venv\\Lib\\site-packages\\pip\\_vendor\\msgpack\\fallback.py', reloading
[ 2025-01-09 17:10:13,642 ] 97 werkzeug - INFO -  * Detected change in 'c:\\Users\\ARUN KUMAR\\Downloads\\Diamond-Price-Prediction-with-DVC-Flask-Streamlit-main\\venv\\Lib\\site-packages\\pip\\_vendor\\msgpack\\fallback.py', reloading
[ 2025-01-09 17:10:13,645 ] 97 werkzeug - INFO -  * Detected change in 'c:\\Users\\ARUN KUMAR\\Downloads\\Diamond-Price-Prediction-with-DVC-Flask-Streamlit-main\\venv\\Lib\\site-packages\\pip\\_vendor\\packaging\\__init__.py', reloading
[ 2025-01-09 17:10:13,646 ] 97 werkzeug - INFO -  * Detected change in 'c:\\users\\arun kumar\\downloads\\diamond-price-prediction-with-dvc-flask-streamlit-main\\venv\\Lib\\site-packages\\pip\\_vendor\\packaging\\__init__.py', reloading
[ 2025-01-09 17:10:13,700 ] 97 werkzeug - INFO -  * Detected change in 'c:\\Users\\ARUN KUMAR\\Downloads\\Diamond-Price-Prediction-with-DVC-Flask-Streamlit-main\\venv\\Lib\\site-packages\\pip\\_vendor\\packaging\\_elffile.py', reloading
[ 2025-01-09 17:10:13,701 ] 97 werkzeug - INFO -  * Detected change in 'c:\\users\\arun kumar\\downloads\\diamond-price-prediction-with-dvc-flask-streamlit-main\\venv\\Lib\\site-packages\\pip\\_vendor\\packaging\\_elffile.py', reloading
[ 2025-01-09 17:10:13,703 ] 97 werkzeug - INFO -  * Detected change in 'c:\\Users\\ARUN KUMAR\\Downloads\\Diamond-Price-Prediction-with-DVC-Flask-Streamlit-main\\venv\\Lib\\site-packages\\pip\\_vendor\\packaging\\_manylinux.py', reloading
[ 2025-01-09 17:10:13,704 ] 97 werkzeug - INFO -  * Detected change in 'c:\\users\\arun kumar\\downloads\\diamond-price-prediction-with-dvc-flask-streamlit-main\\venv\\Lib\\site-packages\\pip\\_vendor\\packaging\\_manylinux.py', reloading
[ 2025-01-09 17:10:13,705 ] 97 werkzeug - INFO -  * Detected change in 'c:\\Users\\ARUN KUMAR\\Downloads\\Diamond-Price-Prediction-with-DVC-Flask-Streamlit-main\\venv\\Lib\\site-packages\\pip\\_vendor\\packaging\\_musllinux.py', reloading
[ 2025-01-09 17:10:13,706 ] 97 werkzeug - INFO -  * Detected change in 'c:\\users\\arun kumar\\downloads\\diamond-price-prediction-with-dvc-flask-streamlit-main\\venv\\Lib\\site-packages\\pip\\_vendor\\packaging\\_musllinux.py', reloading
[ 2025-01-09 17:10:13,708 ] 97 werkzeug - INFO -  * Detected change in 'c:\\Users\\ARUN KUMAR\\Downloads\\Diamond-Price-Prediction-with-DVC-Flask-Streamlit-main\\venv\\Lib\\site-packages\\pip\\_vendor\\packaging\\_parser.py', reloading
[ 2025-01-09 17:10:13,708 ] 97 werkzeug - INFO -  * Detected change in 'c:\\users\\arun kumar\\downloads\\diamond-price-prediction-with-dvc-flask-streamlit-main\\venv\\Lib\\site-packages\\pip\\_vendor\\packaging\\_parser.py', reloading
[ 2025-01-09 17:10:13,710 ] 97 werkzeug - INFO -  * Detected change in 'c:\\Users\\ARUN KUMAR\\Downloads\\Diamond-Price-Prediction-with-DVC-Flask-Streamlit-main\\venv\\Lib\\site-packages\\pip\\_vendor\\packaging\\_structures.py', reloading
[ 2025-01-09 17:10:13,710 ] 97 werkzeug - INFO -  * Detected change in 'c:\\users\\arun kumar\\downloads\\diamond-price-prediction-with-dvc-flask-streamlit-main\\venv\\Lib\\site-packages\\pip\\_vendor\\packaging\\_structures.py', reloading
[ 2025-01-09 17:10:13,712 ] 97 werkzeug - INFO -  * Detected change in 'c:\\Users\\ARUN KUMAR\\Downloads\\Diamond-Price-Prediction-with-DVC-Flask-Streamlit-main\\venv\\Lib\\site-packages\\pip\\_vendor\\packaging\\_tokenizer.py', reloading
[ 2025-01-09 17:10:13,713 ] 97 werkzeug - INFO -  * Detected change in 'c:\\users\\arun kumar\\downloads\\diamond-price-prediction-with-dvc-flask-streamlit-main\\venv\\Lib\\site-packages\\pip\\_vendor\\packaging\\_tokenizer.py', reloading
[ 2025-01-09 17:10:13,717 ] 97 werkzeug - INFO -  * Detected change in 'c:\\Users\\ARUN KUMAR\\Downloads\\Diamond-Price-Prediction-with-DVC-Flask-Streamlit-main\\venv\\Lib\\site-packages\\pip\\_vendor\\packaging\\markers.py', reloading
[ 2025-01-09 17:10:13,718 ] 97 werkzeug - INFO -  * Detected change in 'c:\\users\\arun kumar\\downloads\\diamond-price-prediction-with-dvc-flask-streamlit-main\\venv\\Lib\\site-packages\\pip\\_vendor\\packaging\\markers.py', reloading
[ 2025-01-09 17:10:13,720 ] 97 werkzeug - INFO -  * Detected change in 'c:\\Users\\ARUN KUMAR\\Downloads\\Diamond-Price-Prediction-with-DVC-Flask-Streamlit-main\\venv\\Lib\\site-packages\\pip\\_vendor\\packaging\\metadata.py', reloading
[ 2025-01-09 17:10:13,722 ] 97 werkzeug - INFO -  * Detected change in 'c:\\users\\arun kumar\\downloads\\diamond-price-prediction-with-dvc-flask-streamlit-main\\venv\\Lib\\site-packages\\pip\\_vendor\\packaging\\metadata.py', reloading
[ 2025-01-09 17:10:13,725 ] 97 werkzeug - INFO -  * Detected change in 'c:\\Users\\ARUN KUMAR\\Downloads\\Diamond-Price-Prediction-with-DVC-Flask-Streamlit-main\\venv\\Lib\\site-packages\\pip\\_vendor\\packaging\\requirements.py', reloading
[ 2025-01-09 17:10:13,727 ] 97 werkzeug - INFO -  * Detected change in 'c:\\users\\arun kumar\\downloads\\diamond-price-prediction-with-dvc-flask-streamlit-main\\venv\\Lib\\site-packages\\pip\\_vendor\\packaging\\requirements.py', reloading
[ 2025-01-09 17:10:13,730 ] 97 werkzeug - INFO -  * Detected change in 'c:\\Users\\ARUN KUMAR\\Downloads\\Diamond-Price-Prediction-with-DVC-Flask-Streamlit-main\\venv\\Lib\\site-packages\\pip\\_vendor\\packaging\\specifiers.py', reloading
[ 2025-01-09 17:10:13,732 ] 97 werkzeug - INFO -  * Detected change in 'c:\\users\\arun kumar\\downloads\\diamond-price-prediction-with-dvc-flask-streamlit-main\\venv\\Lib\\site-packages\\pip\\_vendor\\packaging\\specifiers.py', reloading
[ 2025-01-09 17:10:13,734 ] 97 werkzeug - INFO -  * Detected change in 'c:\\Users\\ARUN KUMAR\\Downloads\\Diamond-Price-Prediction-with-DVC-Flask-Streamlit-main\\venv\\Lib\\site-packages\\pip\\_vendor\\packaging\\tags.py', reloading
[ 2025-01-09 17:10:13,735 ] 97 werkzeug - INFO -  * Detected change in 'c:\\users\\arun kumar\\downloads\\diamond-price-prediction-with-dvc-flask-streamlit-main\\venv\\Lib\\site-packages\\pip\\_vendor\\packaging\\tags.py', reloading
[ 2025-01-09 17:10:13,738 ] 97 werkzeug - INFO -  * Detected change in 'c:\\Users\\ARUN KUMAR\\Downloads\\Diamond-Price-Prediction-with-DVC-Flask-Streamlit-main\\venv\\Lib\\site-packages\\pip\\_vendor\\packaging\\utils.py', reloading
[ 2025-01-09 17:10:13,738 ] 97 werkzeug - INFO -  * Detected change in 'c:\\users\\arun kumar\\downloads\\diamond-price-prediction-with-dvc-flask-streamlit-main\\venv\\Lib\\site-packages\\pip\\_vendor\\packaging\\utils.py', reloading
[ 2025-01-09 17:10:13,741 ] 97 werkzeug - INFO -  * Detected change in 'c:\\Users\\ARUN KUMAR\\Downloads\\Diamond-Price-Prediction-with-DVC-Flask-Streamlit-main\\venv\\Lib\\site-packages\\pip\\_vendor\\packaging\\version.py', reloading
[ 2025-01-09 17:10:13,741 ] 97 werkzeug - INFO -  * Detected change in 'c:\\users\\arun kumar\\downloads\\diamond-price-prediction-with-dvc-flask-streamlit-main\\venv\\Lib\\site-packages\\pip\\_vendor\\packaging\\version.py', reloading
[ 2025-01-09 17:10:13,744 ] 97 werkzeug - INFO -  * Detected change in 'c:\\Users\\ARUN KUMAR\\Downloads\\Diamond-Price-Prediction-with-DVC-Flask-Streamlit-main\\venv\\Lib\\site-packages\\pip\\_vendor\\pkg_resources\\__init__.py', reloading
[ 2025-01-09 17:10:13,745 ] 97 werkzeug - INFO -  * Detected change in 'c:\\users\\arun kumar\\downloads\\diamond-price-prediction-with-dvc-flask-streamlit-main\\venv\\Lib\\site-packages\\pip\\_vendor\\pkg_resources\\__init__.py', reloading
[ 2025-01-09 17:10:13,752 ] 97 werkzeug - INFO -  * Detected change in 'c:\\Users\\ARUN KUMAR\\Downloads\\Diamond-Price-Prediction-with-DVC-Flask-Streamlit-main\\venv\\Lib\\site-packages\\pip\\_vendor\\platformdirs\\__init__.py', reloading
[ 2025-01-09 17:10:13,753 ] 97 werkzeug - INFO -  * Detected change in 'c:\\users\\arun kumar\\downloads\\diamond-price-prediction-with-dvc-flask-streamlit-main\\venv\\Lib\\site-packages\\pip\\_vendor\\platformdirs\\__init__.py', reloading
[ 2025-01-09 17:10:13,756 ] 97 werkzeug - INFO -  * Detected change in 'c:\\Users\\ARUN KUMAR\\Downloads\\Diamond-Price-Prediction-with-DVC-Flask-Streamlit-main\\venv\\Lib\\site-packages\\pip\\_vendor\\platformdirs\\__main__.py', reloading
[ 2025-01-09 17:10:13,757 ] 97 werkzeug - INFO -  * Detected change in 'c:\\users\\arun kumar\\downloads\\diamond-price-prediction-with-dvc-flask-streamlit-main\\venv\\Lib\\site-packages\\pip\\_vendor\\platformdirs\\__main__.py', reloading
[ 2025-01-09 17:10:13,785 ] 97 werkzeug - INFO -  * Detected change in 'c:\\users\\arun kumar\\downloads\\diamond-price-prediction-with-dvc-flask-streamlit-main\\venv\\Lib\\site-packages\\pip\\_vendor\\platformdirs\\android.py', reloading
[ 2025-01-09 17:10:13,786 ] 97 werkzeug - INFO -  * Detected change in 'c:\\Users\\ARUN KUMAR\\Downloads\\Diamond-Price-Prediction-with-DVC-Flask-Streamlit-main\\venv\\Lib\\site-packages\\pip\\_vendor\\platformdirs\\android.py', reloading
[ 2025-01-09 17:10:13,789 ] 97 werkzeug - INFO -  * Detected change in 'c:\\users\\arun kumar\\downloads\\diamond-price-prediction-with-dvc-flask-streamlit-main\\venv\\Lib\\site-packages\\pip\\_vendor\\platformdirs\\api.py', reloading
[ 2025-01-09 17:10:13,789 ] 97 werkzeug - INFO -  * Detected change in 'c:\\Users\\ARUN KUMAR\\Downloads\\Diamond-Price-Prediction-with-DVC-Flask-Streamlit-main\\venv\\Lib\\site-packages\\pip\\_vendor\\platformdirs\\api.py', reloading
[ 2025-01-09 17:10:13,793 ] 97 werkzeug - INFO -  * Detected change in 'c:\\users\\arun kumar\\downloads\\diamond-price-prediction-with-dvc-flask-streamlit-main\\venv\\Lib\\site-packages\\pip\\_vendor\\platformdirs\\macos.py', reloading
[ 2025-01-09 17:10:13,794 ] 97 werkzeug - INFO -  * Detected change in 'c:\\Users\\ARUN KUMAR\\Downloads\\Diamond-Price-Prediction-with-DVC-Flask-Streamlit-main\\venv\\Lib\\site-packages\\pip\\_vendor\\platformdirs\\macos.py', reloading
