[ 2025-01-09 17:10:03,728 ] 97 werkzeug - WARNING -  * Debugger is active!
[ 2025-01-09 17:10:03,735 ] 97 werkzeug - INFO -  * Debugger PIN: 368-050-414
[ 2025-01-09 17:10:03,792 ] 97 werkzeug - INFO -  * Detected change in 'c:\\users\\arun kumar\\downloads\\diamond-price-prediction-with-dvc-flask-streamlit-main\\venv\\Lib\\site-packages\\pandas\\io\\sas\\sas7bdat.py', reloading
[ 2025-01-09 17:10:03,793 ] 97 werkzeug - INFO -  * Detected change in 'c:\\Users\\ARUN KUMAR\\Downloads\\Diamond-Price-Prediction-with-DVC-Flask-Streamlit-main\\venv\\Lib\\site-packages\\pandas\\io\\sas\\sas7bdat.py', reloading
[ 2025-01-09 17:10:03,797 ] 97 werkzeug - INFO -  * Detected change in 'c:\\users\\arun kumar\\downloads\\diamond-price-prediction-with-dvc-flask-streamlit-main\\venv\\Lib\\site-packages\\pandas\\io\\sas\\sas_constants.py', reloading
[ 2025-01-09 17:10:03,799 ] 97 werkzeug - INFO -  * Detected change in 'c:\\Users\\ARUN KUMAR\\Downloads\\Diamond-Price-Prediction-with-DVC-Flask-Streamlit-main\\venv\\Lib\\site-packages\\pandas\\io\\sas\\sas_constants.py', reloading
[ 2025-01-09 17:10:03,803 ] 97 werkzeug - INFO -  * Detected change in 'c:\\users\\arun kumar\\downloads\\diamond-price-prediction-with-dvc-flask-streamlit-main\\venv\\Lib\\site-packages\\pandas\\io\\sas\\sas_xport.py', reloading
[ 2025-01-09 17:10:03,804 ] 97 werkzeug - INFO -  * Detected change in 'c:\\Users\\ARUN KUMAR\\Downloads\\Diamond-Price-Prediction-with-DVC-Flask-Streamlit-main\\venv\\Lib\\site-packages\\pandas\\io\\sas\\sas_xport.py', reloading
[ 2025-01-09 17:10:03,807 ] 97 werkzeug - INFO -  * Detected change in 'c:\\users\\arun kumar\\downloads\\diamond-price-prediction-with-dvc-flask-streamlit-main\\venv\\Lib\\site-packages\\pandas\\io\\sas\\sasreader.py', reloading
[ 2025-01-09 17:10:03,808 ] 97 werkzeug - INFO -  * Detected change in 'c:\\Users\\ARUN KUMAR\\Downloads\\Diamond-Price-Prediction-with-DVC-Flask-Streamlit-main\\venv\\Lib\\site-packages\\pandas\\io\\sas\\sasreader.py', reloading
[ 2025-01-09 17:10:03,810 ] 97 werkzeug - INFO -  * Detected change in 'c:\\users\\arun kumar\\downloads\\diamond-price-prediction-with-dvc-flask-streamlit-main\\venv\\Lib\\site-packages\\pandas\\io\\spss.py', reloading
[ 2025-01-09 17:10:03,811 ] 97 werkzeug - INFO -  * Detected change in 'c:\\Users\\ARUN KUMAR\\Downloads\\Diamond-Price-Prediction-with-DVC-Flask-Streamlit-main\\venv\\Lib\\site-packages\\pandas\\io\\spss.py', reloading
[ 2025-01-09 17:10:03,814 ] 97 werkzeug - INFO -  * Detected change in 'c:\\users\\arun kumar\\downloads\\diamond-price-prediction-with-dvc-flask-streamlit-main\\venv\\Lib\\site-packages\\pandas\\io\\sql.py', reloading
[ 2025-01-09 17:10:03,816 ] 97 werkzeug - INFO -  * Detected change in 'c:\\Users\\ARUN KUMAR\\Downloads\\Diamond-Price-Prediction-with-DVC-Flask-Streamlit-main\\venv\\Lib\\site-packages\\pandas\\io\\sql.py', reloading
[ 2025-01-09 17:10:03,820 ] 97 werkzeug - INFO -  * Detected change in 'c:\\users\\arun kumar\\downloads\\diamond-price-prediction-with-dvc-flask-streamlit-main\\venv\\Lib\\site-packages\\pandas\\io\\stata.py', reloading
[ 2025-01-09 17:10:03,821 ] 97 werkzeug - INFO -  * Detected change in 'c:\\Users\\ARUN KUMAR\\Downloads\\Diamond-Price-Prediction-with-DVC-Flask-Streamlit-main\\venv\\Lib\\site-packages\\pandas\\io\\stata.py', reloading
[ 2025-01-09 17:10:03,825 ] 97 werkzeug - INFO -  * Detected change in 'c:\\users\\arun kumar\\downloads\\diamond-price-prediction-with-dvc-flask-streamlit-main\\venv\\Lib\\site-packages\\pandas\\io\\xml.py', reloading
[ 2025-01-09 17:10:03,825 ] 97 werkzeug - INFO -  * Detected change in 'c:\\Users\\ARUN KUMAR\\Downloads\\Diamond-Price-Prediction-with-DVC-Flask-Streamlit-main\\venv\\Lib\\site-packages\\pandas\\io\\xml.py', reloading
[ 2025-01-09 17:10:03,829 ] 97 werkzeug - INFO -  * Detected change in 'c:\\users\\arun kumar\\downloads\\diamond-price-prediction-with-dvc-flask-streamlit-main\\venv\\Lib\\site-packages\\pandas\\plotting\\__init__.py', reloading
[ 2025-01-09 17:10:03,830 ] 97 werkzeug - INFO -  * Detected change in 'c:\\Users\\ARUN KUMAR\\Downloads\\Diamond-Price-Prediction-with-DVC-Flask-Streamlit-main\\venv\\Lib\\site-packages\\pandas\\plotting\\__init__.py', reloading
[ 2025-01-09 17:10:03,846 ] 97 werkzeug - INFO -  * Detected change in 'c:\\users\\arun kumar\\downloads\\diamond-price-prediction-with-dvc-flask-streamlit-main\\venv\\Lib\\site-packages\\pandas\\plotting\\_core.py', reloading
[ 2025-01-09 17:10:03,846 ] 97 werkzeug - INFO -  * Detected change in 'c:\\Users\\ARUN KUMAR\\Downloads\\Diamond-Price-Prediction-with-DVC-Flask-Streamlit-main\\venv\\Lib\\site-packages\\pandas\\plotting\\_core.py', reloading
[ 2025-01-09 17:10:03,849 ] 97 werkzeug - INFO -  * Detected change in 'c:\\Users\\ARUN KUMAR\\Downloads\\Diamond-Price-Prediction-with-DVC-Flask-Streamlit-main\\venv\\Lib\\site-packages\\pandas\\plotting\\_matplotlib\\__init__.py', reloading
[ 2025-01-09 17:10:03,850 ] 97 werkzeug - INFO -  * Detected change in 'c:\\users\\arun kumar\\downloads\\diamond-price-prediction-with-dvc-flask-streamlit-main\\venv\\Lib\\site-packages\\pandas\\plotting\\_matplotlib\\__init__.py', reloading
[ 2025-01-09 17:10:03,893 ] 97 werkzeug - INFO -  * Detected change in 'c:\\users\\arun kumar\\downloads\\diamond-price-prediction-with-dvc-flask-streamlit-main\\venv\\Lib\\site-packages\\pandas\\plotting\\_matplotlib\\boxplot.py', reloading
[ 2025-01-09 17:10:03,893 ] 97 werkzeug - INFO -  * Detected change in 'c:\\Users\\ARUN KUMAR\\Downloads\\Diamond-Price-Prediction-with-DVC-Flask-Streamlit-main\\venv\\Lib\\site-packages\\pandas\\plotting\\_matplotlib\\boxplot.py', reloading
[ 2025-01-09 17:10:03,900 ] 97 werkzeug - INFO -  * Detected change in 'c:\\Users\\ARUN KUMAR\\Downloads\\Diamond-Price-Prediction-with-DVC-Flask-Streamlit-main\\venv\\Lib\\site-packages\\pandas\\plotting\\_matplotlib\\converter.py', reloading
[ 2025-01-09 17:10:03,900 ] 97 werkzeug - INFO -  * Detected change in 'c:\\users\\arun kumar\\downloads\\diamond-price-prediction-with-dvc-flask-streamlit-main\\venv\\Lib\\site-packages\\pandas\\plotting\\_matplotlib\\converter.py', reloading
[ 2025-01-09 17:10:03,905 ] 97 werkzeug - INFO -  * Detected change in 'c:\\users\\arun kumar\\downloads\\diamond-price-prediction-with-dvc-flask-streamlit-main\\venv\\Lib\\site-packages\\pandas\\plotting\\_matplotlib\\core.py', reloading
[ 2025-01-09 17:10:03,906 ] 97 werkzeug - INFO -  * Detected change in 'c:\\Users\\ARUN KUMAR\\Downloads\\Diamond-Price-Prediction-with-DVC-Flask-Streamlit-main\\venv\\Lib\\site-packages\\pandas\\plotting\\_matplotlib\\core.py', reloading
[ 2025-01-09 17:10:03,909 ] 97 werkzeug - INFO -  * Detected change in 'c:\\users\\arun kumar\\downloads\\diamond-price-prediction-with-dvc-flask-streamlit-main\\venv\\Lib\\site-packages\\pandas\\plotting\\_matplotlib\\groupby.py', reloading
[ 2025-01-09 17:10:03,910 ] 97 werkzeug - INFO -  * Detected change in 'c:\\Users\\ARUN KUMAR\\Downloads\\Diamond-Price-Prediction-with-DVC-Flask-Streamlit-main\\venv\\Lib\\site-packages\\pandas\\plotting\\_matplotlib\\groupby.py', reloading
[ 2025-01-09 17:10:03,913 ] 97 werkzeug - INFO -  * Detected change in 'c:\\Users\\ARUN KUMAR\\Downloads\\Diamond-Price-Prediction-with-DVC-Flask-Streamlit-main\\venv\\Lib\\site-packages\\pandas\\plotting\\_matplotlib\\hist.py', reloading
[ 2025-01-09 17:10:03,913 ] 97 werkzeug - INFO -  * Detected change in 'c:\\users\\arun kumar\\downloads\\diamond-price-prediction-with-dvc-flask-streamlit-main\\venv\\Lib\\site-packages\\pandas\\plotting\\_matplotlib\\hist.py', reloading
[ 2025-01-09 17:10:03,917 ] 97 werkzeug - INFO -  * Detected change in 'c:\\users\\arun kumar\\downloads\\diamond-price-prediction-with-dvc-flask-streamlit-main\\venv\\Lib\\site-packages\\pandas\\plotting\\_matplotlib\\misc.py', reloading
[ 2025-01-09 17:10:03,918 ] 97 werkzeug - INFO -  * Detected change in 'c:\\Users\\ARUN KUMAR\\Downloads\\Diamond-Price-Prediction-with-DVC-Flask-Streamlit-main\\venv\\Lib\\site-packages\\pandas\\plotting\\_matplotlib\\misc.py', reloading
[ 2025-01-09 17:10:03,921 ] 97 werkzeug - INFO -  * Detected change in 'c:\\users\\arun kumar\\downloads\\diamond-price-prediction-with-dvc-flask-streamlit-main\\venv\\Lib\\site-packages\\pandas\\plotting\\_matplotlib\\style.py', reloading
[ 2025-01-09 17:10:03,921 ] 97 werkzeug - INFO -  * Detected change in 'c:\\Users\\ARUN KUMAR\\Downloads\\Diamond-Price-Prediction-with-DVC-Flask-Streamlit-main\\venv\\Lib\\site-packages\\pandas\\plotting\\_matplotlib\\style.py', reloading
[ 2025-01-09 17:10:03,924 ] 97 werkzeug - INFO -  * Detected change in 'c:\\users\\arun kumar\\downloads\\diamond-price-prediction-with-dvc-flask-streamlit-main\\venv\\Lib\\site-packages\\pandas\\plotting\\_matplotlib\\timeseries.py', reloading
[ 2025-01-09 17:10:03,924 ] 97 werkzeug - INFO -  * Detected change in 'c:\\Users\\ARUN KUMAR\\Downloads\\Diamond-Price-Prediction-with-DVC-Flask-Streamlit-main\\venv\\Lib\\site-packages\\pandas\\plotting\\_matplotlib\\timeseries.py', reloading
[ 2025-01-09 17:10:03,926 ] 97 werkzeug - INFO -  * Detected change in 'c:\\Users\\ARUN KUMAR\\Downloads\\Diamond-Price-Prediction-with-DVC-Flask-Streamlit-main\\venv\\Lib\\site-packages\\pandas\\plotting\\_matplotlib\\tools.py', reloading
[ 2025-01-09 17:10:03,927 ] 97 werkzeug - INFO -  * Detected change in 'c:\\users\\arun kumar\\downloads\\diamond-price-prediction-with-dvc-flask-streamlit-main\\venv\\Lib\\site-packages\\pandas\\plotting\\_matplotlib\\tools.py', reloading
[ 2025-01-09 17:10:03,931 ] 97 werkzeug - INFO -  * Detected change in 'c:\\Users\\ARUN KUMAR\\Downloads\\Diamond-Price-Prediction-with-DVC-Flask-Streamlit-main\\venv\\Lib\\site-packages\\pandas\\plotting\\_misc.py', reloading
[ 2025-01-09 17:10:03,932 ] 97 werkzeug - INFO -  * Detected change in 'c:\\users\\arun kumar\\downloads\\diamond-price-prediction-with-dvc-flask-streamlit-main\\venv\\Lib\\site-packages\\pandas\\plotting\\_misc.py', reloading
[ 2025-01-09 17:10:03,940 ] 97 werkzeug - INFO -  * Detected change in 'c:\\users\\arun kumar\\downloads\\diamond-price-prediction-with-dvc-flask-streamlit-main\\venv\\Lib\\site-packages\\pandas\\testing.py', reloading
[ 2025-01-09 17:10:03,941 ] 97 werkzeug - INFO -  * Detected change in 'c:\\Users\\ARUN KUMAR\\Downloads\\Diamond-Price-Prediction-with-DVC-Flask-Streamlit-main\\venv\\Lib\\site-packages\\pandas\\testing.py', reloading
[ 2025-01-09 17:10:03,997 ] 97 werkzeug - INFO -  * Detected change in 'c:\\Users\\ARUN KUMAR\\Downloads\\Diamond-Price-Prediction-with-DVC-Flask-Streamlit-main\\venv\\Lib\\site-packages\\pandas\\tests\\api\\test_api.py', reloading
[ 2025-01-09 17:10:03,998 ] 97 werkzeug - INFO -  * Detected change in 'c:\\users\\arun kumar\\downloads\\diamond-price-prediction-with-dvc-flask-streamlit-main\\venv\\Lib\\site-packages\\pandas\\tests\\api\\test_api.py', reloading
[ 2025-01-09 17:10:04,002 ] 97 werkzeug - INFO -  * Detected change in 'c:\\users\\arun kumar\\downloads\\diamond-price-prediction-with-dvc-flask-streamlit-main\\venv\\Lib\\site-packages\\pandas\\tests\\api\\test_types.py', reloading
[ 2025-01-09 17:10:04,003 ] 97 werkzeug - INFO -  * Detected change in 'c:\\Users\\ARUN KUMAR\\Downloads\\Diamond-Price-Prediction-with-DVC-Flask-Streamlit-main\\venv\\Lib\\site-packages\\pandas\\tests\\api\\test_types.py', reloading
[ 2025-01-09 17:10:04,047 ] 97 werkzeug - INFO -  * Detected change in 'c:\\users\\arun kumar\\downloads\\diamond-price-prediction-with-dvc-flask-streamlit-main\\venv\\Lib\\site-packages\\pandas\\tests\\apply\\common.py', reloading
[ 2025-01-09 17:10:04,047 ] 97 werkzeug - INFO -  * Detected change in 'c:\\Users\\ARUN KUMAR\\Downloads\\Diamond-Price-Prediction-with-DVC-Flask-Streamlit-main\\venv\\Lib\\site-packages\\pandas\\tests\\apply\\common.py', reloading
[ 2025-01-09 17:10:04,052 ] 97 werkzeug - INFO -  * Detected change in 'c:\\Users\\ARUN KUMAR\\Downloads\\Diamond-Price-Prediction-with-DVC-Flask-Streamlit-main\\venv\\Lib\\site-packages\\pandas\\tests\\apply\\test_frame_apply.py', reloading
[ 2025-01-09 17:10:04,052 ] 97 werkzeug - INFO -  * Detected change in 'c:\\users\\arun kumar\\downloads\\diamond-price-prediction-with-dvc-flask-streamlit-main\\venv\\Lib\\site-packages\\pandas\\tests\\apply\\test_frame_apply.py', reloading
[ 2025-01-09 17:10:04,055 ] 97 werkzeug - INFO -  * Detected change in 'c:\\Users\\ARUN KUMAR\\Downloads\\Diamond-Price-Prediction-with-DVC-Flask-Streamlit-main\\venv\\Lib\\site-packages\\pandas\\tests\\apply\\test_frame_apply_relabeling.py', reloading
[ 2025-01-09 17:10:04,057 ] 97 werkzeug - INFO -  * Detected change in 'c:\\users\\arun kumar\\downloads\\diamond-price-prediction-with-dvc-flask-streamlit-main\\venv\\Lib\\site-packages\\pandas\\tests\\apply\\test_frame_apply_relabeling.py', reloading
[ 2025-01-09 17:10:04,058 ] 97 werkzeug - INFO -  * Detected change in 'c:\\Users\\ARUN KUMAR\\Downloads\\Diamond-Price-Prediction-with-DVC-Flask-Streamlit-main\\venv\\Lib\\site-packages\\pandas\\tests\\apply\\test_frame_transform.py', reloading
[ 2025-01-09 17:10:04,060 ] 97 werkzeug - INFO -  * Detected change in 'c:\\users\\arun kumar\\downloads\\diamond-price-prediction-with-dvc-flask-streamlit-main\\venv\\Lib\\site-packages\\pandas\\tests\\apply\\test_frame_transform.py', reloading
[ 2025-01-09 17:10:04,061 ] 97 werkzeug - INFO -  * Detected change in 'c:\\Users\\ARUN KUMAR\\Downloads\\Diamond-Price-Prediction-with-DVC-Flask-Streamlit-main\\venv\\Lib\\site-packages\\pandas\\tests\\apply\\test_invalid_arg.py', reloading
[ 2025-01-09 17:10:04,063 ] 97 werkzeug - INFO -  * Detected change in 'c:\\users\\arun kumar\\downloads\\diamond-price-prediction-with-dvc-flask-streamlit-main\\venv\\Lib\\site-packages\\pandas\\tests\\apply\\test_invalid_arg.py', reloading
[ 2025-01-09 17:10:04,064 ] 97 werkzeug - INFO -  * Detected change in 'c:\\Users\\ARUN KUMAR\\Downloads\\Diamond-Price-Prediction-with-DVC-Flask-Streamlit-main\\venv\\Lib\\site-packages\\pandas\\tests\\apply\\test_numba.py', reloading
[ 2025-01-09 17:10:04,066 ] 97 werkzeug - INFO -  * Detected change in 'c:\\users\\arun kumar\\downloads\\diamond-price-prediction-with-dvc-flask-streamlit-main\\venv\\Lib\\site-packages\\pandas\\tests\\apply\\test_numba.py', reloading
[ 2025-01-09 17:10:04,069 ] 97 werkzeug - INFO -  * Detected change in 'c:\\Users\\ARUN KUMAR\\Downloads\\Diamond-Price-Prediction-with-DVC-Flask-Streamlit-main\\venv\\Lib\\site-packages\\pandas\\tests\\apply\\test_series_apply.py', reloading
[ 2025-01-09 17:10:04,071 ] 97 werkzeug - INFO -  * Detected change in 'c:\\users\\arun kumar\\downloads\\diamond-price-prediction-with-dvc-flask-streamlit-main\\venv\\Lib\\site-packages\\pandas\\tests\\apply\\test_series_apply.py', reloading
[ 2025-01-09 17:10:04,073 ] 97 werkzeug - INFO -  * Detected change in 'c:\\Users\\ARUN KUMAR\\Downloads\\Diamond-Price-Prediction-with-DVC-Flask-Streamlit-main\\venv\\Lib\\site-packages\\pandas\\tests\\apply\\test_series_apply_relabeling.py', reloading
[ 2025-01-09 17:10:04,076 ] 97 werkzeug - INFO -  * Detected change in 'c:\\users\\arun kumar\\downloads\\diamond-price-prediction-with-dvc-flask-streamlit-main\\venv\\Lib\\site-packages\\pandas\\tests\\apply\\test_series_apply_relabeling.py', reloading
[ 2025-01-09 17:10:04,078 ] 97 werkzeug - INFO -  * Detected change in 'c:\\Users\\ARUN KUMAR\\Downloads\\Diamond-Price-Prediction-with-DVC-Flask-Streamlit-main\\venv\\Lib\\site-packages\\pandas\\tests\\apply\\test_series_transform.py', reloading
[ 2025-01-09 17:10:04,081 ] 97 werkzeug - INFO -  * Detected change in 'c:\\users\\arun kumar\\downloads\\diamond-price-prediction-with-dvc-flask-streamlit-main\\venv\\Lib\\site-packages\\pandas\\tests\\apply\\test_series_transform.py', reloading
[ 2025-01-09 17:10:04,083 ] 97 werkzeug - INFO -  * Detected change in 'c:\\Users\\ARUN KUMAR\\Downloads\\Diamond-Price-Prediction-with-DVC-Flask-Streamlit-main\\venv\\Lib\\site-packages\\pandas\\tests\\apply\\test_str.py', reloading
[ 2025-01-09 17:10:04,084 ] 97 werkzeug - INFO -  * Detected change in 'c:\\users\\arun kumar\\downloads\\diamond-price-prediction-with-dvc-flask-streamlit-main\\venv\\Lib\\site-packages\\pandas\\tests\\apply\\test_str.py', reloading
[ 2025-01-09 17:10:04,148 ] 97 werkzeug - INFO -  * Detected change in 'c:\\users\\arun kumar\\downloads\\diamond-price-prediction-with-dvc-flask-streamlit-main\\venv\\Lib\\site-packages\\pandas\\tests\\arithmetic\\common.py', reloading
[ 2025-01-09 17:10:04,149 ] 97 werkzeug - INFO -  * Detected change in 'c:\\Users\\ARUN KUMAR\\Downloads\\Diamond-Price-Prediction-with-DVC-Flask-Streamlit-main\\venv\\Lib\\site-packages\\pandas\\tests\\arithmetic\\common.py', reloading
[ 2025-01-09 17:10:04,154 ] 97 werkzeug - INFO -  * Detected change in 'c:\\Users\\ARUN KUMAR\\Downloads\\Diamond-Price-Prediction-with-DVC-Flask-Streamlit-main\\venv\\Lib\\site-packages\\pandas\\tests\\arithmetic\\conftest.py', reloading
[ 2025-01-09 17:10:04,155 ] 97 werkzeug - INFO -  * Detected change in 'c:\\users\\arun kumar\\downloads\\diamond-price-prediction-with-dvc-flask-streamlit-main\\venv\\Lib\\site-packages\\pandas\\tests\\arithmetic\\conftest.py', reloading
[ 2025-01-09 17:10:04,158 ] 97 werkzeug - INFO -  * Detected change in 'c:\\Users\\ARUN KUMAR\\Downloads\\Diamond-Price-Prediction-with-DVC-Flask-Streamlit-main\\venv\\Lib\\site-packages\\pandas\\tests\\arithmetic\\test_array_ops.py', reloading
[ 2025-01-09 17:10:04,159 ] 97 werkzeug - INFO -  * Detected change in 'c:\\users\\arun kumar\\downloads\\diamond-price-prediction-with-dvc-flask-streamlit-main\\venv\\Lib\\site-packages\\pandas\\tests\\arithmetic\\test_array_ops.py', reloading
[ 2025-01-09 17:10:04,163 ] 97 werkzeug - INFO -  * Detected change in 'c:\\users\\arun kumar\\downloads\\diamond-price-prediction-with-dvc-flask-streamlit-main\\venv\\Lib\\site-packages\\pandas\\tests\\arithmetic\\test_categorical.py', reloading
[ 2025-01-09 17:10:04,163 ] 97 werkzeug - INFO -  * Detected change in 'c:\\Users\\ARUN KUMAR\\Downloads\\Diamond-Price-Prediction-with-DVC-Flask-Streamlit-main\\venv\\Lib\\site-packages\\pandas\\tests\\arithmetic\\test_categorical.py', reloading
[ 2025-01-09 17:10:04,168 ] 97 werkzeug - INFO -  * Detected change in 'c:\\users\\arun kumar\\downloads\\diamond-price-prediction-with-dvc-flask-streamlit-main\\venv\\Lib\\site-packages\\pandas\\tests\\arithmetic\\test_datetime64.py', reloading
[ 2025-01-09 17:10:04,171 ] 97 werkzeug - INFO -  * Detected change in 'c:\\Users\\ARUN KUMAR\\Downloads\\Diamond-Price-Prediction-with-DVC-Flask-Streamlit-main\\venv\\Lib\\site-packages\\pandas\\tests\\arithmetic\\test_datetime64.py', reloading
[ 2025-01-09 17:10:04,173 ] 97 werkzeug - INFO -  * Detected change in 'c:\\users\\arun kumar\\downloads\\diamond-price-prediction-with-dvc-flask-streamlit-main\\venv\\Lib\\site-packages\\pandas\\tests\\arithmetic\\test_interval.py', reloading
[ 2025-01-09 17:10:04,177 ] 97 werkzeug - INFO -  * Detected change in 'c:\\Users\\ARUN KUMAR\\Downloads\\Diamond-Price-Prediction-with-DVC-Flask-Streamlit-main\\venv\\Lib\\site-packages\\pandas\\tests\\arithmetic\\test_interval.py', reloading
[ 2025-01-09 17:10:04,179 ] 97 werkzeug - INFO -  * Detected change in 'c:\\users\\arun kumar\\downloads\\diamond-price-prediction-with-dvc-flask-streamlit-main\\venv\\Lib\\site-packages\\pandas\\tests\\arithmetic\\test_numeric.py', reloading
[ 2025-01-09 17:10:04,184 ] 97 werkzeug - INFO -  * Detected change in 'c:\\users\\arun kumar\\downloads\\diamond-price-prediction-with-dvc-flask-streamlit-main\\venv\\Lib\\site-packages\\pandas\\tests\\arithmetic\\test_object.py', reloading
[ 2025-01-09 17:10:04,185 ] 97 werkzeug - INFO -  * Detected change in 'c:\\Users\\ARUN KUMAR\\Downloads\\Diamond-Price-Prediction-with-DVC-Flask-Streamlit-main\\venv\\Lib\\site-packages\\pandas\\tests\\arithmetic\\test_numeric.py', reloading
[ 2025-01-09 17:10:04,189 ] 97 werkzeug - INFO -  * Detected change in 'c:\\Users\\ARUN KUMAR\\Downloads\\Diamond-Price-Prediction-with-DVC-Flask-Streamlit-main\\venv\\Lib\\site-packages\\pandas\\tests\\arithmetic\\test_object.py', reloading
[ 2025-01-09 17:10:04,189 ] 97 werkzeug - INFO -  * Detected change in 'c:\\users\\arun kumar\\downloads\\diamond-price-prediction-with-dvc-flask-streamlit-main\\venv\\Lib\\site-packages\\pandas\\tests\\arithmetic\\test_period.py', reloading
[ 2025-01-09 17:10:04,192 ] 97 werkzeug - INFO -  * Detected change in 'c:\\Users\\ARUN KUMAR\\Downloads\\Diamond-Price-Prediction-with-DVC-Flask-Streamlit-main\\venv\\Lib\\site-packages\\pandas\\tests\\arithmetic\\test_period.py', reloading
[ 2025-01-09 17:10:04,197 ] 97 werkzeug - INFO -  * Detected change in 'c:\\users\\arun kumar\\downloads\\diamond-price-prediction-with-dvc-flask-streamlit-main\\venv\\Lib\\site-packages\\pandas\\tests\\arithmetic\\test_timedelta64.py', reloading
[ 2025-01-09 17:10:04,198 ] 97 werkzeug - INFO -  * Detected change in 'c:\\Users\\ARUN KUMAR\\Downloads\\Diamond-Price-Prediction-with-DVC-Flask-Streamlit-main\\venv\\Lib\\site-packages\\pandas\\tests\\arithmetic\\test_timedelta64.py', reloading
[ 2025-01-09 17:10:04,286 ] 97 werkzeug - INFO -  * Detected change in 'c:\\users\\arun kumar\\downloads\\diamond-price-prediction-with-dvc-flask-streamlit-main\\venv\\Lib\\site-packages\\pandas\\tests\\arrays\\boolean\\test_arithmetic.py', reloading
[ 2025-01-09 17:10:04,288 ] 97 werkzeug - INFO -  * Detected change in 'c:\\Users\\ARUN KUMAR\\Downloads\\Diamond-Price-Prediction-with-DVC-Flask-Streamlit-main\\venv\\Lib\\site-packages\\pandas\\tests\\arrays\\boolean\\test_arithmetic.py', reloading
[ 2025-01-09 17:10:04,290 ] 97 werkzeug - INFO -  * Detected change in 'c:\\users\\arun kumar\\downloads\\diamond-price-prediction-with-dvc-flask-streamlit-main\\venv\\Lib\\site-packages\\pandas\\tests\\arrays\\boolean\\test_astype.py', reloading
[ 2025-01-09 17:10:04,293 ] 97 werkzeug - INFO -  * Detected change in 'c:\\Users\\ARUN KUMAR\\Downloads\\Diamond-Price-Prediction-with-DVC-Flask-Streamlit-main\\venv\\Lib\\site-packages\\pandas\\tests\\arrays\\boolean\\test_astype.py', reloading
[ 2025-01-09 17:10:04,296 ] 97 werkzeug - INFO -  * Detected change in 'c:\\users\\arun kumar\\downloads\\diamond-price-prediction-with-dvc-flask-streamlit-main\\venv\\Lib\\site-packages\\pandas\\tests\\arrays\\boolean\\test_comparison.py', reloading
[ 2025-01-09 17:10:04,297 ] 97 werkzeug - INFO -  * Detected change in 'c:\\Users\\ARUN KUMAR\\Downloads\\Diamond-Price-Prediction-with-DVC-Flask-Streamlit-main\\venv\\Lib\\site-packages\\pandas\\tests\\arrays\\boolean\\test_comparison.py', reloading
[ 2025-01-09 17:10:04,301 ] 97 werkzeug - INFO -  * Detected change in 'c:\\users\\arun kumar\\downloads\\diamond-price-prediction-with-dvc-flask-streamlit-main\\venv\\Lib\\site-packages\\pandas\\tests\\arrays\\boolean\\test_construction.py', reloading
[ 2025-01-09 17:10:04,302 ] 97 werkzeug - INFO -  * Detected change in 'c:\\Users\\ARUN KUMAR\\Downloads\\Diamond-Price-Prediction-with-DVC-Flask-Streamlit-main\\venv\\Lib\\site-packages\\pandas\\tests\\arrays\\boolean\\test_construction.py', reloading
[ 2025-01-09 17:10:04,305 ] 97 werkzeug - INFO -  * Detected change in 'c:\\users\\arun kumar\\downloads\\diamond-price-prediction-with-dvc-flask-streamlit-main\\venv\\Lib\\site-packages\\pandas\\tests\\arrays\\boolean\\test_function.py', reloading
[ 2025-01-09 17:10:04,306 ] 97 werkzeug - INFO -  * Detected change in 'c:\\Users\\ARUN KUMAR\\Downloads\\Diamond-Price-Prediction-with-DVC-Flask-Streamlit-main\\venv\\Lib\\site-packages\\pandas\\tests\\arrays\\boolean\\test_function.py', reloading
[ 2025-01-09 17:10:04,312 ] 97 werkzeug - INFO -  * Detected change in 'c:\\Users\\ARUN KUMAR\\Downloads\\Diamond-Price-Prediction-with-DVC-Flask-Streamlit-main\\venv\\Lib\\site-packages\\pandas\\tests\\arrays\\boolean\\test_indexing.py', reloading
[ 2025-01-09 17:10:04,312 ] 97 werkzeug - INFO -  * Detected change in 'c:\\users\\arun kumar\\downloads\\diamond-price-prediction-with-dvc-flask-streamlit-main\\venv\\Lib\\site-packages\\pandas\\tests\\arrays\\boolean\\test_indexing.py', reloading
[ 2025-01-09 17:10:04,317 ] 97 werkzeug - INFO -  * Detected change in 'c:\\users\\arun kumar\\downloads\\diamond-price-prediction-with-dvc-flask-streamlit-main\\venv\\Lib\\site-packages\\pandas\\tests\\arrays\\boolean\\test_logical.py', reloading
[ 2025-01-09 17:10:04,318 ] 97 werkzeug - INFO -  * Detected change in 'c:\\Users\\ARUN KUMAR\\Downloads\\Diamond-Price-Prediction-with-DVC-Flask-Streamlit-main\\venv\\Lib\\site-packages\\pandas\\tests\\arrays\\boolean\\test_logical.py', reloading
[ 2025-01-09 17:10:04,321 ] 97 werkzeug - INFO -  * Detected change in 'c:\\users\\arun kumar\\downloads\\diamond-price-prediction-with-dvc-flask-streamlit-main\\venv\\Lib\\site-packages\\pandas\\tests\\arrays\\boolean\\test_ops.py', reloading
[ 2025-01-09 17:10:04,322 ] 97 werkzeug - INFO -  * Detected change in 'c:\\Users\\ARUN KUMAR\\Downloads\\Diamond-Price-Prediction-with-DVC-Flask-Streamlit-main\\venv\\Lib\\site-packages\\pandas\\tests\\arrays\\boolean\\test_ops.py', reloading
[ 2025-01-09 17:10:04,326 ] 97 werkzeug - INFO -  * Detected change in 'c:\\users\\arun kumar\\downloads\\diamond-price-prediction-with-dvc-flask-streamlit-main\\venv\\Lib\\site-packages\\pandas\\tests\\arrays\\boolean\\test_reduction.py', reloading
[ 2025-01-09 17:10:04,327 ] 97 werkzeug - INFO -  * Detected change in 'c:\\Users\\ARUN KUMAR\\Downloads\\Diamond-Price-Prediction-with-DVC-Flask-Streamlit-main\\venv\\Lib\\site-packages\\pandas\\tests\\arrays\\boolean\\test_reduction.py', reloading
[ 2025-01-09 17:10:04,330 ] 97 werkzeug - INFO -  * Detected change in 'c:\\users\\arun kumar\\downloads\\diamond-price-prediction-with-dvc-flask-streamlit-main\\venv\\Lib\\site-packages\\pandas\\tests\\arrays\\boolean\\test_repr.py', reloading
[ 2025-01-09 17:10:04,331 ] 97 werkzeug - INFO -  * Detected change in 'c:\\Users\\ARUN KUMAR\\Downloads\\Diamond-Price-Prediction-with-DVC-Flask-Streamlit-main\\venv\\Lib\\site-packages\\pandas\\tests\\arrays\\boolean\\test_repr.py', reloading
[ 2025-01-09 17:10:04,400 ] 97 werkzeug - INFO -  * Detected change in 'c:\\users\\arun kumar\\downloads\\diamond-price-prediction-with-dvc-flask-streamlit-main\\venv\\Lib\\site-packages\\pandas\\tests\\arrays\\categorical\\test_algos.py', reloading
[ 2025-01-09 17:10:04,402 ] 97 werkzeug - INFO -  * Detected change in 'c:\\Users\\ARUN KUMAR\\Downloads\\Diamond-Price-Prediction-with-DVC-Flask-Streamlit-main\\venv\\Lib\\site-packages\\pandas\\tests\\arrays\\categorical\\test_algos.py', reloading
[ 2025-01-09 17:10:04,405 ] 97 werkzeug - INFO -  * Detected change in 'c:\\users\\arun kumar\\downloads\\diamond-price-prediction-with-dvc-flask-streamlit-main\\venv\\Lib\\site-packages\\pandas\\tests\\arrays\\categorical\\test_analytics.py', reloading
[ 2025-01-09 17:10:04,407 ] 97 werkzeug - INFO -  * Detected change in 'c:\\Users\\ARUN KUMAR\\Downloads\\Diamond-Price-Prediction-with-DVC-Flask-Streamlit-main\\venv\\Lib\\site-packages\\pandas\\tests\\arrays\\categorical\\test_analytics.py', reloading
[ 2025-01-09 17:10:04,414 ] 97 werkzeug - INFO -  * Detected change in 'c:\\Users\\ARUN KUMAR\\Downloads\\Diamond-Price-Prediction-with-DVC-Flask-Streamlit-main\\venv\\Lib\\site-packages\\pandas\\tests\\arrays\\categorical\\test_api.py', reloading
[ 2025-01-09 17:10:04,414 ] 97 werkzeug - INFO -  * Detected change in 'c:\\users\\arun kumar\\downloads\\diamond-price-prediction-with-dvc-flask-streamlit-main\\venv\\Lib\\site-packages\\pandas\\tests\\arrays\\categorical\\test_api.py', reloading
[ 2025-01-09 17:10:04,417 ] 97 werkzeug - INFO -  * Detected change in 'c:\\Users\\ARUN KUMAR\\Downloads\\Diamond-Price-Prediction-with-DVC-Flask-Streamlit-main\\venv\\Lib\\site-packages\\pandas\\tests\\arrays\\categorical\\test_astype.py', reloading
[ 2025-01-09 17:10:04,418 ] 97 werkzeug - INFO -  * Detected change in 'c:\\users\\arun kumar\\downloads\\diamond-price-prediction-with-dvc-flask-streamlit-main\\venv\\Lib\\site-packages\\pandas\\tests\\arrays\\categorical\\test_astype.py', reloading
[ 2025-01-09 17:10:04,421 ] 97 werkzeug - INFO -  * Detected change in 'c:\\Users\\ARUN KUMAR\\Downloads\\Diamond-Price-Prediction-with-DVC-Flask-Streamlit-main\\venv\\Lib\\site-packages\\pandas\\tests\\arrays\\categorical\\test_constructors.py', reloading
[ 2025-01-09 17:10:04,422 ] 97 werkzeug - INFO -  * Detected change in 'c:\\users\\arun kumar\\downloads\\diamond-price-prediction-with-dvc-flask-streamlit-main\\venv\\Lib\\site-packages\\pandas\\tests\\arrays\\categorical\\test_constructors.py', reloading
[ 2025-01-09 17:10:04,425 ] 97 werkzeug - INFO -  * Detected change in 'c:\\Users\\ARUN KUMAR\\Downloads\\Diamond-Price-Prediction-with-DVC-Flask-Streamlit-main\\venv\\Lib\\site-packages\\pandas\\tests\\arrays\\categorical\\test_dtypes.py', reloading
[ 2025-01-09 17:10:04,426 ] 97 werkzeug - INFO -  * Detected change in 'c:\\users\\arun kumar\\downloads\\diamond-price-prediction-with-dvc-flask-streamlit-main\\venv\\Lib\\site-packages\\pandas\\tests\\arrays\\categorical\\test_dtypes.py', reloading
[ 2025-01-09 17:10:04,429 ] 97 werkzeug - INFO -  * Detected change in 'c:\\Users\\ARUN KUMAR\\Downloads\\Diamond-Price-Prediction-with-DVC-Flask-Streamlit-main\\venv\\Lib\\site-packages\\pandas\\tests\\arrays\\categorical\\test_indexing.py', reloading
[ 2025-01-09 17:10:04,431 ] 97 werkzeug - INFO -  * Detected change in 'c:\\users\\arun kumar\\downloads\\diamond-price-prediction-with-dvc-flask-streamlit-main\\venv\\Lib\\site-packages\\pandas\\tests\\arrays\\categorical\\test_indexing.py', reloading
[ 2025-01-09 17:10:04,434 ] 97 werkzeug - INFO -  * Detected change in 'c:\\Users\\ARUN KUMAR\\Downloads\\Diamond-Price-Prediction-with-DVC-Flask-Streamlit-main\\venv\\Lib\\site-packages\\pandas\\tests\\arrays\\categorical\\test_map.py', reloading
[ 2025-01-09 17:10:04,436 ] 97 werkzeug - INFO -  * Detected change in 'c:\\users\\arun kumar\\downloads\\diamond-price-prediction-with-dvc-flask-streamlit-main\\venv\\Lib\\site-packages\\pandas\\tests\\arrays\\categorical\\test_map.py', reloading
[ 2025-01-09 17:10:04,439 ] 97 werkzeug - INFO -  * Detected change in 'c:\\Users\\ARUN KUMAR\\Downloads\\Diamond-Price-Prediction-with-DVC-Flask-Streamlit-main\\venv\\Lib\\site-packages\\pandas\\tests\\arrays\\categorical\\test_missing.py', reloading
[ 2025-01-09 17:10:04,440 ] 97 werkzeug - INFO -  * Detected change in 'c:\\users\\arun kumar\\downloads\\diamond-price-prediction-with-dvc-flask-streamlit-main\\venv\\Lib\\site-packages\\pandas\\tests\\arrays\\categorical\\test_missing.py', reloading
[ 2025-01-09 17:10:04,445 ] 97 werkzeug - INFO -  * Detected change in 'c:\\users\\arun kumar\\downloads\\diamond-price-prediction-with-dvc-flask-streamlit-main\\venv\\Lib\\site-packages\\pandas\\tests\\arrays\\categorical\\test_operators.py', reloading
[ 2025-01-09 17:10:04,447 ] 97 werkzeug - INFO -  * Detected change in 'c:\\Users\\ARUN KUMAR\\Downloads\\Diamond-Price-Prediction-with-DVC-Flask-Streamlit-main\\venv\\Lib\\site-packages\\pandas\\tests\\arrays\\categorical\\test_operators.py', reloading
[ 2025-01-09 17:10:04,450 ] 97 werkzeug - INFO -  * Detected change in 'c:\\users\\arun kumar\\downloads\\diamond-price-prediction-with-dvc-flask-streamlit-main\\venv\\Lib\\site-packages\\pandas\\tests\\arrays\\categorical\\test_replace.py', reloading
[ 2025-01-09 17:10:04,452 ] 97 werkzeug - INFO -  * Detected change in 'c:\\Users\\ARUN KUMAR\\Downloads\\Diamond-Price-Prediction-with-DVC-Flask-Streamlit-main\\venv\\Lib\\site-packages\\pandas\\tests\\arrays\\categorical\\test_replace.py', reloading
[ 2025-01-09 17:10:04,456 ] 97 werkzeug - INFO -  * Detected change in 'c:\\users\\arun kumar\\downloads\\diamond-price-prediction-with-dvc-flask-streamlit-main\\venv\\Lib\\site-packages\\pandas\\tests\\arrays\\categorical\\test_repr.py', reloading
[ 2025-01-09 17:10:04,456 ] 97 werkzeug - INFO -  * Detected change in 'c:\\Users\\ARUN KUMAR\\Downloads\\Diamond-Price-Prediction-with-DVC-Flask-Streamlit-main\\venv\\Lib\\site-packages\\pandas\\tests\\arrays\\categorical\\test_repr.py', reloading
[ 2025-01-09 17:10:04,460 ] 97 werkzeug - INFO -  * Detected change in 'c:\\users\\arun kumar\\downloads\\diamond-price-prediction-with-dvc-flask-streamlit-main\\venv\\Lib\\site-packages\\pandas\\tests\\arrays\\categorical\\test_sorting.py', reloading
[ 2025-01-09 17:10:04,461 ] 97 werkzeug - INFO -  * Detected change in 'c:\\Users\\ARUN KUMAR\\Downloads\\Diamond-Price-Prediction-with-DVC-Flask-Streamlit-main\\venv\\Lib\\site-packages\\pandas\\tests\\arrays\\categorical\\test_sorting.py', reloading
[ 2025-01-09 17:10:04,466 ] 97 werkzeug - INFO -  * Detected change in 'c:\\users\\arun kumar\\downloads\\diamond-price-prediction-with-dvc-flask-streamlit-main\\venv\\Lib\\site-packages\\pandas\\tests\\arrays\\categorical\\test_subclass.py', reloading
[ 2025-01-09 17:10:04,466 ] 97 werkzeug - INFO -  * Detected change in 'c:\\Users\\ARUN KUMAR\\Downloads\\Diamond-Price-Prediction-with-DVC-Flask-Streamlit-main\\venv\\Lib\\site-packages\\pandas\\tests\\arrays\\categorical\\test_subclass.py', reloading
[ 2025-01-09 17:10:04,470 ] 97 werkzeug - INFO -  * Detected change in 'c:\\users\\arun kumar\\downloads\\diamond-price-prediction-with-dvc-flask-streamlit-main\\venv\\Lib\\site-packages\\pandas\\tests\\arrays\\categorical\\test_take.py', reloading
[ 2025-01-09 17:10:04,471 ] 97 werkzeug - INFO -  * Detected change in 'c:\\Users\\ARUN KUMAR\\Downloads\\Diamond-Price-Prediction-with-DVC-Flask-Streamlit-main\\venv\\Lib\\site-packages\\pandas\\tests\\arrays\\categorical\\test_take.py', reloading
[ 2025-01-09 17:10:04,474 ] 97 werkzeug - INFO -  * Detected change in 'c:\\users\\arun kumar\\downloads\\diamond-price-prediction-with-dvc-flask-streamlit-main\\venv\\Lib\\site-packages\\pandas\\tests\\arrays\\categorical\\test_warnings.py', reloading
[ 2025-01-09 17:10:04,475 ] 97 werkzeug - INFO -  * Detected change in 'c:\\Users\\ARUN KUMAR\\Downloads\\Diamond-Price-Prediction-with-DVC-Flask-Streamlit-main\\venv\\Lib\\site-packages\\pandas\\tests\\arrays\\categorical\\test_warnings.py', reloading
[ 2025-01-09 17:10:04,495 ] 97 werkzeug - INFO -  * Detected change in 'c:\\users\\arun kumar\\downloads\\diamond-price-prediction-with-dvc-flask-streamlit-main\\venv\\Lib\\site-packages\\pandas\\tests\\arrays\\datetimes\\test_constructors.py', reloading
[ 2025-01-09 17:10:04,495 ] 97 werkzeug - INFO -  * Detected change in 'c:\\Users\\ARUN KUMAR\\Downloads\\Diamond-Price-Prediction-with-DVC-Flask-Streamlit-main\\venv\\Lib\\site-packages\\pandas\\tests\\arrays\\datetimes\\test_constructors.py', reloading
[ 2025-01-09 17:10:04,500 ] 97 werkzeug - INFO -  * Detected change in 'c:\\Users\\ARUN KUMAR\\Downloads\\Diamond-Price-Prediction-with-DVC-Flask-Streamlit-main\\venv\\Lib\\site-packages\\pandas\\tests\\arrays\\datetimes\\test_cumulative.py', reloading
[ 2025-01-09 17:10:04,500 ] 97 werkzeug - INFO -  * Detected change in 'c:\\users\\arun kumar\\downloads\\diamond-price-prediction-with-dvc-flask-streamlit-main\\venv\\Lib\\site-packages\\pandas\\tests\\arrays\\datetimes\\test_cumulative.py', reloading
[ 2025-01-09 17:10:04,504 ] 97 werkzeug - INFO -  * Detected change in 'c:\\users\\arun kumar\\downloads\\diamond-price-prediction-with-dvc-flask-streamlit-main\\venv\\Lib\\site-packages\\pandas\\tests\\arrays\\datetimes\\test_reductions.py', reloading
[ 2025-01-09 17:10:04,504 ] 97 werkzeug - INFO -  * Detected change in 'c:\\Users\\ARUN KUMAR\\Downloads\\Diamond-Price-Prediction-with-DVC-Flask-Streamlit-main\\venv\\Lib\\site-packages\\pandas\\tests\\arrays\\datetimes\\test_reductions.py', reloading
[ 2025-01-09 17:10:04,543 ] 97 werkzeug - INFO -  * Detected change in 'c:\\Users\\ARUN KUMAR\\Downloads\\Diamond-Price-Prediction-with-DVC-Flask-Streamlit-main\\venv\\Lib\\site-packages\\pandas\\tests\\arrays\\floating\\conftest.py', reloading
[ 2025-01-09 17:10:04,546 ] 97 werkzeug - INFO -  * Detected change in 'c:\\users\\arun kumar\\downloads\\diamond-price-prediction-with-dvc-flask-streamlit-main\\venv\\Lib\\site-packages\\pandas\\tests\\arrays\\floating\\conftest.py', reloading
[ 2025-01-09 17:10:04,548 ] 97 werkzeug - INFO -  * Detected change in 'c:\\Users\\ARUN KUMAR\\Downloads\\Diamond-Price-Prediction-with-DVC-Flask-Streamlit-main\\venv\\Lib\\site-packages\\pandas\\tests\\arrays\\floating\\test_arithmetic.py', reloading
[ 2025-01-09 17:10:04,551 ] 97 werkzeug - INFO -  * Detected change in 'c:\\users\\arun kumar\\downloads\\diamond-price-prediction-with-dvc-flask-streamlit-main\\venv\\Lib\\site-packages\\pandas\\tests\\arrays\\floating\\test_arithmetic.py', reloading
[ 2025-01-09 17:10:04,553 ] 97 werkzeug - INFO -  * Detected change in 'c:\\Users\\ARUN KUMAR\\Downloads\\Diamond-Price-Prediction-with-DVC-Flask-Streamlit-main\\venv\\Lib\\site-packages\\pandas\\tests\\arrays\\floating\\test_astype.py', reloading
[ 2025-01-09 17:10:04,554 ] 97 werkzeug - INFO -  * Detected change in 'c:\\users\\arun kumar\\downloads\\diamond-price-prediction-with-dvc-flask-streamlit-main\\venv\\Lib\\site-packages\\pandas\\tests\\arrays\\floating\\test_astype.py', reloading
[ 2025-01-09 17:10:04,558 ] 97 werkzeug - INFO -  * Detected change in 'c:\\Users\\ARUN KUMAR\\Downloads\\Diamond-Price-Prediction-with-DVC-Flask-Streamlit-main\\venv\\Lib\\site-packages\\pandas\\tests\\arrays\\floating\\test_comparison.py', reloading
[ 2025-01-09 17:10:04,558 ] 97 werkzeug - INFO -  * Detected change in 'c:\\users\\arun kumar\\downloads\\diamond-price-prediction-with-dvc-flask-streamlit-main\\venv\\Lib\\site-packages\\pandas\\tests\\arrays\\floating\\test_comparison.py', reloading
[ 2025-01-09 17:10:04,561 ] 97 werkzeug - INFO -  * Detected change in 'c:\\users\\arun kumar\\downloads\\diamond-price-prediction-with-dvc-flask-streamlit-main\\venv\\Lib\\site-packages\\pandas\\tests\\arrays\\floating\\test_concat.py', reloading
[ 2025-01-09 17:10:04,564 ] 97 werkzeug - INFO -  * Detected change in 'c:\\Users\\ARUN KUMAR\\Downloads\\Diamond-Price-Prediction-with-DVC-Flask-Streamlit-main\\venv\\Lib\\site-packages\\pandas\\tests\\arrays\\floating\\test_concat.py', reloading
[ 2025-01-09 17:10:04,566 ] 97 werkzeug - INFO -  * Detected change in 'c:\\users\\arun kumar\\downloads\\diamond-price-prediction-with-dvc-flask-streamlit-main\\venv\\Lib\\site-packages\\pandas\\tests\\arrays\\floating\\test_construction.py', reloading
[ 2025-01-09 17:10:04,569 ] 97 werkzeug - INFO -  * Detected change in 'c:\\Users\\ARUN KUMAR\\Downloads\\Diamond-Price-Prediction-with-DVC-Flask-Streamlit-main\\venv\\Lib\\site-packages\\pandas\\tests\\arrays\\floating\\test_construction.py', reloading
[ 2025-01-09 17:10:04,570 ] 97 werkzeug - INFO -  * Detected change in 'c:\\users\\arun kumar\\downloads\\diamond-price-prediction-with-dvc-flask-streamlit-main\\venv\\Lib\\site-packages\\pandas\\tests\\arrays\\floating\\test_contains.py', reloading
[ 2025-01-09 17:10:04,573 ] 97 werkzeug - INFO -  * Detected change in 'c:\\Users\\ARUN KUMAR\\Downloads\\Diamond-Price-Prediction-with-DVC-Flask-Streamlit-main\\venv\\Lib\\site-packages\\pandas\\tests\\arrays\\floating\\test_contains.py', reloading
[ 2025-01-09 17:10:04,577 ] 97 werkzeug - INFO -  * Detected change in 'c:\\users\\arun kumar\\downloads\\diamond-price-prediction-with-dvc-flask-streamlit-main\\venv\\Lib\\site-packages\\pandas\\tests\\arrays\\floating\\test_function.py', reloading
[ 2025-01-09 17:10:04,580 ] 97 werkzeug - INFO -  * Detected change in 'c:\\users\\arun kumar\\downloads\\diamond-price-prediction-with-dvc-flask-streamlit-main\\venv\\Lib\\site-packages\\pandas\\tests\\arrays\\floating\\test_repr.py', reloading
[ 2025-01-09 17:10:04,582 ] 97 werkzeug - INFO -  * Detected change in 'c:\\Users\\ARUN KUMAR\\Downloads\\Diamond-Price-Prediction-with-DVC-Flask-Streamlit-main\\venv\\Lib\\site-packages\\pandas\\tests\\arrays\\floating\\test_function.py', reloading
[ 2025-01-09 17:10:04,585 ] 97 werkzeug - INFO -  * Detected change in 'c:\\users\\arun kumar\\downloads\\diamond-price-prediction-with-dvc-flask-streamlit-main\\venv\\Lib\\site-packages\\pandas\\tests\\arrays\\floating\\test_to_numpy.py', reloading
[ 2025-01-09 17:10:04,588 ] 97 werkzeug - INFO -  * Detected change in 'c:\\Users\\ARUN KUMAR\\Downloads\\Diamond-Price-Prediction-with-DVC-Flask-Streamlit-main\\venv\\Lib\\site-packages\\pandas\\tests\\arrays\\floating\\test_repr.py', reloading
[ 2025-01-09 17:10:04,591 ] 97 werkzeug - INFO -  * Detected change in 'c:\\Users\\ARUN KUMAR\\Downloads\\Diamond-Price-Prediction-with-DVC-Flask-Streamlit-main\\venv\\Lib\\site-packages\\pandas\\tests\\arrays\\floating\\test_to_numpy.py', reloading
[ 2025-01-09 17:10:04,631 ] 97 werkzeug - INFO -  * Detected change in 'c:\\users\\arun kumar\\downloads\\diamond-price-prediction-with-dvc-flask-streamlit-main\\venv\\Lib\\site-packages\\pandas\\tests\\arrays\\integer\\conftest.py', reloading
[ 2025-01-09 17:10:04,634 ] 97 werkzeug - INFO -  * Detected change in 'c:\\Users\\ARUN KUMAR\\Downloads\\Diamond-Price-Prediction-with-DVC-Flask-Streamlit-main\\venv\\Lib\\site-packages\\pandas\\tests\\arrays\\integer\\conftest.py', reloading
[ 2025-01-09 17:10:04,636 ] 97 werkzeug - INFO -  * Detected change in 'c:\\users\\arun kumar\\downloads\\diamond-price-prediction-with-dvc-flask-streamlit-main\\venv\\Lib\\site-packages\\pandas\\tests\\arrays\\integer\\test_arithmetic.py', reloading
[ 2025-01-09 17:10:04,638 ] 97 werkzeug - INFO -  * Detected change in 'c:\\Users\\ARUN KUMAR\\Downloads\\Diamond-Price-Prediction-with-DVC-Flask-Streamlit-main\\venv\\Lib\\site-packages\\pandas\\tests\\arrays\\integer\\test_arithmetic.py', reloading
[ 2025-01-09 17:10:04,640 ] 97 werkzeug - INFO -  * Detected change in 'c:\\users\\arun kumar\\downloads\\diamond-price-prediction-with-dvc-flask-streamlit-main\\venv\\Lib\\site-packages\\pandas\\tests\\arrays\\integer\\test_comparison.py', reloading
[ 2025-01-09 17:10:04,641 ] 97 werkzeug - INFO -  * Detected change in 'c:\\Users\\ARUN KUMAR\\Downloads\\Diamond-Price-Prediction-with-DVC-Flask-Streamlit-main\\venv\\Lib\\site-packages\\pandas\\tests\\arrays\\integer\\test_comparison.py', reloading
[ 2025-01-09 17:10:04,642 ] 97 werkzeug - INFO -  * Detected change in 'c:\\users\\arun kumar\\downloads\\diamond-price-prediction-with-dvc-flask-streamlit-main\\venv\\Lib\\site-packages\\pandas\\tests\\arrays\\integer\\test_concat.py', reloading
[ 2025-01-09 17:10:04,646 ] 97 werkzeug - INFO -  * Detected change in 'c:\\Users\\ARUN KUMAR\\Downloads\\Diamond-Price-Prediction-with-DVC-Flask-Streamlit-main\\venv\\Lib\\site-packages\\pandas\\tests\\arrays\\integer\\test_concat.py', reloading
[ 2025-01-09 17:10:04,648 ] 97 werkzeug - INFO -  * Detected change in 'c:\\users\\arun kumar\\downloads\\diamond-price-prediction-with-dvc-flask-streamlit-main\\venv\\Lib\\site-packages\\pandas\\tests\\arrays\\integer\\test_construction.py', reloading
[ 2025-01-09 17:10:04,650 ] 97 werkzeug - INFO -  * Detected change in 'c:\\users\\arun kumar\\downloads\\diamond-price-prediction-with-dvc-flask-streamlit-main\\venv\\Lib\\site-packages\\pandas\\tests\\arrays\\integer\\test_dtypes.py', reloading
[ 2025-01-09 17:10:04,651 ] 97 werkzeug - INFO -  * Detected change in 'c:\\Users\\ARUN KUMAR\\Downloads\\Diamond-Price-Prediction-with-DVC-Flask-Streamlit-main\\venv\\Lib\\site-packages\\pandas\\tests\\arrays\\integer\\test_construction.py', reloading
[ 2025-01-09 17:10:04,655 ] 97 werkzeug - INFO -  * Detected change in 'c:\\Users\\ARUN KUMAR\\Downloads\\Diamond-Price-Prediction-with-DVC-Flask-Streamlit-main\\venv\\Lib\\site-packages\\pandas\\tests\\arrays\\integer\\test_dtypes.py', reloading
[ 2025-01-09 17:10:04,656 ] 97 werkzeug - INFO -  * Detected change in 'c:\\users\\arun kumar\\downloads\\diamond-price-prediction-with-dvc-flask-streamlit-main\\venv\\Lib\\site-packages\\pandas\\tests\\arrays\\integer\\test_function.py', reloading
[ 2025-01-09 17:10:04,658 ] 97 werkzeug - INFO -  * Detected change in 'c:\\Users\\ARUN KUMAR\\Downloads\\Diamond-Price-Prediction-with-DVC-Flask-Streamlit-main\\venv\\Lib\\site-packages\\pandas\\tests\\arrays\\integer\\test_function.py', reloading
[ 2025-01-09 17:10:04,660 ] 97 werkzeug - INFO -  * Detected change in 'c:\\users\\arun kumar\\downloads\\diamond-price-prediction-with-dvc-flask-streamlit-main\\venv\\Lib\\site-packages\\pandas\\tests\\arrays\\integer\\test_indexing.py', reloading
[ 2025-01-09 17:10:04,663 ] 97 werkzeug - INFO -  * Detected change in 'c:\\Users\\ARUN KUMAR\\Downloads\\Diamond-Price-Prediction-with-DVC-Flask-Streamlit-main\\venv\\Lib\\site-packages\\pandas\\tests\\arrays\\integer\\test_indexing.py', reloading
[ 2025-01-09 17:10:04,664 ] 97 werkzeug - INFO -  * Detected change in 'c:\\users\\arun kumar\\downloads\\diamond-price-prediction-with-dvc-flask-streamlit-main\\venv\\Lib\\site-packages\\pandas\\tests\\arrays\\integer\\test_reduction.py', reloading
[ 2025-01-09 17:10:04,666 ] 97 werkzeug - INFO -  * Detected change in 'c:\\Users\\ARUN KUMAR\\Downloads\\Diamond-Price-Prediction-with-DVC-Flask-Streamlit-main\\venv\\Lib\\site-packages\\pandas\\tests\\arrays\\integer\\test_reduction.py', reloading
[ 2025-01-09 17:10:04,669 ] 97 werkzeug - INFO -  * Detected change in 'c:\\users\\arun kumar\\downloads\\diamond-price-prediction-with-dvc-flask-streamlit-main\\venv\\Lib\\site-packages\\pandas\\tests\\arrays\\integer\\test_repr.py', reloading
[ 2025-01-09 17:10:04,670 ] 97 werkzeug - INFO -  * Detected change in 'c:\\Users\\ARUN KUMAR\\Downloads\\Diamond-Price-Prediction-with-DVC-Flask-Streamlit-main\\venv\\Lib\\site-packages\\pandas\\tests\\arrays\\integer\\test_repr.py', reloading
[ 2025-01-09 17:10:04,694 ] 97 werkzeug - INFO -  * Detected change in 'c:\\users\\arun kumar\\downloads\\diamond-price-prediction-with-dvc-flask-streamlit-main\\venv\\Lib\\site-packages\\pandas\\tests\\arrays\\interval\\test_astype.py', reloading
[ 2025-01-09 17:10:04,694 ] 97 werkzeug - INFO -  * Detected change in 'c:\\Users\\ARUN KUMAR\\Downloads\\Diamond-Price-Prediction-with-DVC-Flask-Streamlit-main\\venv\\Lib\\site-packages\\pandas\\tests\\arrays\\interval\\test_astype.py', reloading
[ 2025-01-09 17:10:04,697 ] 97 werkzeug - INFO -  * Detected change in 'c:\\users\\arun kumar\\downloads\\diamond-price-prediction-with-dvc-flask-streamlit-main\\venv\\Lib\\site-packages\\pandas\\tests\\arrays\\interval\\test_formats.py', reloading
[ 2025-01-09 17:10:04,698 ] 97 werkzeug - INFO -  * Detected change in 'c:\\Users\\ARUN KUMAR\\Downloads\\Diamond-Price-Prediction-with-DVC-Flask-Streamlit-main\\venv\\Lib\\site-packages\\pandas\\tests\\arrays\\interval\\test_formats.py', reloading
[ 2025-01-09 17:10:04,700 ] 97 werkzeug - INFO -  * Detected change in 'c:\\users\\arun kumar\\downloads\\diamond-price-prediction-with-dvc-flask-streamlit-main\\venv\\Lib\\site-packages\\pandas\\tests\\arrays\\interval\\test_interval.py', reloading
[ 2025-01-09 17:10:04,701 ] 97 werkzeug - INFO -  * Detected change in 'c:\\Users\\ARUN KUMAR\\Downloads\\Diamond-Price-Prediction-with-DVC-Flask-Streamlit-main\\venv\\Lib\\site-packages\\pandas\\tests\\arrays\\interval\\test_interval.py', reloading
[ 2025-01-09 17:10:04,705 ] 97 werkzeug - INFO -  * Detected change in 'c:\\Users\\ARUN KUMAR\\Downloads\\Diamond-Price-Prediction-with-DVC-Flask-Streamlit-main\\venv\\Lib\\site-packages\\pandas\\tests\\arrays\\interval\\test_interval_pyarrow.py', reloading
[ 2025-01-09 17:10:04,705 ] 97 werkzeug - INFO -  * Detected change in 'c:\\users\\arun kumar\\downloads\\diamond-price-prediction-with-dvc-flask-streamlit-main\\venv\\Lib\\site-packages\\pandas\\tests\\arrays\\interval\\test_interval_pyarrow.py', reloading
[ 2025-01-09 17:10:04,708 ] 97 werkzeug - INFO -  * Detected change in 'c:\\users\\arun kumar\\downloads\\diamond-price-prediction-with-dvc-flask-streamlit-main\\venv\\Lib\\site-packages\\pandas\\tests\\arrays\\interval\\test_overlaps.py', reloading
[ 2025-01-09 17:10:04,708 ] 97 werkzeug - INFO -  * Detected change in 'c:\\Users\\ARUN KUMAR\\Downloads\\Diamond-Price-Prediction-with-DVC-Flask-Streamlit-main\\venv\\Lib\\site-packages\\pandas\\tests\\arrays\\interval\\test_overlaps.py', reloading
[ 2025-01-09 17:10:04,728 ] 97 werkzeug - INFO -  * Detected change in 'c:\\Users\\ARUN KUMAR\\Downloads\\Diamond-Price-Prediction-with-DVC-Flask-Streamlit-main\\venv\\Lib\\site-packages\\pandas\\tests\\arrays\\masked\\test_arithmetic.py', reloading
[ 2025-01-09 17:10:04,729 ] 97 werkzeug - INFO -  * Detected change in 'c:\\users\\arun kumar\\downloads\\diamond-price-prediction-with-dvc-flask-streamlit-main\\venv\\Lib\\site-packages\\pandas\\tests\\arrays\\masked\\test_arithmetic.py', reloading
[ 2025-01-09 17:10:04,732 ] 97 werkzeug - INFO -  * Detected change in 'c:\\Users\\ARUN KUMAR\\Downloads\\Diamond-Price-Prediction-with-DVC-Flask-Streamlit-main\\venv\\Lib\\site-packages\\pandas\\tests\\arrays\\masked\\test_arrow_compat.py', reloading
[ 2025-01-09 17:10:04,732 ] 97 werkzeug - INFO -  * Detected change in 'c:\\users\\arun kumar\\downloads\\diamond-price-prediction-with-dvc-flask-streamlit-main\\venv\\Lib\\site-packages\\pandas\\tests\\arrays\\masked\\test_arrow_compat.py', reloading
[ 2025-01-09 17:10:04,735 ] 97 werkzeug - INFO -  * Detected change in 'c:\\Users\\ARUN KUMAR\\Downloads\\Diamond-Price-Prediction-with-DVC-Flask-Streamlit-main\\venv\\Lib\\site-packages\\pandas\\tests\\arrays\\masked\\test_function.py', reloading
[ 2025-01-09 17:10:04,736 ] 97 werkzeug - INFO -  * Detected change in 'c:\\users\\arun kumar\\downloads\\diamond-price-prediction-with-dvc-flask-streamlit-main\\venv\\Lib\\site-packages\\pandas\\tests\\arrays\\masked\\test_function.py', reloading
[ 2025-01-09 17:10:04,737 ] 97 werkzeug - INFO -  * Detected change in 'c:\\Users\\ARUN KUMAR\\Downloads\\Diamond-Price-Prediction-with-DVC-Flask-Streamlit-main\\venv\\Lib\\site-packages\\pandas\\tests\\arrays\\masked\\test_indexing.py', reloading
[ 2025-01-09 17:10:04,739 ] 97 werkzeug - INFO -  * Detected change in 'c:\\users\\arun kumar\\downloads\\diamond-price-prediction-with-dvc-flask-streamlit-main\\venv\\Lib\\site-packages\\pandas\\tests\\arrays\\masked\\test_indexing.py', reloading
[ 2025-01-09 17:10:04,739 ] 97 werkzeug - INFO -  * Detected change in 'c:\\Users\\ARUN KUMAR\\Downloads\\Diamond-Price-Prediction-with-DVC-Flask-Streamlit-main\\venv\\Lib\\site-packages\\pandas\\tests\\arrays\\masked_shared.py', reloading
[ 2025-01-09 17:10:04,742 ] 97 werkzeug - INFO -  * Detected change in 'c:\\users\\arun kumar\\downloads\\diamond-price-prediction-with-dvc-flask-streamlit-main\\venv\\Lib\\site-packages\\pandas\\tests\\arrays\\masked_shared.py', reloading
[ 2025-01-09 17:10:04,756 ] 97 werkzeug - INFO -  * Detected change in 'c:\\Users\\ARUN KUMAR\\Downloads\\Diamond-Price-Prediction-with-DVC-Flask-Streamlit-main\\venv\\Lib\\site-packages\\pandas\\tests\\arrays\\numpy_\\test_indexing.py', reloading
[ 2025-01-09 17:10:04,759 ] 97 werkzeug - INFO -  * Detected change in 'c:\\users\\arun kumar\\downloads\\diamond-price-prediction-with-dvc-flask-streamlit-main\\venv\\Lib\\site-packages\\pandas\\tests\\arrays\\numpy_\\test_indexing.py', reloading
[ 2025-01-09 17:10:04,759 ] 97 werkzeug - INFO -  * Detected change in 'c:\\Users\\ARUN KUMAR\\Downloads\\Diamond-Price-Prediction-with-DVC-Flask-Streamlit-main\\venv\\Lib\\site-packages\\pandas\\tests\\arrays\\numpy_\\test_numpy.py', reloading
[ 2025-01-09 17:10:04,762 ] 97 werkzeug - INFO -  * Detected change in 'c:\\users\\arun kumar\\downloads\\diamond-price-prediction-with-dvc-flask-streamlit-main\\venv\\Lib\\site-packages\\pandas\\tests\\arrays\\numpy_\\test_numpy.py', reloading
[ 2025-01-09 17:10:04,777 ] 97 werkzeug - INFO -  * Detected change in 'c:\\Users\\ARUN KUMAR\\Downloads\\Diamond-Price-Prediction-with-DVC-Flask-Streamlit-main\\venv\\Lib\\site-packages\\pandas\\tests\\arrays\\period\\test_arrow_compat.py', reloading
[ 2025-01-09 17:10:04,779 ] 97 werkzeug - INFO -  * Detected change in 'c:\\users\\arun kumar\\downloads\\diamond-price-prediction-with-dvc-flask-streamlit-main\\venv\\Lib\\site-packages\\pandas\\tests\\arrays\\period\\test_arrow_compat.py', reloading
[ 2025-01-09 17:10:04,782 ] 97 werkzeug - INFO -  * Detected change in 'c:\\Users\\ARUN KUMAR\\Downloads\\Diamond-Price-Prediction-with-DVC-Flask-Streamlit-main\\venv\\Lib\\site-packages\\pandas\\tests\\arrays\\period\\test_astype.py', reloading
[ 2025-01-09 17:10:04,784 ] 97 werkzeug - INFO -  * Detected change in 'c:\\users\\arun kumar\\downloads\\diamond-price-prediction-with-dvc-flask-streamlit-main\\venv\\Lib\\site-packages\\pandas\\tests\\arrays\\period\\test_astype.py', reloading
