[ 2025-01-09 16:37:10,056 ] 97 werkzeug - WARNING -  * Debugger is active!
[ 2025-01-09 16:37:10,070 ] 97 werkzeug - INFO -  * Debugger PIN: 368-050-414
[ 2025-01-09 16:37:10,201 ] 97 werkzeug - INFO -  * Detected change in 'c:\\users\\arun kumar\\downloads\\diamond-price-prediction-with-dvc-flask-streamlit-main\\venv\\Lib\\site-packages\\setuptools\\_vendor\\autocommand\\__init__.py', reloading
[ 2025-01-09 16:37:10,202 ] 97 werkzeug - INFO -  * Detected change in 'c:\\Users\\ARUN KUMAR\\Downloads\\Diamond-Price-Prediction-with-DVC-Flask-Streamlit-main\\venv\\Lib\\site-packages\\setuptools\\_vendor\\autocommand\\__init__.py', reloading
[ 2025-01-09 16:37:10,239 ] 97 werkzeug - INFO -  * Detected change in 'c:\\users\\arun kumar\\downloads\\diamond-price-prediction-with-dvc-flask-streamlit-main\\venv\\Lib\\site-packages\\setuptools\\_vendor\\autocommand\\autoasync.py', reloading
[ 2025-01-09 16:37:10,239 ] 97 werkzeug - INFO -  * Detected change in 'c:\\Users\\ARUN KUMAR\\Downloads\\Diamond-Price-Prediction-with-DVC-Flask-Streamlit-main\\venv\\Lib\\site-packages\\setuptools\\_vendor\\autocommand\\autoasync.py', reloading
[ 2025-01-09 16:37:10,245 ] 97 werkzeug - INFO -  * Detected change in 'c:\\Users\\ARUN KUMAR\\Downloads\\Diamond-Price-Prediction-with-DVC-Flask-Streamlit-main\\venv\\Lib\\site-packages\\setuptools\\_vendor\\autocommand\\autocommand.py', reloading
[ 2025-01-09 16:37:10,246 ] 97 werkzeug - INFO -  * Detected change in 'c:\\users\\arun kumar\\downloads\\diamond-price-prediction-with-dvc-flask-streamlit-main\\venv\\Lib\\site-packages\\setuptools\\_vendor\\autocommand\\autocommand.py', reloading
[ 2025-01-09 16:37:10,254 ] 97 werkzeug - INFO -  * Detected change in 'c:\\users\\arun kumar\\downloads\\diamond-price-prediction-with-dvc-flask-streamlit-main\\venv\\Lib\\site-packages\\setuptools\\_vendor\\autocommand\\automain.py', reloading
[ 2025-01-09 16:37:10,255 ] 97 werkzeug - INFO -  * Detected change in 'c:\\Users\\ARUN KUMAR\\Downloads\\Diamond-Price-Prediction-with-DVC-Flask-Streamlit-main\\venv\\Lib\\site-packages\\setuptools\\_vendor\\autocommand\\automain.py', reloading
[ 2025-01-09 16:37:10,259 ] 97 werkzeug - INFO -  * Detected change in 'c:\\users\\arun kumar\\downloads\\diamond-price-prediction-with-dvc-flask-streamlit-main\\venv\\Lib\\site-packages\\setuptools\\_vendor\\autocommand\\autoparse.py', reloading
[ 2025-01-09 16:37:10,260 ] 97 werkzeug - INFO -  * Detected change in 'c:\\Users\\ARUN KUMAR\\Downloads\\Diamond-Price-Prediction-with-DVC-Flask-Streamlit-main\\venv\\Lib\\site-packages\\setuptools\\_vendor\\autocommand\\autoparse.py', reloading
[ 2025-01-09 16:37:10,268 ] 97 werkzeug - INFO -  * Detected change in 'c:\\Users\\ARUN KUMAR\\Downloads\\Diamond-Price-Prediction-with-DVC-Flask-Streamlit-main\\venv\\Lib\\site-packages\\setuptools\\_vendor\\autocommand\\errors.py', reloading
[ 2025-01-09 16:37:10,269 ] 97 werkzeug - INFO -  * Detected change in 'c:\\users\\arun kumar\\downloads\\diamond-price-prediction-with-dvc-flask-streamlit-main\\venv\\Lib\\site-packages\\setuptools\\_vendor\\autocommand\\errors.py', reloading
[ 2025-01-09 16:37:10,294 ] 97 werkzeug - INFO -  * Detected change in 'c:\\users\\arun kumar\\downloads\\diamond-price-prediction-with-dvc-flask-streamlit-main\\venv\\Lib\\site-packages\\setuptools\\_vendor\\backports\\__init__.py', reloading
[ 2025-01-09 16:37:10,300 ] 97 werkzeug - INFO -  * Detected change in 'c:\\Users\\ARUN KUMAR\\Downloads\\Diamond-Price-Prediction-with-DVC-Flask-Streamlit-main\\venv\\Lib\\site-packages\\setuptools\\_vendor\\backports\\__init__.py', reloading
[ 2025-01-09 16:37:10,308 ] 97 werkzeug - INFO -  * Detected change in 'c:\\users\\arun kumar\\downloads\\diamond-price-prediction-with-dvc-flask-streamlit-main\\venv\\Lib\\site-packages\\setuptools\\_vendor\\backports\\tarfile\\__init__.py', reloading
[ 2025-01-09 16:37:10,310 ] 97 werkzeug - INFO -  * Detected change in 'c:\\Users\\ARUN KUMAR\\Downloads\\Diamond-Price-Prediction-with-DVC-Flask-Streamlit-main\\venv\\Lib\\site-packages\\setuptools\\_vendor\\backports\\tarfile\\__init__.py', reloading
[ 2025-01-09 16:37:10,316 ] 97 werkzeug - INFO -  * Detected change in 'c:\\users\\arun kumar\\downloads\\diamond-price-prediction-with-dvc-flask-streamlit-main\\venv\\Lib\\site-packages\\setuptools\\_vendor\\backports\\tarfile\\__main__.py', reloading
[ 2025-01-09 16:37:10,317 ] 97 werkzeug - INFO -  * Detected change in 'c:\\Users\\ARUN KUMAR\\Downloads\\Diamond-Price-Prediction-with-DVC-Flask-Streamlit-main\\venv\\Lib\\site-packages\\setuptools\\_vendor\\backports\\tarfile\\__main__.py', reloading
[ 2025-01-09 16:37:10,350 ] 97 werkzeug - INFO -  * Detected change in 'c:\\users\\arun kumar\\downloads\\diamond-price-prediction-with-dvc-flask-streamlit-main\\venv\\Lib\\site-packages\\setuptools\\_vendor\\backports\\tarfile\\compat\\py38.py', reloading
[ 2025-01-09 16:37:10,356 ] 97 werkzeug - INFO -  * Detected change in 'c:\\Users\\ARUN KUMAR\\Downloads\\Diamond-Price-Prediction-with-DVC-Flask-Streamlit-main\\venv\\Lib\\site-packages\\setuptools\\_vendor\\backports\\tarfile\\compat\\py38.py', reloading
[ 2025-01-09 16:37:10,392 ] 97 werkzeug - INFO -  * Detected change in 'c:\\Users\\ARUN KUMAR\\Downloads\\Diamond-Price-Prediction-with-DVC-Flask-Streamlit-main\\venv\\Lib\\site-packages\\setuptools\\_vendor\\importlib_metadata\\__init__.py', reloading
[ 2025-01-09 16:37:10,393 ] 97 werkzeug - INFO -  * Detected change in 'c:\\users\\arun kumar\\downloads\\diamond-price-prediction-with-dvc-flask-streamlit-main\\venv\\Lib\\site-packages\\setuptools\\_vendor\\importlib_metadata\\__init__.py', reloading
[ 2025-01-09 16:37:10,456 ] 97 werkzeug - INFO -  * Detected change in 'c:\\users\\arun kumar\\downloads\\diamond-price-prediction-with-dvc-flask-streamlit-main\\venv\\Lib\\site-packages\\setuptools\\_vendor\\importlib_metadata\\_adapters.py', reloading
[ 2025-01-09 16:37:10,457 ] 97 werkzeug - INFO -  * Detected change in 'c:\\Users\\ARUN KUMAR\\Downloads\\Diamond-Price-Prediction-with-DVC-Flask-Streamlit-main\\venv\\Lib\\site-packages\\setuptools\\_vendor\\importlib_metadata\\_adapters.py', reloading
[ 2025-01-09 16:37:10,462 ] 97 werkzeug - INFO -  * Detected change in 'c:\\users\\arun kumar\\downloads\\diamond-price-prediction-with-dvc-flask-streamlit-main\\venv\\Lib\\site-packages\\setuptools\\_vendor\\importlib_metadata\\_collections.py', reloading
[ 2025-01-09 16:37:10,467 ] 97 werkzeug - INFO -  * Detected change in 'c:\\Users\\ARUN KUMAR\\Downloads\\Diamond-Price-Prediction-with-DVC-Flask-Streamlit-main\\venv\\Lib\\site-packages\\setuptools\\_vendor\\importlib_metadata\\_collections.py', reloading
[ 2025-01-09 16:37:10,469 ] 97 werkzeug - INFO -  * Detected change in 'c:\\users\\arun kumar\\downloads\\diamond-price-prediction-with-dvc-flask-streamlit-main\\venv\\Lib\\site-packages\\setuptools\\_vendor\\importlib_metadata\\_compat.py', reloading
[ 2025-01-09 16:37:10,488 ] 97 werkzeug - INFO -  * Detected change in 'c:\\users\\arun kumar\\downloads\\diamond-price-prediction-with-dvc-flask-streamlit-main\\venv\\Lib\\site-packages\\setuptools\\_vendor\\importlib_metadata\\_functools.py', reloading
[ 2025-01-09 16:37:10,492 ] 97 werkzeug - INFO -  * Detected change in 'c:\\Users\\ARUN KUMAR\\Downloads\\Diamond-Price-Prediction-with-DVC-Flask-Streamlit-main\\venv\\Lib\\site-packages\\setuptools\\_vendor\\importlib_metadata\\_compat.py', reloading
[ 2025-01-09 16:37:10,498 ] 97 werkzeug - INFO -  * Detected change in 'c:\\Users\\ARUN KUMAR\\Downloads\\Diamond-Price-Prediction-with-DVC-Flask-Streamlit-main\\venv\\Lib\\site-packages\\setuptools\\_vendor\\importlib_metadata\\_functools.py', reloading
[ 2025-01-09 16:37:10,508 ] 97 werkzeug - INFO -  * Detected change in 'c:\\Users\\ARUN KUMAR\\Downloads\\Diamond-Price-Prediction-with-DVC-Flask-Streamlit-main\\venv\\Lib\\site-packages\\setuptools\\_vendor\\importlib_metadata\\_itertools.py', reloading
[ 2025-01-09 16:37:10,510 ] 97 werkzeug - INFO -  * Detected change in 'c:\\users\\arun kumar\\downloads\\diamond-price-prediction-with-dvc-flask-streamlit-main\\venv\\Lib\\site-packages\\setuptools\\_vendor\\importlib_metadata\\_itertools.py', reloading
[ 2025-01-09 16:37:10,521 ] 97 werkzeug - INFO -  * Detected change in 'c:\\users\\arun kumar\\downloads\\diamond-price-prediction-with-dvc-flask-streamlit-main\\venv\\Lib\\site-packages\\setuptools\\_vendor\\importlib_metadata\\_meta.py', reloading
[ 2025-01-09 16:37:10,522 ] 97 werkzeug - INFO -  * Detected change in 'c:\\Users\\ARUN KUMAR\\Downloads\\Diamond-Price-Prediction-with-DVC-Flask-Streamlit-main\\venv\\Lib\\site-packages\\setuptools\\_vendor\\importlib_metadata\\_meta.py', reloading
[ 2025-01-09 16:37:10,526 ] 97 werkzeug - INFO -  * Detected change in 'c:\\users\\arun kumar\\downloads\\diamond-price-prediction-with-dvc-flask-streamlit-main\\venv\\Lib\\site-packages\\setuptools\\_vendor\\importlib_metadata\\_text.py', reloading
[ 2025-01-09 16:37:10,528 ] 97 werkzeug - INFO -  * Detected change in 'c:\\Users\\ARUN KUMAR\\Downloads\\Diamond-Price-Prediction-with-DVC-Flask-Streamlit-main\\venv\\Lib\\site-packages\\setuptools\\_vendor\\importlib_metadata\\_text.py', reloading
[ 2025-01-09 16:37:10,556 ] 97 werkzeug - INFO -  * Detected change in 'c:\\Users\\ARUN KUMAR\\Downloads\\Diamond-Price-Prediction-with-DVC-Flask-Streamlit-main\\venv\\Lib\\site-packages\\setuptools\\_vendor\\importlib_metadata\\compat\\py311.py', reloading
[ 2025-01-09 16:37:10,558 ] 97 werkzeug - INFO -  * Detected change in 'c:\\users\\arun kumar\\downloads\\diamond-price-prediction-with-dvc-flask-streamlit-main\\venv\\Lib\\site-packages\\setuptools\\_vendor\\importlib_metadata\\compat\\py311.py', reloading
[ 2025-01-09 16:37:10,560 ] 97 werkzeug - INFO -  * Detected change in 'c:\\Users\\ARUN KUMAR\\Downloads\\Diamond-Price-Prediction-with-DVC-Flask-Streamlit-main\\venv\\Lib\\site-packages\\setuptools\\_vendor\\importlib_metadata\\compat\\py39.py', reloading
[ 2025-01-09 16:37:10,560 ] 97 werkzeug - INFO -  * Detected change in 'c:\\users\\arun kumar\\downloads\\diamond-price-prediction-with-dvc-flask-streamlit-main\\venv\\Lib\\site-packages\\setuptools\\_vendor\\importlib_metadata\\compat\\py39.py', reloading
[ 2025-01-09 16:37:10,567 ] 97 werkzeug - INFO -  * Detected change in 'c:\\Users\\ARUN KUMAR\\Downloads\\Diamond-Price-Prediction-with-DVC-Flask-Streamlit-main\\venv\\Lib\\site-packages\\setuptools\\_vendor\\importlib_metadata\\diagnose.py', reloading
[ 2025-01-09 16:37:10,571 ] 97 werkzeug - INFO -  * Detected change in 'c:\\users\\arun kumar\\downloads\\diamond-price-prediction-with-dvc-flask-streamlit-main\\venv\\Lib\\site-packages\\setuptools\\_vendor\\importlib_metadata\\diagnose.py', reloading
[ 2025-01-09 16:37:10,606 ] 97 werkzeug - INFO -  * Detected change in 'c:\\Users\\ARUN KUMAR\\Downloads\\Diamond-Price-Prediction-with-DVC-Flask-Streamlit-main\\venv\\Lib\\site-packages\\setuptools\\_vendor\\inflect\\__init__.py', reloading
[ 2025-01-09 16:37:10,607 ] 97 werkzeug - INFO -  * Detected change in 'c:\\users\\arun kumar\\downloads\\diamond-price-prediction-with-dvc-flask-streamlit-main\\venv\\Lib\\site-packages\\setuptools\\_vendor\\inflect\\__init__.py', reloading
[ 2025-01-09 16:37:11,012 ] 97 werkzeug - INFO -  * Detected change in 'c:\\Users\\ARUN KUMAR\\Downloads\\Diamond-Price-Prediction-with-DVC-Flask-Streamlit-main\\venv\\Lib\\site-packages\\setuptools\\_vendor\\inflect\\compat\\py38.py', reloading
[ 2025-01-09 16:37:11,044 ] 97 werkzeug - INFO -  * Detected change in 'c:\\users\\arun kumar\\downloads\\diamond-price-prediction-with-dvc-flask-streamlit-main\\venv\\Lib\\site-packages\\setuptools\\_vendor\\inflect\\compat\\py38.py', reloading
[ 2025-01-09 16:37:11,138 ] 97 werkzeug - INFO -  * Detected change in 'c:\\users\\arun kumar\\downloads\\diamond-price-prediction-with-dvc-flask-streamlit-main\\venv\\Lib\\site-packages\\setuptools\\_vendor\\jaraco\\collections\\__init__.py', reloading
[ 2025-01-09 16:37:11,149 ] 97 werkzeug - INFO -  * Detected change in 'c:\\users\\arun kumar\\downloads\\diamond-price-prediction-with-dvc-flask-streamlit-main\\venv\\Lib\\site-packages\\setuptools\\_vendor\\jaraco\\context.py', reloading
[ 2025-01-09 16:37:11,152 ] 97 werkzeug - INFO -  * Detected change in 'c:\\users\\arun kumar\\downloads\\diamond-price-prediction-with-dvc-flask-streamlit-main\\venv\\Lib\\site-packages\\setuptools\\_vendor\\jaraco\\functools\\__init__.py', reloading
[ 2025-01-09 16:37:11,172 ] 97 werkzeug - INFO -  * Detected change in 'c:\\Users\\ARUN KUMAR\\Downloads\\Diamond-Price-Prediction-with-DVC-Flask-Streamlit-main\\venv\\Lib\\site-packages\\setuptools\\_vendor\\jaraco\\collections\\__init__.py', reloading
[ 2025-01-09 16:37:11,176 ] 97 werkzeug - INFO -  * Detected change in 'c:\\Users\\ARUN KUMAR\\Downloads\\Diamond-Price-Prediction-with-DVC-Flask-Streamlit-main\\venv\\Lib\\site-packages\\setuptools\\_vendor\\jaraco\\context.py', reloading
[ 2025-01-09 16:37:11,181 ] 97 werkzeug - INFO -  * Detected change in 'c:\\Users\\ARUN KUMAR\\Downloads\\Diamond-Price-Prediction-with-DVC-Flask-Streamlit-main\\venv\\Lib\\site-packages\\setuptools\\_vendor\\jaraco\\functools\\__init__.py', reloading
