[ 2025-01-09 17:10:29,075 ] 97 werkzeug - WARNING -  * Debugger is active!
[ 2025-01-09 17:10:29,083 ] 97 werkzeug - INFO -  * Debugger PIN: 368-050-414
[ 2025-01-09 17:10:41,610 ] 97 werkzeug - INFO -  * Detected change in 'c:\\Users\\ARUN KUMAR\\Downloads\\Diamond-Price-Prediction-with-DVC-Flask-Streamlit-main\\venv\\Lib\\site-packages\\scmrepo\\asyn.py', reloading
[ 2025-01-09 17:10:41,616 ] 97 werkzeug - INFO -  * Detected change in 'c:\\Users\\ARUN KUMAR\\Downloads\\Diamond-Price-Prediction-with-DVC-Flask-Streamlit-main\\venv\\Lib\\site-packages\\scmrepo\\base.py', reloading
[ 2025-01-09 17:10:41,620 ] 97 werkzeug - INFO -  * Detected change in 'c:\\users\\arun kumar\\downloads\\diamond-price-prediction-with-dvc-flask-streamlit-main\\venv\\Lib\\site-packages\\scmrepo\\asyn.py', reloading
[ 2025-01-09 17:10:41,622 ] 97 werkzeug - INFO -  * Detected change in 'c:\\users\\arun kumar\\downloads\\diamond-price-prediction-with-dvc-flask-streamlit-main\\venv\\Lib\\site-packages\\scmrepo\\base.py', reloading
[ 2025-01-09 17:10:41,625 ] 97 werkzeug - INFO -  * Detected change in 'c:\\Users\\ARUN KUMAR\\Downloads\\Diamond-Price-Prediction-with-DVC-Flask-Streamlit-main\\venv\\Lib\\site-packages\\scmrepo\\fs.py', reloading
[ 2025-01-09 17:10:41,629 ] 97 werkzeug - INFO -  * Detected change in 'c:\\Users\\ARUN KUMAR\\Downloads\\Diamond-Price-Prediction-with-DVC-Flask-Streamlit-main\\venv\\Lib\\site-packages\\scmrepo\\git\\__init__.py', reloading
[ 2025-01-09 17:10:41,632 ] 97 werkzeug - INFO -  * Detected change in 'c:\\users\\arun kumar\\downloads\\diamond-price-prediction-with-dvc-flask-streamlit-main\\venv\\Lib\\site-packages\\scmrepo\\fs.py', reloading
[ 2025-01-09 17:10:41,636 ] 97 werkzeug - INFO -  * Detected change in 'c:\\users\\arun kumar\\downloads\\diamond-price-prediction-with-dvc-flask-streamlit-main\\venv\\Lib\\site-packages\\scmrepo\\git\\__init__.py', reloading
[ 2025-01-09 17:10:41,680 ] 97 werkzeug - INFO -  * Detected change in 'c:\\Users\\ARUN KUMAR\\Downloads\\Diamond-Price-Prediction-with-DVC-Flask-Streamlit-main\\venv\\Lib\\site-packages\\scmrepo\\git\\backend\\base.py', reloading
[ 2025-01-09 17:10:41,685 ] 97 werkzeug - INFO -  * Detected change in 'c:\\Users\\ARUN KUMAR\\Downloads\\Diamond-Price-Prediction-with-DVC-Flask-Streamlit-main\\venv\\Lib\\site-packages\\scmrepo\\git\\backend\\dulwich\\__init__.py', reloading
[ 2025-01-09 17:10:41,686 ] 97 werkzeug - INFO -  * Detected change in 'c:\\users\\arun kumar\\downloads\\diamond-price-prediction-with-dvc-flask-streamlit-main\\venv\\Lib\\site-packages\\scmrepo\\git\\backend\\base.py', reloading
[ 2025-01-09 17:10:41,689 ] 97 werkzeug - INFO -  * Detected change in 'c:\\users\\arun kumar\\downloads\\diamond-price-prediction-with-dvc-flask-streamlit-main\\venv\\Lib\\site-packages\\scmrepo\\git\\backend\\dulwich\\__init__.py', reloading
[ 2025-01-09 17:10:41,702 ] 97 werkzeug - INFO -  * Detected change in 'c:\\Users\\ARUN KUMAR\\Downloads\\Diamond-Price-Prediction-with-DVC-Flask-Streamlit-main\\venv\\Lib\\site-packages\\scmrepo\\git\\backend\\dulwich\\asyncssh_vendor.py', reloading
[ 2025-01-09 17:10:41,707 ] 97 werkzeug - INFO -  * Detected change in 'c:\\Users\\ARUN KUMAR\\Downloads\\Diamond-Price-Prediction-with-DVC-Flask-Streamlit-main\\venv\\Lib\\site-packages\\scmrepo\\git\\backend\\dulwich\\client.py', reloading
[ 2025-01-09 17:10:41,709 ] 97 werkzeug - INFO -  * Detected change in 'c:\\users\\arun kumar\\downloads\\diamond-price-prediction-with-dvc-flask-streamlit-main\\venv\\Lib\\site-packages\\scmrepo\\git\\backend\\dulwich\\asyncssh_vendor.py', reloading
[ 2025-01-09 17:10:41,713 ] 97 werkzeug - INFO -  * Detected change in 'c:\\Users\\ARUN KUMAR\\Downloads\\Diamond-Price-Prediction-with-DVC-Flask-Streamlit-main\\venv\\Lib\\site-packages\\scmrepo\\git\\backend\\gitpython.py', reloading
[ 2025-01-09 17:10:41,716 ] 97 werkzeug - INFO -  * Detected change in 'c:\\users\\arun kumar\\downloads\\diamond-price-prediction-with-dvc-flask-streamlit-main\\venv\\Lib\\site-packages\\scmrepo\\git\\backend\\dulwich\\client.py', reloading
[ 2025-01-09 17:10:41,718 ] 97 werkzeug - INFO -  * Detected change in 'c:\\Users\\ARUN KUMAR\\Downloads\\Diamond-Price-Prediction-with-DVC-Flask-Streamlit-main\\venv\\Lib\\site-packages\\scmrepo\\git\\backend\\pygit2\\__init__.py', reloading
[ 2025-01-09 17:10:41,721 ] 97 werkzeug - INFO -  * Detected change in 'c:\\users\\arun kumar\\downloads\\diamond-price-prediction-with-dvc-flask-streamlit-main\\venv\\Lib\\site-packages\\scmrepo\\git\\backend\\gitpython.py', reloading
[ 2025-01-09 17:10:41,729 ] 97 werkzeug - INFO -  * Detected change in 'c:\\users\\arun kumar\\downloads\\diamond-price-prediction-with-dvc-flask-streamlit-main\\venv\\Lib\\site-packages\\scmrepo\\git\\backend\\pygit2\\__init__.py', reloading
[ 2025-01-09 17:10:41,741 ] 97 werkzeug - INFO -  * Detected change in 'c:\\Users\\ARUN KUMAR\\Downloads\\Diamond-Price-Prediction-with-DVC-Flask-Streamlit-main\\venv\\Lib\\site-packages\\scmrepo\\git\\backend\\pygit2\\callbacks.py', reloading
[ 2025-01-09 17:10:41,745 ] 97 werkzeug - INFO -  * Detected change in 'c:\\users\\arun kumar\\downloads\\diamond-price-prediction-with-dvc-flask-streamlit-main\\venv\\Lib\\site-packages\\scmrepo\\git\\backend\\pygit2\\callbacks.py', reloading
[ 2025-01-09 17:10:41,749 ] 97 werkzeug - INFO -  * Detected change in 'c:\\Users\\ARUN KUMAR\\Downloads\\Diamond-Price-Prediction-with-DVC-Flask-Streamlit-main\\venv\\Lib\\site-packages\\scmrepo\\git\\config.py', reloading
[ 2025-01-09 17:10:41,751 ] 97 werkzeug - INFO -  * Detected change in 'c:\\users\\arun kumar\\downloads\\diamond-price-prediction-with-dvc-flask-streamlit-main\\venv\\Lib\\site-packages\\scmrepo\\git\\config.py', reloading
[ 2025-01-09 17:10:41,758 ] 97 werkzeug - INFO -  * Detected change in 'c:\\Users\\ARUN KUMAR\\Downloads\\Diamond-Price-Prediction-with-DVC-Flask-Streamlit-main\\venv\\Lib\\site-packages\\scmrepo\\git\\lfs\\__init__.py', reloading
[ 2025-01-09 17:10:41,759 ] 97 werkzeug - INFO -  * Detected change in 'c:\\users\\arun kumar\\downloads\\diamond-price-prediction-with-dvc-flask-streamlit-main\\venv\\Lib\\site-packages\\scmrepo\\git\\lfs\\__init__.py', reloading
[ 2025-01-09 17:10:41,832 ] 97 werkzeug - INFO -  * Detected change in 'c:\\Users\\ARUN KUMAR\\Downloads\\Diamond-Price-Prediction-with-DVC-Flask-Streamlit-main\\venv\\Lib\\site-packages\\scmrepo\\git\\stash.py', reloading
[ 2025-01-09 17:10:41,834 ] 97 werkzeug - INFO -  * Detected change in 'c:\\users\\arun kumar\\downloads\\diamond-price-prediction-with-dvc-flask-streamlit-main\\venv\\Lib\\site-packages\\scmrepo\\git\\stash.py', reloading
[ 2025-01-09 17:10:41,841 ] 97 werkzeug - INFO -  * Detected change in 'c:\\Users\\ARUN KUMAR\\Downloads\\Diamond-Price-Prediction-with-DVC-Flask-Streamlit-main\\venv\\Lib\\site-packages\\scmrepo\\progress.py', reloading
[ 2025-01-09 17:10:41,843 ] 97 werkzeug - INFO -  * Detected change in 'c:\\users\\arun kumar\\downloads\\diamond-price-prediction-with-dvc-flask-streamlit-main\\venv\\Lib\\site-packages\\scmrepo\\progress.py', reloading
[ 2025-01-09 17:10:41,848 ] 97 werkzeug - INFO -  * Detected change in 'c:\\Users\\ARUN KUMAR\\Downloads\\Diamond-Price-Prediction-with-DVC-Flask-Streamlit-main\\venv\\Lib\\site-packages\\scmrepo\\urls.py', reloading
[ 2025-01-09 17:10:41,852 ] 97 werkzeug - INFO -  * Detected change in 'c:\\users\\arun kumar\\downloads\\diamond-price-prediction-with-dvc-flask-streamlit-main\\venv\\Lib\\site-packages\\scmrepo\\urls.py', reloading
[ 2025-01-09 17:10:41,852 ] 97 werkzeug - INFO -  * Detected change in 'c:\\Users\\ARUN KUMAR\\Downloads\\Diamond-Price-Prediction-with-DVC-Flask-Streamlit-main\\venv\\Lib\\site-packages\\scmrepo\\utils.py', reloading
[ 2025-01-09 17:10:41,856 ] 97 werkzeug - INFO -  * Detected change in 'c:\\users\\arun kumar\\downloads\\diamond-price-prediction-with-dvc-flask-streamlit-main\\venv\\Lib\\site-packages\\scmrepo\\utils.py', reloading
[ 2025-01-09 17:10:41,873 ] 97 werkzeug - INFO -  * Detected change in 'c:\\Users\\ARUN KUMAR\\Downloads\\Diamond-Price-Prediction-with-DVC-Flask-Streamlit-main\\venv\\Lib\\site-packages\\seaborn\\__init__.py', reloading
[ 2025-01-09 17:10:41,886 ] 97 werkzeug - INFO -  * Detected change in 'c:\\users\\arun kumar\\downloads\\diamond-price-prediction-with-dvc-flask-streamlit-main\\venv\\Lib\\site-packages\\seaborn\\__init__.py', reloading
[ 2025-01-09 17:10:41,993 ] 97 werkzeug - INFO -  * Detected change in 'c:\\Users\\ARUN KUMAR\\Downloads\\Diamond-Price-Prediction-with-DVC-Flask-Streamlit-main\\venv\\Lib\\site-packages\\seaborn\\_compat.py', reloading
[ 2025-01-09 17:10:42,003 ] 97 werkzeug - INFO -  * Detected change in 'c:\\users\\arun kumar\\downloads\\diamond-price-prediction-with-dvc-flask-streamlit-main\\venv\\Lib\\site-packages\\seaborn\\_compat.py', reloading
[ 2025-01-09 17:10:42,089 ] 97 werkzeug - INFO -  * Detected change in 'c:\\Users\\ARUN KUMAR\\Downloads\\Diamond-Price-Prediction-with-DVC-Flask-Streamlit-main\\venv\\Lib\\site-packages\\seaborn\\_core\\properties.py', reloading
[ 2025-01-09 17:10:42,102 ] 97 werkzeug - INFO -  * Detected change in 'c:\\users\\arun kumar\\downloads\\diamond-price-prediction-with-dvc-flask-streamlit-main\\venv\\Lib\\site-packages\\seaborn\\_core\\properties.py', reloading
[ 2025-01-09 17:10:42,161 ] 97 werkzeug - INFO -  * Detected change in 'c:\\Users\\ARUN KUMAR\\Downloads\\Diamond-Price-Prediction-with-DVC-Flask-Streamlit-main\\venv\\Lib\\site-packages\\seaborn\\_marks\\area.py', reloading
[ 2025-01-09 17:10:42,167 ] 97 werkzeug - INFO -  * Detected change in 'c:\\Users\\ARUN KUMAR\\Downloads\\Diamond-Price-Prediction-with-DVC-Flask-Streamlit-main\\venv\\Lib\\site-packages\\seaborn\\_marks\\bar.py', reloading
[ 2025-01-09 17:10:42,173 ] 97 werkzeug - INFO -  * Detected change in 'c:\\users\\arun kumar\\downloads\\diamond-price-prediction-with-dvc-flask-streamlit-main\\venv\\Lib\\site-packages\\seaborn\\_marks\\area.py', reloading
[ 2025-01-09 17:10:42,177 ] 97 werkzeug - INFO -  * Detected change in 'c:\\Users\\ARUN KUMAR\\Downloads\\Diamond-Price-Prediction-with-DVC-Flask-Streamlit-main\\venv\\Lib\\site-packages\\seaborn\\_marks\\dot.py', reloading
[ 2025-01-09 17:10:42,182 ] 97 werkzeug - INFO -  * Detected change in 'c:\\users\\arun kumar\\downloads\\diamond-price-prediction-with-dvc-flask-streamlit-main\\venv\\Lib\\site-packages\\seaborn\\_marks\\bar.py', reloading
[ 2025-01-09 17:10:42,194 ] 97 werkzeug - INFO -  * Detected change in 'c:\\users\\arun kumar\\downloads\\diamond-price-prediction-with-dvc-flask-streamlit-main\\venv\\Lib\\site-packages\\seaborn\\_marks\\dot.py', reloading
[ 2025-01-09 17:10:42,198 ] 97 werkzeug - INFO -  * Detected change in 'c:\\Users\\ARUN KUMAR\\Downloads\\Diamond-Price-Prediction-with-DVC-Flask-Streamlit-main\\venv\\Lib\\site-packages\\seaborn\\_statistics.py', reloading
[ 2025-01-09 17:10:42,209 ] 97 werkzeug - INFO -  * Detected change in 'c:\\users\\arun kumar\\downloads\\diamond-price-prediction-with-dvc-flask-streamlit-main\\venv\\Lib\\site-packages\\seaborn\\_statistics.py', reloading
[ 2025-01-09 17:10:42,244 ] 97 werkzeug - INFO -  * Detected change in 'c:\\Users\\ARUN KUMAR\\Downloads\\Diamond-Price-Prediction-with-DVC-Flask-Streamlit-main\\venv\\Lib\\site-packages\\seaborn\\_stats\\aggregation.py', reloading
[ 2025-01-09 17:10:42,251 ] 97 werkzeug - INFO -  * Detected change in 'c:\\Users\\ARUN KUMAR\\Downloads\\Diamond-Price-Prediction-with-DVC-Flask-Streamlit-main\\venv\\Lib\\site-packages\\seaborn\\_stats\\base.py', reloading
[ 2025-01-09 17:10:42,255 ] 97 werkzeug - INFO -  * Detected change in 'c:\\Users\\ARUN KUMAR\\Downloads\\Diamond-Price-Prediction-with-DVC-Flask-Streamlit-main\\venv\\Lib\\site-packages\\seaborn\\_stats\\counting.py', reloading
