[ 2025-01-09 17:10:17,539 ] 97 werkzeug - WARNING -  * Debugger is active!
[ 2025-01-09 17:10:17,549 ] 97 werkzeug - INFO -  * Debugger PIN: 368-050-414
[ 2025-01-09 17:10:17,613 ] 97 werkzeug - INFO -  * Detected change in 'c:\\Users\\ARUN KUMAR\\Downloads\\Diamond-Price-Prediction-with-DVC-Flask-Streamlit-main\\venv\\Lib\\site-packages\\pydantic\\experimental\\__init__.py', reloading
[ 2025-01-09 17:10:17,615 ] 97 werkzeug - INFO -  * Detected change in 'c:\\users\\arun kumar\\downloads\\diamond-price-prediction-with-dvc-flask-streamlit-main\\venv\\Lib\\site-packages\\pydantic\\experimental\\__init__.py', reloading
[ 2025-01-09 17:10:17,626 ] 97 werkzeug - INFO -  * Detected change in 'c:\\users\\arun kumar\\downloads\\diamond-price-prediction-with-dvc-flask-streamlit-main\\venv\\Lib\\site-packages\\pydantic\\experimental\\pipeline.py', reloading
[ 2025-01-09 17:10:17,629 ] 97 werkzeug - INFO -  * Detected change in 'c:\\Users\\ARUN KUMAR\\Downloads\\Diamond-Price-Prediction-with-DVC-Flask-Streamlit-main\\venv\\Lib\\site-packages\\pydantic\\experimental\\pipeline.py', reloading
[ 2025-01-09 17:10:17,632 ] 97 werkzeug - INFO -  * Detected change in 'c:\\users\\arun kumar\\downloads\\diamond-price-prediction-with-dvc-flask-streamlit-main\\venv\\Lib\\site-packages\\pydantic\\fields.py', reloading
[ 2025-01-09 17:10:17,634 ] 97 werkzeug - INFO -  * Detected change in 'c:\\Users\\ARUN KUMAR\\Downloads\\Diamond-Price-Prediction-with-DVC-Flask-Streamlit-main\\venv\\Lib\\site-packages\\pydantic\\fields.py', reloading
[ 2025-01-09 17:10:17,638 ] 97 werkzeug - INFO -  * Detected change in 'c:\\Users\\ARUN KUMAR\\Downloads\\Diamond-Price-Prediction-with-DVC-Flask-Streamlit-main\\venv\\Lib\\site-packages\\pydantic\\functional_serializers.py', reloading
[ 2025-01-09 17:10:17,640 ] 97 werkzeug - INFO -  * Detected change in 'c:\\users\\arun kumar\\downloads\\diamond-price-prediction-with-dvc-flask-streamlit-main\\venv\\Lib\\site-packages\\pydantic\\functional_serializers.py', reloading
[ 2025-01-09 17:10:17,643 ] 97 werkzeug - INFO -  * Detected change in 'c:\\Users\\ARUN KUMAR\\Downloads\\Diamond-Price-Prediction-with-DVC-Flask-Streamlit-main\\venv\\Lib\\site-packages\\pydantic\\functional_validators.py', reloading
[ 2025-01-09 17:10:17,645 ] 97 werkzeug - INFO -  * Detected change in 'c:\\users\\arun kumar\\downloads\\diamond-price-prediction-with-dvc-flask-streamlit-main\\venv\\Lib\\site-packages\\pydantic\\functional_validators.py', reloading
[ 2025-01-09 17:10:17,647 ] 97 werkzeug - INFO -  * Detected change in 'c:\\Users\\ARUN KUMAR\\Downloads\\Diamond-Price-Prediction-with-DVC-Flask-Streamlit-main\\venv\\Lib\\site-packages\\pydantic\\generics.py', reloading
[ 2025-01-09 17:10:17,649 ] 97 werkzeug - INFO -  * Detected change in 'c:\\users\\arun kumar\\downloads\\diamond-price-prediction-with-dvc-flask-streamlit-main\\venv\\Lib\\site-packages\\pydantic\\generics.py', reloading
[ 2025-01-09 17:10:17,652 ] 97 werkzeug - INFO -  * Detected change in 'c:\\Users\\ARUN KUMAR\\Downloads\\Diamond-Price-Prediction-with-DVC-Flask-Streamlit-main\\venv\\Lib\\site-packages\\pydantic\\json.py', reloading
[ 2025-01-09 17:10:17,654 ] 97 werkzeug - INFO -  * Detected change in 'c:\\users\\arun kumar\\downloads\\diamond-price-prediction-with-dvc-flask-streamlit-main\\venv\\Lib\\site-packages\\pydantic\\json.py', reloading
[ 2025-01-09 17:10:17,656 ] 97 werkzeug - INFO -  * Detected change in 'c:\\Users\\ARUN KUMAR\\Downloads\\Diamond-Price-Prediction-with-DVC-Flask-Streamlit-main\\venv\\Lib\\site-packages\\pydantic\\json_schema.py', reloading
[ 2025-01-09 17:10:17,658 ] 97 werkzeug - INFO -  * Detected change in 'c:\\users\\arun kumar\\downloads\\diamond-price-prediction-with-dvc-flask-streamlit-main\\venv\\Lib\\site-packages\\pydantic\\json_schema.py', reloading
[ 2025-01-09 17:10:17,660 ] 97 werkzeug - INFO -  * Detected change in 'c:\\Users\\ARUN KUMAR\\Downloads\\Diamond-Price-Prediction-with-DVC-Flask-Streamlit-main\\venv\\Lib\\site-packages\\pydantic\\main.py', reloading
[ 2025-01-09 17:10:17,661 ] 97 werkzeug - INFO -  * Detected change in 'c:\\users\\arun kumar\\downloads\\diamond-price-prediction-with-dvc-flask-streamlit-main\\venv\\Lib\\site-packages\\pydantic\\main.py', reloading
[ 2025-01-09 17:10:17,665 ] 97 werkzeug - INFO -  * Detected change in 'c:\\Users\\ARUN KUMAR\\Downloads\\Diamond-Price-Prediction-with-DVC-Flask-Streamlit-main\\venv\\Lib\\site-packages\\pydantic\\mypy.py', reloading
[ 2025-01-09 17:10:17,667 ] 97 werkzeug - INFO -  * Detected change in 'c:\\users\\arun kumar\\downloads\\diamond-price-prediction-with-dvc-flask-streamlit-main\\venv\\Lib\\site-packages\\pydantic\\mypy.py', reloading
[ 2025-01-09 17:10:17,673 ] 97 werkzeug - INFO -  * Detected change in 'c:\\Users\\ARUN KUMAR\\Downloads\\Diamond-Price-Prediction-with-DVC-Flask-Streamlit-main\\venv\\Lib\\site-packages\\pydantic\\networks.py', reloading
[ 2025-01-09 17:10:17,674 ] 97 werkzeug - INFO -  * Detected change in 'c:\\users\\arun kumar\\downloads\\diamond-price-prediction-with-dvc-flask-streamlit-main\\venv\\Lib\\site-packages\\pydantic\\networks.py', reloading
[ 2025-01-09 17:10:17,678 ] 97 werkzeug - INFO -  * Detected change in 'c:\\users\\arun kumar\\downloads\\diamond-price-prediction-with-dvc-flask-streamlit-main\\venv\\Lib\\site-packages\\pydantic\\parse.py', reloading
[ 2025-01-09 17:10:17,679 ] 97 werkzeug - INFO -  * Detected change in 'c:\\Users\\ARUN KUMAR\\Downloads\\Diamond-Price-Prediction-with-DVC-Flask-Streamlit-main\\venv\\Lib\\site-packages\\pydantic\\parse.py', reloading
[ 2025-01-09 17:10:17,683 ] 97 werkzeug - INFO -  * Detected change in 'c:\\users\\arun kumar\\downloads\\diamond-price-prediction-with-dvc-flask-streamlit-main\\venv\\Lib\\site-packages\\pydantic\\plugin\\__init__.py', reloading
[ 2025-01-09 17:10:17,683 ] 97 werkzeug - INFO -  * Detected change in 'c:\\Users\\ARUN KUMAR\\Downloads\\Diamond-Price-Prediction-with-DVC-Flask-Streamlit-main\\venv\\Lib\\site-packages\\pydantic\\plugin\\__init__.py', reloading
[ 2025-01-09 17:10:17,696 ] 97 werkzeug - INFO -  * Detected change in 'c:\\users\\arun kumar\\downloads\\diamond-price-prediction-with-dvc-flask-streamlit-main\\venv\\Lib\\site-packages\\pydantic\\plugin\\_loader.py', reloading
[ 2025-01-09 17:10:17,698 ] 97 werkzeug - INFO -  * Detected change in 'c:\\Users\\ARUN KUMAR\\Downloads\\Diamond-Price-Prediction-with-DVC-Flask-Streamlit-main\\venv\\Lib\\site-packages\\pydantic\\plugin\\_loader.py', reloading
[ 2025-01-09 17:10:17,701 ] 97 werkzeug - INFO -  * Detected change in 'c:\\Users\\ARUN KUMAR\\Downloads\\Diamond-Price-Prediction-with-DVC-Flask-Streamlit-main\\venv\\Lib\\site-packages\\pydantic\\plugin\\_schema_validator.py', reloading
[ 2025-01-09 17:10:17,703 ] 97 werkzeug - INFO -  * Detected change in 'c:\\users\\arun kumar\\downloads\\diamond-price-prediction-with-dvc-flask-streamlit-main\\venv\\Lib\\site-packages\\pydantic\\plugin\\_schema_validator.py', reloading
[ 2025-01-09 17:10:17,707 ] 97 werkzeug - INFO -  * Detected change in 'c:\\users\\arun kumar\\downloads\\diamond-price-prediction-with-dvc-flask-streamlit-main\\venv\\Lib\\site-packages\\pydantic\\root_model.py', reloading
[ 2025-01-09 17:10:17,709 ] 97 werkzeug - INFO -  * Detected change in 'c:\\Users\\ARUN KUMAR\\Downloads\\Diamond-Price-Prediction-with-DVC-Flask-Streamlit-main\\venv\\Lib\\site-packages\\pydantic\\root_model.py', reloading
[ 2025-01-09 17:10:17,713 ] 97 werkzeug - INFO -  * Detected change in 'c:\\users\\arun kumar\\downloads\\diamond-price-prediction-with-dvc-flask-streamlit-main\\venv\\Lib\\site-packages\\pydantic\\schema.py', reloading
[ 2025-01-09 17:10:17,715 ] 97 werkzeug - INFO -  * Detected change in 'c:\\Users\\ARUN KUMAR\\Downloads\\Diamond-Price-Prediction-with-DVC-Flask-Streamlit-main\\venv\\Lib\\site-packages\\pydantic\\schema.py', reloading
[ 2025-01-09 17:10:17,719 ] 97 werkzeug - INFO -  * Detected change in 'c:\\Users\\ARUN KUMAR\\Downloads\\Diamond-Price-Prediction-with-DVC-Flask-Streamlit-main\\venv\\Lib\\site-packages\\pydantic\\tools.py', reloading
[ 2025-01-09 17:10:17,719 ] 97 werkzeug - INFO -  * Detected change in 'c:\\users\\arun kumar\\downloads\\diamond-price-prediction-with-dvc-flask-streamlit-main\\venv\\Lib\\site-packages\\pydantic\\tools.py', reloading
[ 2025-01-09 17:10:17,722 ] 97 werkzeug - INFO -  * Detected change in 'c:\\users\\arun kumar\\downloads\\diamond-price-prediction-with-dvc-flask-streamlit-main\\venv\\Lib\\site-packages\\pydantic\\type_adapter.py', reloading
[ 2025-01-09 17:10:17,723 ] 97 werkzeug - INFO -  * Detected change in 'c:\\Users\\ARUN KUMAR\\Downloads\\Diamond-Price-Prediction-with-DVC-Flask-Streamlit-main\\venv\\Lib\\site-packages\\pydantic\\type_adapter.py', reloading
[ 2025-01-09 17:10:17,725 ] 97 werkzeug - INFO -  * Detected change in 'c:\\users\\arun kumar\\downloads\\diamond-price-prediction-with-dvc-flask-streamlit-main\\venv\\Lib\\site-packages\\pydantic\\types.py', reloading
[ 2025-01-09 17:10:17,728 ] 97 werkzeug - INFO -  * Detected change in 'c:\\Users\\ARUN KUMAR\\Downloads\\Diamond-Price-Prediction-with-DVC-Flask-Streamlit-main\\venv\\Lib\\site-packages\\pydantic\\types.py', reloading
[ 2025-01-09 17:10:17,739 ] 97 werkzeug - INFO -  * Detected change in 'c:\\Users\\ARUN KUMAR\\Downloads\\Diamond-Price-Prediction-with-DVC-Flask-Streamlit-main\\venv\\Lib\\site-packages\\pydantic\\typing.py', reloading
[ 2025-01-09 17:10:17,740 ] 97 werkzeug - INFO -  * Detected change in 'c:\\users\\arun kumar\\downloads\\diamond-price-prediction-with-dvc-flask-streamlit-main\\venv\\Lib\\site-packages\\pydantic\\typing.py', reloading
[ 2025-01-09 17:10:17,743 ] 97 werkzeug - INFO -  * Detected change in 'c:\\Users\\ARUN KUMAR\\Downloads\\Diamond-Price-Prediction-with-DVC-Flask-Streamlit-main\\venv\\Lib\\site-packages\\pydantic\\utils.py', reloading
[ 2025-01-09 17:10:17,744 ] 97 werkzeug - INFO -  * Detected change in 'c:\\users\\arun kumar\\downloads\\diamond-price-prediction-with-dvc-flask-streamlit-main\\venv\\Lib\\site-packages\\pydantic\\utils.py', reloading
[ 2025-01-09 17:10:17,748 ] 97 werkzeug - INFO -  * Detected change in 'c:\\users\\arun kumar\\downloads\\diamond-price-prediction-with-dvc-flask-streamlit-main\\venv\\Lib\\site-packages\\pydantic\\v1\\__init__.py', reloading
[ 2025-01-09 17:10:17,749 ] 97 werkzeug - INFO -  * Detected change in 'c:\\Users\\ARUN KUMAR\\Downloads\\Diamond-Price-Prediction-with-DVC-Flask-Streamlit-main\\venv\\Lib\\site-packages\\pydantic\\v1\\__init__.py', reloading
[ 2025-01-09 17:10:17,860 ] 97 werkzeug - INFO -  * Detected change in 'c:\\users\\arun kumar\\downloads\\diamond-price-prediction-with-dvc-flask-streamlit-main\\venv\\Lib\\site-packages\\pydantic\\v1\\_hypothesis_plugin.py', reloading
[ 2025-01-09 17:10:17,863 ] 97 werkzeug - INFO -  * Detected change in 'c:\\Users\\ARUN KUMAR\\Downloads\\Diamond-Price-Prediction-with-DVC-Flask-Streamlit-main\\venv\\Lib\\site-packages\\pydantic\\v1\\_hypothesis_plugin.py', reloading
[ 2025-01-09 17:10:17,865 ] 97 werkzeug - INFO -  * Detected change in 'c:\\users\\arun kumar\\downloads\\diamond-price-prediction-with-dvc-flask-streamlit-main\\venv\\Lib\\site-packages\\pydantic\\v1\\annotated_types.py', reloading
[ 2025-01-09 17:10:17,867 ] 97 werkzeug - INFO -  * Detected change in 'c:\\Users\\ARUN KUMAR\\Downloads\\Diamond-Price-Prediction-with-DVC-Flask-Streamlit-main\\venv\\Lib\\site-packages\\pydantic\\v1\\annotated_types.py', reloading
[ 2025-01-09 17:10:17,869 ] 97 werkzeug - INFO -  * Detected change in 'c:\\users\\arun kumar\\downloads\\diamond-price-prediction-with-dvc-flask-streamlit-main\\venv\\Lib\\site-packages\\pydantic\\v1\\class_validators.py', reloading
[ 2025-01-09 17:10:17,873 ] 97 werkzeug - INFO -  * Detected change in 'c:\\Users\\ARUN KUMAR\\Downloads\\Diamond-Price-Prediction-with-DVC-Flask-Streamlit-main\\venv\\Lib\\site-packages\\pydantic\\v1\\class_validators.py', reloading
[ 2025-01-09 17:10:17,878 ] 97 werkzeug - INFO -  * Detected change in 'c:\\Users\\ARUN KUMAR\\Downloads\\Diamond-Price-Prediction-with-DVC-Flask-Streamlit-main\\venv\\Lib\\site-packages\\pydantic\\v1\\color.py', reloading
[ 2025-01-09 17:10:17,879 ] 97 werkzeug - INFO -  * Detected change in 'c:\\users\\arun kumar\\downloads\\diamond-price-prediction-with-dvc-flask-streamlit-main\\venv\\Lib\\site-packages\\pydantic\\v1\\color.py', reloading
[ 2025-01-09 17:10:17,882 ] 97 werkzeug - INFO -  * Detected change in 'c:\\Users\\ARUN KUMAR\\Downloads\\Diamond-Price-Prediction-with-DVC-Flask-Streamlit-main\\venv\\Lib\\site-packages\\pydantic\\v1\\config.py', reloading
[ 2025-01-09 17:10:17,883 ] 97 werkzeug - INFO -  * Detected change in 'c:\\users\\arun kumar\\downloads\\diamond-price-prediction-with-dvc-flask-streamlit-main\\venv\\Lib\\site-packages\\pydantic\\v1\\config.py', reloading
[ 2025-01-09 17:10:17,887 ] 97 werkzeug - INFO -  * Detected change in 'c:\\users\\arun kumar\\downloads\\diamond-price-prediction-with-dvc-flask-streamlit-main\\venv\\Lib\\site-packages\\pydantic\\v1\\dataclasses.py', reloading
[ 2025-01-09 17:10:17,888 ] 97 werkzeug - INFO -  * Detected change in 'c:\\Users\\ARUN KUMAR\\Downloads\\Diamond-Price-Prediction-with-DVC-Flask-Streamlit-main\\venv\\Lib\\site-packages\\pydantic\\v1\\dataclasses.py', reloading
[ 2025-01-09 17:10:17,891 ] 97 werkzeug - INFO -  * Detected change in 'c:\\Users\\ARUN KUMAR\\Downloads\\Diamond-Price-Prediction-with-DVC-Flask-Streamlit-main\\venv\\Lib\\site-packages\\pydantic\\v1\\datetime_parse.py', reloading
[ 2025-01-09 17:10:17,891 ] 97 werkzeug - INFO -  * Detected change in 'c:\\users\\arun kumar\\downloads\\diamond-price-prediction-with-dvc-flask-streamlit-main\\venv\\Lib\\site-packages\\pydantic\\v1\\datetime_parse.py', reloading
[ 2025-01-09 17:10:17,894 ] 97 werkzeug - INFO -  * Detected change in 'c:\\Users\\ARUN KUMAR\\Downloads\\Diamond-Price-Prediction-with-DVC-Flask-Streamlit-main\\venv\\Lib\\site-packages\\pydantic\\v1\\decorator.py', reloading
[ 2025-01-09 17:10:17,895 ] 97 werkzeug - INFO -  * Detected change in 'c:\\users\\arun kumar\\downloads\\diamond-price-prediction-with-dvc-flask-streamlit-main\\venv\\Lib\\site-packages\\pydantic\\v1\\decorator.py', reloading
[ 2025-01-09 17:10:17,898 ] 97 werkzeug - INFO -  * Detected change in 'c:\\Users\\ARUN KUMAR\\Downloads\\Diamond-Price-Prediction-with-DVC-Flask-Streamlit-main\\venv\\Lib\\site-packages\\pydantic\\v1\\env_settings.py', reloading
[ 2025-01-09 17:10:17,900 ] 97 werkzeug - INFO -  * Detected change in 'c:\\users\\arun kumar\\downloads\\diamond-price-prediction-with-dvc-flask-streamlit-main\\venv\\Lib\\site-packages\\pydantic\\v1\\env_settings.py', reloading
[ 2025-01-09 17:10:17,903 ] 97 werkzeug - INFO -  * Detected change in 'c:\\users\\arun kumar\\downloads\\diamond-price-prediction-with-dvc-flask-streamlit-main\\venv\\Lib\\site-packages\\pydantic\\v1\\error_wrappers.py', reloading
[ 2025-01-09 17:10:17,904 ] 97 werkzeug - INFO -  * Detected change in 'c:\\Users\\ARUN KUMAR\\Downloads\\Diamond-Price-Prediction-with-DVC-Flask-Streamlit-main\\venv\\Lib\\site-packages\\pydantic\\v1\\error_wrappers.py', reloading
[ 2025-01-09 17:10:17,909 ] 97 werkzeug - INFO -  * Detected change in 'c:\\users\\arun kumar\\downloads\\diamond-price-prediction-with-dvc-flask-streamlit-main\\venv\\Lib\\site-packages\\pydantic\\v1\\errors.py', reloading
[ 2025-01-09 17:10:17,910 ] 97 werkzeug - INFO -  * Detected change in 'c:\\Users\\ARUN KUMAR\\Downloads\\Diamond-Price-Prediction-with-DVC-Flask-Streamlit-main\\venv\\Lib\\site-packages\\pydantic\\v1\\errors.py', reloading
[ 2025-01-09 17:10:17,914 ] 97 werkzeug - INFO -  * Detected change in 'c:\\users\\arun kumar\\downloads\\diamond-price-prediction-with-dvc-flask-streamlit-main\\venv\\Lib\\site-packages\\pydantic\\v1\\fields.py', reloading
[ 2025-01-09 17:10:17,916 ] 97 werkzeug - INFO -  * Detected change in 'c:\\Users\\ARUN KUMAR\\Downloads\\Diamond-Price-Prediction-with-DVC-Flask-Streamlit-main\\venv\\Lib\\site-packages\\pydantic\\v1\\fields.py', reloading
[ 2025-01-09 17:10:17,920 ] 97 werkzeug - INFO -  * Detected change in 'c:\\users\\arun kumar\\downloads\\diamond-price-prediction-with-dvc-flask-streamlit-main\\venv\\Lib\\site-packages\\pydantic\\v1\\generics.py', reloading
[ 2025-01-09 17:10:17,921 ] 97 werkzeug - INFO -  * Detected change in 'c:\\Users\\ARUN KUMAR\\Downloads\\Diamond-Price-Prediction-with-DVC-Flask-Streamlit-main\\venv\\Lib\\site-packages\\pydantic\\v1\\generics.py', reloading
[ 2025-01-09 17:10:17,925 ] 97 werkzeug - INFO -  * Detected change in 'c:\\users\\arun kumar\\downloads\\diamond-price-prediction-with-dvc-flask-streamlit-main\\venv\\Lib\\site-packages\\pydantic\\v1\\json.py', reloading
[ 2025-01-09 17:10:17,925 ] 97 werkzeug - INFO -  * Detected change in 'c:\\Users\\ARUN KUMAR\\Downloads\\Diamond-Price-Prediction-with-DVC-Flask-Streamlit-main\\venv\\Lib\\site-packages\\pydantic\\v1\\json.py', reloading
[ 2025-01-09 17:10:17,929 ] 97 werkzeug - INFO -  * Detected change in 'c:\\Users\\ARUN KUMAR\\Downloads\\Diamond-Price-Prediction-with-DVC-Flask-Streamlit-main\\venv\\Lib\\site-packages\\pydantic\\v1\\main.py', reloading
[ 2025-01-09 17:10:17,930 ] 97 werkzeug - INFO -  * Detected change in 'c:\\users\\arun kumar\\downloads\\diamond-price-prediction-with-dvc-flask-streamlit-main\\venv\\Lib\\site-packages\\pydantic\\v1\\main.py', reloading
[ 2025-01-09 17:10:17,934 ] 97 werkzeug - INFO -  * Detected change in 'c:\\users\\arun kumar\\downloads\\diamond-price-prediction-with-dvc-flask-streamlit-main\\venv\\Lib\\site-packages\\pydantic\\v1\\mypy.py', reloading
[ 2025-01-09 17:10:17,935 ] 97 werkzeug - INFO -  * Detected change in 'c:\\Users\\ARUN KUMAR\\Downloads\\Diamond-Price-Prediction-with-DVC-Flask-Streamlit-main\\venv\\Lib\\site-packages\\pydantic\\v1\\mypy.py', reloading
[ 2025-01-09 17:10:17,938 ] 97 werkzeug - INFO -  * Detected change in 'c:\\Users\\ARUN KUMAR\\Downloads\\Diamond-Price-Prediction-with-DVC-Flask-Streamlit-main\\venv\\Lib\\site-packages\\pydantic\\v1\\networks.py', reloading
[ 2025-01-09 17:10:17,939 ] 97 werkzeug - INFO -  * Detected change in 'c:\\users\\arun kumar\\downloads\\diamond-price-prediction-with-dvc-flask-streamlit-main\\venv\\Lib\\site-packages\\pydantic\\v1\\networks.py', reloading
[ 2025-01-09 17:10:17,943 ] 97 werkzeug - INFO -  * Detected change in 'c:\\users\\arun kumar\\downloads\\diamond-price-prediction-with-dvc-flask-streamlit-main\\venv\\Lib\\site-packages\\pydantic\\v1\\parse.py', reloading
[ 2025-01-09 17:10:17,944 ] 97 werkzeug - INFO -  * Detected change in 'c:\\Users\\ARUN KUMAR\\Downloads\\Diamond-Price-Prediction-with-DVC-Flask-Streamlit-main\\venv\\Lib\\site-packages\\pydantic\\v1\\parse.py', reloading
[ 2025-01-09 17:10:17,950 ] 97 werkzeug - INFO -  * Detected change in 'c:\\users\\arun kumar\\downloads\\diamond-price-prediction-with-dvc-flask-streamlit-main\\venv\\Lib\\site-packages\\pydantic\\v1\\schema.py', reloading
[ 2025-01-09 17:10:17,951 ] 97 werkzeug - INFO -  * Detected change in 'c:\\Users\\ARUN KUMAR\\Downloads\\Diamond-Price-Prediction-with-DVC-Flask-Streamlit-main\\venv\\Lib\\site-packages\\pydantic\\v1\\schema.py', reloading
[ 2025-01-09 17:10:17,953 ] 97 werkzeug - INFO -  * Detected change in 'c:\\users\\arun kumar\\downloads\\diamond-price-prediction-with-dvc-flask-streamlit-main\\venv\\Lib\\site-packages\\pydantic\\v1\\tools.py', reloading
[ 2025-01-09 17:10:17,955 ] 97 werkzeug - INFO -  * Detected change in 'c:\\Users\\ARUN KUMAR\\Downloads\\Diamond-Price-Prediction-with-DVC-Flask-Streamlit-main\\venv\\Lib\\site-packages\\pydantic\\v1\\tools.py', reloading
[ 2025-01-09 17:10:17,958 ] 97 werkzeug - INFO -  * Detected change in 'c:\\Users\\ARUN KUMAR\\Downloads\\Diamond-Price-Prediction-with-DVC-Flask-Streamlit-main\\venv\\Lib\\site-packages\\pydantic\\v1\\types.py', reloading
[ 2025-01-09 17:10:17,959 ] 97 werkzeug - INFO -  * Detected change in 'c:\\users\\arun kumar\\downloads\\diamond-price-prediction-with-dvc-flask-streamlit-main\\venv\\Lib\\site-packages\\pydantic\\v1\\types.py', reloading
[ 2025-01-09 17:10:17,961 ] 97 werkzeug - INFO -  * Detected change in 'c:\\users\\arun kumar\\downloads\\diamond-price-prediction-with-dvc-flask-streamlit-main\\venv\\Lib\\site-packages\\pydantic\\v1\\typing.py', reloading
[ 2025-01-09 17:10:17,962 ] 97 werkzeug - INFO -  * Detected change in 'c:\\Users\\ARUN KUMAR\\Downloads\\Diamond-Price-Prediction-with-DVC-Flask-Streamlit-main\\venv\\Lib\\site-packages\\pydantic\\v1\\typing.py', reloading
[ 2025-01-09 17:10:17,965 ] 97 werkzeug - INFO -  * Detected change in 'c:\\Users\\ARUN KUMAR\\Downloads\\Diamond-Price-Prediction-with-DVC-Flask-Streamlit-main\\venv\\Lib\\site-packages\\pydantic\\v1\\utils.py', reloading
[ 2025-01-09 17:10:17,966 ] 97 werkzeug - INFO -  * Detected change in 'c:\\users\\arun kumar\\downloads\\diamond-price-prediction-with-dvc-flask-streamlit-main\\venv\\Lib\\site-packages\\pydantic\\v1\\utils.py', reloading
[ 2025-01-09 17:10:17,969 ] 97 werkzeug - INFO -  * Detected change in 'c:\\Users\\ARUN KUMAR\\Downloads\\Diamond-Price-Prediction-with-DVC-Flask-Streamlit-main\\venv\\Lib\\site-packages\\pydantic\\v1\\validators.py', reloading
[ 2025-01-09 17:10:17,969 ] 97 werkzeug - INFO -  * Detected change in 'c:\\users\\arun kumar\\downloads\\diamond-price-prediction-with-dvc-flask-streamlit-main\\venv\\Lib\\site-packages\\pydantic\\v1\\validators.py', reloading
[ 2025-01-09 17:10:17,973 ] 97 werkzeug - INFO -  * Detected change in 'c:\\users\\arun kumar\\downloads\\diamond-price-prediction-with-dvc-flask-streamlit-main\\venv\\Lib\\site-packages\\pydantic\\v1\\version.py', reloading
[ 2025-01-09 17:10:17,975 ] 97 werkzeug - INFO -  * Detected change in 'c:\\Users\\ARUN KUMAR\\Downloads\\Diamond-Price-Prediction-with-DVC-Flask-Streamlit-main\\venv\\Lib\\site-packages\\pydantic\\v1\\version.py', reloading
[ 2025-01-09 17:10:17,979 ] 97 werkzeug - INFO -  * Detected change in 'c:\\Users\\ARUN KUMAR\\Downloads\\Diamond-Price-Prediction-with-DVC-Flask-Streamlit-main\\venv\\Lib\\site-packages\\pydantic\\validate_call_decorator.py', reloading
[ 2025-01-09 17:10:17,980 ] 97 werkzeug - INFO -  * Detected change in 'c:\\users\\arun kumar\\downloads\\diamond-price-prediction-with-dvc-flask-streamlit-main\\venv\\Lib\\site-packages\\pydantic\\validate_call_decorator.py', reloading
[ 2025-01-09 17:10:17,982 ] 97 werkzeug - INFO -  * Detected change in 'c:\\Users\\ARUN KUMAR\\Downloads\\Diamond-Price-Prediction-with-DVC-Flask-Streamlit-main\\venv\\Lib\\site-packages\\pydantic\\validators.py', reloading
[ 2025-01-09 17:10:17,983 ] 97 werkzeug - INFO -  * Detected change in 'c:\\users\\arun kumar\\downloads\\diamond-price-prediction-with-dvc-flask-streamlit-main\\venv\\Lib\\site-packages\\pydantic\\validators.py', reloading
[ 2025-01-09 17:10:17,986 ] 97 werkzeug - INFO -  * Detected change in 'c:\\Users\\ARUN KUMAR\\Downloads\\Diamond-Price-Prediction-with-DVC-Flask-Streamlit-main\\venv\\Lib\\site-packages\\pydantic\\version.py', reloading
[ 2025-01-09 17:10:17,987 ] 97 werkzeug - INFO -  * Detected change in 'c:\\users\\arun kumar\\downloads\\diamond-price-prediction-with-dvc-flask-streamlit-main\\venv\\Lib\\site-packages\\pydantic\\version.py', reloading
[ 2025-01-09 17:10:17,989 ] 97 werkzeug - INFO -  * Detected change in 'c:\\Users\\ARUN KUMAR\\Downloads\\Diamond-Price-Prediction-with-DVC-Flask-Streamlit-main\\venv\\Lib\\site-packages\\pydantic\\warnings.py', reloading
[ 2025-01-09 17:10:17,989 ] 97 werkzeug - INFO -  * Detected change in 'c:\\users\\arun kumar\\downloads\\diamond-price-prediction-with-dvc-flask-streamlit-main\\venv\\Lib\\site-packages\\pydantic\\warnings.py', reloading
[ 2025-01-09 17:10:18,333 ] 97 werkzeug - INFO -  * Detected change in 'c:\\users\\arun kumar\\downloads\\diamond-price-prediction-with-dvc-flask-streamlit-main\\venv\\Lib\\site-packages\\pygit2\\__init__.py', reloading
[ 2025-01-09 17:10:18,336 ] 97 werkzeug - INFO -  * Detected change in 'c:\\Users\\ARUN KUMAR\\Downloads\\Diamond-Price-Prediction-with-DVC-Flask-Streamlit-main\\venv\\Lib\\site-packages\\pygit2\\__init__.py', reloading
[ 2025-01-09 17:10:18,426 ] 97 werkzeug - INFO -  * Detected change in 'c:\\Users\\ARUN KUMAR\\Downloads\\Diamond-Price-Prediction-with-DVC-Flask-Streamlit-main\\venv\\Lib\\site-packages\\pygit2\\_build.py', reloading
[ 2025-01-09 17:10:18,430 ] 97 werkzeug - INFO -  * Detected change in 'c:\\users\\arun kumar\\downloads\\diamond-price-prediction-with-dvc-flask-streamlit-main\\venv\\Lib\\site-packages\\pygit2\\_build.py', reloading
[ 2025-01-09 17:10:18,462 ] 97 werkzeug - INFO -  * Detected change in 'c:\\users\\arun kumar\\downloads\\diamond-price-prediction-with-dvc-flask-streamlit-main\\venv\\Lib\\site-packages\\pygit2\\_run.py', reloading
[ 2025-01-09 17:10:18,465 ] 97 werkzeug - INFO -  * Detected change in 'c:\\Users\\ARUN KUMAR\\Downloads\\Diamond-Price-Prediction-with-DVC-Flask-Streamlit-main\\venv\\Lib\\site-packages\\pygit2\\_run.py', reloading
[ 2025-01-09 17:10:18,468 ] 97 werkzeug - INFO -  * Detected change in 'c:\\users\\arun kumar\\downloads\\diamond-price-prediction-with-dvc-flask-streamlit-main\\venv\\Lib\\site-packages\\pygit2\\blame.py', reloading
[ 2025-01-09 17:10:18,470 ] 97 werkzeug - INFO -  * Detected change in 'c:\\Users\\ARUN KUMAR\\Downloads\\Diamond-Price-Prediction-with-DVC-Flask-Streamlit-main\\venv\\Lib\\site-packages\\pygit2\\blame.py', reloading
[ 2025-01-09 17:10:18,474 ] 97 werkzeug - INFO -  * Detected change in 'c:\\users\\arun kumar\\downloads\\diamond-price-prediction-with-dvc-flask-streamlit-main\\venv\\Lib\\site-packages\\pygit2\\blob.py', reloading
[ 2025-01-09 17:10:18,474 ] 97 werkzeug - INFO -  * Detected change in 'c:\\Users\\ARUN KUMAR\\Downloads\\Diamond-Price-Prediction-with-DVC-Flask-Streamlit-main\\venv\\Lib\\site-packages\\pygit2\\blob.py', reloading
[ 2025-01-09 17:10:18,477 ] 97 werkzeug - INFO -  * Detected change in 'c:\\users\\arun kumar\\downloads\\diamond-price-prediction-with-dvc-flask-streamlit-main\\venv\\Lib\\site-packages\\pygit2\\branches.py', reloading
[ 2025-01-09 17:10:18,479 ] 97 werkzeug - INFO -  * Detected change in 'c:\\Users\\ARUN KUMAR\\Downloads\\Diamond-Price-Prediction-with-DVC-Flask-Streamlit-main\\venv\\Lib\\site-packages\\pygit2\\branches.py', reloading
[ 2025-01-09 17:10:18,482 ] 97 werkzeug - INFO -  * Detected change in 'c:\\users\\arun kumar\\downloads\\diamond-price-prediction-with-dvc-flask-streamlit-main\\venv\\Lib\\site-packages\\pygit2\\callbacks.py', reloading
[ 2025-01-09 17:10:18,483 ] 97 werkzeug - INFO -  * Detected change in 'c:\\Users\\ARUN KUMAR\\Downloads\\Diamond-Price-Prediction-with-DVC-Flask-Streamlit-main\\venv\\Lib\\site-packages\\pygit2\\callbacks.py', reloading
[ 2025-01-09 17:10:18,488 ] 97 werkzeug - INFO -  * Detected change in 'c:\\users\\arun kumar\\downloads\\diamond-price-prediction-with-dvc-flask-streamlit-main\\venv\\Lib\\site-packages\\pygit2\\config.py', reloading
[ 2025-01-09 17:10:18,489 ] 97 werkzeug - INFO -  * Detected change in 'c:\\Users\\ARUN KUMAR\\Downloads\\Diamond-Price-Prediction-with-DVC-Flask-Streamlit-main\\venv\\Lib\\site-packages\\pygit2\\config.py', reloading
[ 2025-01-09 17:10:18,492 ] 97 werkzeug - INFO -  * Detected change in 'c:\\users\\arun kumar\\downloads\\diamond-price-prediction-with-dvc-flask-streamlit-main\\venv\\Lib\\site-packages\\pygit2\\credentials.py', reloading
[ 2025-01-09 17:10:18,495 ] 97 werkzeug - INFO -  * Detected change in 'c:\\Users\\ARUN KUMAR\\Downloads\\Diamond-Price-Prediction-with-DVC-Flask-Streamlit-main\\venv\\Lib\\site-packages\\pygit2\\credentials.py', reloading
[ 2025-01-09 17:10:18,608 ] 97 werkzeug - INFO -  * Detected change in 'c:\\users\\arun kumar\\downloads\\diamond-price-prediction-with-dvc-flask-streamlit-main\\venv\\Lib\\site-packages\\pygit2\\enums.py', reloading
[ 2025-01-09 17:10:18,609 ] 97 werkzeug - INFO -  * Detected change in 'c:\\Users\\ARUN KUMAR\\Downloads\\Diamond-Price-Prediction-with-DVC-Flask-Streamlit-main\\venv\\Lib\\site-packages\\pygit2\\enums.py', reloading
[ 2025-01-09 17:10:18,611 ] 97 werkzeug - INFO -  * Detected change in 'c:\\users\\arun kumar\\downloads\\diamond-price-prediction-with-dvc-flask-streamlit-main\\venv\\Lib\\site-packages\\pygit2\\errors.py', reloading
[ 2025-01-09 17:10:18,612 ] 97 werkzeug - INFO -  * Detected change in 'c:\\Users\\ARUN KUMAR\\Downloads\\Diamond-Price-Prediction-with-DVC-Flask-Streamlit-main\\venv\\Lib\\site-packages\\pygit2\\errors.py', reloading
[ 2025-01-09 17:10:18,616 ] 97 werkzeug - INFO -  * Detected change in 'c:\\users\\arun kumar\\downloads\\diamond-price-prediction-with-dvc-flask-streamlit-main\\venv\\Lib\\site-packages\\pygit2\\ffi.py', reloading
[ 2025-01-09 17:10:18,616 ] 97 werkzeug - INFO -  * Detected change in 'c:\\Users\\ARUN KUMAR\\Downloads\\Diamond-Price-Prediction-with-DVC-Flask-Streamlit-main\\venv\\Lib\\site-packages\\pygit2\\ffi.py', reloading
