[ 2025-01-09 17:10:47,128 ] 97 werkzeug - WARNING -  * Debugger is active!
[ 2025-01-09 17:10:47,138 ] 97 werkzeug - INFO -  * Debugger PIN: 368-050-414
[ 2025-01-09 17:10:56,391 ] 97 werkzeug - INFO -  * Detected change in 'c:\\users\\arun kumar\\downloads\\diamond-price-prediction-with-dvc-flask-streamlit-main\\venv\\Lib\\site-packages\\typer\\_completion_classes.py', reloading
[ 2025-01-09 17:10:56,398 ] 97 werkzeug - INFO -  * Detected change in 'c:\\users\\arun kumar\\downloads\\diamond-price-prediction-with-dvc-flask-streamlit-main\\venv\\Lib\\site-packages\\typer\\_completion_shared.py', reloading
[ 2025-01-09 17:10:56,403 ] 97 werkzeug - INFO -  * Detected change in 'c:\\users\\arun kumar\\downloads\\diamond-price-prediction-with-dvc-flask-streamlit-main\\venv\\Lib\\site-packages\\typer\\_typing.py', reloading
[ 2025-01-09 17:10:56,409 ] 97 werkzeug - INFO -  * Detected change in 'c:\\users\\arun kumar\\downloads\\diamond-price-prediction-with-dvc-flask-streamlit-main\\venv\\Lib\\site-packages\\typer\\cli.py', reloading
[ 2025-01-09 17:10:56,413 ] 97 werkzeug - INFO -  * Detected change in 'c:\\users\\arun kumar\\downloads\\diamond-price-prediction-with-dvc-flask-streamlit-main\\venv\\Lib\\site-packages\\typer\\colors.py', reloading
[ 2025-01-09 17:10:56,421 ] 97 werkzeug - INFO -  * Detected change in 'c:\\users\\arun kumar\\downloads\\diamond-price-prediction-with-dvc-flask-streamlit-main\\venv\\Lib\\site-packages\\typer\\completion.py', reloading
[ 2025-01-09 17:10:56,426 ] 97 werkzeug - INFO -  * Detected change in 'c:\\users\\arun kumar\\downloads\\diamond-price-prediction-with-dvc-flask-streamlit-main\\venv\\Lib\\site-packages\\typer\\core.py', reloading
[ 2025-01-09 17:10:56,433 ] 97 werkzeug - INFO -  * Detected change in 'c:\\users\\arun kumar\\downloads\\diamond-price-prediction-with-dvc-flask-streamlit-main\\venv\\Lib\\site-packages\\typer\\main.py', reloading
[ 2025-01-09 17:10:56,439 ] 97 werkzeug - INFO -  * Detected change in 'c:\\users\\arun kumar\\downloads\\diamond-price-prediction-with-dvc-flask-streamlit-main\\venv\\Lib\\site-packages\\typer\\models.py', reloading
[ 2025-01-09 17:10:56,454 ] 97 werkzeug - INFO -  * Detected change in 'c:\\users\\arun kumar\\downloads\\diamond-price-prediction-with-dvc-flask-streamlit-main\\venv\\Lib\\site-packages\\typer\\params.py', reloading
[ 2025-01-09 17:10:56,461 ] 97 werkzeug - INFO -  * Detected change in 'c:\\Users\\ARUN KUMAR\\Downloads\\Diamond-Price-Prediction-with-DVC-Flask-Streamlit-main\\venv\\Lib\\site-packages\\typer\\_completion_classes.py', reloading
[ 2025-01-09 17:10:56,465 ] 97 werkzeug - INFO -  * Detected change in 'c:\\users\\arun kumar\\downloads\\diamond-price-prediction-with-dvc-flask-streamlit-main\\venv\\Lib\\site-packages\\typer\\rich_utils.py', reloading
[ 2025-01-09 17:10:56,469 ] 97 werkzeug - INFO -  * Detected change in 'c:\\Users\\ARUN KUMAR\\Downloads\\Diamond-Price-Prediction-with-DVC-Flask-Streamlit-main\\venv\\Lib\\site-packages\\typer\\_completion_shared.py', reloading
[ 2025-01-09 17:10:56,471 ] 97 werkzeug - INFO -  * Detected change in 'c:\\users\\arun kumar\\downloads\\diamond-price-prediction-with-dvc-flask-streamlit-main\\venv\\Lib\\site-packages\\typer\\testing.py', reloading
[ 2025-01-09 17:10:56,473 ] 97 werkzeug - INFO -  * Detected change in 'c:\\Users\\ARUN KUMAR\\Downloads\\Diamond-Price-Prediction-with-DVC-Flask-Streamlit-main\\venv\\Lib\\site-packages\\typer\\_typing.py', reloading
[ 2025-01-09 17:10:56,476 ] 97 werkzeug - INFO -  * Detected change in 'c:\\users\\arun kumar\\downloads\\diamond-price-prediction-with-dvc-flask-streamlit-main\\venv\\Lib\\site-packages\\typer\\utils.py', reloading
[ 2025-01-09 17:10:56,481 ] 97 werkzeug - INFO -  * Detected change in 'c:\\Users\\ARUN KUMAR\\Downloads\\Diamond-Price-Prediction-with-DVC-Flask-Streamlit-main\\venv\\Lib\\site-packages\\typer\\cli.py', reloading
[ 2025-01-09 17:10:56,488 ] 97 werkzeug - INFO -  * Detected change in 'c:\\Users\\ARUN KUMAR\\Downloads\\Diamond-Price-Prediction-with-DVC-Flask-Streamlit-main\\venv\\Lib\\site-packages\\typer\\colors.py', reloading
[ 2025-01-09 17:10:56,494 ] 97 werkzeug - INFO -  * Detected change in 'c:\\Users\\ARUN KUMAR\\Downloads\\Diamond-Price-Prediction-with-DVC-Flask-Streamlit-main\\venv\\Lib\\site-packages\\typer\\completion.py', reloading
[ 2025-01-09 17:10:56,500 ] 97 werkzeug - INFO -  * Detected change in 'c:\\Users\\ARUN KUMAR\\Downloads\\Diamond-Price-Prediction-with-DVC-Flask-Streamlit-main\\venv\\Lib\\site-packages\\typer\\core.py', reloading
[ 2025-01-09 17:10:56,507 ] 97 werkzeug - INFO -  * Detected change in 'c:\\Users\\ARUN KUMAR\\Downloads\\Diamond-Price-Prediction-with-DVC-Flask-Streamlit-main\\venv\\Lib\\site-packages\\typer\\main.py', reloading
[ 2025-01-09 17:10:56,511 ] 97 werkzeug - INFO -  * Detected change in 'c:\\Users\\ARUN KUMAR\\Downloads\\Diamond-Price-Prediction-with-DVC-Flask-Streamlit-main\\venv\\Lib\\site-packages\\typer\\models.py', reloading
[ 2025-01-09 17:10:56,517 ] 97 werkzeug - INFO -  * Detected change in 'c:\\Users\\ARUN KUMAR\\Downloads\\Diamond-Price-Prediction-with-DVC-Flask-Streamlit-main\\venv\\Lib\\site-packages\\typer\\params.py', reloading
[ 2025-01-09 17:10:56,526 ] 97 werkzeug - INFO -  * Detected change in 'c:\\Users\\ARUN KUMAR\\Downloads\\Diamond-Price-Prediction-with-DVC-Flask-Streamlit-main\\venv\\Lib\\site-packages\\typer\\rich_utils.py', reloading
[ 2025-01-09 17:10:56,533 ] 97 werkzeug - INFO -  * Detected change in 'c:\\Users\\ARUN KUMAR\\Downloads\\Diamond-Price-Prediction-with-DVC-Flask-Streamlit-main\\venv\\Lib\\site-packages\\typer\\testing.py', reloading
[ 2025-01-09 17:10:56,538 ] 97 werkzeug - INFO -  * Detected change in 'c:\\Users\\ARUN KUMAR\\Downloads\\Diamond-Price-Prediction-with-DVC-Flask-Streamlit-main\\venv\\Lib\\site-packages\\typer\\utils.py', reloading
