[ 2025-01-09 16:35:43,846 ] 97 werkzeug - WARNING -  * Debugger is active!
[ 2025-01-09 16:35:43,858 ] 97 werkzeug - INFO -  * Debugger PIN: 368-050-414
[ 2025-01-09 16:35:43,923 ] 97 werkzeug - INFO -  * Detected change in 'c:\\users\\arun kumar\\downloads\\diamond-price-prediction-with-dvc-flask-streamlit-main\\venv\\Lib\\site-packages\\numpy\\random\\tests\\test_direct.py', reloading
[ 2025-01-09 16:35:43,926 ] 97 werkzeug - INFO -  * Detected change in 'c:\\Users\\ARUN KUMAR\\Downloads\\Diamond-Price-Prediction-with-DVC-Flask-Streamlit-main\\venv\\Lib\\site-packages\\numpy\\random\\tests\\test_direct.py', reloading
[ 2025-01-09 16:35:43,930 ] 97 werkzeug - INFO -  * Detected change in 'c:\\users\\arun kumar\\downloads\\diamond-price-prediction-with-dvc-flask-streamlit-main\\venv\\Lib\\site-packages\\numpy\\random\\tests\\test_extending.py', reloading
[ 2025-01-09 16:35:43,930 ] 97 werkzeug - INFO -  * Detected change in 'c:\\Users\\ARUN KUMAR\\Downloads\\Diamond-Price-Prediction-with-DVC-Flask-Streamlit-main\\venv\\Lib\\site-packages\\numpy\\random\\tests\\test_extending.py', reloading
[ 2025-01-09 16:35:43,936 ] 97 werkzeug - INFO -  * Detected change in 'c:\\users\\arun kumar\\downloads\\diamond-price-prediction-with-dvc-flask-streamlit-main\\venv\\Lib\\site-packages\\numpy\\random\\tests\\test_generator_mt19937.py', reloading
[ 2025-01-09 16:35:43,939 ] 97 werkzeug - INFO -  * Detected change in 'c:\\Users\\ARUN KUMAR\\Downloads\\Diamond-Price-Prediction-with-DVC-Flask-Streamlit-main\\venv\\Lib\\site-packages\\numpy\\random\\tests\\test_generator_mt19937.py', reloading
[ 2025-01-09 16:35:43,940 ] 97 werkzeug - INFO -  * Detected change in 'c:\\users\\arun kumar\\downloads\\diamond-price-prediction-with-dvc-flask-streamlit-main\\venv\\Lib\\site-packages\\numpy\\random\\tests\\test_generator_mt19937_regressions.py', reloading
[ 2025-01-09 16:35:43,940 ] 97 werkzeug - INFO -  * Detected change in 'c:\\Users\\ARUN KUMAR\\Downloads\\Diamond-Price-Prediction-with-DVC-Flask-Streamlit-main\\venv\\Lib\\site-packages\\numpy\\random\\tests\\test_generator_mt19937_regressions.py', reloading
[ 2025-01-09 16:35:43,945 ] 97 werkzeug - INFO -  * Detected change in 'c:\\users\\arun kumar\\downloads\\diamond-price-prediction-with-dvc-flask-streamlit-main\\venv\\Lib\\site-packages\\numpy\\random\\tests\\test_random.py', reloading
[ 2025-01-09 16:35:43,945 ] 97 werkzeug - INFO -  * Detected change in 'c:\\Users\\ARUN KUMAR\\Downloads\\Diamond-Price-Prediction-with-DVC-Flask-Streamlit-main\\venv\\Lib\\site-packages\\numpy\\random\\tests\\test_random.py', reloading
[ 2025-01-09 16:35:43,958 ] 97 werkzeug - INFO -  * Detected change in 'c:\\users\\arun kumar\\downloads\\diamond-price-prediction-with-dvc-flask-streamlit-main\\venv\\Lib\\site-packages\\numpy\\random\\tests\\test_randomstate.py', reloading
[ 2025-01-09 16:35:43,959 ] 97 werkzeug - INFO -  * Detected change in 'c:\\Users\\ARUN KUMAR\\Downloads\\Diamond-Price-Prediction-with-DVC-Flask-Streamlit-main\\venv\\Lib\\site-packages\\numpy\\random\\tests\\test_randomstate.py', reloading
[ 2025-01-09 16:35:43,961 ] 97 werkzeug - INFO -  * Detected change in 'c:\\Users\\ARUN KUMAR\\Downloads\\Diamond-Price-Prediction-with-DVC-Flask-Streamlit-main\\venv\\Lib\\site-packages\\numpy\\random\\tests\\test_randomstate_regression.py', reloading
[ 2025-01-09 16:35:43,964 ] 97 werkzeug - INFO -  * Detected change in 'c:\\users\\arun kumar\\downloads\\diamond-price-prediction-with-dvc-flask-streamlit-main\\venv\\Lib\\site-packages\\numpy\\random\\tests\\test_randomstate_regression.py', reloading
[ 2025-01-09 16:35:43,970 ] 97 werkzeug - INFO -  * Detected change in 'c:\\Users\\ARUN KUMAR\\Downloads\\Diamond-Price-Prediction-with-DVC-Flask-Streamlit-main\\venv\\Lib\\site-packages\\numpy\\random\\tests\\test_regression.py', reloading
[ 2025-01-09 16:35:43,971 ] 97 werkzeug - INFO -  * Detected change in 'c:\\users\\arun kumar\\downloads\\diamond-price-prediction-with-dvc-flask-streamlit-main\\venv\\Lib\\site-packages\\numpy\\random\\tests\\test_regression.py', reloading
[ 2025-01-09 16:35:43,974 ] 97 werkzeug - INFO -  * Detected change in 'c:\\Users\\ARUN KUMAR\\Downloads\\Diamond-Price-Prediction-with-DVC-Flask-Streamlit-main\\venv\\Lib\\site-packages\\numpy\\random\\tests\\test_seed_sequence.py', reloading
[ 2025-01-09 16:35:43,975 ] 97 werkzeug - INFO -  * Detected change in 'c:\\users\\arun kumar\\downloads\\diamond-price-prediction-with-dvc-flask-streamlit-main\\venv\\Lib\\site-packages\\numpy\\random\\tests\\test_seed_sequence.py', reloading
[ 2025-01-09 16:35:43,980 ] 97 werkzeug - INFO -  * Detected change in 'c:\\Users\\ARUN KUMAR\\Downloads\\Diamond-Price-Prediction-with-DVC-Flask-Streamlit-main\\venv\\Lib\\site-packages\\numpy\\random\\tests\\test_smoke.py', reloading
[ 2025-01-09 16:35:43,980 ] 97 werkzeug - INFO -  * Detected change in 'c:\\users\\arun kumar\\downloads\\diamond-price-prediction-with-dvc-flask-streamlit-main\\venv\\Lib\\site-packages\\numpy\\random\\tests\\test_smoke.py', reloading
[ 2025-01-09 16:35:43,984 ] 97 werkzeug - INFO -  * Detected change in 'c:\\Users\\ARUN KUMAR\\Downloads\\Diamond-Price-Prediction-with-DVC-Flask-Streamlit-main\\venv\\Lib\\site-packages\\numpy\\rec\\__init__.py', reloading
[ 2025-01-09 16:35:43,986 ] 97 werkzeug - INFO -  * Detected change in 'c:\\users\\arun kumar\\downloads\\diamond-price-prediction-with-dvc-flask-streamlit-main\\venv\\Lib\\site-packages\\numpy\\rec\\__init__.py', reloading
[ 2025-01-09 16:35:44,004 ] 97 werkzeug - INFO -  * Detected change in 'c:\\Users\\ARUN KUMAR\\Downloads\\Diamond-Price-Prediction-with-DVC-Flask-Streamlit-main\\venv\\Lib\\site-packages\\numpy\\strings\\__init__.py', reloading
[ 2025-01-09 16:35:44,004 ] 97 werkzeug - INFO -  * Detected change in 'c:\\users\\arun kumar\\downloads\\diamond-price-prediction-with-dvc-flask-streamlit-main\\venv\\Lib\\site-packages\\numpy\\strings\\__init__.py', reloading
[ 2025-01-09 16:35:44,022 ] 97 werkzeug - INFO -  * Detected change in 'c:\\Users\\ARUN KUMAR\\Downloads\\Diamond-Price-Prediction-with-DVC-Flask-Streamlit-main\\venv\\Lib\\site-packages\\numpy\\testing\\__init__.py', reloading
[ 2025-01-09 16:35:44,023 ] 97 werkzeug - INFO -  * Detected change in 'c:\\users\\arun kumar\\downloads\\diamond-price-prediction-with-dvc-flask-streamlit-main\\venv\\Lib\\site-packages\\numpy\\testing\\__init__.py', reloading
[ 2025-01-09 16:35:44,079 ] 97 werkzeug - INFO -  * Detected change in 'c:\\Users\\ARUN KUMAR\\Downloads\\Diamond-Price-Prediction-with-DVC-Flask-Streamlit-main\\venv\\Lib\\site-packages\\numpy\\testing\\_private\\extbuild.py', reloading
[ 2025-01-09 16:35:44,080 ] 97 werkzeug - INFO -  * Detected change in 'c:\\users\\arun kumar\\downloads\\diamond-price-prediction-with-dvc-flask-streamlit-main\\venv\\Lib\\site-packages\\numpy\\testing\\_private\\extbuild.py', reloading
[ 2025-01-09 16:35:44,090 ] 97 werkzeug - INFO -  * Detected change in 'c:\\Users\\ARUN KUMAR\\Downloads\\Diamond-Price-Prediction-with-DVC-Flask-Streamlit-main\\venv\\Lib\\site-packages\\numpy\\testing\\_private\\utils.py', reloading
[ 2025-01-09 16:35:44,091 ] 97 werkzeug - INFO -  * Detected change in 'c:\\users\\arun kumar\\downloads\\diamond-price-prediction-with-dvc-flask-streamlit-main\\venv\\Lib\\site-packages\\numpy\\testing\\_private\\utils.py', reloading
[ 2025-01-09 16:35:44,100 ] 97 werkzeug - INFO -  * Detected change in 'c:\\users\\arun kumar\\downloads\\diamond-price-prediction-with-dvc-flask-streamlit-main\\venv\\Lib\\site-packages\\numpy\\testing\\overrides.py', reloading
[ 2025-01-09 16:35:44,102 ] 97 werkzeug - INFO -  * Detected change in 'c:\\Users\\ARUN KUMAR\\Downloads\\Diamond-Price-Prediction-with-DVC-Flask-Streamlit-main\\venv\\Lib\\site-packages\\numpy\\testing\\overrides.py', reloading
[ 2025-01-09 16:35:44,108 ] 97 werkzeug - INFO -  * Detected change in 'c:\\Users\\ARUN KUMAR\\Downloads\\Diamond-Price-Prediction-with-DVC-Flask-Streamlit-main\\venv\\Lib\\site-packages\\numpy\\testing\\print_coercion_tables.py', reloading
[ 2025-01-09 16:35:44,108 ] 97 werkzeug - INFO -  * Detected change in 'c:\\users\\arun kumar\\downloads\\diamond-price-prediction-with-dvc-flask-streamlit-main\\venv\\Lib\\site-packages\\numpy\\testing\\print_coercion_tables.py', reloading
[ 2025-01-09 16:35:44,132 ] 97 werkzeug - INFO -  * Detected change in 'c:\\Users\\ARUN KUMAR\\Downloads\\Diamond-Price-Prediction-with-DVC-Flask-Streamlit-main\\venv\\Lib\\site-packages\\numpy\\testing\\tests\\test_utils.py', reloading
[ 2025-01-09 16:35:44,136 ] 97 werkzeug - INFO -  * Detected change in 'c:\\users\\arun kumar\\downloads\\diamond-price-prediction-with-dvc-flask-streamlit-main\\venv\\Lib\\site-packages\\numpy\\testing\\tests\\test_utils.py', reloading
[ 2025-01-09 16:35:44,208 ] 97 werkzeug - INFO -  * Detected change in 'c:\\Users\\ARUN KUMAR\\Downloads\\Diamond-Price-Prediction-with-DVC-Flask-Streamlit-main\\venv\\Lib\\site-packages\\numpy\\tests\\test__all__.py', reloading
[ 2025-01-09 16:35:44,208 ] 97 werkzeug - INFO -  * Detected change in 'c:\\users\\arun kumar\\downloads\\diamond-price-prediction-with-dvc-flask-streamlit-main\\venv\\Lib\\site-packages\\numpy\\tests\\test__all__.py', reloading
[ 2025-01-09 16:35:44,214 ] 97 werkzeug - INFO -  * Detected change in 'c:\\Users\\ARUN KUMAR\\Downloads\\Diamond-Price-Prediction-with-DVC-Flask-Streamlit-main\\venv\\Lib\\site-packages\\numpy\\tests\\test_configtool.py', reloading
[ 2025-01-09 16:35:44,214 ] 97 werkzeug - INFO -  * Detected change in 'c:\\users\\arun kumar\\downloads\\diamond-price-prediction-with-dvc-flask-streamlit-main\\venv\\Lib\\site-packages\\numpy\\tests\\test_configtool.py', reloading
[ 2025-01-09 16:35:44,221 ] 97 werkzeug - INFO -  * Detected change in 'c:\\Users\\ARUN KUMAR\\Downloads\\Diamond-Price-Prediction-with-DVC-Flask-Streamlit-main\\venv\\Lib\\site-packages\\numpy\\tests\\test_ctypeslib.py', reloading
[ 2025-01-09 16:35:44,222 ] 97 werkzeug - INFO -  * Detected change in 'c:\\users\\arun kumar\\downloads\\diamond-price-prediction-with-dvc-flask-streamlit-main\\venv\\Lib\\site-packages\\numpy\\tests\\test_ctypeslib.py', reloading
[ 2025-01-09 16:35:44,225 ] 97 werkzeug - INFO -  * Detected change in 'c:\\Users\\ARUN KUMAR\\Downloads\\Diamond-Price-Prediction-with-DVC-Flask-Streamlit-main\\venv\\Lib\\site-packages\\numpy\\tests\\test_lazyloading.py', reloading
[ 2025-01-09 16:35:44,226 ] 97 werkzeug - INFO -  * Detected change in 'c:\\users\\arun kumar\\downloads\\diamond-price-prediction-with-dvc-flask-streamlit-main\\venv\\Lib\\site-packages\\numpy\\tests\\test_lazyloading.py', reloading
[ 2025-01-09 16:35:44,232 ] 97 werkzeug - INFO -  * Detected change in 'c:\\users\\arun kumar\\downloads\\diamond-price-prediction-with-dvc-flask-streamlit-main\\venv\\Lib\\site-packages\\numpy\\tests\\test_matlib.py', reloading
[ 2025-01-09 16:35:44,233 ] 97 werkzeug - INFO -  * Detected change in 'c:\\Users\\ARUN KUMAR\\Downloads\\Diamond-Price-Prediction-with-DVC-Flask-Streamlit-main\\venv\\Lib\\site-packages\\numpy\\tests\\test_matlib.py', reloading
[ 2025-01-09 16:35:44,238 ] 97 werkzeug - INFO -  * Detected change in 'c:\\Users\\ARUN KUMAR\\Downloads\\Diamond-Price-Prediction-with-DVC-Flask-Streamlit-main\\venv\\Lib\\site-packages\\numpy\\tests\\test_numpy_config.py', reloading
[ 2025-01-09 16:35:44,239 ] 97 werkzeug - INFO -  * Detected change in 'c:\\users\\arun kumar\\downloads\\diamond-price-prediction-with-dvc-flask-streamlit-main\\venv\\Lib\\site-packages\\numpy\\tests\\test_numpy_config.py', reloading
[ 2025-01-09 16:35:44,246 ] 97 werkzeug - INFO -  * Detected change in 'c:\\Users\\ARUN KUMAR\\Downloads\\Diamond-Price-Prediction-with-DVC-Flask-Streamlit-main\\venv\\Lib\\site-packages\\numpy\\tests\\test_numpy_version.py', reloading
[ 2025-01-09 16:35:44,246 ] 97 werkzeug - INFO -  * Detected change in 'c:\\users\\arun kumar\\downloads\\diamond-price-prediction-with-dvc-flask-streamlit-main\\venv\\Lib\\site-packages\\numpy\\tests\\test_numpy_version.py', reloading
[ 2025-01-09 16:35:44,253 ] 97 werkzeug - INFO -  * Detected change in 'c:\\Users\\ARUN KUMAR\\Downloads\\Diamond-Price-Prediction-with-DVC-Flask-Streamlit-main\\venv\\Lib\\site-packages\\numpy\\tests\\test_public_api.py', reloading
[ 2025-01-09 16:35:44,253 ] 97 werkzeug - INFO -  * Detected change in 'c:\\users\\arun kumar\\downloads\\diamond-price-prediction-with-dvc-flask-streamlit-main\\venv\\Lib\\site-packages\\numpy\\tests\\test_public_api.py', reloading
[ 2025-01-09 16:35:44,257 ] 97 werkzeug - INFO -  * Detected change in 'c:\\users\\arun kumar\\downloads\\diamond-price-prediction-with-dvc-flask-streamlit-main\\venv\\Lib\\site-packages\\numpy\\tests\\test_reloading.py', reloading
[ 2025-01-09 16:35:44,259 ] 97 werkzeug - INFO -  * Detected change in 'c:\\Users\\ARUN KUMAR\\Downloads\\Diamond-Price-Prediction-with-DVC-Flask-Streamlit-main\\venv\\Lib\\site-packages\\numpy\\tests\\test_reloading.py', reloading
[ 2025-01-09 16:35:44,263 ] 97 werkzeug - INFO -  * Detected change in 'c:\\users\\arun kumar\\downloads\\diamond-price-prediction-with-dvc-flask-streamlit-main\\venv\\Lib\\site-packages\\numpy\\tests\\test_scripts.py', reloading
[ 2025-01-09 16:35:44,263 ] 97 werkzeug - INFO -  * Detected change in 'c:\\Users\\ARUN KUMAR\\Downloads\\Diamond-Price-Prediction-with-DVC-Flask-Streamlit-main\\venv\\Lib\\site-packages\\numpy\\tests\\test_scripts.py', reloading
[ 2025-01-09 16:35:44,271 ] 97 werkzeug - INFO -  * Detected change in 'c:\\users\\arun kumar\\downloads\\diamond-price-prediction-with-dvc-flask-streamlit-main\\venv\\Lib\\site-packages\\numpy\\tests\\test_warnings.py', reloading
[ 2025-01-09 16:35:44,272 ] 97 werkzeug - INFO -  * Detected change in 'c:\\Users\\ARUN KUMAR\\Downloads\\Diamond-Price-Prediction-with-DVC-Flask-Streamlit-main\\venv\\Lib\\site-packages\\numpy\\tests\\test_warnings.py', reloading
[ 2025-01-09 16:35:44,276 ] 97 werkzeug - INFO -  * Detected change in 'c:\\users\\arun kumar\\downloads\\diamond-price-prediction-with-dvc-flask-streamlit-main\\venv\\Lib\\site-packages\\numpy\\typing\\__init__.py', reloading
[ 2025-01-09 16:35:44,276 ] 97 werkzeug - INFO -  * Detected change in 'c:\\Users\\ARUN KUMAR\\Downloads\\Diamond-Price-Prediction-with-DVC-Flask-Streamlit-main\\venv\\Lib\\site-packages\\numpy\\typing\\__init__.py', reloading
[ 2025-01-09 16:35:44,291 ] 97 werkzeug - INFO -  * Detected change in 'c:\\Users\\ARUN KUMAR\\Downloads\\Diamond-Price-Prediction-with-DVC-Flask-Streamlit-main\\venv\\Lib\\site-packages\\numpy\\typing\\mypy_plugin.py', reloading
[ 2025-01-09 16:35:44,291 ] 97 werkzeug - INFO -  * Detected change in 'c:\\users\\arun kumar\\downloads\\diamond-price-prediction-with-dvc-flask-streamlit-main\\venv\\Lib\\site-packages\\numpy\\typing\\mypy_plugin.py', reloading
[ 2025-01-09 16:35:44,801 ] 97 werkzeug - INFO -  * Detected change in 'c:\\users\\arun kumar\\downloads\\diamond-price-prediction-with-dvc-flask-streamlit-main\\venv\\Lib\\site-packages\\numpy\\typing\\tests\\data\\pass\\arithmetic.py', reloading
[ 2025-01-09 16:35:44,803 ] 97 werkzeug - INFO -  * Detected change in 'c:\\Users\\ARUN KUMAR\\Downloads\\Diamond-Price-Prediction-with-DVC-Flask-Streamlit-main\\venv\\Lib\\site-packages\\numpy\\typing\\tests\\data\\pass\\arithmetic.py', reloading
[ 2025-01-09 16:35:44,805 ] 97 werkzeug - INFO -  * Detected change in 'c:\\Users\\ARUN KUMAR\\Downloads\\Diamond-Price-Prediction-with-DVC-Flask-Streamlit-main\\venv\\Lib\\site-packages\\numpy\\typing\\tests\\data\\pass\\array_constructors.py', reloading
[ 2025-01-09 16:35:44,808 ] 97 werkzeug - INFO -  * Detected change in 'c:\\users\\arun kumar\\downloads\\diamond-price-prediction-with-dvc-flask-streamlit-main\\venv\\Lib\\site-packages\\numpy\\typing\\tests\\data\\pass\\array_constructors.py', reloading
[ 2025-01-09 16:35:44,811 ] 97 werkzeug - INFO -  * Detected change in 'c:\\Users\\ARUN KUMAR\\Downloads\\Diamond-Price-Prediction-with-DVC-Flask-Streamlit-main\\venv\\Lib\\site-packages\\numpy\\typing\\tests\\data\\pass\\array_like.py', reloading
[ 2025-01-09 16:35:44,811 ] 97 werkzeug - INFO -  * Detected change in 'c:\\users\\arun kumar\\downloads\\diamond-price-prediction-with-dvc-flask-streamlit-main\\venv\\Lib\\site-packages\\numpy\\typing\\tests\\data\\pass\\array_like.py', reloading
[ 2025-01-09 16:35:44,817 ] 97 werkzeug - INFO -  * Detected change in 'c:\\users\\arun kumar\\downloads\\diamond-price-prediction-with-dvc-flask-streamlit-main\\venv\\Lib\\site-packages\\numpy\\typing\\tests\\data\\pass\\arrayprint.py', reloading
[ 2025-01-09 16:35:44,819 ] 97 werkzeug - INFO -  * Detected change in 'c:\\Users\\ARUN KUMAR\\Downloads\\Diamond-Price-Prediction-with-DVC-Flask-Streamlit-main\\venv\\Lib\\site-packages\\numpy\\typing\\tests\\data\\pass\\arrayprint.py', reloading
[ 2025-01-09 16:35:44,824 ] 97 werkzeug - INFO -  * Detected change in 'c:\\users\\arun kumar\\downloads\\diamond-price-prediction-with-dvc-flask-streamlit-main\\venv\\Lib\\site-packages\\numpy\\typing\\tests\\data\\pass\\arrayterator.py', reloading
[ 2025-01-09 16:35:44,825 ] 97 werkzeug - INFO -  * Detected change in 'c:\\Users\\ARUN KUMAR\\Downloads\\Diamond-Price-Prediction-with-DVC-Flask-Streamlit-main\\venv\\Lib\\site-packages\\numpy\\typing\\tests\\data\\pass\\arrayterator.py', reloading
[ 2025-01-09 16:35:44,830 ] 97 werkzeug - INFO -  * Detected change in 'c:\\users\\arun kumar\\downloads\\diamond-price-prediction-with-dvc-flask-streamlit-main\\venv\\Lib\\site-packages\\numpy\\typing\\tests\\data\\pass\\bitwise_ops.py', reloading
[ 2025-01-09 16:35:44,831 ] 97 werkzeug - INFO -  * Detected change in 'c:\\Users\\ARUN KUMAR\\Downloads\\Diamond-Price-Prediction-with-DVC-Flask-Streamlit-main\\venv\\Lib\\site-packages\\numpy\\typing\\tests\\data\\pass\\bitwise_ops.py', reloading
[ 2025-01-09 16:35:44,836 ] 97 werkzeug - INFO -  * Detected change in 'c:\\users\\arun kumar\\downloads\\diamond-price-prediction-with-dvc-flask-streamlit-main\\venv\\Lib\\site-packages\\numpy\\typing\\tests\\data\\pass\\comparisons.py', reloading
[ 2025-01-09 16:35:44,837 ] 97 werkzeug - INFO -  * Detected change in 'c:\\Users\\ARUN KUMAR\\Downloads\\Diamond-Price-Prediction-with-DVC-Flask-Streamlit-main\\venv\\Lib\\site-packages\\numpy\\typing\\tests\\data\\pass\\comparisons.py', reloading
[ 2025-01-09 16:35:44,840 ] 97 werkzeug - INFO -  * Detected change in 'c:\\users\\arun kumar\\downloads\\diamond-price-prediction-with-dvc-flask-streamlit-main\\venv\\Lib\\site-packages\\numpy\\typing\\tests\\data\\pass\\dtype.py', reloading
[ 2025-01-09 16:35:44,840 ] 97 werkzeug - INFO -  * Detected change in 'c:\\Users\\ARUN KUMAR\\Downloads\\Diamond-Price-Prediction-with-DVC-Flask-Streamlit-main\\venv\\Lib\\site-packages\\numpy\\typing\\tests\\data\\pass\\dtype.py', reloading
[ 2025-01-09 16:35:44,846 ] 97 werkzeug - INFO -  * Detected change in 'c:\\Users\\ARUN KUMAR\\Downloads\\Diamond-Price-Prediction-with-DVC-Flask-Streamlit-main\\venv\\Lib\\site-packages\\numpy\\typing\\tests\\data\\pass\\einsumfunc.py', reloading
[ 2025-01-09 16:35:44,849 ] 97 werkzeug - INFO -  * Detected change in 'c:\\users\\arun kumar\\downloads\\diamond-price-prediction-with-dvc-flask-streamlit-main\\venv\\Lib\\site-packages\\numpy\\typing\\tests\\data\\pass\\einsumfunc.py', reloading
[ 2025-01-09 16:35:44,854 ] 97 werkzeug - INFO -  * Detected change in 'c:\\Users\\ARUN KUMAR\\Downloads\\Diamond-Price-Prediction-with-DVC-Flask-Streamlit-main\\venv\\Lib\\site-packages\\numpy\\typing\\tests\\data\\pass\\flatiter.py', reloading
[ 2025-01-09 16:35:44,855 ] 97 werkzeug - INFO -  * Detected change in 'c:\\users\\arun kumar\\downloads\\diamond-price-prediction-with-dvc-flask-streamlit-main\\venv\\Lib\\site-packages\\numpy\\typing\\tests\\data\\pass\\flatiter.py', reloading
[ 2025-01-09 16:35:44,858 ] 97 werkzeug - INFO -  * Detected change in 'c:\\Users\\ARUN KUMAR\\Downloads\\Diamond-Price-Prediction-with-DVC-Flask-Streamlit-main\\venv\\Lib\\site-packages\\numpy\\typing\\tests\\data\\pass\\fromnumeric.py', reloading
[ 2025-01-09 16:35:44,858 ] 97 werkzeug - INFO -  * Detected change in 'c:\\users\\arun kumar\\downloads\\diamond-price-prediction-with-dvc-flask-streamlit-main\\venv\\Lib\\site-packages\\numpy\\typing\\tests\\data\\pass\\fromnumeric.py', reloading
[ 2025-01-09 16:35:44,864 ] 97 werkzeug - INFO -  * Detected change in 'c:\\users\\arun kumar\\downloads\\diamond-price-prediction-with-dvc-flask-streamlit-main\\venv\\Lib\\site-packages\\numpy\\typing\\tests\\data\\pass\\index_tricks.py', reloading
[ 2025-01-09 16:35:44,865 ] 97 werkzeug - INFO -  * Detected change in 'c:\\Users\\ARUN KUMAR\\Downloads\\Diamond-Price-Prediction-with-DVC-Flask-Streamlit-main\\venv\\Lib\\site-packages\\numpy\\typing\\tests\\data\\pass\\index_tricks.py', reloading
[ 2025-01-09 16:35:44,871 ] 97 werkzeug - INFO -  * Detected change in 'c:\\users\\arun kumar\\downloads\\diamond-price-prediction-with-dvc-flask-streamlit-main\\venv\\Lib\\site-packages\\numpy\\typing\\tests\\data\\pass\\lib_utils.py', reloading
[ 2025-01-09 16:35:44,872 ] 97 werkzeug - INFO -  * Detected change in 'c:\\Users\\ARUN KUMAR\\Downloads\\Diamond-Price-Prediction-with-DVC-Flask-Streamlit-main\\venv\\Lib\\site-packages\\numpy\\typing\\tests\\data\\pass\\lib_utils.py', reloading
[ 2025-01-09 16:35:44,876 ] 97 werkzeug - INFO -  * Detected change in 'c:\\Users\\ARUN KUMAR\\Downloads\\Diamond-Price-Prediction-with-DVC-Flask-Streamlit-main\\venv\\Lib\\site-packages\\numpy\\typing\\tests\\data\\pass\\lib_version.py', reloading
[ 2025-01-09 16:35:44,876 ] 97 werkzeug - INFO -  * Detected change in 'c:\\users\\arun kumar\\downloads\\diamond-price-prediction-with-dvc-flask-streamlit-main\\venv\\Lib\\site-packages\\numpy\\typing\\tests\\data\\pass\\lib_version.py', reloading
[ 2025-01-09 16:35:44,885 ] 97 werkzeug - INFO -  * Detected change in 'c:\\Users\\ARUN KUMAR\\Downloads\\Diamond-Price-Prediction-with-DVC-Flask-Streamlit-main\\venv\\Lib\\site-packages\\numpy\\typing\\tests\\data\\pass\\literal.py', reloading
[ 2025-01-09 16:35:44,888 ] 97 werkzeug - INFO -  * Detected change in 'c:\\users\\arun kumar\\downloads\\diamond-price-prediction-with-dvc-flask-streamlit-main\\venv\\Lib\\site-packages\\numpy\\typing\\tests\\data\\pass\\literal.py', reloading
[ 2025-01-09 16:35:44,892 ] 97 werkzeug - INFO -  * Detected change in 'c:\\Users\\ARUN KUMAR\\Downloads\\Diamond-Price-Prediction-with-DVC-Flask-Streamlit-main\\venv\\Lib\\site-packages\\numpy\\typing\\tests\\data\\pass\\ma.py', reloading
[ 2025-01-09 16:35:44,893 ] 97 werkzeug - INFO -  * Detected change in 'c:\\users\\arun kumar\\downloads\\diamond-price-prediction-with-dvc-flask-streamlit-main\\venv\\Lib\\site-packages\\numpy\\typing\\tests\\data\\pass\\ma.py', reloading
[ 2025-01-09 16:35:44,897 ] 97 werkzeug - INFO -  * Detected change in 'c:\\Users\\ARUN KUMAR\\Downloads\\Diamond-Price-Prediction-with-DVC-Flask-Streamlit-main\\venv\\Lib\\site-packages\\numpy\\typing\\tests\\data\\pass\\mod.py', reloading
[ 2025-01-09 16:35:44,898 ] 97 werkzeug - INFO -  * Detected change in 'c:\\users\\arun kumar\\downloads\\diamond-price-prediction-with-dvc-flask-streamlit-main\\venv\\Lib\\site-packages\\numpy\\typing\\tests\\data\\pass\\mod.py', reloading
[ 2025-01-09 16:35:44,904 ] 97 werkzeug - INFO -  * Detected change in 'c:\\Users\\ARUN KUMAR\\Downloads\\Diamond-Price-Prediction-with-DVC-Flask-Streamlit-main\\venv\\Lib\\site-packages\\numpy\\typing\\tests\\data\\pass\\modules.py', reloading
[ 2025-01-09 16:35:44,905 ] 97 werkzeug - INFO -  * Detected change in 'c:\\users\\arun kumar\\downloads\\diamond-price-prediction-with-dvc-flask-streamlit-main\\venv\\Lib\\site-packages\\numpy\\typing\\tests\\data\\pass\\modules.py', reloading
[ 2025-01-09 16:35:44,909 ] 97 werkzeug - INFO -  * Detected change in 'c:\\users\\arun kumar\\downloads\\diamond-price-prediction-with-dvc-flask-streamlit-main\\venv\\Lib\\site-packages\\numpy\\typing\\tests\\data\\pass\\multiarray.py', reloading
[ 2025-01-09 16:35:44,909 ] 97 werkzeug - INFO -  * Detected change in 'c:\\Users\\ARUN KUMAR\\Downloads\\Diamond-Price-Prediction-with-DVC-Flask-Streamlit-main\\venv\\Lib\\site-packages\\numpy\\typing\\tests\\data\\pass\\multiarray.py', reloading
[ 2025-01-09 16:35:44,917 ] 97 werkzeug - INFO -  * Detected change in 'c:\\users\\arun kumar\\downloads\\diamond-price-prediction-with-dvc-flask-streamlit-main\\venv\\Lib\\site-packages\\numpy\\typing\\tests\\data\\pass\\ndarray_conversion.py', reloading
[ 2025-01-09 16:35:44,919 ] 97 werkzeug - INFO -  * Detected change in 'c:\\Users\\ARUN KUMAR\\Downloads\\Diamond-Price-Prediction-with-DVC-Flask-Streamlit-main\\venv\\Lib\\site-packages\\numpy\\typing\\tests\\data\\pass\\ndarray_conversion.py', reloading
[ 2025-01-09 16:35:44,924 ] 97 werkzeug - INFO -  * Detected change in 'c:\\Users\\ARUN KUMAR\\Downloads\\Diamond-Price-Prediction-with-DVC-Flask-Streamlit-main\\venv\\Lib\\site-packages\\numpy\\typing\\tests\\data\\pass\\ndarray_misc.py', reloading
[ 2025-01-09 16:35:44,925 ] 97 werkzeug - INFO -  * Detected change in 'c:\\users\\arun kumar\\downloads\\diamond-price-prediction-with-dvc-flask-streamlit-main\\venv\\Lib\\site-packages\\numpy\\typing\\tests\\data\\pass\\ndarray_misc.py', reloading
