[ 2025-01-09 16:23:24,907 ] 97 werkzeug - WARNING -  * Debugger is active!
[ 2025-01-09 16:23:24,912 ] 97 werkzeug - INFO -  * Debugger PIN: 368-050-414
[ 2025-01-09 16:24:04,501 ] 97 werkzeug - INFO -  * Detected change in 'C:\\Users\\ARUN KUMAR\\Desktop\\Lib\\site-packages\\tf_keras\\__init__.py', reloading
[ 2025-01-09 16:24:04,503 ] 97 werkzeug - INFO -  * Detected change in 'C:\\Users\\ARUN KUMAR\\Desktop\\Lib\\site-packages\\tf_keras\\__init__.py', reloading
[ 2025-01-09 16:24:04,505 ] 97 werkzeug - INFO -  * Detected change in 'C:\\Users\\ARUN KUMAR\\Desktop\\Lib\\site-packages\\tf_keras\\__init__.py', reloading
[ 2025-01-09 16:24:04,506 ] 97 werkzeug - INFO -  * Detected change in 'C:\\Users\\ARUN KUMAR\\Desktop\\Lib\\site-packages\\tf_keras\\__internal__\\__init__.py', reloading
[ 2025-01-09 16:24:04,507 ] 97 werkzeug - INFO -  * Detected change in 'C:\\Users\\ARUN KUMAR\\Desktop\\Lib\\site-packages\\tf_keras\\__internal__\\backend\\__init__.py', reloading
[ 2025-01-09 16:24:04,509 ] 97 werkzeug - INFO -  * Detected change in 'C:\\Users\\ARUN KUMAR\\Desktop\\Lib\\site-packages\\tf_keras\\__internal__\\__init__.py', reloading
[ 2025-01-09 16:24:04,509 ] 97 werkzeug - INFO -  * Detected change in 'C:\\Users\\ARUN KUMAR\\Desktop\\Lib\\site-packages\\tf_keras\\__internal__\\__init__.py', reloading
[ 2025-01-09 16:24:04,511 ] 97 werkzeug - INFO -  * Detected change in 'C:\\Users\\ARUN KUMAR\\Desktop\\Lib\\site-packages\\tf_keras\\__internal__\\backend\\__init__.py', reloading
[ 2025-01-09 16:24:04,512 ] 97 werkzeug - INFO -  * Detected change in 'C:\\Users\\ARUN KUMAR\\Desktop\\Lib\\site-packages\\tf_keras\\__internal__\\backend\\__init__.py', reloading
[ 2025-01-09 16:24:04,513 ] 97 werkzeug - INFO -  * Detected change in 'C:\\Users\\ARUN KUMAR\\Desktop\\Lib\\site-packages\\tf_keras\\__internal__\\backend\\__init__.py', reloading
[ 2025-01-09 16:24:04,515 ] 97 werkzeug - INFO -  * Detected change in 'C:\\Users\\ARUN KUMAR\\Desktop\\Lib\\site-packages\\tf_keras\\__internal__\\layers\\__init__.py', reloading
[ 2025-01-09 16:24:04,516 ] 97 werkzeug - INFO -  * Detected change in 'C:\\Users\\ARUN KUMAR\\Desktop\\Lib\\site-packages\\tf_keras\\__internal__\\layers\\__init__.py', reloading
[ 2025-01-09 16:24:04,516 ] 97 werkzeug - INFO -  * Detected change in 'C:\\Users\\ARUN KUMAR\\Desktop\\Lib\\site-packages\\tf_keras\\__internal__\\layers\\__init__.py', reloading
[ 2025-01-09 16:24:04,521 ] 97 werkzeug - INFO -  * Detected change in 'C:\\Users\\ARUN KUMAR\\Desktop\\Lib\\site-packages\\tf_keras\\__internal__\\losses\\__init__.py', reloading
[ 2025-01-09 16:24:04,521 ] 97 werkzeug - INFO -  * Detected change in 'C:\\Users\\ARUN KUMAR\\Desktop\\Lib\\site-packages\\tf_keras\\__internal__\\losses\\__init__.py', reloading
[ 2025-01-09 16:24:04,524 ] 97 werkzeug - INFO -  * Detected change in 'C:\\Users\\ARUN KUMAR\\Desktop\\Lib\\site-packages\\tf_keras\\__internal__\\losses\\__init__.py', reloading
[ 2025-01-09 16:24:04,525 ] 97 werkzeug - INFO -  * Detected change in 'C:\\Users\\ARUN KUMAR\\Desktop\\Lib\\site-packages\\tf_keras\\__internal__\\models\\__init__.py', reloading
[ 2025-01-09 16:24:04,526 ] 97 werkzeug - INFO -  * Detected change in 'C:\\Users\\ARUN KUMAR\\Desktop\\Lib\\site-packages\\tf_keras\\__internal__\\models\\__init__.py', reloading
[ 2025-01-09 16:24:04,527 ] 97 werkzeug - INFO -  * Detected change in 'C:\\Users\\ARUN KUMAR\\Desktop\\Lib\\site-packages\\tf_keras\\__internal__\\models\\__init__.py', reloading
[ 2025-01-09 16:24:04,528 ] 97 werkzeug - INFO -  * Detected change in 'C:\\Users\\ARUN KUMAR\\Desktop\\Lib\\site-packages\\tf_keras\\__internal__\\optimizers\\__init__.py', reloading
[ 2025-01-09 16:24:04,530 ] 97 werkzeug - INFO -  * Detected change in 'C:\\Users\\ARUN KUMAR\\Desktop\\Lib\\site-packages\\tf_keras\\__internal__\\optimizers\\__init__.py', reloading
[ 2025-01-09 16:24:04,530 ] 97 werkzeug - INFO -  * Detected change in 'C:\\Users\\ARUN KUMAR\\Desktop\\Lib\\site-packages\\tf_keras\\__internal__\\optimizers\\__init__.py', reloading
[ 2025-01-09 16:24:04,531 ] 97 werkzeug - INFO -  * Detected change in 'C:\\Users\\ARUN KUMAR\\Desktop\\Lib\\site-packages\\tf_keras\\__internal__\\utils\\__init__.py', reloading
[ 2025-01-09 16:24:04,533 ] 97 werkzeug - INFO -  * Detected change in 'C:\\Users\\ARUN KUMAR\\Desktop\\Lib\\site-packages\\tf_keras\\__internal__\\utils\\__init__.py', reloading
[ 2025-01-09 16:24:04,536 ] 97 werkzeug - INFO -  * Detected change in 'C:\\Users\\ARUN KUMAR\\Desktop\\Lib\\site-packages\\tf_keras\\__internal__\\utils\\__init__.py', reloading
[ 2025-01-09 16:24:04,536 ] 97 werkzeug - INFO -  * Detected change in 'C:\\Users\\ARUN KUMAR\\Desktop\\Lib\\site-packages\\tf_keras\\activations\\__init__.py', reloading
[ 2025-01-09 16:24:04,537 ] 97 werkzeug - INFO -  * Detected change in 'C:\\Users\\ARUN KUMAR\\Desktop\\Lib\\site-packages\\tf_keras\\activations\\__init__.py', reloading
[ 2025-01-09 16:24:04,537 ] 97 werkzeug - INFO -  * Detected change in 'C:\\Users\\ARUN KUMAR\\Desktop\\Lib\\site-packages\\tf_keras\\activations\\__init__.py', reloading
[ 2025-01-09 16:24:04,539 ] 97 werkzeug - INFO -  * Detected change in 'C:\\Users\\ARUN KUMAR\\Desktop\\Lib\\site-packages\\tf_keras\\api\\__init__.py', reloading
[ 2025-01-09 16:24:04,540 ] 97 werkzeug - INFO -  * Detected change in 'C:\\Users\\ARUN KUMAR\\Desktop\\Lib\\site-packages\\tf_keras\\api\\_v1\\__init__.py', reloading
[ 2025-01-09 16:24:04,541 ] 97 werkzeug - INFO -  * Detected change in 'C:\\Users\\ARUN KUMAR\\Desktop\\Lib\\site-packages\\tf_keras\\api\\_v1\\keras\\__init__.py', reloading
[ 2025-01-09 16:24:04,541 ] 97 werkzeug - INFO -  * Detected change in 'C:\\Users\\ARUN KUMAR\\Desktop\\Lib\\site-packages\\tf_keras\\api\\_v1\\keras\\__internal__\\__init__.py', reloading
[ 2025-01-09 16:24:04,543 ] 97 werkzeug - INFO -  * Detected change in 'C:\\Users\\ARUN KUMAR\\Desktop\\Lib\\site-packages\\tf_keras\\api\\_v1\\keras\\__internal__\\layers\\__init__.py', reloading
[ 2025-01-09 16:24:04,544 ] 97 werkzeug - INFO -  * Detected change in 'C:\\Users\\ARUN KUMAR\\Desktop\\Lib\\site-packages\\tf_keras\\api\\_v1\\keras\\__internal__\\legacy\\__init__.py', reloading
[ 2025-01-09 16:24:04,546 ] 97 werkzeug - INFO -  * Detected change in 'C:\\Users\\ARUN KUMAR\\Desktop\\Lib\\site-packages\\tf_keras\\api\\_v1\\keras\\__internal__\\legacy\\layers\\__init__.py', reloading
[ 2025-01-09 16:24:04,547 ] 97 werkzeug - INFO -  * Detected change in 'C:\\Users\\ARUN KUMAR\\Desktop\\Lib\\site-packages\\tf_keras\\api\\_v1\\keras\\__internal__\\legacy\\layers\\experimental\\__init__.py', reloading
[ 2025-01-09 16:24:04,547 ] 97 werkzeug - INFO -  * Detected change in 'C:\\Users\\ARUN KUMAR\\Desktop\\Lib\\site-packages\\tf_keras\\api\\_v1\\keras\\__internal__\\legacy\\rnn_cell\\__init__.py', reloading
[ 2025-01-09 16:24:04,548 ] 97 werkzeug - INFO -  * Detected change in 'C:\\Users\\ARUN KUMAR\\Desktop\\Lib\\site-packages\\tf_keras\\api\\__init__.py', reloading
[ 2025-01-09 16:24:04,553 ] 97 werkzeug - INFO -  * Detected change in 'C:\\Users\\ARUN KUMAR\\Desktop\\Lib\\site-packages\\tf_keras\\api\\_v1\\__init__.py', reloading
[ 2025-01-09 16:24:04,555 ] 97 werkzeug - INFO -  * Detected change in 'C:\\Users\\ARUN KUMAR\\Desktop\\Lib\\site-packages\\tf_keras\\api\\_v1\\keras\\__init__.py', reloading
[ 2025-01-09 16:24:04,557 ] 97 werkzeug - INFO -  * Detected change in 'C:\\Users\\ARUN KUMAR\\Desktop\\Lib\\site-packages\\tf_keras\\api\\_v1\\keras\\activations\\__init__.py', reloading
[ 2025-01-09 16:24:04,559 ] 97 werkzeug - INFO -  * Detected change in 'C:\\Users\\ARUN KUMAR\\Desktop\\Lib\\site-packages\\tf_keras\\api\\_v1\\keras\\applications\\__init__.py', reloading
[ 2025-01-09 16:24:04,560 ] 97 werkzeug - INFO -  * Detected change in 'C:\\Users\\ARUN KUMAR\\Desktop\\Lib\\site-packages\\tf_keras\\api\\_v1\\keras\\applications\\convnext\\__init__.py', reloading
[ 2025-01-09 16:24:04,561 ] 97 werkzeug - INFO -  * Detected change in 'C:\\Users\\ARUN KUMAR\\Desktop\\Lib\\site-packages\\tf_keras\\api\\_v1\\keras\\applications\\densenet\\__init__.py', reloading
[ 2025-01-09 16:24:04,563 ] 97 werkzeug - INFO -  * Detected change in 'C:\\Users\\ARUN KUMAR\\Desktop\\Lib\\site-packages\\tf_keras\\api\\_v1\\keras\\applications\\efficientnet\\__init__.py', reloading
[ 2025-01-09 16:24:04,563 ] 97 werkzeug - INFO -  * Detected change in 'C:\\Users\\ARUN KUMAR\\Desktop\\Lib\\site-packages\\tf_keras\\api\\_v1\\keras\\applications\\efficientnet_v2\\__init__.py', reloading
[ 2025-01-09 16:24:04,564 ] 97 werkzeug - INFO -  * Detected change in 'C:\\Users\\ARUN KUMAR\\Desktop\\Lib\\site-packages\\tf_keras\\api\\_v1\\keras\\applications\\imagenet_utils\\__init__.py', reloading
[ 2025-01-09 16:24:04,564 ] 97 werkzeug - INFO -  * Detected change in 'C:\\Users\\ARUN KUMAR\\Desktop\\Lib\\site-packages\\tf_keras\\api\\_v1\\keras\\applications\\inception_resnet_v2\\__init__.py', reloading
[ 2025-01-09 16:24:04,565 ] 97 werkzeug - INFO -  * Detected change in 'C:\\Users\\ARUN KUMAR\\Desktop\\Lib\\site-packages\\tf_keras\\api\\_v1\\keras\\applications\\inception_v3\\__init__.py', reloading
[ 2025-01-09 16:24:04,568 ] 97 werkzeug - INFO -  * Detected change in 'C:\\Users\\ARUN KUMAR\\Desktop\\Lib\\site-packages\\tf_keras\\api\\_v1\\keras\\applications\\mobilenet\\__init__.py', reloading
[ 2025-01-09 16:24:04,568 ] 97 werkzeug - INFO -  * Detected change in 'C:\\Users\\ARUN KUMAR\\Desktop\\Lib\\site-packages\\tf_keras\\api\\_v1\\keras\\applications\\mobilenet_v2\\__init__.py', reloading
[ 2025-01-09 16:24:04,571 ] 97 werkzeug - INFO -  * Detected change in 'C:\\Users\\ARUN KUMAR\\Desktop\\Lib\\site-packages\\tf_keras\\api\\_v1\\keras\\__internal__\\__init__.py', reloading
[ 2025-01-09 16:24:04,573 ] 97 werkzeug - INFO -  * Detected change in 'C:\\Users\\ARUN KUMAR\\Desktop\\Lib\\site-packages\\tf_keras\\api\\_v1\\keras\\__internal__\\layers\\__init__.py', reloading
[ 2025-01-09 16:24:04,574 ] 97 werkzeug - INFO -  * Detected change in 'C:\\Users\\ARUN KUMAR\\Desktop\\Lib\\site-packages\\tf_keras\\api\\_v1\\keras\\__internal__\\legacy\\__init__.py', reloading
[ 2025-01-09 16:24:04,575 ] 97 werkzeug - INFO -  * Detected change in 'C:\\Users\\ARUN KUMAR\\Desktop\\Lib\\site-packages\\tf_keras\\api\\_v1\\keras\\__internal__\\legacy\\layers\\__init__.py', reloading
[ 2025-01-09 16:24:04,577 ] 97 werkzeug - INFO -  * Detected change in 'C:\\Users\\ARUN KUMAR\\Desktop\\Lib\\site-packages\\tf_keras\\api\\_v1\\keras\\__internal__\\legacy\\layers\\experimental\\__init__.py', reloading
[ 2025-01-09 16:24:04,580 ] 97 werkzeug - INFO -  * Detected change in 'C:\\Users\\ARUN KUMAR\\Desktop\\Lib\\site-packages\\tf_keras\\api\\_v1\\keras\\__internal__\\legacy\\rnn_cell\\__init__.py', reloading
[ 2025-01-09 16:24:04,580 ] 97 werkzeug - INFO -  * Detected change in 'C:\\Users\\ARUN KUMAR\\Desktop\\Lib\\site-packages\\tf_keras\\api\\_v1\\__init__.py', reloading
[ 2025-01-09 16:24:04,584 ] 97 werkzeug - INFO -  * Detected change in 'C:\\Users\\ARUN KUMAR\\Desktop\\Lib\\site-packages\\tf_keras\\api\\_v1\\keras\\__init__.py', reloading
[ 2025-01-09 16:24:04,586 ] 97 werkzeug - INFO -  * Detected change in 'C:\\Users\\ARUN KUMAR\\Desktop\\Lib\\site-packages\\tf_keras\\api\\_v1\\keras\\activations\\__init__.py', reloading
[ 2025-01-09 16:24:04,590 ] 97 werkzeug - INFO -  * Detected change in 'C:\\Users\\ARUN KUMAR\\Desktop\\Lib\\site-packages\\tf_keras\\api\\_v1\\keras\\applications\\__init__.py', reloading
[ 2025-01-09 16:24:04,593 ] 97 werkzeug - INFO -  * Detected change in 'C:\\Users\\ARUN KUMAR\\Desktop\\Lib\\site-packages\\tf_keras\\api\\_v1\\keras\\applications\\convnext\\__init__.py', reloading
[ 2025-01-09 16:24:04,594 ] 97 werkzeug - INFO -  * Detected change in 'C:\\Users\\ARUN KUMAR\\Desktop\\Lib\\site-packages\\tf_keras\\api\\_v1\\keras\\applications\\densenet\\__init__.py', reloading
[ 2025-01-09 16:24:04,595 ] 97 werkzeug - INFO -  * Detected change in 'C:\\Users\\ARUN KUMAR\\Desktop\\Lib\\site-packages\\tf_keras\\api\\_v1\\keras\\applications\\efficientnet\\__init__.py', reloading
[ 2025-01-09 16:24:04,595 ] 97 werkzeug - INFO -  * Detected change in 'C:\\Users\\ARUN KUMAR\\Desktop\\Lib\\site-packages\\tf_keras\\api\\_v1\\keras\\applications\\efficientnet_v2\\__init__.py', reloading
[ 2025-01-09 16:24:04,595 ] 97 werkzeug - INFO -  * Detected change in 'C:\\Users\\ARUN KUMAR\\Desktop\\Lib\\site-packages\\tf_keras\\api\\_v1\\keras\\applications\\imagenet_utils\\__init__.py', reloading
[ 2025-01-09 16:24:04,595 ] 97 werkzeug - INFO -  * Detected change in 'C:\\Users\\ARUN KUMAR\\Desktop\\Lib\\site-packages\\tf_keras\\api\\_v1\\keras\\applications\\inception_resnet_v2\\__init__.py', reloading
[ 2025-01-09 16:24:04,595 ] 97 werkzeug - INFO -  * Detected change in 'C:\\Users\\ARUN KUMAR\\Desktop\\Lib\\site-packages\\tf_keras\\api\\_v1\\keras\\applications\\inception_v3\\__init__.py', reloading
[ 2025-01-09 16:24:04,599 ] 97 werkzeug - INFO -  * Detected change in 'C:\\Users\\ARUN KUMAR\\Desktop\\Lib\\site-packages\\tf_keras\\api\\_v1\\keras\\applications\\mobilenet\\__init__.py', reloading
[ 2025-01-09 16:24:04,601 ] 97 werkzeug - INFO -  * Detected change in 'C:\\Users\\ARUN KUMAR\\Desktop\\Lib\\site-packages\\tf_keras\\api\\_v1\\keras\\applications\\mobilenet_v2\\__init__.py', reloading
[ 2025-01-09 16:24:04,601 ] 97 werkzeug - INFO -  * Detected change in 'C:\\Users\\ARUN KUMAR\\Desktop\\Lib\\site-packages\\tf_keras\\api\\_v1\\keras\\applications\\mobilenet_v3\\__init__.py', reloading
[ 2025-01-09 16:24:04,601 ] 97 werkzeug - INFO -  * Detected change in 'C:\\Users\\ARUN KUMAR\\Desktop\\Lib\\site-packages\\tf_keras\\api\\_v1\\keras\\applications\\nasnet\\__init__.py', reloading
[ 2025-01-09 16:24:04,601 ] 97 werkzeug - INFO -  * Detected change in 'C:\\Users\\ARUN KUMAR\\Desktop\\Lib\\site-packages\\tf_keras\\api\\_v1\\keras\\applications\\regnet\\__init__.py', reloading
[ 2025-01-09 16:24:04,604 ] 97 werkzeug - INFO -  * Detected change in 'C:\\Users\\ARUN KUMAR\\Desktop\\Lib\\site-packages\\tf_keras\\api\\_v1\\keras\\applications\\resnet\\__init__.py', reloading
[ 2025-01-09 16:24:04,605 ] 97 werkzeug - INFO -  * Detected change in 'C:\\Users\\ARUN KUMAR\\Desktop\\Lib\\site-packages\\tf_keras\\api\\_v1\\keras\\applications\\resnet50\\__init__.py', reloading
[ 2025-01-09 16:24:04,605 ] 97 werkzeug - INFO -  * Detected change in 'C:\\Users\\ARUN KUMAR\\Desktop\\Lib\\site-packages\\tf_keras\\api\\_v1\\keras\\applications\\resnet_rs\\__init__.py', reloading
[ 2025-01-09 16:24:04,606 ] 97 werkzeug - INFO -  * Detected change in 'C:\\Users\\ARUN KUMAR\\Desktop\\Lib\\site-packages\\tf_keras\\api\\_v1\\keras\\applications\\resnet_v2\\__init__.py', reloading
[ 2025-01-09 16:24:04,606 ] 97 werkzeug - INFO -  * Detected change in 'C:\\Users\\ARUN KUMAR\\Desktop\\Lib\\site-packages\\tf_keras\\api\\_v1\\keras\\applications\\vgg16\\__init__.py', reloading
[ 2025-01-09 16:24:04,606 ] 97 werkzeug - INFO -  * Detected change in 'C:\\Users\\ARUN KUMAR\\Desktop\\Lib\\site-packages\\tf_keras\\api\\_v1\\keras\\applications\\vgg19\\__init__.py', reloading
[ 2025-01-09 16:24:04,609 ] 97 werkzeug - INFO -  * Detected change in 'C:\\Users\\ARUN KUMAR\\Desktop\\Lib\\site-packages\\tf_keras\\api\\_v1\\keras\\applications\\xception\\__init__.py', reloading
[ 2025-01-09 16:24:04,610 ] 97 werkzeug - INFO -  * Detected change in 'C:\\Users\\ARUN KUMAR\\Desktop\\Lib\\site-packages\\tf_keras\\api\\_v1\\keras\\backend\\__init__.py', reloading
[ 2025-01-09 16:24:04,611 ] 97 werkzeug - INFO -  * Detected change in 'C:\\Users\\ARUN KUMAR\\Desktop\\Lib\\site-packages\\tf_keras\\api\\_v1\\keras\\callbacks\\__init__.py', reloading
[ 2025-01-09 16:24:04,611 ] 97 werkzeug - INFO -  * Detected change in 'C:\\Users\\ARUN KUMAR\\Desktop\\Lib\\site-packages\\tf_keras\\api\\_v1\\keras\\callbacks\\experimental\\__init__.py', reloading
[ 2025-01-09 16:24:04,611 ] 97 werkzeug - INFO -  * Detected change in 'C:\\Users\\ARUN KUMAR\\Desktop\\Lib\\site-packages\\tf_keras\\api\\_v1\\keras\\constraints\\__init__.py', reloading
[ 2025-01-09 16:24:04,614 ] 97 werkzeug - INFO -  * Detected change in 'C:\\Users\\ARUN KUMAR\\Desktop\\Lib\\site-packages\\tf_keras\\api\\_v1\\keras\\__internal__\\__init__.py', reloading
[ 2025-01-09 16:24:04,615 ] 97 werkzeug - INFO -  * Detected change in 'C:\\Users\\ARUN KUMAR\\Desktop\\Lib\\site-packages\\tf_keras\\api\\_v1\\keras\\__internal__\\layers\\__init__.py', reloading
[ 2025-01-09 16:24:04,617 ] 97 werkzeug - INFO -  * Detected change in 'C:\\Users\\ARUN KUMAR\\Desktop\\Lib\\site-packages\\tf_keras\\api\\_v1\\keras\\__internal__\\legacy\\__init__.py', reloading
[ 2025-01-09 16:24:04,617 ] 97 werkzeug - INFO -  * Detected change in 'C:\\Users\\ARUN KUMAR\\Desktop\\Lib\\site-packages\\tf_keras\\api\\_v1\\keras\\__internal__\\legacy\\layers\\__init__.py', reloading
[ 2025-01-09 16:24:04,620 ] 97 werkzeug - INFO -  * Detected change in 'C:\\Users\\ARUN KUMAR\\Desktop\\Lib\\site-packages\\tf_keras\\api\\_v1\\keras\\__internal__\\legacy\\layers\\experimental\\__init__.py', reloading
[ 2025-01-09 16:24:04,622 ] 97 werkzeug - INFO -  * Detected change in 'C:\\Users\\ARUN KUMAR\\Desktop\\Lib\\site-packages\\tf_keras\\api\\_v1\\keras\\__internal__\\legacy\\rnn_cell\\__init__.py', reloading
[ 2025-01-09 16:24:04,622 ] 97 werkzeug - INFO -  * Detected change in 'C:\\Users\\ARUN KUMAR\\Desktop\\Lib\\site-packages\\tf_keras\\api\\_v1\\keras\\__init__.py', reloading
[ 2025-01-09 16:24:04,623 ] 97 werkzeug - INFO -  * Detected change in 'C:\\Users\\ARUN KUMAR\\Desktop\\Lib\\site-packages\\tf_keras\\api\\_v1\\keras\\__init__.py', reloading
[ 2025-01-09 16:24:04,626 ] 97 werkzeug - INFO -  * Detected change in 'C:\\Users\\ARUN KUMAR\\Desktop\\Lib\\site-packages\\tf_keras\\api\\_v1\\keras\\__internal__\\__init__.py', reloading
[ 2025-01-09 16:24:04,626 ] 97 werkzeug - INFO -  * Detected change in 'C:\\Users\\ARUN KUMAR\\Desktop\\Lib\\site-packages\\tf_keras\\api\\_v1\\keras\\__internal__\\layers\\__init__.py', reloading
[ 2025-01-09 16:24:04,627 ] 97 werkzeug - INFO -  * Detected change in 'C:\\Users\\ARUN KUMAR\\Desktop\\Lib\\site-packages\\tf_keras\\api\\_v1\\keras\\__internal__\\legacy\\__init__.py', reloading
[ 2025-01-09 16:24:04,628 ] 97 werkzeug - INFO -  * Detected change in 'C:\\Users\\ARUN KUMAR\\Desktop\\Lib\\site-packages\\tf_keras\\api\\_v1\\keras\\__internal__\\legacy\\layers\\__init__.py', reloading
[ 2025-01-09 16:24:04,632 ] 97 werkzeug - INFO -  * Detected change in 'C:\\Users\\ARUN KUMAR\\Desktop\\Lib\\site-packages\\tf_keras\\api\\_v1\\keras\\__internal__\\legacy\\layers\\experimental\\__init__.py', reloading
[ 2025-01-09 16:24:04,632 ] 97 werkzeug - INFO -  * Detected change in 'C:\\Users\\ARUN KUMAR\\Desktop\\Lib\\site-packages\\tf_keras\\api\\_v1\\keras\\__internal__\\legacy\\rnn_cell\\__init__.py', reloading
[ 2025-01-09 16:24:04,633 ] 97 werkzeug - INFO -  * Detected change in 'C:\\Users\\ARUN KUMAR\\Desktop\\Lib\\site-packages\\tf_keras\\api\\_v1\\keras\\__internal__\\__init__.py', reloading
[ 2025-01-09 16:24:04,633 ] 97 werkzeug - INFO -  * Detected change in 'C:\\Users\\ARUN KUMAR\\Desktop\\Lib\\site-packages\\tf_keras\\api\\_v1\\keras\\__internal__\\__init__.py', reloading
[ 2025-01-09 16:24:04,637 ] 97 werkzeug - INFO -  * Detected change in 'C:\\Users\\ARUN KUMAR\\Desktop\\Lib\\site-packages\\tf_keras\\api\\_v1\\keras\\__internal__\\layers\\__init__.py', reloading
[ 2025-01-09 16:24:04,639 ] 97 werkzeug - INFO -  * Detected change in 'C:\\Users\\ARUN KUMAR\\Desktop\\Lib\\site-packages\\tf_keras\\api\\_v1\\keras\\__internal__\\layers\\__init__.py', reloading
[ 2025-01-09 16:24:04,639 ] 97 werkzeug - INFO -  * Detected change in 'C:\\Users\\ARUN KUMAR\\Desktop\\Lib\\site-packages\\tf_keras\\api\\_v1\\keras\\__internal__\\layers\\__init__.py', reloading
[ 2025-01-09 16:24:04,641 ] 97 werkzeug - INFO -  * Detected change in 'C:\\Users\\ARUN KUMAR\\Desktop\\Lib\\site-packages\\tf_keras\\api\\_v1\\keras\\__internal__\\legacy\\__init__.py', reloading
[ 2025-01-09 16:24:04,642 ] 97 werkzeug - INFO -  * Detected change in 'C:\\Users\\ARUN KUMAR\\Desktop\\Lib\\site-packages\\tf_keras\\api\\_v1\\keras\\__internal__\\legacy\\layers\\__init__.py', reloading
[ 2025-01-09 16:24:04,643 ] 97 werkzeug - INFO -  * Detected change in 'C:\\Users\\ARUN KUMAR\\Desktop\\Lib\\site-packages\\tf_keras\\api\\_v1\\keras\\__internal__\\legacy\\layers\\experimental\\__init__.py', reloading
[ 2025-01-09 16:24:04,643 ] 97 werkzeug - INFO -  * Detected change in 'C:\\Users\\ARUN KUMAR\\Desktop\\Lib\\site-packages\\tf_keras\\api\\_v1\\keras\\__internal__\\legacy\\rnn_cell\\__init__.py', reloading
[ 2025-01-09 16:24:04,643 ] 97 werkzeug - INFO -  * Detected change in 'C:\\Users\\ARUN KUMAR\\Desktop\\Lib\\site-packages\\tf_keras\\api\\_v1\\keras\\__internal__\\legacy\\__init__.py', reloading
[ 2025-01-09 16:24:04,643 ] 97 werkzeug - INFO -  * Detected change in 'C:\\Users\\ARUN KUMAR\\Desktop\\Lib\\site-packages\\tf_keras\\api\\_v1\\keras\\__internal__\\legacy\\__init__.py', reloading
[ 2025-01-09 16:24:04,647 ] 97 werkzeug - INFO -  * Detected change in 'C:\\Users\\ARUN KUMAR\\Desktop\\Lib\\site-packages\\tf_keras\\api\\_v1\\keras\\__internal__\\legacy\\layers\\__init__.py', reloading
[ 2025-01-09 16:24:04,648 ] 97 werkzeug - INFO -  * Detected change in 'C:\\Users\\ARUN KUMAR\\Desktop\\Lib\\site-packages\\tf_keras\\api\\_v1\\keras\\__internal__\\legacy\\layers\\experimental\\__init__.py', reloading
[ 2025-01-09 16:24:04,648 ] 97 werkzeug - INFO -  * Detected change in 'C:\\Users\\ARUN KUMAR\\Desktop\\Lib\\site-packages\\tf_keras\\api\\_v1\\keras\\__internal__\\legacy\\layers\\__init__.py', reloading
[ 2025-01-09 16:24:04,649 ] 97 werkzeug - INFO -  * Detected change in 'C:\\Users\\ARUN KUMAR\\Desktop\\Lib\\site-packages\\tf_keras\\api\\_v1\\keras\\__internal__\\legacy\\layers\\__init__.py', reloading
[ 2025-01-09 16:24:04,652 ] 97 werkzeug - INFO -  * Detected change in 'C:\\Users\\ARUN KUMAR\\Desktop\\Lib\\site-packages\\tf_keras\\api\\_v1\\keras\\__internal__\\legacy\\layers\\experimental\\__init__.py', reloading
[ 2025-01-09 16:24:04,653 ] 97 werkzeug - INFO -  * Detected change in 'C:\\Users\\ARUN KUMAR\\Desktop\\Lib\\site-packages\\tf_keras\\api\\_v1\\keras\\__internal__\\legacy\\layers\\experimental\\__init__.py', reloading
[ 2025-01-09 16:24:04,653 ] 97 werkzeug - INFO -  * Detected change in 'C:\\Users\\ARUN KUMAR\\Desktop\\Lib\\site-packages\\tf_keras\\api\\_v1\\keras\\__internal__\\legacy\\layers\\experimental\\__init__.py', reloading
[ 2025-01-09 16:24:04,655 ] 97 werkzeug - INFO -  * Detected change in 'C:\\Users\\ARUN KUMAR\\Desktop\\Lib\\site-packages\\tf_keras\\api\\_v1\\keras\\__internal__\\legacy\\rnn_cell\\__init__.py', reloading
[ 2025-01-09 16:24:04,655 ] 97 werkzeug - INFO -  * Detected change in 'C:\\Users\\ARUN KUMAR\\Desktop\\Lib\\site-packages\\tf_keras\\api\\_v1\\keras\\__internal__\\legacy\\rnn_cell\\__init__.py', reloading
[ 2025-01-09 16:24:04,655 ] 97 werkzeug - INFO -  * Detected change in 'C:\\Users\\ARUN KUMAR\\Desktop\\Lib\\site-packages\\tf_keras\\api\\_v1\\keras\\__internal__\\legacy\\rnn_cell\\__init__.py', reloading
[ 2025-01-09 16:24:04,658 ] 97 werkzeug - INFO -  * Detected change in 'C:\\Users\\ARUN KUMAR\\Desktop\\Lib\\site-packages\\tf_keras\\api\\_v1\\keras\\activations\\__init__.py', reloading
[ 2025-01-09 16:24:04,659 ] 97 werkzeug - INFO -  * Detected change in 'C:\\Users\\ARUN KUMAR\\Desktop\\Lib\\site-packages\\tf_keras\\api\\_v1\\keras\\activations\\__init__.py', reloading
[ 2025-01-09 16:24:04,659 ] 97 werkzeug - INFO -  * Detected change in 'C:\\Users\\ARUN KUMAR\\Desktop\\Lib\\site-packages\\tf_keras\\api\\_v1\\keras\\activations\\__init__.py', reloading
[ 2025-01-09 16:24:04,666 ] 97 werkzeug - INFO -  * Detected change in 'C:\\Users\\ARUN KUMAR\\Desktop\\Lib\\site-packages\\tf_keras\\api\\_v1\\keras\\applications\\__init__.py', reloading
[ 2025-01-09 16:24:04,670 ] 97 werkzeug - INFO -  * Detected change in 'C:\\Users\\ARUN KUMAR\\Desktop\\Lib\\site-packages\\tf_keras\\api\\_v1\\keras\\applications\\convnext\\__init__.py', reloading
[ 2025-01-09 16:24:04,670 ] 97 werkzeug - INFO -  * Detected change in 'C:\\Users\\ARUN KUMAR\\Desktop\\Lib\\site-packages\\tf_keras\\api\\_v1\\keras\\applications\\densenet\\__init__.py', reloading
[ 2025-01-09 16:24:04,672 ] 97 werkzeug - INFO -  * Detected change in 'C:\\Users\\ARUN KUMAR\\Desktop\\Lib\\site-packages\\tf_keras\\api\\_v1\\keras\\applications\\efficientnet\\__init__.py', reloading
[ 2025-01-09 16:24:04,672 ] 97 werkzeug - INFO -  * Detected change in 'C:\\Users\\ARUN KUMAR\\Desktop\\Lib\\site-packages\\tf_keras\\api\\_v1\\keras\\applications\\efficientnet_v2\\__init__.py', reloading
[ 2025-01-09 16:24:04,672 ] 97 werkzeug - INFO -  * Detected change in 'C:\\Users\\ARUN KUMAR\\Desktop\\Lib\\site-packages\\tf_keras\\api\\_v1\\keras\\applications\\imagenet_utils\\__init__.py', reloading
[ 2025-01-09 16:24:04,673 ] 97 werkzeug - INFO -  * Detected change in 'C:\\Users\\ARUN KUMAR\\Desktop\\Lib\\site-packages\\tf_keras\\api\\_v1\\keras\\applications\\inception_resnet_v2\\__init__.py', reloading
[ 2025-01-09 16:24:04,673 ] 97 werkzeug - INFO -  * Detected change in 'C:\\Users\\ARUN KUMAR\\Desktop\\Lib\\site-packages\\tf_keras\\api\\_v1\\keras\\applications\\inception_v3\\__init__.py', reloading
[ 2025-01-09 16:24:04,674 ] 97 werkzeug - INFO -  * Detected change in 'C:\\Users\\ARUN KUMAR\\Desktop\\Lib\\site-packages\\tf_keras\\api\\_v1\\keras\\applications\\mobilenet\\__init__.py', reloading
[ 2025-01-09 16:24:04,676 ] 97 werkzeug - INFO -  * Detected change in 'C:\\Users\\ARUN KUMAR\\Desktop\\Lib\\site-packages\\tf_keras\\api\\_v1\\keras\\applications\\mobilenet_v2\\__init__.py', reloading
[ 2025-01-09 16:24:04,676 ] 97 werkzeug - INFO -  * Detected change in 'C:\\Users\\ARUN KUMAR\\Desktop\\Lib\\site-packages\\tf_keras\\api\\_v1\\keras\\applications\\mobilenet_v3\\__init__.py', reloading
[ 2025-01-09 16:24:04,677 ] 97 werkzeug - INFO -  * Detected change in 'C:\\Users\\ARUN KUMAR\\Desktop\\Lib\\site-packages\\tf_keras\\api\\_v1\\keras\\applications\\nasnet\\__init__.py', reloading
[ 2025-01-09 16:24:04,677 ] 97 werkzeug - INFO -  * Detected change in 'C:\\Users\\ARUN KUMAR\\Desktop\\Lib\\site-packages\\tf_keras\\api\\_v1\\keras\\applications\\regnet\\__init__.py', reloading
[ 2025-01-09 16:24:04,679 ] 97 werkzeug - INFO -  * Detected change in 'C:\\Users\\ARUN KUMAR\\Desktop\\Lib\\site-packages\\tf_keras\\api\\_v1\\keras\\applications\\resnet\\__init__.py', reloading
[ 2025-01-09 16:24:04,680 ] 97 werkzeug - INFO -  * Detected change in 'C:\\Users\\ARUN KUMAR\\Desktop\\Lib\\site-packages\\tf_keras\\api\\_v1\\keras\\applications\\resnet50\\__init__.py', reloading
[ 2025-01-09 16:24:04,681 ] 97 werkzeug - INFO -  * Detected change in 'C:\\Users\\ARUN KUMAR\\Desktop\\Lib\\site-packages\\tf_keras\\api\\_v1\\keras\\applications\\resnet_rs\\__init__.py', reloading
[ 2025-01-09 16:24:04,682 ] 97 werkzeug - INFO -  * Detected change in 'C:\\Users\\ARUN KUMAR\\Desktop\\Lib\\site-packages\\tf_keras\\api\\_v1\\keras\\applications\\resnet_v2\\__init__.py', reloading
[ 2025-01-09 16:24:04,683 ] 97 werkzeug - INFO -  * Detected change in 'C:\\Users\\ARUN KUMAR\\Desktop\\Lib\\site-packages\\tf_keras\\api\\_v1\\keras\\applications\\vgg16\\__init__.py', reloading
[ 2025-01-09 16:24:04,686 ] 97 werkzeug - INFO -  * Detected change in 'C:\\Users\\ARUN KUMAR\\Desktop\\Lib\\site-packages\\tf_keras\\api\\_v1\\keras\\applications\\vgg19\\__init__.py', reloading
[ 2025-01-09 16:24:04,686 ] 97 werkzeug - INFO -  * Detected change in 'C:\\Users\\ARUN KUMAR\\Desktop\\Lib\\site-packages\\tf_keras\\api\\_v1\\keras\\applications\\xception\\__init__.py', reloading
[ 2025-01-09 16:24:04,686 ] 97 werkzeug - INFO -  * Detected change in 'C:\\Users\\ARUN KUMAR\\Desktop\\Lib\\site-packages\\tf_keras\\api\\_v1\\keras\\applications\\__init__.py', reloading
[ 2025-01-09 16:24:04,688 ] 97 werkzeug - INFO -  * Detected change in 'C:\\Users\\ARUN KUMAR\\Desktop\\Lib\\site-packages\\tf_keras\\api\\_v1\\keras\\applications\\__init__.py', reloading
[ 2025-01-09 16:24:04,689 ] 97 werkzeug - INFO -  * Detected change in 'C:\\Users\\ARUN KUMAR\\Desktop\\Lib\\site-packages\\tf_keras\\api\\_v1\\keras\\applications\\convnext\\__init__.py', reloading
[ 2025-01-09 16:24:04,690 ] 97 werkzeug - INFO -  * Detected change in 'C:\\Users\\ARUN KUMAR\\Desktop\\Lib\\site-packages\\tf_keras\\api\\_v1\\keras\\applications\\convnext\\__init__.py', reloading
[ 2025-01-09 16:24:04,691 ] 97 werkzeug - INFO -  * Detected change in 'C:\\Users\\ARUN KUMAR\\Desktop\\Lib\\site-packages\\tf_keras\\api\\_v1\\keras\\applications\\convnext\\__init__.py', reloading
[ 2025-01-09 16:24:04,692 ] 97 werkzeug - INFO -  * Detected change in 'C:\\Users\\ARUN KUMAR\\Desktop\\Lib\\site-packages\\tf_keras\\api\\_v1\\keras\\applications\\densenet\\__init__.py', reloading
[ 2025-01-09 16:24:04,694 ] 97 werkzeug - INFO -  * Detected change in 'C:\\Users\\ARUN KUMAR\\Desktop\\Lib\\site-packages\\tf_keras\\api\\_v1\\keras\\applications\\densenet\\__init__.py', reloading
[ 2025-01-09 16:24:04,695 ] 97 werkzeug - INFO -  * Detected change in 'C:\\Users\\ARUN KUMAR\\Desktop\\Lib\\site-packages\\tf_keras\\api\\_v1\\keras\\applications\\densenet\\__init__.py', reloading
[ 2025-01-09 16:24:04,696 ] 97 werkzeug - INFO -  * Detected change in 'C:\\Users\\ARUN KUMAR\\Desktop\\Lib\\site-packages\\tf_keras\\api\\_v1\\keras\\applications\\efficientnet\\__init__.py', reloading
[ 2025-01-09 16:24:04,697 ] 97 werkzeug - INFO -  * Detected change in 'C:\\Users\\ARUN KUMAR\\Desktop\\Lib\\site-packages\\tf_keras\\api\\_v1\\keras\\applications\\efficientnet\\__init__.py', reloading
[ 2025-01-09 16:24:04,697 ] 97 werkzeug - INFO -  * Detected change in 'C:\\Users\\ARUN KUMAR\\Desktop\\Lib\\site-packages\\tf_keras\\api\\_v1\\keras\\applications\\efficientnet\\__init__.py', reloading
[ 2025-01-09 16:24:04,699 ] 97 werkzeug - INFO -  * Detected change in 'C:\\Users\\ARUN KUMAR\\Desktop\\Lib\\site-packages\\tf_keras\\api\\_v1\\keras\\applications\\efficientnet_v2\\__init__.py', reloading
[ 2025-01-09 16:24:04,700 ] 97 werkzeug - INFO -  * Detected change in 'C:\\Users\\ARUN KUMAR\\Desktop\\Lib\\site-packages\\tf_keras\\api\\_v1\\keras\\applications\\efficientnet_v2\\__init__.py', reloading
[ 2025-01-09 16:24:04,701 ] 97 werkzeug - INFO -  * Detected change in 'C:\\Users\\ARUN KUMAR\\Desktop\\Lib\\site-packages\\tf_keras\\api\\_v1\\keras\\applications\\efficientnet_v2\\__init__.py', reloading
[ 2025-01-09 16:24:04,703 ] 97 werkzeug - INFO -  * Detected change in 'C:\\Users\\ARUN KUMAR\\Desktop\\Lib\\site-packages\\tf_keras\\api\\_v1\\keras\\applications\\imagenet_utils\\__init__.py', reloading
[ 2025-01-09 16:24:04,704 ] 97 werkzeug - INFO -  * Detected change in 'C:\\Users\\ARUN KUMAR\\Desktop\\Lib\\site-packages\\tf_keras\\api\\_v1\\keras\\applications\\imagenet_utils\\__init__.py', reloading
[ 2025-01-09 16:24:04,704 ] 97 werkzeug - INFO -  * Detected change in 'C:\\Users\\ARUN KUMAR\\Desktop\\Lib\\site-packages\\tf_keras\\api\\_v1\\keras\\applications\\imagenet_utils\\__init__.py', reloading
[ 2025-01-09 16:24:04,706 ] 97 werkzeug - INFO -  * Detected change in 'C:\\Users\\ARUN KUMAR\\Desktop\\Lib\\site-packages\\tf_keras\\api\\_v1\\keras\\applications\\inception_resnet_v2\\__init__.py', reloading
[ 2025-01-09 16:24:04,706 ] 97 werkzeug - INFO -  * Detected change in 'C:\\Users\\ARUN KUMAR\\Desktop\\Lib\\site-packages\\tf_keras\\api\\_v1\\keras\\applications\\inception_resnet_v2\\__init__.py', reloading
[ 2025-01-09 16:24:04,706 ] 97 werkzeug - INFO -  * Detected change in 'C:\\Users\\ARUN KUMAR\\Desktop\\Lib\\site-packages\\tf_keras\\api\\_v1\\keras\\applications\\inception_resnet_v2\\__init__.py', reloading
[ 2025-01-09 16:24:04,709 ] 97 werkzeug - INFO -  * Detected change in 'C:\\Users\\ARUN KUMAR\\Desktop\\Lib\\site-packages\\tf_keras\\api\\_v1\\keras\\applications\\inception_v3\\__init__.py', reloading
[ 2025-01-09 16:24:04,710 ] 97 werkzeug - INFO -  * Detected change in 'C:\\Users\\ARUN KUMAR\\Desktop\\Lib\\site-packages\\tf_keras\\api\\_v1\\keras\\applications\\inception_v3\\__init__.py', reloading
[ 2025-01-09 16:24:04,710 ] 97 werkzeug - INFO -  * Detected change in 'C:\\Users\\ARUN KUMAR\\Desktop\\Lib\\site-packages\\tf_keras\\api\\_v1\\keras\\applications\\inception_v3\\__init__.py', reloading
[ 2025-01-09 16:24:04,712 ] 97 werkzeug - INFO -  * Detected change in 'C:\\Users\\ARUN KUMAR\\Desktop\\Lib\\site-packages\\tf_keras\\api\\_v1\\keras\\applications\\mobilenet\\__init__.py', reloading
[ 2025-01-09 16:24:04,714 ] 97 werkzeug - INFO -  * Detected change in 'C:\\Users\\ARUN KUMAR\\Desktop\\Lib\\site-packages\\tf_keras\\api\\_v1\\keras\\applications\\mobilenet\\__init__.py', reloading
[ 2025-01-09 16:24:04,714 ] 97 werkzeug - INFO -  * Detected change in 'C:\\Users\\ARUN KUMAR\\Desktop\\Lib\\site-packages\\tf_keras\\api\\_v1\\keras\\applications\\mobilenet\\__init__.py', reloading
[ 2025-01-09 16:24:04,716 ] 97 werkzeug - INFO -  * Detected change in 'C:\\Users\\ARUN KUMAR\\Desktop\\Lib\\site-packages\\tf_keras\\api\\_v1\\keras\\applications\\mobilenet_v2\\__init__.py', reloading
[ 2025-01-09 16:24:04,719 ] 97 werkzeug - INFO -  * Detected change in 'C:\\Users\\ARUN KUMAR\\Desktop\\Lib\\site-packages\\tf_keras\\api\\_v1\\keras\\applications\\mobilenet_v2\\__init__.py', reloading
[ 2025-01-09 16:24:04,721 ] 97 werkzeug - INFO -  * Detected change in 'C:\\Users\\ARUN KUMAR\\Desktop\\Lib\\site-packages\\tf_keras\\api\\_v1\\keras\\applications\\mobilenet_v2\\__init__.py', reloading
[ 2025-01-09 16:24:04,723 ] 97 werkzeug - INFO -  * Detected change in 'C:\\Users\\ARUN KUMAR\\Desktop\\Lib\\site-packages\\tf_keras\\api\\_v1\\keras\\applications\\mobilenet_v3\\__init__.py', reloading
[ 2025-01-09 16:24:04,723 ] 97 werkzeug - INFO -  * Detected change in 'C:\\Users\\ARUN KUMAR\\Desktop\\Lib\\site-packages\\tf_keras\\api\\_v1\\keras\\applications\\mobilenet_v3\\__init__.py', reloading
[ 2025-01-09 16:24:04,724 ] 97 werkzeug - INFO -  * Detected change in 'C:\\Users\\ARUN KUMAR\\Desktop\\Lib\\site-packages\\tf_keras\\api\\_v1\\keras\\applications\\mobilenet_v3\\__init__.py', reloading
[ 2025-01-09 16:24:04,725 ] 97 werkzeug - INFO -  * Detected change in 'C:\\Users\\ARUN KUMAR\\Desktop\\Lib\\site-packages\\tf_keras\\api\\_v1\\keras\\applications\\nasnet\\__init__.py', reloading
[ 2025-01-09 16:24:04,726 ] 97 werkzeug - INFO -  * Detected change in 'C:\\Users\\ARUN KUMAR\\Desktop\\Lib\\site-packages\\tf_keras\\api\\_v1\\keras\\applications\\nasnet\\__init__.py', reloading
[ 2025-01-09 16:24:04,727 ] 97 werkzeug - INFO -  * Detected change in 'C:\\Users\\ARUN KUMAR\\Desktop\\Lib\\site-packages\\tf_keras\\api\\_v1\\keras\\applications\\nasnet\\__init__.py', reloading
[ 2025-01-09 16:24:04,727 ] 97 werkzeug - INFO -  * Detected change in 'C:\\Users\\ARUN KUMAR\\Desktop\\Lib\\site-packages\\tf_keras\\api\\_v1\\keras\\applications\\regnet\\__init__.py', reloading
[ 2025-01-09 16:24:04,728 ] 97 werkzeug - INFO -  * Detected change in 'C:\\Users\\ARUN KUMAR\\Desktop\\Lib\\site-packages\\tf_keras\\api\\_v1\\keras\\applications\\regnet\\__init__.py', reloading
[ 2025-01-09 16:24:04,729 ] 97 werkzeug - INFO -  * Detected change in 'C:\\Users\\ARUN KUMAR\\Desktop\\Lib\\site-packages\\tf_keras\\api\\_v1\\keras\\applications\\regnet\\__init__.py', reloading
[ 2025-01-09 16:24:04,730 ] 97 werkzeug - INFO -  * Detected change in 'C:\\Users\\ARUN KUMAR\\Desktop\\Lib\\site-packages\\tf_keras\\api\\_v1\\keras\\applications\\resnet\\__init__.py', reloading
[ 2025-01-09 16:24:04,731 ] 97 werkzeug - INFO -  * Detected change in 'C:\\Users\\ARUN KUMAR\\Desktop\\Lib\\site-packages\\tf_keras\\api\\_v1\\keras\\applications\\resnet\\__init__.py', reloading
[ 2025-01-09 16:24:04,732 ] 97 werkzeug - INFO -  * Detected change in 'C:\\Users\\ARUN KUMAR\\Desktop\\Lib\\site-packages\\tf_keras\\api\\_v1\\keras\\applications\\resnet\\__init__.py', reloading
[ 2025-01-09 16:24:04,735 ] 97 werkzeug - INFO -  * Detected change in 'C:\\Users\\ARUN KUMAR\\Desktop\\Lib\\site-packages\\tf_keras\\api\\_v1\\keras\\applications\\resnet50\\__init__.py', reloading
[ 2025-01-09 16:24:04,737 ] 97 werkzeug - INFO -  * Detected change in 'C:\\Users\\ARUN KUMAR\\Desktop\\Lib\\site-packages\\tf_keras\\api\\_v1\\keras\\applications\\resnet50\\__init__.py', reloading
[ 2025-01-09 16:24:04,737 ] 97 werkzeug - INFO -  * Detected change in 'C:\\Users\\ARUN KUMAR\\Desktop\\Lib\\site-packages\\tf_keras\\api\\_v1\\keras\\applications\\resnet50\\__init__.py', reloading
[ 2025-01-09 16:24:04,739 ] 97 werkzeug - INFO -  * Detected change in 'C:\\Users\\ARUN KUMAR\\Desktop\\Lib\\site-packages\\tf_keras\\api\\_v1\\keras\\applications\\resnet_rs\\__init__.py', reloading
[ 2025-01-09 16:24:04,739 ] 97 werkzeug - INFO -  * Detected change in 'C:\\Users\\ARUN KUMAR\\Desktop\\Lib\\site-packages\\tf_keras\\api\\_v1\\keras\\applications\\resnet_rs\\__init__.py', reloading
[ 2025-01-09 16:24:04,740 ] 97 werkzeug - INFO -  * Detected change in 'C:\\Users\\ARUN KUMAR\\Desktop\\Lib\\site-packages\\tf_keras\\api\\_v1\\keras\\applications\\resnet_rs\\__init__.py', reloading
[ 2025-01-09 16:24:04,742 ] 97 werkzeug - INFO -  * Detected change in 'C:\\Users\\ARUN KUMAR\\Desktop\\Lib\\site-packages\\tf_keras\\api\\_v1\\keras\\applications\\resnet_v2\\__init__.py', reloading
[ 2025-01-09 16:24:04,744 ] 97 werkzeug - INFO -  * Detected change in 'C:\\Users\\ARUN KUMAR\\Desktop\\Lib\\site-packages\\tf_keras\\api\\_v1\\keras\\applications\\resnet_v2\\__init__.py', reloading
[ 2025-01-09 16:24:04,745 ] 97 werkzeug - INFO -  * Detected change in 'C:\\Users\\ARUN KUMAR\\Desktop\\Lib\\site-packages\\tf_keras\\api\\_v1\\keras\\applications\\resnet_v2\\__init__.py', reloading
[ 2025-01-09 16:24:04,746 ] 97 werkzeug - INFO -  * Detected change in 'C:\\Users\\ARUN KUMAR\\Desktop\\Lib\\site-packages\\tf_keras\\api\\_v1\\keras\\applications\\vgg16\\__init__.py', reloading
[ 2025-01-09 16:24:04,747 ] 97 werkzeug - INFO -  * Detected change in 'C:\\Users\\ARUN KUMAR\\Desktop\\Lib\\site-packages\\tf_keras\\api\\_v1\\keras\\applications\\vgg16\\__init__.py', reloading
[ 2025-01-09 16:24:04,747 ] 97 werkzeug - INFO -  * Detected change in 'C:\\Users\\ARUN KUMAR\\Desktop\\Lib\\site-packages\\tf_keras\\api\\_v1\\keras\\applications\\vgg16\\__init__.py', reloading
[ 2025-01-09 16:24:04,749 ] 97 werkzeug - INFO -  * Detected change in 'C:\\Users\\ARUN KUMAR\\Desktop\\Lib\\site-packages\\tf_keras\\api\\_v1\\keras\\applications\\vgg19\\__init__.py', reloading
[ 2025-01-09 16:24:04,752 ] 97 werkzeug - INFO -  * Detected change in 'C:\\Users\\ARUN KUMAR\\Desktop\\Lib\\site-packages\\tf_keras\\api\\_v1\\keras\\applications\\vgg19\\__init__.py', reloading
[ 2025-01-09 16:24:04,753 ] 97 werkzeug - INFO -  * Detected change in 'C:\\Users\\ARUN KUMAR\\Desktop\\Lib\\site-packages\\tf_keras\\api\\_v1\\keras\\applications\\vgg19\\__init__.py', reloading
[ 2025-01-09 16:24:04,757 ] 97 werkzeug - INFO -  * Detected change in 'C:\\Users\\ARUN KUMAR\\Desktop\\Lib\\site-packages\\tf_keras\\api\\_v1\\keras\\applications\\xception\\__init__.py', reloading
[ 2025-01-09 16:24:04,759 ] 97 werkzeug - INFO -  * Detected change in 'C:\\Users\\ARUN KUMAR\\Desktop\\Lib\\site-packages\\tf_keras\\api\\_v1\\keras\\applications\\xception\\__init__.py', reloading
[ 2025-01-09 16:24:04,760 ] 97 werkzeug - INFO -  * Detected change in 'C:\\Users\\ARUN KUMAR\\Desktop\\Lib\\site-packages\\tf_keras\\api\\_v1\\keras\\applications\\xception\\__init__.py', reloading
[ 2025-01-09 16:24:04,763 ] 97 werkzeug - INFO -  * Detected change in 'C:\\Users\\ARUN KUMAR\\Desktop\\Lib\\site-packages\\tf_keras\\api\\_v1\\keras\\backend\\__init__.py', reloading
[ 2025-01-09 16:24:04,763 ] 97 werkzeug - INFO -  * Detected change in 'C:\\Users\\ARUN KUMAR\\Desktop\\Lib\\site-packages\\tf_keras\\api\\_v1\\keras\\backend\\__init__.py', reloading
[ 2025-01-09 16:24:04,764 ] 97 werkzeug - INFO -  * Detected change in 'C:\\Users\\ARUN KUMAR\\Desktop\\Lib\\site-packages\\tf_keras\\api\\_v1\\keras\\backend\\__init__.py', reloading
[ 2025-01-09 16:24:04,766 ] 97 werkzeug - INFO -  * Detected change in 'C:\\Users\\ARUN KUMAR\\Desktop\\Lib\\site-packages\\tf_keras\\api\\_v1\\keras\\callbacks\\__init__.py', reloading
[ 2025-01-09 16:24:04,769 ] 97 werkzeug - INFO -  * Detected change in 'C:\\Users\\ARUN KUMAR\\Desktop\\Lib\\site-packages\\tf_keras\\api\\_v1\\keras\\callbacks\\experimental\\__init__.py', reloading
[ 2025-01-09 16:24:04,771 ] 97 werkzeug - INFO -  * Detected change in 'C:\\Users\\ARUN KUMAR\\Desktop\\Lib\\site-packages\\tf_keras\\api\\_v1\\keras\\callbacks\\__init__.py', reloading
[ 2025-01-09 16:24:04,771 ] 97 werkzeug - INFO -  * Detected change in 'C:\\Users\\ARUN KUMAR\\Desktop\\Lib\\site-packages\\tf_keras\\api\\_v1\\keras\\callbacks\\__init__.py', reloading
[ 2025-01-09 16:24:04,774 ] 97 werkzeug - INFO -  * Detected change in 'C:\\Users\\ARUN KUMAR\\Desktop\\Lib\\site-packages\\tf_keras\\api\\_v1\\keras\\callbacks\\experimental\\__init__.py', reloading
[ 2025-01-09 16:24:04,775 ] 97 werkzeug - INFO -  * Detected change in 'C:\\Users\\ARUN KUMAR\\Desktop\\Lib\\site-packages\\tf_keras\\api\\_v1\\keras\\callbacks\\experimental\\__init__.py', reloading
[ 2025-01-09 16:24:04,776 ] 97 werkzeug - INFO -  * Detected change in 'C:\\Users\\ARUN KUMAR\\Desktop\\Lib\\site-packages\\tf_keras\\api\\_v1\\keras\\callbacks\\experimental\\__init__.py', reloading
[ 2025-01-09 16:24:04,777 ] 97 werkzeug - INFO -  * Detected change in 'C:\\Users\\ARUN KUMAR\\Desktop\\Lib\\site-packages\\tf_keras\\api\\_v1\\keras\\constraints\\__init__.py', reloading
[ 2025-01-09 16:24:04,779 ] 97 werkzeug - INFO -  * Detected change in 'C:\\Users\\ARUN KUMAR\\Desktop\\Lib\\site-packages\\tf_keras\\api\\_v1\\keras\\constraints\\__init__.py', reloading
[ 2025-01-09 16:24:04,782 ] 97 werkzeug - INFO -  * Detected change in 'C:\\Users\\ARUN KUMAR\\Desktop\\Lib\\site-packages\\tf_keras\\api\\_v1\\keras\\constraints\\__init__.py', reloading
[ 2025-01-09 16:24:04,787 ] 97 werkzeug - INFO -  * Detected change in 'C:\\Users\\ARUN KUMAR\\Desktop\\Lib\\site-packages\\tf_keras\\api\\_v1\\keras\\datasets\\__init__.py', reloading
[ 2025-01-09 16:24:04,790 ] 97 werkzeug - INFO -  * Detected change in 'C:\\Users\\ARUN KUMAR\\Desktop\\Lib\\site-packages\\tf_keras\\api\\_v1\\keras\\datasets\\boston_housing\\__init__.py', reloading
[ 2025-01-09 16:24:04,790 ] 97 werkzeug - INFO -  * Detected change in 'C:\\Users\\ARUN KUMAR\\Desktop\\Lib\\site-packages\\tf_keras\\api\\_v1\\keras\\datasets\\cifar10\\__init__.py', reloading
[ 2025-01-09 16:24:04,792 ] 97 werkzeug - INFO -  * Detected change in 'C:\\Users\\ARUN KUMAR\\Desktop\\Lib\\site-packages\\tf_keras\\api\\_v1\\keras\\datasets\\cifar100\\__init__.py', reloading
[ 2025-01-09 16:24:04,793 ] 97 werkzeug - INFO -  * Detected change in 'C:\\Users\\ARUN KUMAR\\Desktop\\Lib\\site-packages\\tf_keras\\api\\_v1\\keras\\datasets\\fashion_mnist\\__init__.py', reloading
[ 2025-01-09 16:24:04,794 ] 97 werkzeug - INFO -  * Detected change in 'C:\\Users\\ARUN KUMAR\\Desktop\\Lib\\site-packages\\tf_keras\\api\\_v1\\keras\\datasets\\imdb\\__init__.py', reloading
[ 2025-01-09 16:24:04,794 ] 97 werkzeug - INFO -  * Detected change in 'C:\\Users\\ARUN KUMAR\\Desktop\\Lib\\site-packages\\tf_keras\\api\\_v1\\keras\\datasets\\mnist\\__init__.py', reloading
[ 2025-01-09 16:24:04,795 ] 97 werkzeug - INFO -  * Detected change in 'C:\\Users\\ARUN KUMAR\\Desktop\\Lib\\site-packages\\tf_keras\\api\\_v1\\keras\\datasets\\reuters\\__init__.py', reloading
[ 2025-01-09 16:24:04,796 ] 97 werkzeug - INFO -  * Detected change in 'C:\\Users\\ARUN KUMAR\\Desktop\\Lib\\site-packages\\tf_keras\\api\\_v1\\keras\\datasets\\__init__.py', reloading
[ 2025-01-09 16:24:04,797 ] 97 werkzeug - INFO -  * Detected change in 'C:\\Users\\ARUN KUMAR\\Desktop\\Lib\\site-packages\\tf_keras\\api\\_v1\\keras\\datasets\\__init__.py', reloading
[ 2025-01-09 16:24:04,799 ] 97 werkzeug - INFO -  * Detected change in 'C:\\Users\\ARUN KUMAR\\Desktop\\Lib\\site-packages\\tf_keras\\api\\_v1\\keras\\datasets\\boston_housing\\__init__.py', reloading
[ 2025-01-09 16:24:04,801 ] 97 werkzeug - INFO -  * Detected change in 'C:\\Users\\ARUN KUMAR\\Desktop\\Lib\\site-packages\\tf_keras\\api\\_v1\\keras\\datasets\\boston_housing\\__init__.py', reloading
[ 2025-01-09 16:24:04,802 ] 97 werkzeug - INFO -  * Detected change in 'C:\\Users\\ARUN KUMAR\\Desktop\\Lib\\site-packages\\tf_keras\\api\\_v1\\keras\\datasets\\boston_housing\\__init__.py', reloading
[ 2025-01-09 16:24:04,804 ] 97 werkzeug - INFO -  * Detected change in 'C:\\Users\\ARUN KUMAR\\Desktop\\Lib\\site-packages\\tf_keras\\api\\_v1\\keras\\datasets\\cifar10\\__init__.py', reloading
[ 2025-01-09 16:24:04,805 ] 97 werkzeug - INFO -  * Detected change in 'C:\\Users\\ARUN KUMAR\\Desktop\\Lib\\site-packages\\tf_keras\\api\\_v1\\keras\\datasets\\cifar10\\__init__.py', reloading
[ 2025-01-09 16:24:04,807 ] 97 werkzeug - INFO -  * Detected change in 'C:\\Users\\ARUN KUMAR\\Desktop\\Lib\\site-packages\\tf_keras\\api\\_v1\\keras\\datasets\\cifar10\\__init__.py', reloading
[ 2025-01-09 16:24:04,809 ] 97 werkzeug - INFO -  * Detected change in 'C:\\Users\\ARUN KUMAR\\Desktop\\Lib\\site-packages\\tf_keras\\api\\_v1\\keras\\datasets\\cifar100\\__init__.py', reloading
[ 2025-01-09 16:24:04,809 ] 97 werkzeug - INFO -  * Detected change in 'C:\\Users\\ARUN KUMAR\\Desktop\\Lib\\site-packages\\tf_keras\\api\\_v1\\keras\\datasets\\cifar100\\__init__.py', reloading
[ 2025-01-09 16:24:04,810 ] 97 werkzeug - INFO -  * Detected change in 'C:\\Users\\ARUN KUMAR\\Desktop\\Lib\\site-packages\\tf_keras\\api\\_v1\\keras\\datasets\\cifar100\\__init__.py', reloading
[ 2025-01-09 16:24:04,812 ] 97 werkzeug - INFO -  * Detected change in 'C:\\Users\\ARUN KUMAR\\Desktop\\Lib\\site-packages\\tf_keras\\api\\_v1\\keras\\datasets\\fashion_mnist\\__init__.py', reloading
[ 2025-01-09 16:24:04,813 ] 97 werkzeug - INFO -  * Detected change in 'C:\\Users\\ARUN KUMAR\\Desktop\\Lib\\site-packages\\tf_keras\\api\\_v1\\keras\\datasets\\fashion_mnist\\__init__.py', reloading
[ 2025-01-09 16:24:04,814 ] 97 werkzeug - INFO -  * Detected change in 'C:\\Users\\ARUN KUMAR\\Desktop\\Lib\\site-packages\\tf_keras\\api\\_v1\\keras\\datasets\\fashion_mnist\\__init__.py', reloading
[ 2025-01-09 16:24:04,815 ] 97 werkzeug - INFO -  * Detected change in 'C:\\Users\\ARUN KUMAR\\Desktop\\Lib\\site-packages\\tf_keras\\api\\_v1\\keras\\datasets\\imdb\\__init__.py', reloading
[ 2025-01-09 16:24:04,818 ] 97 werkzeug - INFO -  * Detected change in 'C:\\Users\\ARUN KUMAR\\Desktop\\Lib\\site-packages\\tf_keras\\api\\_v1\\keras\\datasets\\imdb\\__init__.py', reloading
[ 2025-01-09 16:24:04,820 ] 97 werkzeug - INFO -  * Detected change in 'C:\\Users\\ARUN KUMAR\\Desktop\\Lib\\site-packages\\tf_keras\\api\\_v1\\keras\\datasets\\imdb\\__init__.py', reloading
[ 2025-01-09 16:24:04,824 ] 97 werkzeug - INFO -  * Detected change in 'C:\\Users\\ARUN KUMAR\\Desktop\\Lib\\site-packages\\tf_keras\\api\\_v1\\keras\\datasets\\mnist\\__init__.py', reloading
[ 2025-01-09 16:24:04,824 ] 97 werkzeug - INFO -  * Detected change in 'C:\\Users\\ARUN KUMAR\\Desktop\\Lib\\site-packages\\tf_keras\\api\\_v1\\keras\\datasets\\mnist\\__init__.py', reloading
[ 2025-01-09 16:24:04,825 ] 97 werkzeug - INFO -  * Detected change in 'C:\\Users\\ARUN KUMAR\\Desktop\\Lib\\site-packages\\tf_keras\\api\\_v1\\keras\\datasets\\mnist\\__init__.py', reloading
[ 2025-01-09 16:24:04,826 ] 97 werkzeug - INFO -  * Detected change in 'C:\\Users\\ARUN KUMAR\\Desktop\\Lib\\site-packages\\tf_keras\\api\\_v1\\keras\\datasets\\reuters\\__init__.py', reloading
[ 2025-01-09 16:24:04,826 ] 97 werkzeug - INFO -  * Detected change in 'C:\\Users\\ARUN KUMAR\\Desktop\\Lib\\site-packages\\tf_keras\\api\\_v1\\keras\\datasets\\reuters\\__init__.py', reloading
[ 2025-01-09 16:24:04,826 ] 97 werkzeug - INFO -  * Detected change in 'C:\\Users\\ARUN KUMAR\\Desktop\\Lib\\site-packages\\tf_keras\\api\\_v1\\keras\\datasets\\reuters\\__init__.py', reloading
[ 2025-01-09 16:24:04,829 ] 97 werkzeug - INFO -  * Detected change in 'C:\\Users\\ARUN KUMAR\\Desktop\\Lib\\site-packages\\tf_keras\\api\\_v1\\keras\\estimator\\__init__.py', reloading
[ 2025-01-09 16:24:04,830 ] 97 werkzeug - INFO -  * Detected change in 'C:\\Users\\ARUN KUMAR\\Desktop\\Lib\\site-packages\\tf_keras\\api\\_v1\\keras\\estimator\\__init__.py', reloading
[ 2025-01-09 16:24:04,831 ] 97 werkzeug - INFO -  * Detected change in 'C:\\Users\\ARUN KUMAR\\Desktop\\Lib\\site-packages\\tf_keras\\api\\_v1\\keras\\estimator\\__init__.py', reloading
[ 2025-01-09 16:24:04,832 ] 97 werkzeug - INFO -  * Detected change in 'C:\\Users\\ARUN KUMAR\\Desktop\\Lib\\site-packages\\tf_keras\\api\\_v1\\keras\\experimental\\__init__.py', reloading
[ 2025-01-09 16:24:04,834 ] 97 werkzeug - INFO -  * Detected change in 'C:\\Users\\ARUN KUMAR\\Desktop\\Lib\\site-packages\\tf_keras\\api\\_v1\\keras\\experimental\\__init__.py', reloading
[ 2025-01-09 16:24:04,835 ] 97 werkzeug - INFO -  * Detected change in 'C:\\Users\\ARUN KUMAR\\Desktop\\Lib\\site-packages\\tf_keras\\api\\_v1\\keras\\experimental\\__init__.py', reloading
[ 2025-01-09 16:24:04,836 ] 97 werkzeug - INFO -  * Detected change in 'C:\\Users\\ARUN KUMAR\\Desktop\\Lib\\site-packages\\tf_keras\\api\\_v1\\keras\\export\\__init__.py', reloading
[ 2025-01-09 16:24:04,837 ] 97 werkzeug - INFO -  * Detected change in 'C:\\Users\\ARUN KUMAR\\Desktop\\Lib\\site-packages\\tf_keras\\api\\_v1\\keras\\export\\__init__.py', reloading
[ 2025-01-09 16:24:04,837 ] 97 werkzeug - INFO -  * Detected change in 'C:\\Users\\ARUN KUMAR\\Desktop\\Lib\\site-packages\\tf_keras\\api\\_v1\\keras\\export\\__init__.py', reloading
[ 2025-01-09 16:24:04,839 ] 97 werkzeug - INFO -  * Detected change in 'C:\\Users\\ARUN KUMAR\\Desktop\\Lib\\site-packages\\tf_keras\\api\\_v1\\keras\\initializers\\__init__.py', reloading
[ 2025-01-09 16:24:04,840 ] 97 werkzeug - INFO -  * Detected change in 'C:\\Users\\ARUN KUMAR\\Desktop\\Lib\\site-packages\\tf_keras\\api\\_v1\\keras\\initializers\\__init__.py', reloading
[ 2025-01-09 16:24:04,840 ] 97 werkzeug - INFO -  * Detected change in 'C:\\Users\\ARUN KUMAR\\Desktop\\Lib\\site-packages\\tf_keras\\api\\_v1\\keras\\initializers\\__init__.py', reloading
[ 2025-01-09 16:24:04,842 ] 97 werkzeug - INFO -  * Detected change in 'C:\\Users\\ARUN KUMAR\\Desktop\\Lib\\site-packages\\tf_keras\\api\\_v1\\keras\\layers\\__init__.py', reloading
[ 2025-01-09 16:24:04,843 ] 97 werkzeug - INFO -  * Detected change in 'C:\\Users\\ARUN KUMAR\\Desktop\\Lib\\site-packages\\tf_keras\\api\\_v1\\keras\\layers\\experimental\\__init__.py', reloading
[ 2025-01-09 16:24:04,844 ] 97 werkzeug - INFO -  * Detected change in 'C:\\Users\\ARUN KUMAR\\Desktop\\Lib\\site-packages\\tf_keras\\api\\_v1\\keras\\layers\\experimental\\preprocessing\\__init__.py', reloading
[ 2025-01-09 16:24:04,844 ] 97 werkzeug - INFO -  * Detected change in 'C:\\Users\\ARUN KUMAR\\Desktop\\Lib\\site-packages\\tf_keras\\api\\_v1\\keras\\layers\\__init__.py', reloading
[ 2025-01-09 16:24:04,845 ] 97 werkzeug - INFO -  * Detected change in 'C:\\Users\\ARUN KUMAR\\Desktop\\Lib\\site-packages\\tf_keras\\api\\_v1\\keras\\layers\\__init__.py', reloading
[ 2025-01-09 16:24:04,846 ] 97 werkzeug - INFO -  * Detected change in 'C:\\Users\\ARUN KUMAR\\Desktop\\Lib\\site-packages\\tf_keras\\api\\_v1\\keras\\layers\\experimental\\__init__.py', reloading
[ 2025-01-09 16:24:04,849 ] 97 werkzeug - INFO -  * Detected change in 'C:\\Users\\ARUN KUMAR\\Desktop\\Lib\\site-packages\\tf_keras\\api\\_v1\\keras\\layers\\experimental\\preprocessing\\__init__.py', reloading
[ 2025-01-09 16:24:04,849 ] 97 werkzeug - INFO -  * Detected change in 'C:\\Users\\ARUN KUMAR\\Desktop\\Lib\\site-packages\\tf_keras\\api\\_v1\\keras\\layers\\experimental\\__init__.py', reloading
[ 2025-01-09 16:24:04,852 ] 97 werkzeug - INFO -  * Detected change in 'C:\\Users\\ARUN KUMAR\\Desktop\\Lib\\site-packages\\tf_keras\\api\\_v1\\keras\\layers\\experimental\\__init__.py', reloading
[ 2025-01-09 16:24:04,854 ] 97 werkzeug - INFO -  * Detected change in 'C:\\Users\\ARUN KUMAR\\Desktop\\Lib\\site-packages\\tf_keras\\api\\_v1\\keras\\layers\\experimental\\preprocessing\\__init__.py', reloading
[ 2025-01-09 16:24:04,855 ] 97 werkzeug - INFO -  * Detected change in 'C:\\Users\\ARUN KUMAR\\Desktop\\Lib\\site-packages\\tf_keras\\api\\_v1\\keras\\layers\\experimental\\preprocessing\\__init__.py', reloading
[ 2025-01-09 16:24:04,855 ] 97 werkzeug - INFO -  * Detected change in 'C:\\Users\\ARUN KUMAR\\Desktop\\Lib\\site-packages\\tf_keras\\api\\_v1\\keras\\layers\\experimental\\preprocessing\\__init__.py', reloading
[ 2025-01-09 16:24:04,857 ] 97 werkzeug - INFO -  * Detected change in 'C:\\Users\\ARUN KUMAR\\Desktop\\Lib\\site-packages\\tf_keras\\api\\_v1\\keras\\losses\\__init__.py', reloading
[ 2025-01-09 16:24:04,858 ] 97 werkzeug - INFO -  * Detected change in 'C:\\Users\\ARUN KUMAR\\Desktop\\Lib\\site-packages\\tf_keras\\api\\_v1\\keras\\losses\\__init__.py', reloading
[ 2025-01-09 16:24:04,858 ] 97 werkzeug - INFO -  * Detected change in 'C:\\Users\\ARUN KUMAR\\Desktop\\Lib\\site-packages\\tf_keras\\api\\_v1\\keras\\losses\\__init__.py', reloading
[ 2025-01-09 16:24:04,859 ] 97 werkzeug - INFO -  * Detected change in 'C:\\Users\\ARUN KUMAR\\Desktop\\Lib\\site-packages\\tf_keras\\api\\_v1\\keras\\metrics\\__init__.py', reloading
[ 2025-01-09 16:24:04,860 ] 97 werkzeug - INFO -  * Detected change in 'C:\\Users\\ARUN KUMAR\\Desktop\\Lib\\site-packages\\tf_keras\\api\\_v1\\keras\\metrics\\__init__.py', reloading
[ 2025-01-09 16:24:04,860 ] 97 werkzeug - INFO -  * Detected change in 'C:\\Users\\ARUN KUMAR\\Desktop\\Lib\\site-packages\\tf_keras\\api\\_v1\\keras\\metrics\\__init__.py', reloading
[ 2025-01-09 16:24:04,861 ] 97 werkzeug - INFO -  * Detected change in 'C:\\Users\\ARUN KUMAR\\Desktop\\Lib\\site-packages\\tf_keras\\api\\_v1\\keras\\mixed_precision\\__init__.py', reloading
[ 2025-01-09 16:24:04,863 ] 97 werkzeug - INFO -  * Detected change in 'C:\\Users\\ARUN KUMAR\\Desktop\\Lib\\site-packages\\tf_keras\\api\\_v1\\keras\\mixed_precision\\__init__.py', reloading
[ 2025-01-09 16:24:04,863 ] 97 werkzeug - INFO -  * Detected change in 'C:\\Users\\ARUN KUMAR\\Desktop\\Lib\\site-packages\\tf_keras\\api\\_v1\\keras\\mixed_precision\\__init__.py', reloading
[ 2025-01-09 16:24:04,865 ] 97 werkzeug - INFO -  * Detected change in 'C:\\Users\\ARUN KUMAR\\Desktop\\Lib\\site-packages\\tf_keras\\api\\_v1\\keras\\models\\__init__.py', reloading
[ 2025-01-09 16:24:04,867 ] 97 werkzeug - INFO -  * Detected change in 'C:\\Users\\ARUN KUMAR\\Desktop\\Lib\\site-packages\\tf_keras\\api\\_v1\\keras\\models\\__init__.py', reloading
[ 2025-01-09 16:24:04,870 ] 97 werkzeug - INFO -  * Detected change in 'C:\\Users\\ARUN KUMAR\\Desktop\\Lib\\site-packages\\tf_keras\\api\\_v1\\keras\\models\\__init__.py', reloading
[ 2025-01-09 16:24:04,873 ] 97 werkzeug - INFO -  * Detected change in 'C:\\Users\\ARUN KUMAR\\Desktop\\Lib\\site-packages\\tf_keras\\api\\_v1\\keras\\optimizers\\__init__.py', reloading
[ 2025-01-09 16:24:04,874 ] 97 werkzeug - INFO -  * Detected change in 'C:\\Users\\ARUN KUMAR\\Desktop\\Lib\\site-packages\\tf_keras\\api\\_v1\\keras\\optimizers\\legacy\\__init__.py', reloading
[ 2025-01-09 16:24:04,875 ] 97 werkzeug - INFO -  * Detected change in 'C:\\Users\\ARUN KUMAR\\Desktop\\Lib\\site-packages\\tf_keras\\api\\_v1\\keras\\optimizers\\schedules\\__init__.py', reloading
[ 2025-01-09 16:24:04,875 ] 97 werkzeug - INFO -  * Detected change in 'C:\\Users\\ARUN KUMAR\\Desktop\\Lib\\site-packages\\tf_keras\\api\\_v1\\keras\\optimizers\\__init__.py', reloading
[ 2025-01-09 16:24:04,877 ] 97 werkzeug - INFO -  * Detected change in 'C:\\Users\\ARUN KUMAR\\Desktop\\Lib\\site-packages\\tf_keras\\api\\_v1\\keras\\optimizers\\__init__.py', reloading
[ 2025-01-09 16:24:04,879 ] 97 werkzeug - INFO -  * Detected change in 'C:\\Users\\ARUN KUMAR\\Desktop\\Lib\\site-packages\\tf_keras\\api\\_v1\\keras\\optimizers\\legacy\\__init__.py', reloading
[ 2025-01-09 16:24:04,880 ] 97 werkzeug - INFO -  * Detected change in 'C:\\Users\\ARUN KUMAR\\Desktop\\Lib\\site-packages\\tf_keras\\api\\_v1\\keras\\optimizers\\legacy\\__init__.py', reloading
[ 2025-01-09 16:24:04,881 ] 97 werkzeug - INFO -  * Detected change in 'C:\\Users\\ARUN KUMAR\\Desktop\\Lib\\site-packages\\tf_keras\\api\\_v1\\keras\\optimizers\\legacy\\__init__.py', reloading
[ 2025-01-09 16:24:04,888 ] 97 werkzeug - INFO -  * Detected change in 'C:\\Users\\ARUN KUMAR\\Desktop\\Lib\\site-packages\\tf_keras\\api\\_v1\\keras\\optimizers\\schedules\\__init__.py', reloading
[ 2025-01-09 16:24:04,888 ] 97 werkzeug - INFO -  * Detected change in 'C:\\Users\\ARUN KUMAR\\Desktop\\Lib\\site-packages\\tf_keras\\api\\_v1\\keras\\optimizers\\schedules\\__init__.py', reloading
[ 2025-01-09 16:24:04,888 ] 97 werkzeug - INFO -  * Detected change in 'C:\\Users\\ARUN KUMAR\\Desktop\\Lib\\site-packages\\tf_keras\\api\\_v1\\keras\\optimizers\\schedules\\__init__.py', reloading
[ 2025-01-09 16:24:04,892 ] 97 werkzeug - INFO -  * Detected change in 'C:\\Users\\ARUN KUMAR\\Desktop\\Lib\\site-packages\\tf_keras\\api\\_v1\\keras\\preprocessing\\__init__.py', reloading
[ 2025-01-09 16:24:04,893 ] 97 werkzeug - INFO -  * Detected change in 'C:\\Users\\ARUN KUMAR\\Desktop\\Lib\\site-packages\\tf_keras\\api\\_v1\\keras\\preprocessing\\image\\__init__.py', reloading
[ 2025-01-09 16:24:04,893 ] 97 werkzeug - INFO -  * Detected change in 'C:\\Users\\ARUN KUMAR\\Desktop\\Lib\\site-packages\\tf_keras\\api\\_v1\\keras\\preprocessing\\sequence\\__init__.py', reloading
[ 2025-01-09 16:24:04,896 ] 97 werkzeug - INFO -  * Detected change in 'C:\\Users\\ARUN KUMAR\\Desktop\\Lib\\site-packages\\tf_keras\\api\\_v1\\keras\\preprocessing\\text\\__init__.py', reloading
[ 2025-01-09 16:24:04,897 ] 97 werkzeug - INFO -  * Detected change in 'C:\\Users\\ARUN KUMAR\\Desktop\\Lib\\site-packages\\tf_keras\\api\\_v1\\keras\\preprocessing\\__init__.py', reloading
[ 2025-01-09 16:24:04,897 ] 97 werkzeug - INFO -  * Detected change in 'C:\\Users\\ARUN KUMAR\\Desktop\\Lib\\site-packages\\tf_keras\\api\\_v1\\keras\\preprocessing\\__init__.py', reloading
[ 2025-01-09 16:24:04,902 ] 97 werkzeug - INFO -  * Detected change in 'C:\\Users\\ARUN KUMAR\\Desktop\\Lib\\site-packages\\tf_keras\\api\\_v1\\keras\\preprocessing\\image\\__init__.py', reloading
[ 2025-01-09 16:24:04,903 ] 97 werkzeug - INFO -  * Detected change in 'C:\\Users\\ARUN KUMAR\\Desktop\\Lib\\site-packages\\tf_keras\\api\\_v1\\keras\\preprocessing\\image\\__init__.py', reloading
[ 2025-01-09 16:24:04,903 ] 97 werkzeug - INFO -  * Detected change in 'C:\\Users\\ARUN KUMAR\\Desktop\\Lib\\site-packages\\tf_keras\\api\\_v1\\keras\\preprocessing\\image\\__init__.py', reloading
[ 2025-01-09 16:24:04,904 ] 97 werkzeug - INFO -  * Detected change in 'C:\\Users\\ARUN KUMAR\\Desktop\\Lib\\site-packages\\tf_keras\\api\\_v1\\keras\\preprocessing\\sequence\\__init__.py', reloading
[ 2025-01-09 16:24:04,904 ] 97 werkzeug - INFO -  * Detected change in 'C:\\Users\\ARUN KUMAR\\Desktop\\Lib\\site-packages\\tf_keras\\api\\_v1\\keras\\preprocessing\\sequence\\__init__.py', reloading
[ 2025-01-09 16:24:04,904 ] 97 werkzeug - INFO -  * Detected change in 'C:\\Users\\ARUN KUMAR\\Desktop\\Lib\\site-packages\\tf_keras\\api\\_v1\\keras\\preprocessing\\sequence\\__init__.py', reloading
[ 2025-01-09 16:24:04,908 ] 97 werkzeug - INFO -  * Detected change in 'C:\\Users\\ARUN KUMAR\\Desktop\\Lib\\site-packages\\tf_keras\\api\\_v1\\keras\\preprocessing\\text\\__init__.py', reloading
[ 2025-01-09 16:24:04,908 ] 97 werkzeug - INFO -  * Detected change in 'C:\\Users\\ARUN KUMAR\\Desktop\\Lib\\site-packages\\tf_keras\\api\\_v1\\keras\\preprocessing\\text\\__init__.py', reloading
[ 2025-01-09 16:24:04,909 ] 97 werkzeug - INFO -  * Detected change in 'C:\\Users\\ARUN KUMAR\\Desktop\\Lib\\site-packages\\tf_keras\\api\\_v1\\keras\\preprocessing\\text\\__init__.py', reloading
[ 2025-01-09 16:24:04,909 ] 97 werkzeug - INFO -  * Detected change in 'C:\\Users\\ARUN KUMAR\\Desktop\\Lib\\site-packages\\tf_keras\\api\\_v1\\keras\\regularizers\\__init__.py', reloading
[ 2025-01-09 16:24:04,909 ] 97 werkzeug - INFO -  * Detected change in 'C:\\Users\\ARUN KUMAR\\Desktop\\Lib\\site-packages\\tf_keras\\api\\_v1\\keras\\regularizers\\__init__.py', reloading
[ 2025-01-09 16:24:04,912 ] 97 werkzeug - INFO -  * Detected change in 'C:\\Users\\ARUN KUMAR\\Desktop\\Lib\\site-packages\\tf_keras\\api\\_v1\\keras\\regularizers\\__init__.py', reloading
[ 2025-01-09 16:24:04,912 ] 97 werkzeug - INFO -  * Detected change in 'C:\\Users\\ARUN KUMAR\\Desktop\\Lib\\site-packages\\tf_keras\\api\\_v1\\keras\\saving\\__init__.py', reloading
[ 2025-01-09 16:24:04,912 ] 97 werkzeug - INFO -  * Detected change in 'C:\\Users\\ARUN KUMAR\\Desktop\\Lib\\site-packages\\tf_keras\\api\\_v1\\keras\\saving\\__init__.py', reloading
[ 2025-01-09 16:24:04,912 ] 97 werkzeug - INFO -  * Detected change in 'C:\\Users\\ARUN KUMAR\\Desktop\\Lib\\site-packages\\tf_keras\\api\\_v1\\keras\\saving\\__init__.py', reloading
[ 2025-01-09 16:24:04,918 ] 97 werkzeug - INFO -  * Detected change in 'C:\\Users\\ARUN KUMAR\\Desktop\\Lib\\site-packages\\tf_keras\\api\\_v1\\keras\\utils\\__init__.py', reloading
[ 2025-01-09 16:24:04,919 ] 97 werkzeug - INFO -  * Detected change in 'C:\\Users\\ARUN KUMAR\\Desktop\\Lib\\site-packages\\tf_keras\\api\\_v1\\keras\\utils\\legacy\\__init__.py', reloading
[ 2025-01-09 16:24:04,920 ] 97 werkzeug - INFO -  * Detected change in 'C:\\Users\\ARUN KUMAR\\Desktop\\Lib\\site-packages\\tf_keras\\api\\_v1\\keras\\utils\\__init__.py', reloading
[ 2025-01-09 16:24:04,920 ] 97 werkzeug - INFO -  * Detected change in 'C:\\Users\\ARUN KUMAR\\Desktop\\Lib\\site-packages\\tf_keras\\api\\_v1\\keras\\utils\\__init__.py', reloading
[ 2025-01-09 16:24:04,922 ] 97 werkzeug - INFO -  * Detected change in 'C:\\Users\\ARUN KUMAR\\Desktop\\Lib\\site-packages\\tf_keras\\api\\_v1\\keras\\utils\\legacy\\__init__.py', reloading
[ 2025-01-09 16:24:04,924 ] 97 werkzeug - INFO -  * Detected change in 'C:\\Users\\ARUN KUMAR\\Desktop\\Lib\\site-packages\\tf_keras\\api\\_v1\\keras\\utils\\legacy\\__init__.py', reloading
[ 2025-01-09 16:24:04,924 ] 97 werkzeug - INFO -  * Detected change in 'C:\\Users\\ARUN KUMAR\\Desktop\\Lib\\site-packages\\tf_keras\\src\\benchmarks\\model_memory_profile.py', reloading
[ 2025-01-09 16:24:04,926 ] 97 werkzeug - INFO -  * Detected change in 'C:\\Users\\ARUN KUMAR\\Desktop\\Lib\\site-packages\\tf_keras\\src\\datasets\\__init__.py', reloading
[ 2025-01-09 16:24:04,927 ] 97 werkzeug - INFO -  * Detected change in 'C:\\Users\\ARUN KUMAR\\Desktop\\Lib\\site-packages\\tf_keras\\src\\datasets\\__init__.py', reloading
[ 2025-01-09 16:24:04,930 ] 97 werkzeug - INFO -  * Detected change in 'C:\\Users\\ARUN KUMAR\\Desktop\\Lib\\site-packages\\tf_keras\\src\\datasets\\__init__.py', reloading
[ 2025-01-09 16:24:04,932 ] 97 werkzeug - INFO -  * Detected change in 'C:\\Users\\ARUN KUMAR\\Desktop\\Lib\\site-packages\\tf_keras\\src\\datasets\\__init__.py', reloading
[ 2025-01-09 16:24:04,932 ] 97 werkzeug - INFO -  * Detected change in 'C:\\Users\\ARUN KUMAR\\Desktop\\Lib\\site-packages\\tf_keras\\src\\datasets\\boston_housing.py', reloading
[ 2025-01-09 16:24:04,935 ] 97 werkzeug - INFO -  * Detected change in 'C:\\Users\\ARUN KUMAR\\Desktop\\Lib\\site-packages\\tf_keras\\src\\datasets\\boston_housing.py', reloading
[ 2025-01-09 16:24:04,936 ] 97 werkzeug - INFO -  * Detected change in 'C:\\Users\\ARUN KUMAR\\Desktop\\Lib\\site-packages\\tf_keras\\src\\datasets\\cifar.py', reloading
[ 2025-01-09 16:24:04,936 ] 97 werkzeug - INFO -  * Detected change in 'C:\\Users\\ARUN KUMAR\\Desktop\\Lib\\site-packages\\tf_keras\\src\\datasets\\cifar.py', reloading
[ 2025-01-09 16:24:04,938 ] 97 werkzeug - INFO -  * Detected change in 'C:\\Users\\ARUN KUMAR\\Desktop\\Lib\\site-packages\\tf_keras\\src\\datasets\\cifar10.py', reloading
[ 2025-01-09 16:24:04,939 ] 97 werkzeug - INFO -  * Detected change in 'C:\\Users\\ARUN KUMAR\\Desktop\\Lib\\site-packages\\tf_keras\\src\\datasets\\cifar10.py', reloading
[ 2025-01-09 16:24:04,940 ] 97 werkzeug - INFO -  * Detected change in 'C:\\Users\\ARUN KUMAR\\Desktop\\Lib\\site-packages\\tf_keras\\src\\datasets\\cifar100.py', reloading
[ 2025-01-09 16:24:04,941 ] 97 werkzeug - INFO -  * Detected change in 'C:\\Users\\ARUN KUMAR\\Desktop\\Lib\\site-packages\\tf_keras\\src\\datasets\\cifar100.py', reloading
[ 2025-01-09 16:24:04,941 ] 97 werkzeug - INFO -  * Detected change in 'C:\\Users\\ARUN KUMAR\\Desktop\\Lib\\site-packages\\tf_keras\\src\\datasets\\fashion_mnist.py', reloading
[ 2025-01-09 16:24:04,943 ] 97 werkzeug - INFO -  * Detected change in 'C:\\Users\\ARUN KUMAR\\Desktop\\Lib\\site-packages\\tf_keras\\src\\datasets\\fashion_mnist.py', reloading
[ 2025-01-09 16:24:04,943 ] 97 werkzeug - INFO -  * Detected change in 'C:\\Users\\ARUN KUMAR\\Desktop\\Lib\\site-packages\\tf_keras\\src\\datasets\\imdb.py', reloading
[ 2025-01-09 16:24:04,944 ] 97 werkzeug - INFO -  * Detected change in 'C:\\Users\\ARUN KUMAR\\Desktop\\Lib\\site-packages\\tf_keras\\src\\datasets\\imdb.py', reloading
[ 2025-01-09 16:24:04,946 ] 97 werkzeug - INFO -  * Detected change in 'C:\\Users\\ARUN KUMAR\\Desktop\\Lib\\site-packages\\tf_keras\\src\\datasets\\mnist.py', reloading
[ 2025-01-09 16:24:04,946 ] 97 werkzeug - INFO -  * Detected change in 'C:\\Users\\ARUN KUMAR\\Desktop\\Lib\\site-packages\\tf_keras\\src\\datasets\\mnist.py', reloading
[ 2025-01-09 16:24:04,946 ] 97 werkzeug - INFO -  * Detected change in 'C:\\Users\\ARUN KUMAR\\Desktop\\Lib\\site-packages\\tf_keras\\src\\datasets\\reuters.py', reloading
[ 2025-01-09 16:24:04,950 ] 97 werkzeug - INFO -  * Detected change in 'C:\\Users\\ARUN KUMAR\\Desktop\\Lib\\site-packages\\tf_keras\\src\\datasets\\reuters.py', reloading
[ 2025-01-09 16:24:04,951 ] 97 werkzeug - INFO -  * Detected change in 'C:\\Users\\ARUN KUMAR\\Desktop\\Lib\\site-packages\\tf_keras\\src\\distribute\\dataset_creator_model_fit_test_base.py', reloading
[ 2025-01-09 16:24:04,951 ] 97 werkzeug - INFO -  * Detected change in 'C:\\Users\\ARUN KUMAR\\Desktop\\Lib\\site-packages\\tf_keras\\src\\distribute\\distributed_file_utils.py', reloading
[ 2025-01-09 16:24:04,953 ] 97 werkzeug - INFO -  * Detected change in 'C:\\Users\\ARUN KUMAR\\Desktop\\Lib\\site-packages\\tf_keras\\src\\distribute\\distributed_training_utils.py', reloading
[ 2025-01-09 16:24:04,953 ] 97 werkzeug - INFO -  * Detected change in 'C:\\Users\\ARUN KUMAR\\Desktop\\Lib\\site-packages\\tf_keras\\src\\distribute\\distributed_training_utils_v1.py', reloading
[ 2025-01-09 16:24:04,955 ] 97 werkzeug - INFO -  * Detected change in 'C:\\Users\\ARUN KUMAR\\Desktop\\Lib\\site-packages\\tf_keras\\src\\distribute\\distribute_coordinator_utils.py', reloading
[ 2025-01-09 16:24:04,955 ] 97 werkzeug - INFO -  * Detected change in 'C:\\Users\\ARUN KUMAR\\Desktop\\Lib\\site-packages\\tf_keras\\src\\distribute\\keras_correctness_test_base.py', reloading
[ 2025-01-09 16:24:04,956 ] 97 werkzeug - INFO -  * Detected change in 'C:\\Users\\ARUN KUMAR\\Desktop\\Lib\\site-packages\\tf_keras\\src\\distribute\\__init__.py', reloading
[ 2025-01-09 16:24:04,956 ] 97 werkzeug - INFO -  * Detected change in 'C:\\Users\\ARUN KUMAR\\Desktop\\Lib\\site-packages\\tf_keras\\src\\distribute\\__init__.py', reloading
[ 2025-01-09 16:24:04,956 ] 97 werkzeug - INFO -  * Detected change in 'C:\\Users\\ARUN KUMAR\\Desktop\\Lib\\site-packages\\tf_keras\\src\\distribute\\__init__.py', reloading
[ 2025-01-09 16:24:04,956 ] 97 werkzeug - INFO -  * Detected change in 'C:\\Users\\ARUN KUMAR\\Desktop\\Lib\\site-packages\\tf_keras\\src\\distribute\\dataset_creator_model_fit_test_base.py', reloading
[ 2025-01-09 16:24:04,958 ] 97 werkzeug - INFO -  * Detected change in 'C:\\Users\\ARUN KUMAR\\Desktop\\Lib\\site-packages\\tf_keras\\src\\distribute\\dataset_creator_model_fit_test_base.py', reloading
[ 2025-01-09 16:24:04,959 ] 97 werkzeug - INFO -  * Detected change in 'C:\\Users\\ARUN KUMAR\\Desktop\\Lib\\site-packages\\tf_keras\\src\\distribute\\distribute_coordinator_utils.py', reloading
[ 2025-01-09 16:24:04,960 ] 97 werkzeug - INFO -  * Detected change in 'C:\\Users\\ARUN KUMAR\\Desktop\\Lib\\site-packages\\tf_keras\\src\\distribute\\distribute_coordinator_utils.py', reloading
[ 2025-01-09 16:24:04,960 ] 97 werkzeug - INFO -  * Detected change in 'C:\\Users\\ARUN KUMAR\\Desktop\\Lib\\site-packages\\tf_keras\\src\\distribute\\distributed_file_utils.py', reloading
[ 2025-01-09 16:24:04,961 ] 97 werkzeug - INFO -  * Detected change in 'C:\\Users\\ARUN KUMAR\\Desktop\\Lib\\site-packages\\tf_keras\\src\\distribute\\distributed_file_utils.py', reloading
[ 2025-01-09 16:24:04,963 ] 97 werkzeug - INFO -  * Detected change in 'C:\\Users\\ARUN KUMAR\\Desktop\\Lib\\site-packages\\tf_keras\\src\\distribute\\distributed_training_utils.py', reloading
[ 2025-01-09 16:24:04,964 ] 97 werkzeug - INFO -  * Detected change in 'C:\\Users\\ARUN KUMAR\\Desktop\\Lib\\site-packages\\tf_keras\\src\\distribute\\distributed_training_utils.py', reloading
[ 2025-01-09 16:24:04,965 ] 97 werkzeug - INFO -  * Detected change in 'C:\\Users\\ARUN KUMAR\\Desktop\\Lib\\site-packages\\tf_keras\\src\\distribute\\distributed_training_utils_v1.py', reloading
[ 2025-01-09 16:24:04,966 ] 97 werkzeug - INFO -  * Detected change in 'C:\\Users\\ARUN KUMAR\\Desktop\\Lib\\site-packages\\tf_keras\\src\\distribute\\distributed_training_utils_v1.py', reloading
[ 2025-01-09 16:24:04,967 ] 97 werkzeug - INFO -  * Detected change in 'C:\\Users\\ARUN KUMAR\\Desktop\\Lib\\site-packages\\tf_keras\\src\\distribute\\keras_correctness_test_base.py', reloading
[ 2025-01-09 16:24:04,970 ] 97 werkzeug - INFO -  * Detected change in 'C:\\Users\\ARUN KUMAR\\Desktop\\Lib\\site-packages\\tf_keras\\src\\distribute\\keras_correctness_test_base.py', reloading
[ 2025-01-09 16:24:04,970 ] 97 werkzeug - INFO -  * Detected change in 'C:\\Users\\ARUN KUMAR\\Desktop\\Lib\\site-packages\\tf_keras\\src\\distribute\\model_collection_base.py', reloading
[ 2025-01-09 16:24:04,971 ] 97 werkzeug - INFO -  * Detected change in 'C:\\Users\\ARUN KUMAR\\Desktop\\Lib\\site-packages\\tf_keras\\src\\distribute\\model_collection_base.py', reloading
[ 2025-01-09 16:24:04,972 ] 97 werkzeug - INFO -  * Detected change in 'C:\\Users\\ARUN KUMAR\\Desktop\\Lib\\site-packages\\tf_keras\\src\\distribute\\model_combinations.py', reloading
[ 2025-01-09 16:24:04,972 ] 97 werkzeug - INFO -  * Detected change in 'C:\\Users\\ARUN KUMAR\\Desktop\\Lib\\site-packages\\tf_keras\\src\\distribute\\model_combinations.py', reloading
[ 2025-01-09 16:24:04,972 ] 97 werkzeug - INFO -  * Detected change in 'C:\\Users\\ARUN KUMAR\\Desktop\\Lib\\site-packages\\tf_keras\\src\\distribute\\multi_worker_testing_utils.py', reloading
[ 2025-01-09 16:24:04,974 ] 97 werkzeug - INFO -  * Detected change in 'C:\\Users\\ARUN KUMAR\\Desktop\\Lib\\site-packages\\tf_keras\\src\\distribute\\multi_worker_testing_utils.py', reloading
[ 2025-01-09 16:24:04,974 ] 97 werkzeug - INFO -  * Detected change in 'C:\\Users\\ARUN KUMAR\\Desktop\\Lib\\site-packages\\tf_keras\\src\\distribute\\optimizer_combinations.py', reloading
[ 2025-01-09 16:24:04,974 ] 97 werkzeug - INFO -  * Detected change in 'C:\\Users\\ARUN KUMAR\\Desktop\\Lib\\site-packages\\tf_keras\\src\\distribute\\optimizer_combinations.py', reloading
[ 2025-01-09 16:24:04,977 ] 97 werkzeug - INFO -  * Detected change in 'C:\\Users\\ARUN KUMAR\\Desktop\\Lib\\site-packages\\tf_keras\\src\\distribute\\saved_model_test_base.py', reloading
[ 2025-01-09 16:24:04,977 ] 97 werkzeug - INFO -  * Detected change in 'C:\\Users\\ARUN KUMAR\\Desktop\\Lib\\site-packages\\tf_keras\\src\\distribute\\saved_model_test_base.py', reloading
[ 2025-01-09 16:24:04,981 ] 97 werkzeug - INFO -  * Detected change in 'C:\\Users\\ARUN KUMAR\\Desktop\\Lib\\site-packages\\tf_keras\\src\\distribute\\simple_models.py', reloading
[ 2025-01-09 16:24:04,982 ] 97 werkzeug - INFO -  * Detected change in 'C:\\Users\\ARUN KUMAR\\Desktop\\Lib\\site-packages\\tf_keras\\src\\distribute\\simple_models.py', reloading
[ 2025-01-09 16:24:04,982 ] 97 werkzeug - INFO -  * Detected change in 'C:\\Users\\ARUN KUMAR\\Desktop\\Lib\\site-packages\\tf_keras\\src\\distribute\\strategy_combinations.py', reloading
[ 2025-01-09 16:24:04,983 ] 97 werkzeug - INFO -  * Detected change in 'C:\\Users\\ARUN KUMAR\\Desktop\\Lib\\site-packages\\tf_keras\\src\\distribute\\strategy_combinations.py', reloading
[ 2025-01-09 16:24:04,985 ] 97 werkzeug - INFO -  * Detected change in 'C:\\Users\\ARUN KUMAR\\Desktop\\Lib\\site-packages\\tf_keras\\src\\distribute\\test_example.py', reloading
[ 2025-01-09 16:24:04,986 ] 97 werkzeug - INFO -  * Detected change in 'C:\\Users\\ARUN KUMAR\\Desktop\\Lib\\site-packages\\tf_keras\\src\\distribute\\test_example.py', reloading
[ 2025-01-09 16:24:04,986 ] 97 werkzeug - INFO -  * Detected change in 'C:\\Users\\ARUN KUMAR\\Desktop\\Lib\\site-packages\\tf_keras\\src\\distribute\\tpu_strategy_test_utils.py', reloading
[ 2025-01-09 16:24:04,987 ] 97 werkzeug - INFO -  * Detected change in 'C:\\Users\\ARUN KUMAR\\Desktop\\Lib\\site-packages\\tf_keras\\src\\distribute\\tpu_strategy_test_utils.py', reloading
[ 2025-01-09 16:24:04,990 ] 97 werkzeug - INFO -  * Detected change in 'C:\\Users\\ARUN KUMAR\\Desktop\\Lib\\site-packages\\tf_keras\\src\\distribute\\worker_training_state.py', reloading
[ 2025-01-09 16:24:04,990 ] 97 werkzeug - INFO -  * Detected change in 'C:\\Users\\ARUN KUMAR\\Desktop\\Lib\\site-packages\\tf_keras\\src\\distribute\\worker_training_state.py', reloading
[ 2025-01-09 16:24:04,993 ] 97 werkzeug - INFO -  * Detected change in 'C:\\Users\\ARUN KUMAR\\Desktop\\Lib\\site-packages\\tf_keras\\src\\dtensor\\integration_test_utils.py', reloading
[ 2025-01-09 16:24:04,993 ] 97 werkzeug - INFO -  * Detected change in 'C:\\Users\\ARUN KUMAR\\Desktop\\Lib\\site-packages\\tf_keras\\src\\dtensor\\layout_map.py', reloading
[ 2025-01-09 16:24:04,994 ] 97 werkzeug - INFO -  * Detected change in 'C:\\Users\\ARUN KUMAR\\Desktop\\Lib\\site-packages\\tf_keras\\src\\dtensor\\lazy_variable.py', reloading
[ 2025-01-09 16:24:04,994 ] 97 werkzeug - INFO -  * Detected change in 'C:\\Users\\ARUN KUMAR\\Desktop\\Lib\\site-packages\\tf_keras\\src\\dtensor\\test_util.py', reloading
[ 2025-01-09 16:24:04,995 ] 97 werkzeug - INFO -  * Detected change in 'C:\\Users\\ARUN KUMAR\\Desktop\\Lib\\site-packages\\tf_keras\\src\\dtensor\\utils.py', reloading
[ 2025-01-09 16:24:04,995 ] 97 werkzeug - INFO -  * Detected change in 'C:\\Users\\ARUN KUMAR\\Desktop\\Lib\\site-packages\\tf_keras\\src\\dtensor\\__init__.py', reloading
[ 2025-01-09 16:24:04,996 ] 97 werkzeug - INFO -  * Detected change in 'C:\\Users\\ARUN KUMAR\\Desktop\\Lib\\site-packages\\tf_keras\\src\\dtensor\\__init__.py', reloading
[ 2025-01-09 16:24:04,996 ] 97 werkzeug - INFO -  * Detected change in 'C:\\Users\\ARUN KUMAR\\Desktop\\Lib\\site-packages\\tf_keras\\src\\dtensor\\__init__.py', reloading
[ 2025-01-09 16:24:04,996 ] 97 werkzeug - INFO -  * Detected change in 'C:\\Users\\ARUN KUMAR\\Desktop\\Lib\\site-packages\\tf_keras\\src\\dtensor\\integration_test_utils.py', reloading
[ 2025-01-09 16:24:04,999 ] 97 werkzeug - INFO -  * Detected change in 'C:\\Users\\ARUN KUMAR\\Desktop\\Lib\\site-packages\\tf_keras\\src\\dtensor\\integration_test_utils.py', reloading
[ 2025-01-09 16:24:05,000 ] 97 werkzeug - INFO -  * Detected change in 'C:\\Users\\ARUN KUMAR\\Desktop\\Lib\\site-packages\\tf_keras\\src\\dtensor\\layout_map.py', reloading
[ 2025-01-09 16:24:05,002 ] 97 werkzeug - INFO -  * Detected change in 'C:\\Users\\ARUN KUMAR\\Desktop\\Lib\\site-packages\\tf_keras\\src\\dtensor\\layout_map.py', reloading
[ 2025-01-09 16:24:05,004 ] 97 werkzeug - INFO -  * Detected change in 'C:\\Users\\ARUN KUMAR\\Desktop\\Lib\\site-packages\\tf_keras\\src\\dtensor\\lazy_variable.py', reloading
[ 2025-01-09 16:24:05,004 ] 97 werkzeug - INFO -  * Detected change in 'C:\\Users\\ARUN KUMAR\\Desktop\\Lib\\site-packages\\tf_keras\\src\\dtensor\\lazy_variable.py', reloading
[ 2025-01-09 16:24:05,006 ] 97 werkzeug - INFO -  * Detected change in 'C:\\Users\\ARUN KUMAR\\Desktop\\Lib\\site-packages\\tf_keras\\src\\dtensor\\test_util.py', reloading
[ 2025-01-09 16:24:05,006 ] 97 werkzeug - INFO -  * Detected change in 'C:\\Users\\ARUN KUMAR\\Desktop\\Lib\\site-packages\\tf_keras\\src\\dtensor\\test_util.py', reloading
[ 2025-01-09 16:24:05,007 ] 97 werkzeug - INFO -  * Detected change in 'C:\\Users\\ARUN KUMAR\\Desktop\\Lib\\site-packages\\tf_keras\\src\\dtensor\\utils.py', reloading
[ 2025-01-09 16:24:05,007 ] 97 werkzeug - INFO -  * Detected change in 'C:\\Users\\ARUN KUMAR\\Desktop\\Lib\\site-packages\\tf_keras\\src\\dtensor\\utils.py', reloading
[ 2025-01-09 16:24:05,008 ] 97 werkzeug - INFO -  * Detected change in 'C:\\Users\\ARUN KUMAR\\Desktop\\Lib\\site-packages\\tf_keras\\src\\engine\\base_layer.py', reloading
[ 2025-01-09 16:24:05,008 ] 97 werkzeug - INFO -  * Detected change in 'C:\\Users\\ARUN KUMAR\\Desktop\\Lib\\site-packages\\tf_keras\\src\\engine\\base_layer_utils.py', reloading
[ 2025-01-09 16:24:05,008 ] 97 werkzeug - INFO -  * Detected change in 'C:\\Users\\ARUN KUMAR\\Desktop\\Lib\\site-packages\\tf_keras\\src\\engine\\base_layer_v1.py', reloading
[ 2025-01-09 16:24:05,010 ] 97 werkzeug - INFO -  * Detected change in 'C:\\Users\\ARUN KUMAR\\Desktop\\Lib\\site-packages\\tf_keras\\src\\engine\\base_preprocessing_layer.py', reloading
[ 2025-01-09 16:24:05,010 ] 97 werkzeug - INFO -  * Detected change in 'C:\\Users\\ARUN KUMAR\\Desktop\\Lib\\site-packages\\tf_keras\\src\\engine\\compile_utils.py', reloading
[ 2025-01-09 16:24:05,010 ] 97 werkzeug - INFO -  * Detected change in 'C:\\Users\\ARUN KUMAR\\Desktop\\Lib\\site-packages\\tf_keras\\src\\engine\\data_adapter.py', reloading
[ 2025-01-09 16:24:05,010 ] 97 werkzeug - INFO -  * Detected change in 'C:\\Users\\ARUN KUMAR\\Desktop\\Lib\\site-packages\\tf_keras\\src\\engine\\functional.py', reloading
[ 2025-01-09 16:24:05,013 ] 97 werkzeug - INFO -  * Detected change in 'C:\\Users\\ARUN KUMAR\\Desktop\\Lib\\site-packages\\tf_keras\\src\\engine\\functional_utils.py', reloading
[ 2025-01-09 16:24:05,013 ] 97 werkzeug - INFO -  * Detected change in 'C:\\Users\\ARUN KUMAR\\Desktop\\Lib\\site-packages\\tf_keras\\src\\engine\\input_layer.py', reloading
[ 2025-01-09 16:24:05,013 ] 97 werkzeug - INFO -  * Detected change in 'C:\\Users\\ARUN KUMAR\\Desktop\\Lib\\site-packages\\tf_keras\\src\\engine\\__init__.py', reloading
[ 2025-01-09 16:24:05,013 ] 97 werkzeug - INFO -  * Detected change in 'C:\\Users\\ARUN KUMAR\\Desktop\\Lib\\site-packages\\tf_keras\\src\\engine\\__init__.py', reloading
[ 2025-01-09 16:24:05,013 ] 97 werkzeug - INFO -  * Detected change in 'C:\\Users\\ARUN KUMAR\\Desktop\\Lib\\site-packages\\tf_keras\\src\\engine\\__init__.py', reloading
[ 2025-01-09 16:24:05,016 ] 97 werkzeug - INFO -  * Detected change in 'C:\\Users\\ARUN KUMAR\\Desktop\\Lib\\site-packages\\tf_keras\\src\\engine\\base_layer.py', reloading
[ 2025-01-09 16:24:05,018 ] 97 werkzeug - INFO -  * Detected change in 'C:\\Users\\ARUN KUMAR\\Desktop\\Lib\\site-packages\\tf_keras\\src\\engine\\base_layer.py', reloading
[ 2025-01-09 16:24:05,022 ] 97 werkzeug - INFO -  * Detected change in 'C:\\Users\\ARUN KUMAR\\Desktop\\Lib\\site-packages\\tf_keras\\src\\engine\\base_layer_utils.py', reloading
[ 2025-01-09 16:24:05,023 ] 97 werkzeug - INFO -  * Detected change in 'C:\\Users\\ARUN KUMAR\\Desktop\\Lib\\site-packages\\tf_keras\\src\\engine\\base_layer_utils.py', reloading
[ 2025-01-09 16:24:05,024 ] 97 werkzeug - INFO -  * Detected change in 'C:\\Users\\ARUN KUMAR\\Desktop\\Lib\\site-packages\\tf_keras\\src\\engine\\base_layer_v1.py', reloading
[ 2025-01-09 16:24:05,024 ] 97 werkzeug - INFO -  * Detected change in 'C:\\Users\\ARUN KUMAR\\Desktop\\Lib\\site-packages\\tf_keras\\src\\engine\\base_layer_v1.py', reloading
[ 2025-01-09 16:24:05,025 ] 97 werkzeug - INFO -  * Detected change in 'C:\\Users\\ARUN KUMAR\\Desktop\\Lib\\site-packages\\tf_keras\\src\\engine\\base_preprocessing_layer.py', reloading
[ 2025-01-09 16:24:05,025 ] 97 werkzeug - INFO -  * Detected change in 'C:\\Users\\ARUN KUMAR\\Desktop\\Lib\\site-packages\\tf_keras\\src\\engine\\base_preprocessing_layer.py', reloading
[ 2025-01-09 16:24:05,028 ] 97 werkzeug - INFO -  * Detected change in 'C:\\Users\\ARUN KUMAR\\Desktop\\Lib\\site-packages\\tf_keras\\src\\engine\\compile_utils.py', reloading
[ 2025-01-09 16:24:05,028 ] 97 werkzeug - INFO -  * Detected change in 'C:\\Users\\ARUN KUMAR\\Desktop\\Lib\\site-packages\\tf_keras\\src\\engine\\compile_utils.py', reloading
[ 2025-01-09 16:24:05,030 ] 97 werkzeug - INFO -  * Detected change in 'C:\\Users\\ARUN KUMAR\\Desktop\\Lib\\site-packages\\tf_keras\\src\\engine\\data_adapter.py', reloading
[ 2025-01-09 16:24:05,038 ] 97 werkzeug - INFO -  * Detected change in 'C:\\Users\\ARUN KUMAR\\Desktop\\Lib\\site-packages\\tf_keras\\src\\engine\\data_adapter.py', reloading
[ 2025-01-09 16:24:05,038 ] 97 werkzeug - INFO -  * Detected change in 'C:\\Users\\ARUN KUMAR\\Desktop\\Lib\\site-packages\\tf_keras\\src\\engine\\functional.py', reloading
[ 2025-01-09 16:24:05,038 ] 97 werkzeug - INFO -  * Detected change in 'C:\\Users\\ARUN KUMAR\\Desktop\\Lib\\site-packages\\tf_keras\\src\\engine\\functional.py', reloading
[ 2025-01-09 16:24:05,038 ] 97 werkzeug - INFO -  * Detected change in 'C:\\Users\\ARUN KUMAR\\Desktop\\Lib\\site-packages\\tf_keras\\src\\engine\\functional_utils.py', reloading
[ 2025-01-09 16:24:05,038 ] 97 werkzeug - INFO -  * Detected change in 'C:\\Users\\ARUN KUMAR\\Desktop\\Lib\\site-packages\\tf_keras\\src\\engine\\functional_utils.py', reloading
[ 2025-01-09 16:24:05,038 ] 97 werkzeug - INFO -  * Detected change in 'C:\\Users\\ARUN KUMAR\\Desktop\\Lib\\site-packages\\tf_keras\\src\\engine\\input_layer.py', reloading
[ 2025-01-09 16:24:05,038 ] 97 werkzeug - INFO -  * Detected change in 'C:\\Users\\ARUN KUMAR\\Desktop\\Lib\\site-packages\\tf_keras\\src\\engine\\input_layer.py', reloading
[ 2025-01-09 16:24:05,048 ] 97 werkzeug - INFO -  * Detected change in 'C:\\Users\\ARUN KUMAR\\Desktop\\Lib\\site-packages\\tf_keras\\src\\engine\\input_spec.py', reloading
[ 2025-01-09 16:24:05,049 ] 97 werkzeug - INFO -  * Detected change in 'C:\\Users\\ARUN KUMAR\\Desktop\\Lib\\site-packages\\tf_keras\\src\\engine\\input_spec.py', reloading
[ 2025-01-09 16:24:05,049 ] 97 werkzeug - INFO -  * Detected change in 'C:\\Users\\ARUN KUMAR\\Desktop\\Lib\\site-packages\\tf_keras\\src\\engine\\keras_tensor.py', reloading
[ 2025-01-09 16:24:05,049 ] 97 werkzeug - INFO -  * Detected change in 'C:\\Users\\ARUN KUMAR\\Desktop\\Lib\\site-packages\\tf_keras\\src\\engine\\keras_tensor.py', reloading
[ 2025-01-09 16:24:05,050 ] 97 werkzeug - INFO -  * Detected change in 'C:\\Users\\ARUN KUMAR\\Desktop\\Lib\\site-packages\\tf_keras\\src\\engine\\node.py', reloading
[ 2025-01-09 16:24:05,053 ] 97 werkzeug - INFO -  * Detected change in 'C:\\Users\\ARUN KUMAR\\Desktop\\Lib\\site-packages\\tf_keras\\src\\engine\\node.py', reloading
[ 2025-01-09 16:24:05,053 ] 97 werkzeug - INFO -  * Detected change in 'C:\\Users\\ARUN KUMAR\\Desktop\\Lib\\site-packages\\tf_keras\\src\\engine\\partial_batch_padding_handler.py', reloading
[ 2025-01-09 16:24:05,053 ] 97 werkzeug - INFO -  * Detected change in 'C:\\Users\\ARUN KUMAR\\Desktop\\Lib\\site-packages\\tf_keras\\src\\engine\\partial_batch_padding_handler.py', reloading
[ 2025-01-09 16:24:05,055 ] 97 werkzeug - INFO -  * Detected change in 'C:\\Users\\ARUN KUMAR\\Desktop\\Lib\\site-packages\\tf_keras\\src\\engine\\saving.py', reloading
[ 2025-01-09 16:24:05,056 ] 97 werkzeug - INFO -  * Detected change in 'C:\\Users\\ARUN KUMAR\\Desktop\\Lib\\site-packages\\tf_keras\\src\\engine\\saving.py', reloading
[ 2025-01-09 16:24:05,056 ] 97 werkzeug - INFO -  * Detected change in 'C:\\Users\\ARUN KUMAR\\Desktop\\Lib\\site-packages\\tf_keras\\src\\engine\\sequential.py', reloading
[ 2025-01-09 16:24:05,056 ] 97 werkzeug - INFO -  * Detected change in 'C:\\Users\\ARUN KUMAR\\Desktop\\Lib\\site-packages\\tf_keras\\src\\engine\\sequential.py', reloading
[ 2025-01-09 16:24:05,058 ] 97 werkzeug - INFO -  * Detected change in 'C:\\Users\\ARUN KUMAR\\Desktop\\Lib\\site-packages\\tf_keras\\src\\engine\\training.py', reloading
[ 2025-01-09 16:24:05,059 ] 97 werkzeug - INFO -  * Detected change in 'C:\\Users\\ARUN KUMAR\\Desktop\\Lib\\site-packages\\tf_keras\\src\\engine\\training.py', reloading
[ 2025-01-09 16:24:05,059 ] 97 werkzeug - INFO -  * Detected change in 'C:\\Users\\ARUN KUMAR\\Desktop\\Lib\\site-packages\\tf_keras\\src\\engine\\training_arrays_v1.py', reloading
[ 2025-01-09 16:24:05,059 ] 97 werkzeug - INFO -  * Detected change in 'C:\\Users\\ARUN KUMAR\\Desktop\\Lib\\site-packages\\tf_keras\\src\\engine\\training_arrays_v1.py', reloading
[ 2025-01-09 16:24:05,061 ] 97 werkzeug - INFO -  * Detected change in 'C:\\Users\\ARUN KUMAR\\Desktop\\Lib\\site-packages\\tf_keras\\src\\engine\\training_distributed_v1.py', reloading
[ 2025-01-09 16:24:05,061 ] 97 werkzeug - INFO -  * Detected change in 'C:\\Users\\ARUN KUMAR\\Desktop\\Lib\\site-packages\\tf_keras\\src\\engine\\training_distributed_v1.py', reloading
[ 2025-01-09 16:24:05,061 ] 97 werkzeug - INFO -  * Detected change in 'C:\\Users\\ARUN KUMAR\\Desktop\\Lib\\site-packages\\tf_keras\\src\\engine\\training_eager_v1.py', reloading
[ 2025-01-09 16:24:05,061 ] 97 werkzeug - INFO -  * Detected change in 'C:\\Users\\ARUN KUMAR\\Desktop\\Lib\\site-packages\\tf_keras\\src\\engine\\training_eager_v1.py', reloading
[ 2025-01-09 16:24:05,061 ] 97 werkzeug - INFO -  * Detected change in 'C:\\Users\\ARUN KUMAR\\Desktop\\Lib\\site-packages\\tf_keras\\src\\engine\\training_generator_v1.py', reloading
[ 2025-01-09 16:24:05,061 ] 97 werkzeug - INFO -  * Detected change in 'C:\\Users\\ARUN KUMAR\\Desktop\\Lib\\site-packages\\tf_keras\\src\\engine\\training_generator_v1.py', reloading
[ 2025-01-09 16:24:05,071 ] 97 werkzeug - INFO -  * Detected change in 'C:\\Users\\ARUN KUMAR\\Desktop\\Lib\\site-packages\\tf_keras\\src\\engine\\training_utils.py', reloading
[ 2025-01-09 16:24:05,072 ] 97 werkzeug - INFO -  * Detected change in 'C:\\Users\\ARUN KUMAR\\Desktop\\Lib\\site-packages\\tf_keras\\src\\engine\\training_utils.py', reloading
[ 2025-01-09 16:24:05,073 ] 97 werkzeug - INFO -  * Detected change in 'C:\\Users\\ARUN KUMAR\\Desktop\\Lib\\site-packages\\tf_keras\\src\\engine\\training_utils_v1.py', reloading
[ 2025-01-09 16:24:05,073 ] 97 werkzeug - INFO -  * Detected change in 'C:\\Users\\ARUN KUMAR\\Desktop\\Lib\\site-packages\\tf_keras\\src\\engine\\training_utils_v1.py', reloading
[ 2025-01-09 16:24:05,073 ] 97 werkzeug - INFO -  * Detected change in 'C:\\Users\\ARUN KUMAR\\Desktop\\Lib\\site-packages\\tf_keras\\src\\engine\\training_v1.py', reloading
[ 2025-01-09 16:24:05,073 ] 97 werkzeug - INFO -  * Detected change in 'C:\\Users\\ARUN KUMAR\\Desktop\\Lib\\site-packages\\tf_keras\\src\\engine\\training_v1.py', reloading
[ 2025-01-09 16:24:05,076 ] 97 werkzeug - INFO -  * Detected change in 'C:\\Users\\ARUN KUMAR\\Desktop\\Lib\\site-packages\\tf_keras\\src\\estimator\\__init__.py', reloading
[ 2025-01-09 16:24:05,076 ] 97 werkzeug - INFO -  * Detected change in 'C:\\Users\\ARUN KUMAR\\Desktop\\Lib\\site-packages\\tf_keras\\src\\estimator\\__init__.py', reloading
[ 2025-01-09 16:24:05,077 ] 97 werkzeug - INFO -  * Detected change in 'C:\\Users\\ARUN KUMAR\\Desktop\\Lib\\site-packages\\tf_keras\\src\\estimator\\__init__.py', reloading
[ 2025-01-09 16:24:05,077 ] 97 werkzeug - INFO -  * Detected change in 'C:\\Users\\ARUN KUMAR\\Desktop\\Lib\\site-packages\\tf_keras\\src\\export\\export_lib.py', reloading
[ 2025-01-09 16:24:05,077 ] 97 werkzeug - INFO -  * Detected change in 'C:\\Users\\ARUN KUMAR\\Desktop\\Lib\\site-packages\\tf_keras\\src\\export\\__init__.py', reloading
[ 2025-01-09 16:24:05,077 ] 97 werkzeug - INFO -  * Detected change in 'C:\\Users\\ARUN KUMAR\\Desktop\\Lib\\site-packages\\tf_keras\\src\\export\\__init__.py', reloading
[ 2025-01-09 16:24:05,077 ] 97 werkzeug - INFO -  * Detected change in 'C:\\Users\\ARUN KUMAR\\Desktop\\Lib\\site-packages\\tf_keras\\src\\export\\__init__.py', reloading
[ 2025-01-09 16:24:05,077 ] 97 werkzeug - INFO -  * Detected change in 'C:\\Users\\ARUN KUMAR\\Desktop\\Lib\\site-packages\\tf_keras\\src\\export\\export_lib.py', reloading
[ 2025-01-09 16:24:05,077 ] 97 werkzeug - INFO -  * Detected change in 'C:\\Users\\ARUN KUMAR\\Desktop\\Lib\\site-packages\\tf_keras\\src\\export\\export_lib.py', reloading
[ 2025-01-09 16:24:05,081 ] 97 werkzeug - INFO -  * Detected change in 'C:\\Users\\ARUN KUMAR\\Desktop\\Lib\\site-packages\\tf_keras\\src\\feature_column\\base_feature_layer.py', reloading
[ 2025-01-09 16:24:05,089 ] 97 werkzeug - INFO -  * Detected change in 'C:\\Users\\ARUN KUMAR\\Desktop\\Lib\\site-packages\\tf_keras\\src\\feature_column\\dense_features.py', reloading
