[ 2025-01-09 16:16:11,941 ] 28 root - INFO - Data Ingestion method starts
[ 2025-01-09 16:16:12,295 ] 32 root - INFO - Dataset read as pandas Dataframe
[ 2025-01-09 16:16:14,175 ] 37 root - INFO - Raw data is created
[ 2025-01-09 16:16:16,312 ] 43 root - INFO - train_set and test_set are created
[ 2025-01-09 16:16:16,312 ] 45 root - INFO - Ingestion of Data is completed
[ 2025-01-09 16:16:16,965 ] 77 root - INFO - Read train and test data completed
[ 2025-01-09 16:16:16,975 ] 78 root - INFO - Train Dataframe Head : 
   id  carat        cut color clarity  depth  table     x     y     z  price
0   0   1.52    Premium     F     VS2   62.2   58.0  7.27  7.33  4.55  13619
1   1   2.03  Very Good     J     SI2   62.0   58.0  8.06  8.12  5.05  13387
2   2   0.70      Ideal     G     VS1   61.2   57.0  5.69  5.73  3.50   2772
3   3   0.32      Ideal     G     VS1   61.6   56.0  4.38  4.41  2.71    666
4   4   1.70    Premium     G     VS2   62.6   59.0  7.65  7.61  4.77  14453
[ 2025-01-09 16:16:16,983 ] 79 root - INFO - Test Dataframe Head  : 
       id  carat        cut color clarity  depth  table     x     y     z  price
0   11504   0.41      Ideal     E    VVS2   60.6   56.0  4.85  4.80  2.93   1181
1   95284   1.23  Very Good     H     VS1   59.9   59.0  6.91  7.01  4.19   7418
2  184777   1.70    Premium     H     VS2   62.0   58.0  7.61  7.66  4.74  12755
3    5419   0.33      Ideal     F    VVS1   61.2   56.0  4.47  4.44  2.73   1020
4   45466   0.33  Very Good     I     SI1   62.1   58.0  4.41  4.45  2.75    445
[ 2025-01-09 16:16:16,983 ] 81 root - INFO - Obtaining preprocessing object
[ 2025-01-09 16:16:16,983 ] 26 root - INFO - Data Transformation initiated
[ 2025-01-09 16:16:16,983 ] 36 root - INFO - Pipeline Initiated
[ 2025-01-09 16:16:18,048 ] 98 root - INFO - Applying preprocessing object on training and testing datasets.
[ 2025-01-09 16:16:18,086 ] 110 root - INFO - Preprocessor pickle file saved
[ 2025-01-09 16:16:18,104 ] 27 root - INFO - Splitting Dependent and Independent variables from train and test data
[ 2025-01-09 16:17:04,788 ] 46 root - INFO - Model Report : {'LinearRegression': 0.936893054725226, 'Lasso': 0.9368756578851256, 'Ridge': 0.9368931817776727, 'Elasticnet': 0.8549249150932035, 'DecisionTree': 0.999985307196609}
[ 2025-01-09 16:17:04,788 ] 59 root - INFO - Best Model Found , Model Name : DecisionTree , R2 Score : 0.999985307196609
