[ 2025-01-09 16:36:53,171 ] 97 werkzeug - WARNING -  * Debugger is active!
[ 2025-01-09 16:36:53,186 ] 97 werkzeug - INFO -  * Debugger PIN: 368-050-414
[ 2025-01-09 16:36:53,310 ] 97 werkzeug - INFO -  * Detected change in 'c:\\Users\\ARUN KUMAR\\Downloads\\Diamond-Price-Prediction-with-DVC-Flask-Streamlit-main\\venv\\Lib\\site-packages\\scipy\\optimize\\_qap.py', reloading
[ 2025-01-09 16:36:53,311 ] 97 werkzeug - INFO -  * Detected change in 'c:\\users\\arun kumar\\downloads\\diamond-price-prediction-with-dvc-flask-streamlit-main\\venv\\Lib\\site-packages\\scipy\\optimize\\_qap.py', reloading
[ 2025-01-09 16:36:53,317 ] 97 werkzeug - INFO -  * Detected change in 'c:\\users\\arun kumar\\downloads\\diamond-price-prediction-with-dvc-flask-streamlit-main\\venv\\Lib\\site-packages\\scipy\\optimize\\_remove_redundancy.py', reloading
[ 2025-01-09 16:36:53,320 ] 97 werkzeug - INFO -  * Detected change in 'c:\\Users\\ARUN KUMAR\\Downloads\\Diamond-Price-Prediction-with-DVC-Flask-Streamlit-main\\venv\\Lib\\site-packages\\scipy\\optimize\\_remove_redundancy.py', reloading
[ 2025-01-09 16:36:53,324 ] 97 werkzeug - INFO -  * Detected change in 'c:\\users\\arun kumar\\downloads\\diamond-price-prediction-with-dvc-flask-streamlit-main\\venv\\Lib\\site-packages\\scipy\\optimize\\_root.py', reloading
[ 2025-01-09 16:36:53,326 ] 97 werkzeug - INFO -  * Detected change in 'c:\\Users\\ARUN KUMAR\\Downloads\\Diamond-Price-Prediction-with-DVC-Flask-Streamlit-main\\venv\\Lib\\site-packages\\scipy\\optimize\\_root.py', reloading
[ 2025-01-09 16:36:53,332 ] 97 werkzeug - INFO -  * Detected change in 'c:\\users\\arun kumar\\downloads\\diamond-price-prediction-with-dvc-flask-streamlit-main\\venv\\Lib\\site-packages\\scipy\\optimize\\_root_scalar.py', reloading
[ 2025-01-09 16:36:53,337 ] 97 werkzeug - INFO -  * Detected change in 'c:\\users\\arun kumar\\downloads\\diamond-price-prediction-with-dvc-flask-streamlit-main\\venv\\Lib\\site-packages\\scipy\\optimize\\_shgo.py', reloading
[ 2025-01-09 16:36:53,339 ] 97 werkzeug - INFO -  * Detected change in 'c:\\Users\\ARUN KUMAR\\Downloads\\Diamond-Price-Prediction-with-DVC-Flask-Streamlit-main\\venv\\Lib\\site-packages\\scipy\\optimize\\_root_scalar.py', reloading
[ 2025-01-09 16:36:53,344 ] 97 werkzeug - INFO -  * Detected change in 'c:\\Users\\ARUN KUMAR\\Downloads\\Diamond-Price-Prediction-with-DVC-Flask-Streamlit-main\\venv\\Lib\\site-packages\\scipy\\optimize\\_shgo.py', reloading
[ 2025-01-09 16:36:53,368 ] 97 werkzeug - INFO -  * Detected change in 'c:\\users\\arun kumar\\downloads\\diamond-price-prediction-with-dvc-flask-streamlit-main\\venv\\Lib\\site-packages\\scipy\\optimize\\_shgo_lib\\_complex.py', reloading
[ 2025-01-09 16:36:53,373 ] 97 werkzeug - INFO -  * Detected change in 'c:\\users\\arun kumar\\downloads\\diamond-price-prediction-with-dvc-flask-streamlit-main\\venv\\Lib\\site-packages\\scipy\\optimize\\_shgo_lib\\_vertex.py', reloading
[ 2025-01-09 16:36:53,375 ] 97 werkzeug - INFO -  * Detected change in 'c:\\Users\\ARUN KUMAR\\Downloads\\Diamond-Price-Prediction-with-DVC-Flask-Streamlit-main\\venv\\Lib\\site-packages\\scipy\\optimize\\_shgo_lib\\_complex.py', reloading
[ 2025-01-09 16:36:53,380 ] 97 werkzeug - INFO -  * Detected change in 'c:\\Users\\ARUN KUMAR\\Downloads\\Diamond-Price-Prediction-with-DVC-Flask-Streamlit-main\\venv\\Lib\\site-packages\\scipy\\optimize\\_shgo_lib\\_vertex.py', reloading
[ 2025-01-09 16:36:53,405 ] 97 werkzeug - INFO -  * Detected change in 'c:\\Users\\ARUN KUMAR\\Downloads\\Diamond-Price-Prediction-with-DVC-Flask-Streamlit-main\\venv\\Lib\\site-packages\\scipy\\optimize\\_slsqp_py.py', reloading
[ 2025-01-09 16:36:53,405 ] 97 werkzeug - INFO -  * Detected change in 'c:\\users\\arun kumar\\downloads\\diamond-price-prediction-with-dvc-flask-streamlit-main\\venv\\Lib\\site-packages\\scipy\\optimize\\_slsqp_py.py', reloading
[ 2025-01-09 16:36:53,412 ] 97 werkzeug - INFO -  * Detected change in 'c:\\Users\\ARUN KUMAR\\Downloads\\Diamond-Price-Prediction-with-DVC-Flask-Streamlit-main\\venv\\Lib\\site-packages\\scipy\\optimize\\_spectral.py', reloading
[ 2025-01-09 16:36:53,415 ] 97 werkzeug - INFO -  * Detected change in 'c:\\users\\arun kumar\\downloads\\diamond-price-prediction-with-dvc-flask-streamlit-main\\venv\\Lib\\site-packages\\scipy\\optimize\\_spectral.py', reloading
[ 2025-01-09 16:36:53,420 ] 97 werkzeug - INFO -  * Detected change in 'c:\\Users\\ARUN KUMAR\\Downloads\\Diamond-Price-Prediction-with-DVC-Flask-Streamlit-main\\venv\\Lib\\site-packages\\scipy\\optimize\\_tnc.py', reloading
[ 2025-01-09 16:36:53,421 ] 97 werkzeug - INFO -  * Detected change in 'c:\\users\\arun kumar\\downloads\\diamond-price-prediction-with-dvc-flask-streamlit-main\\venv\\Lib\\site-packages\\scipy\\optimize\\_tnc.py', reloading
[ 2025-01-09 16:36:53,426 ] 97 werkzeug - INFO -  * Detected change in 'c:\\users\\arun kumar\\downloads\\diamond-price-prediction-with-dvc-flask-streamlit-main\\venv\\Lib\\site-packages\\scipy\\optimize\\_trlib\\__init__.py', reloading
[ 2025-01-09 16:36:53,427 ] 97 werkzeug - INFO -  * Detected change in 'c:\\Users\\ARUN KUMAR\\Downloads\\Diamond-Price-Prediction-with-DVC-Flask-Streamlit-main\\venv\\Lib\\site-packages\\scipy\\optimize\\_trlib\\__init__.py', reloading
[ 2025-01-09 16:36:53,483 ] 97 werkzeug - INFO -  * Detected change in 'c:\\users\\arun kumar\\downloads\\diamond-price-prediction-with-dvc-flask-streamlit-main\\venv\\Lib\\site-packages\\scipy\\optimize\\_trustregion.py', reloading
[ 2025-01-09 16:36:53,484 ] 97 werkzeug - INFO -  * Detected change in 'c:\\Users\\ARUN KUMAR\\Downloads\\Diamond-Price-Prediction-with-DVC-Flask-Streamlit-main\\venv\\Lib\\site-packages\\scipy\\optimize\\_trustregion.py', reloading
[ 2025-01-09 16:36:53,490 ] 97 werkzeug - INFO -  * Detected change in 'c:\\Users\\ARUN KUMAR\\Downloads\\Diamond-Price-Prediction-with-DVC-Flask-Streamlit-main\\venv\\Lib\\site-packages\\scipy\\optimize\\_trustregion_constr\\__init__.py', reloading
[ 2025-01-09 16:36:53,490 ] 97 werkzeug - INFO -  * Detected change in 'c:\\users\\arun kumar\\downloads\\diamond-price-prediction-with-dvc-flask-streamlit-main\\venv\\Lib\\site-packages\\scipy\\optimize\\_trustregion_constr\\__init__.py', reloading
[ 2025-01-09 16:36:53,558 ] 97 werkzeug - INFO -  * Detected change in 'c:\\users\\arun kumar\\downloads\\diamond-price-prediction-with-dvc-flask-streamlit-main\\venv\\Lib\\site-packages\\scipy\\optimize\\_trustregion_constr\\canonical_constraint.py', reloading
[ 2025-01-09 16:36:53,559 ] 97 werkzeug - INFO -  * Detected change in 'c:\\Users\\ARUN KUMAR\\Downloads\\Diamond-Price-Prediction-with-DVC-Flask-Streamlit-main\\venv\\Lib\\site-packages\\scipy\\optimize\\_trustregion_constr\\canonical_constraint.py', reloading
[ 2025-01-09 16:36:53,572 ] 97 werkzeug - INFO -  * Detected change in 'c:\\Users\\ARUN KUMAR\\Downloads\\Diamond-Price-Prediction-with-DVC-Flask-Streamlit-main\\venv\\Lib\\site-packages\\scipy\\optimize\\_trustregion_constr\\equality_constrained_sqp.py', reloading
[ 2025-01-09 16:36:53,574 ] 97 werkzeug - INFO -  * Detected change in 'c:\\users\\arun kumar\\downloads\\diamond-price-prediction-with-dvc-flask-streamlit-main\\venv\\Lib\\site-packages\\scipy\\optimize\\_trustregion_constr\\equality_constrained_sqp.py', reloading
[ 2025-01-09 16:36:53,575 ] 97 werkzeug - INFO -  * Detected change in 'c:\\Users\\ARUN KUMAR\\Downloads\\Diamond-Price-Prediction-with-DVC-Flask-Streamlit-main\\venv\\Lib\\site-packages\\scipy\\optimize\\_trustregion_constr\\minimize_trustregion_constr.py', reloading
[ 2025-01-09 16:36:53,582 ] 97 werkzeug - INFO -  * Detected change in 'c:\\users\\arun kumar\\downloads\\diamond-price-prediction-with-dvc-flask-streamlit-main\\venv\\Lib\\site-packages\\scipy\\optimize\\_trustregion_constr\\minimize_trustregion_constr.py', reloading
[ 2025-01-09 16:36:53,583 ] 97 werkzeug - INFO -  * Detected change in 'c:\\Users\\ARUN KUMAR\\Downloads\\Diamond-Price-Prediction-with-DVC-Flask-Streamlit-main\\venv\\Lib\\site-packages\\scipy\\optimize\\_trustregion_constr\\projections.py', reloading
[ 2025-01-09 16:36:53,590 ] 97 werkzeug - INFO -  * Detected change in 'c:\\users\\arun kumar\\downloads\\diamond-price-prediction-with-dvc-flask-streamlit-main\\venv\\Lib\\site-packages\\scipy\\optimize\\_trustregion_constr\\projections.py', reloading
[ 2025-01-09 16:36:53,590 ] 97 werkzeug - INFO -  * Detected change in 'c:\\Users\\ARUN KUMAR\\Downloads\\Diamond-Price-Prediction-with-DVC-Flask-Streamlit-main\\venv\\Lib\\site-packages\\scipy\\optimize\\_trustregion_constr\\qp_subproblem.py', reloading
[ 2025-01-09 16:36:53,596 ] 97 werkzeug - INFO -  * Detected change in 'c:\\users\\arun kumar\\downloads\\diamond-price-prediction-with-dvc-flask-streamlit-main\\venv\\Lib\\site-packages\\scipy\\optimize\\_trustregion_constr\\qp_subproblem.py', reloading
[ 2025-01-09 16:36:53,597 ] 97 werkzeug - INFO -  * Detected change in 'c:\\Users\\ARUN KUMAR\\Downloads\\Diamond-Price-Prediction-with-DVC-Flask-Streamlit-main\\venv\\Lib\\site-packages\\scipy\\optimize\\_trustregion_constr\\report.py', reloading
[ 2025-01-09 16:36:53,603 ] 97 werkzeug - INFO -  * Detected change in 'c:\\users\\arun kumar\\downloads\\diamond-price-prediction-with-dvc-flask-streamlit-main\\venv\\Lib\\site-packages\\scipy\\optimize\\_trustregion_constr\\report.py', reloading
[ 2025-01-09 16:36:53,646 ] 97 werkzeug - INFO -  * Detected change in 'c:\\users\\arun kumar\\downloads\\diamond-price-prediction-with-dvc-flask-streamlit-main\\venv\\Lib\\site-packages\\scipy\\optimize\\_trustregion_constr\\tests\\test_canonical_constraint.py', reloading
[ 2025-01-09 16:36:53,649 ] 97 werkzeug - INFO -  * Detected change in 'c:\\Users\\ARUN KUMAR\\Downloads\\Diamond-Price-Prediction-with-DVC-Flask-Streamlit-main\\venv\\Lib\\site-packages\\scipy\\optimize\\_trustregion_constr\\tests\\test_canonical_constraint.py', reloading
[ 2025-01-09 16:36:53,652 ] 97 werkzeug - INFO -  * Detected change in 'c:\\users\\arun kumar\\downloads\\diamond-price-prediction-with-dvc-flask-streamlit-main\\venv\\Lib\\site-packages\\scipy\\optimize\\_trustregion_constr\\tests\\test_nested_minimize.py', reloading
[ 2025-01-09 16:36:53,654 ] 97 werkzeug - INFO -  * Detected change in 'c:\\Users\\ARUN KUMAR\\Downloads\\Diamond-Price-Prediction-with-DVC-Flask-Streamlit-main\\venv\\Lib\\site-packages\\scipy\\optimize\\_trustregion_constr\\tests\\test_nested_minimize.py', reloading
[ 2025-01-09 16:36:53,654 ] 97 werkzeug - INFO -  * Detected change in 'c:\\users\\arun kumar\\downloads\\diamond-price-prediction-with-dvc-flask-streamlit-main\\venv\\Lib\\site-packages\\scipy\\optimize\\_trustregion_constr\\tests\\test_projections.py', reloading
[ 2025-01-09 16:36:53,659 ] 97 werkzeug - INFO -  * Detected change in 'c:\\Users\\ARUN KUMAR\\Downloads\\Diamond-Price-Prediction-with-DVC-Flask-Streamlit-main\\venv\\Lib\\site-packages\\scipy\\optimize\\_trustregion_constr\\tests\\test_projections.py', reloading
[ 2025-01-09 16:36:53,662 ] 97 werkzeug - INFO -  * Detected change in 'c:\\users\\arun kumar\\downloads\\diamond-price-prediction-with-dvc-flask-streamlit-main\\venv\\Lib\\site-packages\\scipy\\optimize\\_trustregion_constr\\tests\\test_qp_subproblem.py', reloading
[ 2025-01-09 16:36:53,667 ] 97 werkzeug - INFO -  * Detected change in 'c:\\users\\arun kumar\\downloads\\diamond-price-prediction-with-dvc-flask-streamlit-main\\venv\\Lib\\site-packages\\scipy\\optimize\\_trustregion_constr\\tests\\test_report.py', reloading
[ 2025-01-09 16:36:53,669 ] 97 werkzeug - INFO -  * Detected change in 'c:\\Users\\ARUN KUMAR\\Downloads\\Diamond-Price-Prediction-with-DVC-Flask-Streamlit-main\\venv\\Lib\\site-packages\\scipy\\optimize\\_trustregion_constr\\tests\\test_qp_subproblem.py', reloading
[ 2025-01-09 16:36:53,672 ] 97 werkzeug - INFO -  * Detected change in 'c:\\users\\arun kumar\\downloads\\diamond-price-prediction-with-dvc-flask-streamlit-main\\venv\\Lib\\site-packages\\scipy\\optimize\\_trustregion_constr\\tr_interior_point.py', reloading
[ 2025-01-09 16:36:53,674 ] 97 werkzeug - INFO -  * Detected change in 'c:\\Users\\ARUN KUMAR\\Downloads\\Diamond-Price-Prediction-with-DVC-Flask-Streamlit-main\\venv\\Lib\\site-packages\\scipy\\optimize\\_trustregion_constr\\tests\\test_report.py', reloading
[ 2025-01-09 16:36:53,679 ] 97 werkzeug - INFO -  * Detected change in 'c:\\Users\\ARUN KUMAR\\Downloads\\Diamond-Price-Prediction-with-DVC-Flask-Streamlit-main\\venv\\Lib\\site-packages\\scipy\\optimize\\_trustregion_constr\\tr_interior_point.py', reloading
[ 2025-01-09 16:36:53,679 ] 97 werkzeug - INFO -  * Detected change in 'c:\\users\\arun kumar\\downloads\\diamond-price-prediction-with-dvc-flask-streamlit-main\\venv\\Lib\\site-packages\\scipy\\optimize\\_trustregion_dogleg.py', reloading
[ 2025-01-09 16:36:53,684 ] 97 werkzeug - INFO -  * Detected change in 'c:\\Users\\ARUN KUMAR\\Downloads\\Diamond-Price-Prediction-with-DVC-Flask-Streamlit-main\\venv\\Lib\\site-packages\\scipy\\optimize\\_trustregion_dogleg.py', reloading
[ 2025-01-09 16:36:53,688 ] 97 werkzeug - INFO -  * Detected change in 'c:\\Users\\ARUN KUMAR\\Downloads\\Diamond-Price-Prediction-with-DVC-Flask-Streamlit-main\\venv\\Lib\\site-packages\\scipy\\optimize\\_trustregion_exact.py', reloading
[ 2025-01-09 16:36:53,691 ] 97 werkzeug - INFO -  * Detected change in 'c:\\users\\arun kumar\\downloads\\diamond-price-prediction-with-dvc-flask-streamlit-main\\venv\\Lib\\site-packages\\scipy\\optimize\\_trustregion_exact.py', reloading
[ 2025-01-09 16:36:53,691 ] 97 werkzeug - INFO -  * Detected change in 'c:\\Users\\ARUN KUMAR\\Downloads\\Diamond-Price-Prediction-with-DVC-Flask-Streamlit-main\\venv\\Lib\\site-packages\\scipy\\optimize\\_trustregion_krylov.py', reloading
[ 2025-01-09 16:36:53,697 ] 97 werkzeug - INFO -  * Detected change in 'c:\\users\\arun kumar\\downloads\\diamond-price-prediction-with-dvc-flask-streamlit-main\\venv\\Lib\\site-packages\\scipy\\optimize\\_trustregion_krylov.py', reloading
[ 2025-01-09 16:36:53,700 ] 97 werkzeug - INFO -  * Detected change in 'c:\\users\\arun kumar\\downloads\\diamond-price-prediction-with-dvc-flask-streamlit-main\\venv\\Lib\\site-packages\\scipy\\optimize\\_trustregion_ncg.py', reloading
[ 2025-01-09 16:36:53,703 ] 97 werkzeug - INFO -  * Detected change in 'c:\\users\\arun kumar\\downloads\\diamond-price-prediction-with-dvc-flask-streamlit-main\\venv\\Lib\\site-packages\\scipy\\optimize\\_tstutils.py', reloading
[ 2025-01-09 16:36:53,703 ] 97 werkzeug - INFO -  * Detected change in 'c:\\Users\\ARUN KUMAR\\Downloads\\Diamond-Price-Prediction-with-DVC-Flask-Streamlit-main\\venv\\Lib\\site-packages\\scipy\\optimize\\_trustregion_ncg.py', reloading
[ 2025-01-09 16:36:53,716 ] 97 werkzeug - INFO -  * Detected change in 'c:\\Users\\ARUN KUMAR\\Downloads\\Diamond-Price-Prediction-with-DVC-Flask-Streamlit-main\\venv\\Lib\\site-packages\\scipy\\optimize\\_tstutils.py', reloading
[ 2025-01-09 16:36:53,727 ] 97 werkzeug - INFO -  * Detected change in 'c:\\Users\\ARUN KUMAR\\Downloads\\Diamond-Price-Prediction-with-DVC-Flask-Streamlit-main\\venv\\Lib\\site-packages\\scipy\\optimize\\_zeros_py.py', reloading
[ 2025-01-09 16:36:53,731 ] 97 werkzeug - INFO -  * Detected change in 'c:\\users\\arun kumar\\downloads\\diamond-price-prediction-with-dvc-flask-streamlit-main\\venv\\Lib\\site-packages\\scipy\\optimize\\_zeros_py.py', reloading
[ 2025-01-09 16:36:53,735 ] 97 werkzeug - INFO -  * Detected change in 'c:\\Users\\ARUN KUMAR\\Downloads\\Diamond-Price-Prediction-with-DVC-Flask-Streamlit-main\\venv\\Lib\\site-packages\\scipy\\optimize\\cobyla.py', reloading
[ 2025-01-09 16:36:53,738 ] 97 werkzeug - INFO -  * Detected change in 'c:\\users\\arun kumar\\downloads\\diamond-price-prediction-with-dvc-flask-streamlit-main\\venv\\Lib\\site-packages\\scipy\\optimize\\cobyla.py', reloading
[ 2025-01-09 16:36:53,746 ] 97 werkzeug - INFO -  * Detected change in 'c:\\Users\\ARUN KUMAR\\Downloads\\Diamond-Price-Prediction-with-DVC-Flask-Streamlit-main\\venv\\Lib\\site-packages\\scipy\\optimize\\cython_optimize\\__init__.py', reloading
[ 2025-01-09 16:36:53,748 ] 97 werkzeug - INFO -  * Detected change in 'c:\\users\\arun kumar\\downloads\\diamond-price-prediction-with-dvc-flask-streamlit-main\\venv\\Lib\\site-packages\\scipy\\optimize\\cython_optimize\\__init__.py', reloading
[ 2025-01-09 16:36:53,786 ] 97 werkzeug - INFO -  * Detected change in 'c:\\users\\arun kumar\\downloads\\diamond-price-prediction-with-dvc-flask-streamlit-main\\venv\\Lib\\site-packages\\scipy\\optimize\\elementwise.py', reloading
[ 2025-01-09 16:36:53,786 ] 97 werkzeug - INFO -  * Detected change in 'c:\\Users\\ARUN KUMAR\\Downloads\\Diamond-Price-Prediction-with-DVC-Flask-Streamlit-main\\venv\\Lib\\site-packages\\scipy\\optimize\\elementwise.py', reloading
[ 2025-01-09 16:36:53,791 ] 97 werkzeug - INFO -  * Detected change in 'c:\\Users\\ARUN KUMAR\\Downloads\\Diamond-Price-Prediction-with-DVC-Flask-Streamlit-main\\venv\\Lib\\site-packages\\scipy\\optimize\\lbfgsb.py', reloading
[ 2025-01-09 16:36:53,791 ] 97 werkzeug - INFO -  * Detected change in 'c:\\users\\arun kumar\\downloads\\diamond-price-prediction-with-dvc-flask-streamlit-main\\venv\\Lib\\site-packages\\scipy\\optimize\\lbfgsb.py', reloading
[ 2025-01-09 16:36:53,800 ] 97 werkzeug - INFO -  * Detected change in 'c:\\Users\\ARUN KUMAR\\Downloads\\Diamond-Price-Prediction-with-DVC-Flask-Streamlit-main\\venv\\Lib\\site-packages\\scipy\\optimize\\linesearch.py', reloading
[ 2025-01-09 16:36:53,800 ] 97 werkzeug - INFO -  * Detected change in 'c:\\users\\arun kumar\\downloads\\diamond-price-prediction-with-dvc-flask-streamlit-main\\venv\\Lib\\site-packages\\scipy\\optimize\\linesearch.py', reloading
[ 2025-01-09 16:36:53,807 ] 97 werkzeug - INFO -  * Detected change in 'c:\\Users\\ARUN KUMAR\\Downloads\\Diamond-Price-Prediction-with-DVC-Flask-Streamlit-main\\venv\\Lib\\site-packages\\scipy\\optimize\\minpack.py', reloading
[ 2025-01-09 16:36:53,809 ] 97 werkzeug - INFO -  * Detected change in 'c:\\users\\arun kumar\\downloads\\diamond-price-prediction-with-dvc-flask-streamlit-main\\venv\\Lib\\site-packages\\scipy\\optimize\\minpack.py', reloading
[ 2025-01-09 16:36:53,814 ] 97 werkzeug - INFO -  * Detected change in 'c:\\users\\arun kumar\\downloads\\diamond-price-prediction-with-dvc-flask-streamlit-main\\venv\\Lib\\site-packages\\scipy\\optimize\\minpack2.py', reloading
[ 2025-01-09 16:36:53,816 ] 97 werkzeug - INFO -  * Detected change in 'c:\\Users\\ARUN KUMAR\\Downloads\\Diamond-Price-Prediction-with-DVC-Flask-Streamlit-main\\venv\\Lib\\site-packages\\scipy\\optimize\\minpack2.py', reloading
[ 2025-01-09 16:36:53,821 ] 97 werkzeug - INFO -  * Detected change in 'c:\\users\\arun kumar\\downloads\\diamond-price-prediction-with-dvc-flask-streamlit-main\\venv\\Lib\\site-packages\\scipy\\optimize\\moduleTNC.py', reloading
[ 2025-01-09 16:36:53,822 ] 97 werkzeug - INFO -  * Detected change in 'c:\\Users\\ARUN KUMAR\\Downloads\\Diamond-Price-Prediction-with-DVC-Flask-Streamlit-main\\venv\\Lib\\site-packages\\scipy\\optimize\\moduleTNC.py', reloading
[ 2025-01-09 16:36:53,827 ] 97 werkzeug - INFO -  * Detected change in 'c:\\Users\\ARUN KUMAR\\Downloads\\Diamond-Price-Prediction-with-DVC-Flask-Streamlit-main\\venv\\Lib\\site-packages\\scipy\\optimize\\nonlin.py', reloading
[ 2025-01-09 16:36:53,828 ] 97 werkzeug - INFO -  * Detected change in 'c:\\users\\arun kumar\\downloads\\diamond-price-prediction-with-dvc-flask-streamlit-main\\venv\\Lib\\site-packages\\scipy\\optimize\\nonlin.py', reloading
[ 2025-01-09 16:36:53,836 ] 97 werkzeug - INFO -  * Detected change in 'c:\\Users\\ARUN KUMAR\\Downloads\\Diamond-Price-Prediction-with-DVC-Flask-Streamlit-main\\venv\\Lib\\site-packages\\scipy\\optimize\\optimize.py', reloading
[ 2025-01-09 16:36:53,837 ] 97 werkzeug - INFO -  * Detected change in 'c:\\users\\arun kumar\\downloads\\diamond-price-prediction-with-dvc-flask-streamlit-main\\venv\\Lib\\site-packages\\scipy\\optimize\\optimize.py', reloading
[ 2025-01-09 16:36:53,842 ] 97 werkzeug - INFO -  * Detected change in 'c:\\users\\arun kumar\\downloads\\diamond-price-prediction-with-dvc-flask-streamlit-main\\venv\\Lib\\site-packages\\scipy\\optimize\\slsqp.py', reloading
[ 2025-01-09 16:36:53,843 ] 97 werkzeug - INFO -  * Detected change in 'c:\\Users\\ARUN KUMAR\\Downloads\\Diamond-Price-Prediction-with-DVC-Flask-Streamlit-main\\venv\\Lib\\site-packages\\scipy\\optimize\\slsqp.py', reloading
[ 2025-01-09 16:36:54,208 ] 97 werkzeug - INFO -  * Detected change in 'c:\\Users\\ARUN KUMAR\\Downloads\\Diamond-Price-Prediction-with-DVC-Flask-Streamlit-main\\venv\\Lib\\site-packages\\scipy\\optimize\\tests\\test__basinhopping.py', reloading
[ 2025-01-09 16:36:54,209 ] 97 werkzeug - INFO -  * Detected change in 'c:\\users\\arun kumar\\downloads\\diamond-price-prediction-with-dvc-flask-streamlit-main\\venv\\Lib\\site-packages\\scipy\\optimize\\tests\\test__basinhopping.py', reloading
[ 2025-01-09 16:36:54,216 ] 97 werkzeug - INFO -  * Detected change in 'c:\\users\\arun kumar\\downloads\\diamond-price-prediction-with-dvc-flask-streamlit-main\\venv\\Lib\\site-packages\\scipy\\optimize\\tests\\test__differential_evolution.py', reloading
[ 2025-01-09 16:36:54,216 ] 97 werkzeug - INFO -  * Detected change in 'c:\\Users\\ARUN KUMAR\\Downloads\\Diamond-Price-Prediction-with-DVC-Flask-Streamlit-main\\venv\\Lib\\site-packages\\scipy\\optimize\\tests\\test__differential_evolution.py', reloading
[ 2025-01-09 16:36:54,223 ] 97 werkzeug - INFO -  * Detected change in 'c:\\users\\arun kumar\\downloads\\diamond-price-prediction-with-dvc-flask-streamlit-main\\venv\\Lib\\site-packages\\scipy\\optimize\\tests\\test__dual_annealing.py', reloading
[ 2025-01-09 16:36:54,224 ] 97 werkzeug - INFO -  * Detected change in 'c:\\Users\\ARUN KUMAR\\Downloads\\Diamond-Price-Prediction-with-DVC-Flask-Streamlit-main\\venv\\Lib\\site-packages\\scipy\\optimize\\tests\\test__dual_annealing.py', reloading
[ 2025-01-09 16:36:54,228 ] 97 werkzeug - INFO -  * Detected change in 'c:\\users\\arun kumar\\downloads\\diamond-price-prediction-with-dvc-flask-streamlit-main\\venv\\Lib\\site-packages\\scipy\\optimize\\tests\\test__linprog_clean_inputs.py', reloading
[ 2025-01-09 16:36:54,231 ] 97 werkzeug - INFO -  * Detected change in 'c:\\Users\\ARUN KUMAR\\Downloads\\Diamond-Price-Prediction-with-DVC-Flask-Streamlit-main\\venv\\Lib\\site-packages\\scipy\\optimize\\tests\\test__linprog_clean_inputs.py', reloading
[ 2025-01-09 16:36:54,238 ] 97 werkzeug - INFO -  * Detected change in 'c:\\users\\arun kumar\\downloads\\diamond-price-prediction-with-dvc-flask-streamlit-main\\venv\\Lib\\site-packages\\scipy\\optimize\\tests\\test__numdiff.py', reloading
[ 2025-01-09 16:36:54,239 ] 97 werkzeug - INFO -  * Detected change in 'c:\\Users\\ARUN KUMAR\\Downloads\\Diamond-Price-Prediction-with-DVC-Flask-Streamlit-main\\venv\\Lib\\site-packages\\scipy\\optimize\\tests\\test__numdiff.py', reloading
[ 2025-01-09 16:36:54,239 ] 97 werkzeug - INFO -  * Detected change in 'c:\\users\\arun kumar\\downloads\\diamond-price-prediction-with-dvc-flask-streamlit-main\\venv\\Lib\\site-packages\\scipy\\optimize\\tests\\test__remove_redundancy.py', reloading
[ 2025-01-09 16:36:54,239 ] 97 werkzeug - INFO -  * Detected change in 'c:\\Users\\ARUN KUMAR\\Downloads\\Diamond-Price-Prediction-with-DVC-Flask-Streamlit-main\\venv\\Lib\\site-packages\\scipy\\optimize\\tests\\test__remove_redundancy.py', reloading
[ 2025-01-09 16:36:54,251 ] 97 werkzeug - INFO -  * Detected change in 'c:\\users\\arun kumar\\downloads\\diamond-price-prediction-with-dvc-flask-streamlit-main\\venv\\Lib\\site-packages\\scipy\\optimize\\tests\\test__root.py', reloading
[ 2025-01-09 16:36:54,253 ] 97 werkzeug - INFO -  * Detected change in 'c:\\Users\\ARUN KUMAR\\Downloads\\Diamond-Price-Prediction-with-DVC-Flask-Streamlit-main\\venv\\Lib\\site-packages\\scipy\\optimize\\tests\\test__root.py', reloading
[ 2025-01-09 16:36:54,259 ] 97 werkzeug - INFO -  * Detected change in 'c:\\users\\arun kumar\\downloads\\diamond-price-prediction-with-dvc-flask-streamlit-main\\venv\\Lib\\site-packages\\scipy\\optimize\\tests\\test__shgo.py', reloading
[ 2025-01-09 16:36:54,259 ] 97 werkzeug - INFO -  * Detected change in 'c:\\Users\\ARUN KUMAR\\Downloads\\Diamond-Price-Prediction-with-DVC-Flask-Streamlit-main\\venv\\Lib\\site-packages\\scipy\\optimize\\tests\\test__shgo.py', reloading
[ 2025-01-09 16:36:54,266 ] 97 werkzeug - INFO -  * Detected change in 'c:\\users\\arun kumar\\downloads\\diamond-price-prediction-with-dvc-flask-streamlit-main\\venv\\Lib\\site-packages\\scipy\\optimize\\tests\\test__spectral.py', reloading
[ 2025-01-09 16:36:54,267 ] 97 werkzeug - INFO -  * Detected change in 'c:\\Users\\ARUN KUMAR\\Downloads\\Diamond-Price-Prediction-with-DVC-Flask-Streamlit-main\\venv\\Lib\\site-packages\\scipy\\optimize\\tests\\test__spectral.py', reloading
[ 2025-01-09 16:36:54,272 ] 97 werkzeug - INFO -  * Detected change in 'c:\\Users\\ARUN KUMAR\\Downloads\\Diamond-Price-Prediction-with-DVC-Flask-Streamlit-main\\venv\\Lib\\site-packages\\scipy\\optimize\\tests\\test_bracket.py', reloading
[ 2025-01-09 16:36:54,272 ] 97 werkzeug - INFO -  * Detected change in 'c:\\users\\arun kumar\\downloads\\diamond-price-prediction-with-dvc-flask-streamlit-main\\venv\\Lib\\site-packages\\scipy\\optimize\\tests\\test_bracket.py', reloading
[ 2025-01-09 16:36:54,278 ] 97 werkzeug - INFO -  * Detected change in 'c:\\users\\arun kumar\\downloads\\diamond-price-prediction-with-dvc-flask-streamlit-main\\venv\\Lib\\site-packages\\scipy\\optimize\\tests\\test_chandrupatla.py', reloading
[ 2025-01-09 16:36:54,281 ] 97 werkzeug - INFO -  * Detected change in 'c:\\Users\\ARUN KUMAR\\Downloads\\Diamond-Price-Prediction-with-DVC-Flask-Streamlit-main\\venv\\Lib\\site-packages\\scipy\\optimize\\tests\\test_chandrupatla.py', reloading
[ 2025-01-09 16:36:54,285 ] 97 werkzeug - INFO -  * Detected change in 'c:\\users\\arun kumar\\downloads\\diamond-price-prediction-with-dvc-flask-streamlit-main\\venv\\Lib\\site-packages\\scipy\\optimize\\tests\\test_cobyla.py', reloading
[ 2025-01-09 16:36:54,287 ] 97 werkzeug - INFO -  * Detected change in 'c:\\users\\arun kumar\\downloads\\diamond-price-prediction-with-dvc-flask-streamlit-main\\venv\\Lib\\site-packages\\scipy\\optimize\\tests\\test_cobyqa.py', reloading
[ 2025-01-09 16:36:54,292 ] 97 werkzeug - INFO -  * Detected change in 'c:\\users\\arun kumar\\downloads\\diamond-price-prediction-with-dvc-flask-streamlit-main\\venv\\Lib\\site-packages\\scipy\\optimize\\tests\\test_constraint_conversion.py', reloading
[ 2025-01-09 16:36:54,292 ] 97 werkzeug - INFO -  * Detected change in 'c:\\Users\\ARUN KUMAR\\Downloads\\Diamond-Price-Prediction-with-DVC-Flask-Streamlit-main\\venv\\Lib\\site-packages\\scipy\\optimize\\tests\\test_cobyla.py', reloading
[ 2025-01-09 16:36:54,298 ] 97 werkzeug - INFO -  * Detected change in 'c:\\users\\arun kumar\\downloads\\diamond-price-prediction-with-dvc-flask-streamlit-main\\venv\\Lib\\site-packages\\scipy\\optimize\\tests\\test_constraints.py', reloading
[ 2025-01-09 16:36:54,300 ] 97 werkzeug - INFO -  * Detected change in 'c:\\Users\\ARUN KUMAR\\Downloads\\Diamond-Price-Prediction-with-DVC-Flask-Streamlit-main\\venv\\Lib\\site-packages\\scipy\\optimize\\tests\\test_cobyqa.py', reloading
[ 2025-01-09 16:36:54,305 ] 97 werkzeug - INFO -  * Detected change in 'c:\\users\\arun kumar\\downloads\\diamond-price-prediction-with-dvc-flask-streamlit-main\\venv\\Lib\\site-packages\\scipy\\optimize\\tests\\test_cython_optimize.py', reloading
[ 2025-01-09 16:36:54,309 ] 97 werkzeug - INFO -  * Detected change in 'c:\\Users\\ARUN KUMAR\\Downloads\\Diamond-Price-Prediction-with-DVC-Flask-Streamlit-main\\venv\\Lib\\site-packages\\scipy\\optimize\\tests\\test_constraint_conversion.py', reloading
[ 2025-01-09 16:36:54,311 ] 97 werkzeug - INFO -  * Detected change in 'c:\\Users\\ARUN KUMAR\\Downloads\\Diamond-Price-Prediction-with-DVC-Flask-Streamlit-main\\venv\\Lib\\site-packages\\scipy\\optimize\\tests\\test_constraints.py', reloading
