[ 2025-01-09 16:35:38,013 ] 97 werkzeug - WARNING -  * Debugger is active!
[ 2025-01-09 16:35:38,024 ] 97 werkzeug - INFO -  * Debugger PIN: 368-050-414
[ 2025-01-09 16:35:38,298 ] 97 werkzeug - INFO -  * Detected change in 'c:\\users\\arun kumar\\downloads\\diamond-price-prediction-with-dvc-flask-streamlit-main\\venv\\Lib\\site-packages\\numpy\\_core\\tests\\_locales.py', reloading
[ 2025-01-09 16:35:38,299 ] 97 werkzeug - INFO -  * Detected change in 'c:\\Users\\ARUN KUMAR\\Downloads\\Diamond-Price-Prediction-with-DVC-Flask-Streamlit-main\\venv\\Lib\\site-packages\\numpy\\_core\\tests\\_locales.py', reloading
[ 2025-01-09 16:35:38,305 ] 97 werkzeug - INFO -  * Detected change in 'c:\\users\\arun kumar\\downloads\\diamond-price-prediction-with-dvc-flask-streamlit-main\\venv\\Lib\\site-packages\\numpy\\_core\\tests\\_natype.py', reloading
[ 2025-01-09 16:35:38,306 ] 97 werkzeug - INFO -  * Detected change in 'c:\\Users\\ARUN KUMAR\\Downloads\\Diamond-Price-Prediction-with-DVC-Flask-Streamlit-main\\venv\\Lib\\site-packages\\numpy\\_core\\tests\\_natype.py', reloading
[ 2025-01-09 16:35:38,536 ] 97 werkzeug - INFO -  * Detected change in 'c:\\users\\arun kumar\\downloads\\diamond-price-prediction-with-dvc-flask-streamlit-main\\venv\\Lib\\site-packages\\numpy\\_core\\tests\\examples\\cython\\setup.py', reloading
[ 2025-01-09 16:35:38,540 ] 97 werkzeug - INFO -  * Detected change in 'c:\\Users\\ARUN KUMAR\\Downloads\\Diamond-Price-Prediction-with-DVC-Flask-Streamlit-main\\venv\\Lib\\site-packages\\numpy\\_core\\tests\\examples\\cython\\setup.py', reloading
[ 2025-01-09 16:35:38,582 ] 97 werkzeug - INFO -  * Detected change in 'c:\\users\\arun kumar\\downloads\\diamond-price-prediction-with-dvc-flask-streamlit-main\\venv\\Lib\\site-packages\\numpy\\_core\\tests\\examples\\limited_api\\setup.py', reloading
[ 2025-01-09 16:35:38,583 ] 97 werkzeug - INFO -  * Detected change in 'c:\\Users\\ARUN KUMAR\\Downloads\\Diamond-Price-Prediction-with-DVC-Flask-Streamlit-main\\venv\\Lib\\site-packages\\numpy\\_core\\tests\\examples\\limited_api\\setup.py', reloading
[ 2025-01-09 16:35:38,591 ] 97 werkzeug - INFO -  * Detected change in 'c:\\Users\\ARUN KUMAR\\Downloads\\Diamond-Price-Prediction-with-DVC-Flask-Streamlit-main\\venv\\Lib\\site-packages\\numpy\\_core\\tests\\test__exceptions.py', reloading
[ 2025-01-09 16:35:38,592 ] 97 werkzeug - INFO -  * Detected change in 'c:\\users\\arun kumar\\downloads\\diamond-price-prediction-with-dvc-flask-streamlit-main\\venv\\Lib\\site-packages\\numpy\\_core\\tests\\test__exceptions.py', reloading
[ 2025-01-09 16:35:38,595 ] 97 werkzeug - INFO -  * Detected change in 'c:\\Users\\ARUN KUMAR\\Downloads\\Diamond-Price-Prediction-with-DVC-Flask-Streamlit-main\\venv\\Lib\\site-packages\\numpy\\_core\\tests\\test_abc.py', reloading
[ 2025-01-09 16:35:38,602 ] 97 werkzeug - INFO -  * Detected change in 'c:\\users\\arun kumar\\downloads\\diamond-price-prediction-with-dvc-flask-streamlit-main\\venv\\Lib\\site-packages\\numpy\\_core\\tests\\test_abc.py', reloading
[ 2025-01-09 16:35:38,606 ] 97 werkzeug - INFO -  * Detected change in 'c:\\Users\\ARUN KUMAR\\Downloads\\Diamond-Price-Prediction-with-DVC-Flask-Streamlit-main\\venv\\Lib\\site-packages\\numpy\\_core\\tests\\test_api.py', reloading
[ 2025-01-09 16:35:38,610 ] 97 werkzeug - INFO -  * Detected change in 'c:\\users\\arun kumar\\downloads\\diamond-price-prediction-with-dvc-flask-streamlit-main\\venv\\Lib\\site-packages\\numpy\\_core\\tests\\test_api.py', reloading
[ 2025-01-09 16:35:38,620 ] 97 werkzeug - INFO -  * Detected change in 'c:\\users\\arun kumar\\downloads\\diamond-price-prediction-with-dvc-flask-streamlit-main\\venv\\Lib\\site-packages\\numpy\\_core\\tests\\test_argparse.py', reloading
[ 2025-01-09 16:35:38,626 ] 97 werkzeug - INFO -  * Detected change in 'c:\\Users\\ARUN KUMAR\\Downloads\\Diamond-Price-Prediction-with-DVC-Flask-Streamlit-main\\venv\\Lib\\site-packages\\numpy\\_core\\tests\\test_argparse.py', reloading
[ 2025-01-09 16:35:38,627 ] 97 werkzeug - INFO -  * Detected change in 'c:\\users\\arun kumar\\downloads\\diamond-price-prediction-with-dvc-flask-streamlit-main\\venv\\Lib\\site-packages\\numpy\\_core\\tests\\test_array_api_info.py', reloading
[ 2025-01-09 16:35:38,631 ] 97 werkzeug - INFO -  * Detected change in 'c:\\Users\\ARUN KUMAR\\Downloads\\Diamond-Price-Prediction-with-DVC-Flask-Streamlit-main\\venv\\Lib\\site-packages\\numpy\\_core\\tests\\test_array_api_info.py', reloading
[ 2025-01-09 16:35:38,638 ] 97 werkzeug - INFO -  * Detected change in 'c:\\Users\\ARUN KUMAR\\Downloads\\Diamond-Price-Prediction-with-DVC-Flask-Streamlit-main\\venv\\Lib\\site-packages\\numpy\\_core\\tests\\test_array_coercion.py', reloading
[ 2025-01-09 16:35:38,639 ] 97 werkzeug - INFO -  * Detected change in 'c:\\users\\arun kumar\\downloads\\diamond-price-prediction-with-dvc-flask-streamlit-main\\venv\\Lib\\site-packages\\numpy\\_core\\tests\\test_array_coercion.py', reloading
[ 2025-01-09 16:35:38,643 ] 97 werkzeug - INFO -  * Detected change in 'c:\\users\\arun kumar\\downloads\\diamond-price-prediction-with-dvc-flask-streamlit-main\\venv\\Lib\\site-packages\\numpy\\_core\\tests\\test_array_interface.py', reloading
[ 2025-01-09 16:35:38,645 ] 97 werkzeug - INFO -  * Detected change in 'c:\\Users\\ARUN KUMAR\\Downloads\\Diamond-Price-Prediction-with-DVC-Flask-Streamlit-main\\venv\\Lib\\site-packages\\numpy\\_core\\tests\\test_array_interface.py', reloading
[ 2025-01-09 16:35:38,649 ] 97 werkzeug - INFO -  * Detected change in 'c:\\users\\arun kumar\\downloads\\diamond-price-prediction-with-dvc-flask-streamlit-main\\venv\\Lib\\site-packages\\numpy\\_core\\tests\\test_arraymethod.py', reloading
[ 2025-01-09 16:35:38,652 ] 97 werkzeug - INFO -  * Detected change in 'c:\\Users\\ARUN KUMAR\\Downloads\\Diamond-Price-Prediction-with-DVC-Flask-Streamlit-main\\venv\\Lib\\site-packages\\numpy\\_core\\tests\\test_arraymethod.py', reloading
[ 2025-01-09 16:35:38,656 ] 97 werkzeug - INFO -  * Detected change in 'c:\\users\\arun kumar\\downloads\\diamond-price-prediction-with-dvc-flask-streamlit-main\\venv\\Lib\\site-packages\\numpy\\_core\\tests\\test_arrayobject.py', reloading
[ 2025-01-09 16:35:38,656 ] 97 werkzeug - INFO -  * Detected change in 'c:\\Users\\ARUN KUMAR\\Downloads\\Diamond-Price-Prediction-with-DVC-Flask-Streamlit-main\\venv\\Lib\\site-packages\\numpy\\_core\\tests\\test_arrayobject.py', reloading
[ 2025-01-09 16:35:38,661 ] 97 werkzeug - INFO -  * Detected change in 'c:\\users\\arun kumar\\downloads\\diamond-price-prediction-with-dvc-flask-streamlit-main\\venv\\Lib\\site-packages\\numpy\\_core\\tests\\test_arrayprint.py', reloading
[ 2025-01-09 16:35:38,661 ] 97 werkzeug - INFO -  * Detected change in 'c:\\Users\\ARUN KUMAR\\Downloads\\Diamond-Price-Prediction-with-DVC-Flask-Streamlit-main\\venv\\Lib\\site-packages\\numpy\\_core\\tests\\test_arrayprint.py', reloading
[ 2025-01-09 16:35:38,667 ] 97 werkzeug - INFO -  * Detected change in 'c:\\users\\arun kumar\\downloads\\diamond-price-prediction-with-dvc-flask-streamlit-main\\venv\\Lib\\site-packages\\numpy\\_core\\tests\\test_casting_floatingpoint_errors.py', reloading
[ 2025-01-09 16:35:38,673 ] 97 werkzeug - INFO -  * Detected change in 'c:\\Users\\ARUN KUMAR\\Downloads\\Diamond-Price-Prediction-with-DVC-Flask-Streamlit-main\\venv\\Lib\\site-packages\\numpy\\_core\\tests\\test_casting_floatingpoint_errors.py', reloading
[ 2025-01-09 16:35:38,676 ] 97 werkzeug - INFO -  * Detected change in 'c:\\Users\\ARUN KUMAR\\Downloads\\Diamond-Price-Prediction-with-DVC-Flask-Streamlit-main\\venv\\Lib\\site-packages\\numpy\\_core\\tests\\test_casting_unittests.py', reloading
[ 2025-01-09 16:35:38,676 ] 97 werkzeug - INFO -  * Detected change in 'c:\\users\\arun kumar\\downloads\\diamond-price-prediction-with-dvc-flask-streamlit-main\\venv\\Lib\\site-packages\\numpy\\_core\\tests\\test_casting_unittests.py', reloading
[ 2025-01-09 16:35:38,682 ] 97 werkzeug - INFO -  * Detected change in 'c:\\Users\\ARUN KUMAR\\Downloads\\Diamond-Price-Prediction-with-DVC-Flask-Streamlit-main\\venv\\Lib\\site-packages\\numpy\\_core\\tests\\test_conversion_utils.py', reloading
[ 2025-01-09 16:35:38,684 ] 97 werkzeug - INFO -  * Detected change in 'c:\\users\\arun kumar\\downloads\\diamond-price-prediction-with-dvc-flask-streamlit-main\\venv\\Lib\\site-packages\\numpy\\_core\\tests\\test_conversion_utils.py', reloading
[ 2025-01-09 16:35:38,688 ] 97 werkzeug - INFO -  * Detected change in 'c:\\users\\arun kumar\\downloads\\diamond-price-prediction-with-dvc-flask-streamlit-main\\venv\\Lib\\site-packages\\numpy\\_core\\tests\\test_cpu_dispatcher.py', reloading
[ 2025-01-09 16:35:38,692 ] 97 werkzeug - INFO -  * Detected change in 'c:\\users\\arun kumar\\downloads\\diamond-price-prediction-with-dvc-flask-streamlit-main\\venv\\Lib\\site-packages\\numpy\\_core\\tests\\test_cpu_features.py', reloading
[ 2025-01-09 16:35:38,692 ] 97 werkzeug - INFO -  * Detected change in 'c:\\Users\\ARUN KUMAR\\Downloads\\Diamond-Price-Prediction-with-DVC-Flask-Streamlit-main\\venv\\Lib\\site-packages\\numpy\\_core\\tests\\test_cpu_dispatcher.py', reloading
[ 2025-01-09 16:35:38,698 ] 97 werkzeug - INFO -  * Detected change in 'c:\\Users\\ARUN KUMAR\\Downloads\\Diamond-Price-Prediction-with-DVC-Flask-Streamlit-main\\venv\\Lib\\site-packages\\numpy\\_core\\tests\\test_cpu_features.py', reloading
[ 2025-01-09 16:35:38,698 ] 97 werkzeug - INFO -  * Detected change in 'c:\\users\\arun kumar\\downloads\\diamond-price-prediction-with-dvc-flask-streamlit-main\\venv\\Lib\\site-packages\\numpy\\_core\\tests\\test_custom_dtypes.py', reloading
[ 2025-01-09 16:35:38,703 ] 97 werkzeug - INFO -  * Detected change in 'c:\\Users\\ARUN KUMAR\\Downloads\\Diamond-Price-Prediction-with-DVC-Flask-Streamlit-main\\venv\\Lib\\site-packages\\numpy\\_core\\tests\\test_custom_dtypes.py', reloading
[ 2025-01-09 16:35:38,705 ] 97 werkzeug - INFO -  * Detected change in 'c:\\users\\arun kumar\\downloads\\diamond-price-prediction-with-dvc-flask-streamlit-main\\venv\\Lib\\site-packages\\numpy\\_core\\tests\\test_cython.py', reloading
[ 2025-01-09 16:35:38,707 ] 97 werkzeug - INFO -  * Detected change in 'c:\\Users\\ARUN KUMAR\\Downloads\\Diamond-Price-Prediction-with-DVC-Flask-Streamlit-main\\venv\\Lib\\site-packages\\numpy\\_core\\tests\\test_cython.py', reloading
[ 2025-01-09 16:35:38,713 ] 97 werkzeug - INFO -  * Detected change in 'c:\\users\\arun kumar\\downloads\\diamond-price-prediction-with-dvc-flask-streamlit-main\\venv\\Lib\\site-packages\\numpy\\_core\\tests\\test_datetime.py', reloading
[ 2025-01-09 16:35:38,714 ] 97 werkzeug - INFO -  * Detected change in 'c:\\Users\\ARUN KUMAR\\Downloads\\Diamond-Price-Prediction-with-DVC-Flask-Streamlit-main\\venv\\Lib\\site-packages\\numpy\\_core\\tests\\test_datetime.py', reloading
[ 2025-01-09 16:35:38,719 ] 97 werkzeug - INFO -  * Detected change in 'c:\\users\\arun kumar\\downloads\\diamond-price-prediction-with-dvc-flask-streamlit-main\\venv\\Lib\\site-packages\\numpy\\_core\\tests\\test_defchararray.py', reloading
[ 2025-01-09 16:35:38,721 ] 97 werkzeug - INFO -  * Detected change in 'c:\\Users\\ARUN KUMAR\\Downloads\\Diamond-Price-Prediction-with-DVC-Flask-Streamlit-main\\venv\\Lib\\site-packages\\numpy\\_core\\tests\\test_defchararray.py', reloading
[ 2025-01-09 16:35:38,724 ] 97 werkzeug - INFO -  * Detected change in 'c:\\Users\\ARUN KUMAR\\Downloads\\Diamond-Price-Prediction-with-DVC-Flask-Streamlit-main\\venv\\Lib\\site-packages\\numpy\\_core\\tests\\test_deprecations.py', reloading
[ 2025-01-09 16:35:38,726 ] 97 werkzeug - INFO -  * Detected change in 'c:\\users\\arun kumar\\downloads\\diamond-price-prediction-with-dvc-flask-streamlit-main\\venv\\Lib\\site-packages\\numpy\\_core\\tests\\test_deprecations.py', reloading
[ 2025-01-09 16:35:38,730 ] 97 werkzeug - INFO -  * Detected change in 'c:\\Users\\ARUN KUMAR\\Downloads\\Diamond-Price-Prediction-with-DVC-Flask-Streamlit-main\\venv\\Lib\\site-packages\\numpy\\_core\\tests\\test_dlpack.py', reloading
[ 2025-01-09 16:35:38,730 ] 97 werkzeug - INFO -  * Detected change in 'c:\\users\\arun kumar\\downloads\\diamond-price-prediction-with-dvc-flask-streamlit-main\\venv\\Lib\\site-packages\\numpy\\_core\\tests\\test_dlpack.py', reloading
[ 2025-01-09 16:35:38,738 ] 97 werkzeug - INFO -  * Detected change in 'c:\\Users\\ARUN KUMAR\\Downloads\\Diamond-Price-Prediction-with-DVC-Flask-Streamlit-main\\venv\\Lib\\site-packages\\numpy\\_core\\tests\\test_dtype.py', reloading
[ 2025-01-09 16:35:38,739 ] 97 werkzeug - INFO -  * Detected change in 'c:\\users\\arun kumar\\downloads\\diamond-price-prediction-with-dvc-flask-streamlit-main\\venv\\Lib\\site-packages\\numpy\\_core\\tests\\test_dtype.py', reloading
[ 2025-01-09 16:35:38,744 ] 97 werkzeug - INFO -  * Detected change in 'c:\\Users\\ARUN KUMAR\\Downloads\\Diamond-Price-Prediction-with-DVC-Flask-Streamlit-main\\venv\\Lib\\site-packages\\numpy\\_core\\tests\\test_einsum.py', reloading
[ 2025-01-09 16:35:38,745 ] 97 werkzeug - INFO -  * Detected change in 'c:\\users\\arun kumar\\downloads\\diamond-price-prediction-with-dvc-flask-streamlit-main\\venv\\Lib\\site-packages\\numpy\\_core\\tests\\test_einsum.py', reloading
[ 2025-01-09 16:35:38,750 ] 97 werkzeug - INFO -  * Detected change in 'c:\\users\\arun kumar\\downloads\\diamond-price-prediction-with-dvc-flask-streamlit-main\\venv\\Lib\\site-packages\\numpy\\_core\\tests\\test_errstate.py', reloading
[ 2025-01-09 16:35:38,752 ] 97 werkzeug - INFO -  * Detected change in 'c:\\Users\\ARUN KUMAR\\Downloads\\Diamond-Price-Prediction-with-DVC-Flask-Streamlit-main\\venv\\Lib\\site-packages\\numpy\\_core\\tests\\test_errstate.py', reloading
[ 2025-01-09 16:35:38,756 ] 97 werkzeug - INFO -  * Detected change in 'c:\\Users\\ARUN KUMAR\\Downloads\\Diamond-Price-Prediction-with-DVC-Flask-Streamlit-main\\venv\\Lib\\site-packages\\numpy\\_core\\tests\\test_extint128.py', reloading
[ 2025-01-09 16:35:38,756 ] 97 werkzeug - INFO -  * Detected change in 'c:\\users\\arun kumar\\downloads\\diamond-price-prediction-with-dvc-flask-streamlit-main\\venv\\Lib\\site-packages\\numpy\\_core\\tests\\test_extint128.py', reloading
[ 2025-01-09 16:35:38,761 ] 97 werkzeug - INFO -  * Detected change in 'c:\\users\\arun kumar\\downloads\\diamond-price-prediction-with-dvc-flask-streamlit-main\\venv\\Lib\\site-packages\\numpy\\_core\\tests\\test_function_base.py', reloading
[ 2025-01-09 16:35:38,763 ] 97 werkzeug - INFO -  * Detected change in 'c:\\Users\\ARUN KUMAR\\Downloads\\Diamond-Price-Prediction-with-DVC-Flask-Streamlit-main\\venv\\Lib\\site-packages\\numpy\\_core\\tests\\test_function_base.py', reloading
[ 2025-01-09 16:35:38,769 ] 97 werkzeug - INFO -  * Detected change in 'c:\\users\\arun kumar\\downloads\\diamond-price-prediction-with-dvc-flask-streamlit-main\\venv\\Lib\\site-packages\\numpy\\_core\\tests\\test_getlimits.py', reloading
[ 2025-01-09 16:35:38,770 ] 97 werkzeug - INFO -  * Detected change in 'c:\\Users\\ARUN KUMAR\\Downloads\\Diamond-Price-Prediction-with-DVC-Flask-Streamlit-main\\venv\\Lib\\site-packages\\numpy\\_core\\tests\\test_getlimits.py', reloading
[ 2025-01-09 16:35:38,774 ] 97 werkzeug - INFO -  * Detected change in 'c:\\Users\\ARUN KUMAR\\Downloads\\Diamond-Price-Prediction-with-DVC-Flask-Streamlit-main\\venv\\Lib\\site-packages\\numpy\\_core\\tests\\test_half.py', reloading
[ 2025-01-09 16:35:38,775 ] 97 werkzeug - INFO -  * Detected change in 'c:\\users\\arun kumar\\downloads\\diamond-price-prediction-with-dvc-flask-streamlit-main\\venv\\Lib\\site-packages\\numpy\\_core\\tests\\test_half.py', reloading
[ 2025-01-09 16:35:38,779 ] 97 werkzeug - INFO -  * Detected change in 'c:\\Users\\ARUN KUMAR\\Downloads\\Diamond-Price-Prediction-with-DVC-Flask-Streamlit-main\\venv\\Lib\\site-packages\\numpy\\_core\\tests\\test_hashtable.py', reloading
[ 2025-01-09 16:35:38,780 ] 97 werkzeug - INFO -  * Detected change in 'c:\\users\\arun kumar\\downloads\\diamond-price-prediction-with-dvc-flask-streamlit-main\\venv\\Lib\\site-packages\\numpy\\_core\\tests\\test_hashtable.py', reloading
[ 2025-01-09 16:35:38,786 ] 97 werkzeug - INFO -  * Detected change in 'c:\\Users\\ARUN KUMAR\\Downloads\\Diamond-Price-Prediction-with-DVC-Flask-Streamlit-main\\venv\\Lib\\site-packages\\numpy\\_core\\tests\\test_indexerrors.py', reloading
[ 2025-01-09 16:35:38,786 ] 97 werkzeug - INFO -  * Detected change in 'c:\\users\\arun kumar\\downloads\\diamond-price-prediction-with-dvc-flask-streamlit-main\\venv\\Lib\\site-packages\\numpy\\_core\\tests\\test_indexerrors.py', reloading
[ 2025-01-09 16:35:38,790 ] 97 werkzeug - INFO -  * Detected change in 'c:\\users\\arun kumar\\downloads\\diamond-price-prediction-with-dvc-flask-streamlit-main\\venv\\Lib\\site-packages\\numpy\\_core\\tests\\test_indexing.py', reloading
[ 2025-01-09 16:35:38,793 ] 97 werkzeug - INFO -  * Detected change in 'c:\\Users\\ARUN KUMAR\\Downloads\\Diamond-Price-Prediction-with-DVC-Flask-Streamlit-main\\venv\\Lib\\site-packages\\numpy\\_core\\tests\\test_indexing.py', reloading
[ 2025-01-09 16:35:38,796 ] 97 werkzeug - INFO -  * Detected change in 'c:\\users\\arun kumar\\downloads\\diamond-price-prediction-with-dvc-flask-streamlit-main\\venv\\Lib\\site-packages\\numpy\\_core\\tests\\test_item_selection.py', reloading
[ 2025-01-09 16:35:38,796 ] 97 werkzeug - INFO -  * Detected change in 'c:\\Users\\ARUN KUMAR\\Downloads\\Diamond-Price-Prediction-with-DVC-Flask-Streamlit-main\\venv\\Lib\\site-packages\\numpy\\_core\\tests\\test_item_selection.py', reloading
[ 2025-01-09 16:35:38,803 ] 97 werkzeug - INFO -  * Detected change in 'c:\\users\\arun kumar\\downloads\\diamond-price-prediction-with-dvc-flask-streamlit-main\\venv\\Lib\\site-packages\\numpy\\_core\\tests\\test_limited_api.py', reloading
[ 2025-01-09 16:35:38,803 ] 97 werkzeug - INFO -  * Detected change in 'c:\\Users\\ARUN KUMAR\\Downloads\\Diamond-Price-Prediction-with-DVC-Flask-Streamlit-main\\venv\\Lib\\site-packages\\numpy\\_core\\tests\\test_limited_api.py', reloading
[ 2025-01-09 16:35:38,807 ] 97 werkzeug - INFO -  * Detected change in 'c:\\Users\\ARUN KUMAR\\Downloads\\Diamond-Price-Prediction-with-DVC-Flask-Streamlit-main\\venv\\Lib\\site-packages\\numpy\\_core\\tests\\test_longdouble.py', reloading
[ 2025-01-09 16:35:38,808 ] 97 werkzeug - INFO -  * Detected change in 'c:\\users\\arun kumar\\downloads\\diamond-price-prediction-with-dvc-flask-streamlit-main\\venv\\Lib\\site-packages\\numpy\\_core\\tests\\test_longdouble.py', reloading
[ 2025-01-09 16:35:38,808 ] 97 werkzeug - INFO -  * Detected change in 'c:\\Users\\ARUN KUMAR\\Downloads\\Diamond-Price-Prediction-with-DVC-Flask-Streamlit-main\\venv\\Lib\\site-packages\\numpy\\_core\\tests\\test_machar.py', reloading
[ 2025-01-09 16:35:38,808 ] 97 werkzeug - INFO -  * Detected change in 'c:\\users\\arun kumar\\downloads\\diamond-price-prediction-with-dvc-flask-streamlit-main\\venv\\Lib\\site-packages\\numpy\\_core\\tests\\test_machar.py', reloading
[ 2025-01-09 16:35:38,818 ] 97 werkzeug - INFO -  * Detected change in 'c:\\users\\arun kumar\\downloads\\diamond-price-prediction-with-dvc-flask-streamlit-main\\venv\\Lib\\site-packages\\numpy\\_core\\tests\\test_mem_overlap.py', reloading
[ 2025-01-09 16:35:38,820 ] 97 werkzeug - INFO -  * Detected change in 'c:\\Users\\ARUN KUMAR\\Downloads\\Diamond-Price-Prediction-with-DVC-Flask-Streamlit-main\\venv\\Lib\\site-packages\\numpy\\_core\\tests\\test_mem_overlap.py', reloading
[ 2025-01-09 16:35:38,823 ] 97 werkzeug - INFO -  * Detected change in 'c:\\users\\arun kumar\\downloads\\diamond-price-prediction-with-dvc-flask-streamlit-main\\venv\\Lib\\site-packages\\numpy\\_core\\tests\\test_mem_policy.py', reloading
[ 2025-01-09 16:35:38,824 ] 97 werkzeug - INFO -  * Detected change in 'c:\\Users\\ARUN KUMAR\\Downloads\\Diamond-Price-Prediction-with-DVC-Flask-Streamlit-main\\venv\\Lib\\site-packages\\numpy\\_core\\tests\\test_mem_policy.py', reloading
[ 2025-01-09 16:35:38,828 ] 97 werkzeug - INFO -  * Detected change in 'c:\\users\\arun kumar\\downloads\\diamond-price-prediction-with-dvc-flask-streamlit-main\\venv\\Lib\\site-packages\\numpy\\_core\\tests\\test_memmap.py', reloading
[ 2025-01-09 16:35:38,829 ] 97 werkzeug - INFO -  * Detected change in 'c:\\Users\\ARUN KUMAR\\Downloads\\Diamond-Price-Prediction-with-DVC-Flask-Streamlit-main\\venv\\Lib\\site-packages\\numpy\\_core\\tests\\test_memmap.py', reloading
[ 2025-01-09 16:35:38,847 ] 97 werkzeug - INFO -  * Detected change in 'c:\\users\\arun kumar\\downloads\\diamond-price-prediction-with-dvc-flask-streamlit-main\\venv\\Lib\\site-packages\\numpy\\_core\\tests\\test_multiarray.py', reloading
[ 2025-01-09 16:35:38,847 ] 97 werkzeug - INFO -  * Detected change in 'c:\\Users\\ARUN KUMAR\\Downloads\\Diamond-Price-Prediction-with-DVC-Flask-Streamlit-main\\venv\\Lib\\site-packages\\numpy\\_core\\tests\\test_multiarray.py', reloading
[ 2025-01-09 16:35:38,854 ] 97 werkzeug - INFO -  * Detected change in 'c:\\users\\arun kumar\\downloads\\diamond-price-prediction-with-dvc-flask-streamlit-main\\venv\\Lib\\site-packages\\numpy\\_core\\tests\\test_multithreading.py', reloading
[ 2025-01-09 16:35:38,854 ] 97 werkzeug - INFO -  * Detected change in 'c:\\Users\\ARUN KUMAR\\Downloads\\Diamond-Price-Prediction-with-DVC-Flask-Streamlit-main\\venv\\Lib\\site-packages\\numpy\\_core\\tests\\test_multithreading.py', reloading
[ 2025-01-09 16:35:38,864 ] 97 werkzeug - INFO -  * Detected change in 'c:\\users\\arun kumar\\downloads\\diamond-price-prediction-with-dvc-flask-streamlit-main\\venv\\Lib\\site-packages\\numpy\\_core\\tests\\test_nditer.py', reloading
[ 2025-01-09 16:35:38,864 ] 97 werkzeug - INFO -  * Detected change in 'c:\\Users\\ARUN KUMAR\\Downloads\\Diamond-Price-Prediction-with-DVC-Flask-Streamlit-main\\venv\\Lib\\site-packages\\numpy\\_core\\tests\\test_nditer.py', reloading
[ 2025-01-09 16:35:38,871 ] 97 werkzeug - INFO -  * Detected change in 'c:\\users\\arun kumar\\downloads\\diamond-price-prediction-with-dvc-flask-streamlit-main\\venv\\Lib\\site-packages\\numpy\\_core\\tests\\test_nep50_promotions.py', reloading
[ 2025-01-09 16:35:38,873 ] 97 werkzeug - INFO -  * Detected change in 'c:\\Users\\ARUN KUMAR\\Downloads\\Diamond-Price-Prediction-with-DVC-Flask-Streamlit-main\\venv\\Lib\\site-packages\\numpy\\_core\\tests\\test_nep50_promotions.py', reloading
[ 2025-01-09 16:35:38,885 ] 97 werkzeug - INFO -  * Detected change in 'c:\\users\\arun kumar\\downloads\\diamond-price-prediction-with-dvc-flask-streamlit-main\\venv\\Lib\\site-packages\\numpy\\_core\\tests\\test_numeric.py', reloading
[ 2025-01-09 16:35:38,886 ] 97 werkzeug - INFO -  * Detected change in 'c:\\Users\\ARUN KUMAR\\Downloads\\Diamond-Price-Prediction-with-DVC-Flask-Streamlit-main\\venv\\Lib\\site-packages\\numpy\\_core\\tests\\test_numeric.py', reloading
[ 2025-01-09 16:35:38,891 ] 97 werkzeug - INFO -  * Detected change in 'c:\\users\\arun kumar\\downloads\\diamond-price-prediction-with-dvc-flask-streamlit-main\\venv\\Lib\\site-packages\\numpy\\_core\\tests\\test_numerictypes.py', reloading
[ 2025-01-09 16:35:38,891 ] 97 werkzeug - INFO -  * Detected change in 'c:\\Users\\ARUN KUMAR\\Downloads\\Diamond-Price-Prediction-with-DVC-Flask-Streamlit-main\\venv\\Lib\\site-packages\\numpy\\_core\\tests\\test_numerictypes.py', reloading
[ 2025-01-09 16:35:38,895 ] 97 werkzeug - INFO -  * Detected change in 'c:\\users\\arun kumar\\downloads\\diamond-price-prediction-with-dvc-flask-streamlit-main\\venv\\Lib\\site-packages\\numpy\\_core\\tests\\test_overrides.py', reloading
[ 2025-01-09 16:35:38,895 ] 97 werkzeug - INFO -  * Detected change in 'c:\\Users\\ARUN KUMAR\\Downloads\\Diamond-Price-Prediction-with-DVC-Flask-Streamlit-main\\venv\\Lib\\site-packages\\numpy\\_core\\tests\\test_overrides.py', reloading
[ 2025-01-09 16:35:38,902 ] 97 werkzeug - INFO -  * Detected change in 'c:\\Users\\ARUN KUMAR\\Downloads\\Diamond-Price-Prediction-with-DVC-Flask-Streamlit-main\\venv\\Lib\\site-packages\\numpy\\_core\\tests\\test_print.py', reloading
[ 2025-01-09 16:35:38,903 ] 97 werkzeug - INFO -  * Detected change in 'c:\\users\\arun kumar\\downloads\\diamond-price-prediction-with-dvc-flask-streamlit-main\\venv\\Lib\\site-packages\\numpy\\_core\\tests\\test_print.py', reloading
[ 2025-01-09 16:35:38,904 ] 97 werkzeug - INFO -  * Detected change in 'c:\\Users\\ARUN KUMAR\\Downloads\\Diamond-Price-Prediction-with-DVC-Flask-Streamlit-main\\venv\\Lib\\site-packages\\numpy\\_core\\tests\\test_protocols.py', reloading
[ 2025-01-09 16:35:38,908 ] 97 werkzeug - INFO -  * Detected change in 'c:\\users\\arun kumar\\downloads\\diamond-price-prediction-with-dvc-flask-streamlit-main\\venv\\Lib\\site-packages\\numpy\\_core\\tests\\test_protocols.py', reloading
[ 2025-01-09 16:35:38,913 ] 97 werkzeug - INFO -  * Detected change in 'c:\\Users\\ARUN KUMAR\\Downloads\\Diamond-Price-Prediction-with-DVC-Flask-Streamlit-main\\venv\\Lib\\site-packages\\numpy\\_core\\tests\\test_records.py', reloading
[ 2025-01-09 16:35:38,914 ] 97 werkzeug - INFO -  * Detected change in 'c:\\users\\arun kumar\\downloads\\diamond-price-prediction-with-dvc-flask-streamlit-main\\venv\\Lib\\site-packages\\numpy\\_core\\tests\\test_records.py', reloading
[ 2025-01-09 16:35:38,924 ] 97 werkzeug - INFO -  * Detected change in 'c:\\Users\\ARUN KUMAR\\Downloads\\Diamond-Price-Prediction-with-DVC-Flask-Streamlit-main\\venv\\Lib\\site-packages\\numpy\\_core\\tests\\test_regression.py', reloading
[ 2025-01-09 16:35:38,925 ] 97 werkzeug - INFO -  * Detected change in 'c:\\users\\arun kumar\\downloads\\diamond-price-prediction-with-dvc-flask-streamlit-main\\venv\\Lib\\site-packages\\numpy\\_core\\tests\\test_regression.py', reloading
[ 2025-01-09 16:35:38,929 ] 97 werkzeug - INFO -  * Detected change in 'c:\\Users\\ARUN KUMAR\\Downloads\\Diamond-Price-Prediction-with-DVC-Flask-Streamlit-main\\venv\\Lib\\site-packages\\numpy\\_core\\tests\\test_scalar_ctors.py', reloading
[ 2025-01-09 16:35:38,930 ] 97 werkzeug - INFO -  * Detected change in 'c:\\users\\arun kumar\\downloads\\diamond-price-prediction-with-dvc-flask-streamlit-main\\venv\\Lib\\site-packages\\numpy\\_core\\tests\\test_scalar_ctors.py', reloading
[ 2025-01-09 16:35:38,936 ] 97 werkzeug - INFO -  * Detected change in 'c:\\users\\arun kumar\\downloads\\diamond-price-prediction-with-dvc-flask-streamlit-main\\venv\\Lib\\site-packages\\numpy\\_core\\tests\\test_scalar_methods.py', reloading
[ 2025-01-09 16:35:38,936 ] 97 werkzeug - INFO -  * Detected change in 'c:\\Users\\ARUN KUMAR\\Downloads\\Diamond-Price-Prediction-with-DVC-Flask-Streamlit-main\\venv\\Lib\\site-packages\\numpy\\_core\\tests\\test_scalar_methods.py', reloading
[ 2025-01-09 16:35:38,941 ] 97 werkzeug - INFO -  * Detected change in 'c:\\Users\\ARUN KUMAR\\Downloads\\Diamond-Price-Prediction-with-DVC-Flask-Streamlit-main\\venv\\Lib\\site-packages\\numpy\\_core\\tests\\test_scalarbuffer.py', reloading
[ 2025-01-09 16:35:38,942 ] 97 werkzeug - INFO -  * Detected change in 'c:\\users\\arun kumar\\downloads\\diamond-price-prediction-with-dvc-flask-streamlit-main\\venv\\Lib\\site-packages\\numpy\\_core\\tests\\test_scalarbuffer.py', reloading
[ 2025-01-09 16:35:38,945 ] 97 werkzeug - INFO -  * Detected change in 'c:\\Users\\ARUN KUMAR\\Downloads\\Diamond-Price-Prediction-with-DVC-Flask-Streamlit-main\\venv\\Lib\\site-packages\\numpy\\_core\\tests\\test_scalarinherit.py', reloading
[ 2025-01-09 16:35:38,947 ] 97 werkzeug - INFO -  * Detected change in 'c:\\users\\arun kumar\\downloads\\diamond-price-prediction-with-dvc-flask-streamlit-main\\venv\\Lib\\site-packages\\numpy\\_core\\tests\\test_scalarinherit.py', reloading
[ 2025-01-09 16:35:38,953 ] 97 werkzeug - INFO -  * Detected change in 'c:\\Users\\ARUN KUMAR\\Downloads\\Diamond-Price-Prediction-with-DVC-Flask-Streamlit-main\\venv\\Lib\\site-packages\\numpy\\_core\\tests\\test_scalarmath.py', reloading
[ 2025-01-09 16:35:38,954 ] 97 werkzeug - INFO -  * Detected change in 'c:\\users\\arun kumar\\downloads\\diamond-price-prediction-with-dvc-flask-streamlit-main\\venv\\Lib\\site-packages\\numpy\\_core\\tests\\test_scalarmath.py', reloading
[ 2025-01-09 16:35:38,958 ] 97 werkzeug - INFO -  * Detected change in 'c:\\users\\arun kumar\\downloads\\diamond-price-prediction-with-dvc-flask-streamlit-main\\venv\\Lib\\site-packages\\numpy\\_core\\tests\\test_scalarprint.py', reloading
[ 2025-01-09 16:35:38,958 ] 97 werkzeug - INFO -  * Detected change in 'c:\\Users\\ARUN KUMAR\\Downloads\\Diamond-Price-Prediction-with-DVC-Flask-Streamlit-main\\venv\\Lib\\site-packages\\numpy\\_core\\tests\\test_scalarprint.py', reloading
[ 2025-01-09 16:35:38,964 ] 97 werkzeug - INFO -  * Detected change in 'c:\\Users\\ARUN KUMAR\\Downloads\\Diamond-Price-Prediction-with-DVC-Flask-Streamlit-main\\venv\\Lib\\site-packages\\numpy\\_core\\tests\\test_shape_base.py', reloading
[ 2025-01-09 16:35:38,965 ] 97 werkzeug - INFO -  * Detected change in 'c:\\users\\arun kumar\\downloads\\diamond-price-prediction-with-dvc-flask-streamlit-main\\venv\\Lib\\site-packages\\numpy\\_core\\tests\\test_shape_base.py', reloading
[ 2025-01-09 16:35:38,971 ] 97 werkzeug - INFO -  * Detected change in 'c:\\Users\\ARUN KUMAR\\Downloads\\Diamond-Price-Prediction-with-DVC-Flask-Streamlit-main\\venv\\Lib\\site-packages\\numpy\\_core\\tests\\test_simd.py', reloading
[ 2025-01-09 16:35:38,972 ] 97 werkzeug - INFO -  * Detected change in 'c:\\users\\arun kumar\\downloads\\diamond-price-prediction-with-dvc-flask-streamlit-main\\venv\\Lib\\site-packages\\numpy\\_core\\tests\\test_simd.py', reloading
[ 2025-01-09 16:35:38,976 ] 97 werkzeug - INFO -  * Detected change in 'c:\\Users\\ARUN KUMAR\\Downloads\\Diamond-Price-Prediction-with-DVC-Flask-Streamlit-main\\venv\\Lib\\site-packages\\numpy\\_core\\tests\\test_simd_module.py', reloading
[ 2025-01-09 16:35:38,977 ] 97 werkzeug - INFO -  * Detected change in 'c:\\users\\arun kumar\\downloads\\diamond-price-prediction-with-dvc-flask-streamlit-main\\venv\\Lib\\site-packages\\numpy\\_core\\tests\\test_simd_module.py', reloading
[ 2025-01-09 16:35:38,982 ] 97 werkzeug - INFO -  * Detected change in 'c:\\users\\arun kumar\\downloads\\diamond-price-prediction-with-dvc-flask-streamlit-main\\venv\\Lib\\site-packages\\numpy\\_core\\tests\\test_stringdtype.py', reloading
[ 2025-01-09 16:35:38,986 ] 97 werkzeug - INFO -  * Detected change in 'c:\\Users\\ARUN KUMAR\\Downloads\\Diamond-Price-Prediction-with-DVC-Flask-Streamlit-main\\venv\\Lib\\site-packages\\numpy\\_core\\tests\\test_stringdtype.py', reloading
[ 2025-01-09 16:35:38,992 ] 97 werkzeug - INFO -  * Detected change in 'c:\\users\\arun kumar\\downloads\\diamond-price-prediction-with-dvc-flask-streamlit-main\\venv\\Lib\\site-packages\\numpy\\_core\\tests\\test_strings.py', reloading
[ 2025-01-09 16:35:38,992 ] 97 werkzeug - INFO -  * Detected change in 'c:\\Users\\ARUN KUMAR\\Downloads\\Diamond-Price-Prediction-with-DVC-Flask-Streamlit-main\\venv\\Lib\\site-packages\\numpy\\_core\\tests\\test_strings.py', reloading
[ 2025-01-09 16:35:39,010 ] 97 werkzeug - INFO -  * Detected change in 'c:\\Users\\ARUN KUMAR\\Downloads\\Diamond-Price-Prediction-with-DVC-Flask-Streamlit-main\\venv\\Lib\\site-packages\\numpy\\_core\\tests\\test_ufunc.py', reloading
[ 2025-01-09 16:35:39,012 ] 97 werkzeug - INFO -  * Detected change in 'c:\\users\\arun kumar\\downloads\\diamond-price-prediction-with-dvc-flask-streamlit-main\\venv\\Lib\\site-packages\\numpy\\_core\\tests\\test_ufunc.py', reloading
[ 2025-01-09 16:35:39,023 ] 97 werkzeug - INFO -  * Detected change in 'c:\\users\\arun kumar\\downloads\\diamond-price-prediction-with-dvc-flask-streamlit-main\\venv\\Lib\\site-packages\\numpy\\_core\\tests\\test_umath.py', reloading
[ 2025-01-09 16:35:39,023 ] 97 werkzeug - INFO -  * Detected change in 'c:\\Users\\ARUN KUMAR\\Downloads\\Diamond-Price-Prediction-with-DVC-Flask-Streamlit-main\\venv\\Lib\\site-packages\\numpy\\_core\\tests\\test_umath.py', reloading
[ 2025-01-09 16:35:39,027 ] 97 werkzeug - INFO -  * Detected change in 'c:\\users\\arun kumar\\downloads\\diamond-price-prediction-with-dvc-flask-streamlit-main\\venv\\Lib\\site-packages\\numpy\\_core\\tests\\test_umath_accuracy.py', reloading
[ 2025-01-09 16:35:39,030 ] 97 werkzeug - INFO -  * Detected change in 'c:\\Users\\ARUN KUMAR\\Downloads\\Diamond-Price-Prediction-with-DVC-Flask-Streamlit-main\\venv\\Lib\\site-packages\\numpy\\_core\\tests\\test_umath_accuracy.py', reloading
[ 2025-01-09 16:35:39,036 ] 97 werkzeug - INFO -  * Detected change in 'c:\\Users\\ARUN KUMAR\\Downloads\\Diamond-Price-Prediction-with-DVC-Flask-Streamlit-main\\venv\\Lib\\site-packages\\numpy\\_core\\tests\\test_umath_complex.py', reloading
[ 2025-01-09 16:35:39,037 ] 97 werkzeug - INFO -  * Detected change in 'c:\\users\\arun kumar\\downloads\\diamond-price-prediction-with-dvc-flask-streamlit-main\\venv\\Lib\\site-packages\\numpy\\_core\\tests\\test_umath_complex.py', reloading
[ 2025-01-09 16:35:39,041 ] 97 werkzeug - INFO -  * Detected change in 'c:\\Users\\ARUN KUMAR\\Downloads\\Diamond-Price-Prediction-with-DVC-Flask-Streamlit-main\\venv\\Lib\\site-packages\\numpy\\_core\\tests\\test_unicode.py', reloading
[ 2025-01-09 16:35:39,041 ] 97 werkzeug - INFO -  * Detected change in 'c:\\users\\arun kumar\\downloads\\diamond-price-prediction-with-dvc-flask-streamlit-main\\venv\\Lib\\site-packages\\numpy\\_core\\tests\\test_unicode.py', reloading
[ 2025-01-09 16:35:39,046 ] 97 werkzeug - INFO -  * Detected change in 'c:\\Users\\ARUN KUMAR\\Downloads\\Diamond-Price-Prediction-with-DVC-Flask-Streamlit-main\\venv\\Lib\\site-packages\\numpy\\_core\\umath.py', reloading
[ 2025-01-09 16:35:39,046 ] 97 werkzeug - INFO -  * Detected change in 'c:\\users\\arun kumar\\downloads\\diamond-price-prediction-with-dvc-flask-streamlit-main\\venv\\Lib\\site-packages\\numpy\\_core\\umath.py', reloading
[ 2025-01-09 16:35:39,053 ] 97 werkzeug - INFO -  * Detected change in 'c:\\Users\\ARUN KUMAR\\Downloads\\Diamond-Price-Prediction-with-DVC-Flask-Streamlit-main\\venv\\Lib\\site-packages\\numpy\\_distributor_init.py', reloading
[ 2025-01-09 16:35:39,053 ] 97 werkzeug - INFO -  * Detected change in 'c:\\users\\arun kumar\\downloads\\diamond-price-prediction-with-dvc-flask-streamlit-main\\venv\\Lib\\site-packages\\numpy\\_distributor_init.py', reloading
[ 2025-01-09 16:35:39,058 ] 97 werkzeug - INFO -  * Detected change in 'c:\\users\\arun kumar\\downloads\\diamond-price-prediction-with-dvc-flask-streamlit-main\\venv\\Lib\\site-packages\\numpy\\_expired_attrs_2_0.py', reloading
[ 2025-01-09 16:35:39,059 ] 97 werkzeug - INFO -  * Detected change in 'c:\\Users\\ARUN KUMAR\\Downloads\\Diamond-Price-Prediction-with-DVC-Flask-Streamlit-main\\venv\\Lib\\site-packages\\numpy\\_expired_attrs_2_0.py', reloading
[ 2025-01-09 16:35:39,063 ] 97 werkzeug - INFO -  * Detected change in 'c:\\users\\arun kumar\\downloads\\diamond-price-prediction-with-dvc-flask-streamlit-main\\venv\\Lib\\site-packages\\numpy\\_globals.py', reloading
[ 2025-01-09 16:35:39,064 ] 97 werkzeug - INFO -  * Detected change in 'c:\\Users\\ARUN KUMAR\\Downloads\\Diamond-Price-Prediction-with-DVC-Flask-Streamlit-main\\venv\\Lib\\site-packages\\numpy\\_globals.py', reloading
[ 2025-01-09 16:35:39,078 ] 97 werkzeug - INFO -  * Detected change in 'c:\\Users\\ARUN KUMAR\\Downloads\\Diamond-Price-Prediction-with-DVC-Flask-Streamlit-main\\venv\\Lib\\site-packages\\numpy\\_pyinstaller\\hook-numpy.py', reloading
[ 2025-01-09 16:35:39,087 ] 97 werkzeug - INFO -  * Detected change in 'c:\\users\\arun kumar\\downloads\\diamond-price-prediction-with-dvc-flask-streamlit-main\\venv\\Lib\\site-packages\\numpy\\_pyinstaller\\hook-numpy.py', reloading
[ 2025-01-09 16:35:39,088 ] 97 werkzeug - INFO -  * Detected change in 'c:\\Users\\ARUN KUMAR\\Downloads\\Diamond-Price-Prediction-with-DVC-Flask-Streamlit-main\\venv\\Lib\\site-packages\\numpy\\_pyinstaller\\tests\\__init__.py', reloading
[ 2025-01-09 16:35:39,090 ] 97 werkzeug - INFO -  * Detected change in 'c:\\users\\arun kumar\\downloads\\diamond-price-prediction-with-dvc-flask-streamlit-main\\venv\\Lib\\site-packages\\numpy\\_pyinstaller\\tests\\__init__.py', reloading
[ 2025-01-09 16:35:39,114 ] 97 werkzeug - INFO -  * Detected change in 'c:\\Users\\ARUN KUMAR\\Downloads\\Diamond-Price-Prediction-with-DVC-Flask-Streamlit-main\\venv\\Lib\\site-packages\\numpy\\_pyinstaller\\tests\\pyinstaller-smoke.py', reloading
