[ 2025-01-09 16:39:52,813 ] 97 werkzeug - WARNING -  * Debugger is active!
[ 2025-01-09 16:39:52,836 ] 97 werkzeug - INFO -  * Debugger PIN: 368-050-414
[ 2025-01-09 16:39:56,093 ] 97 werkzeug - INFO -  * Detected change in 'c:\\Users\\ARUN KUMAR\\Downloads\\Diamond-Price-Prediction-with-DVC-Flask-Streamlit-main\\venv\\Lib\\site-packages\\matplotlib\\backends\\backend_qt5agg.py', reloading
[ 2025-01-09 16:39:56,093 ] 97 werkzeug - INFO -  * Detected change in 'c:\\users\\arun kumar\\downloads\\diamond-price-prediction-with-dvc-flask-streamlit-main\\venv\\Lib\\site-packages\\matplotlib\\backends\\backend_qt5agg.py', reloading
[ 2025-01-09 16:39:56,156 ] 97 werkzeug - INFO -  * Detected change in 'c:\\Users\\ARUN KUMAR\\Downloads\\Diamond-Price-Prediction-with-DVC-Flask-Streamlit-main\\venv\\Lib\\site-packages\\matplotlib\\backends\\backend_qt5cairo.py', reloading
[ 2025-01-09 16:39:56,158 ] 97 werkzeug - INFO -  * Detected change in 'c:\\users\\arun kumar\\downloads\\diamond-price-prediction-with-dvc-flask-streamlit-main\\venv\\Lib\\site-packages\\matplotlib\\backends\\backend_qt5cairo.py', reloading
[ 2025-01-09 16:39:56,187 ] 97 werkzeug - INFO -  * Detected change in 'c:\\Users\\ARUN KUMAR\\Downloads\\Diamond-Price-Prediction-with-DVC-Flask-Streamlit-main\\venv\\Lib\\site-packages\\matplotlib\\backends\\backend_qtagg.py', reloading
[ 2025-01-09 16:39:56,188 ] 97 werkzeug - INFO -  * Detected change in 'c:\\users\\arun kumar\\downloads\\diamond-price-prediction-with-dvc-flask-streamlit-main\\venv\\Lib\\site-packages\\matplotlib\\backends\\backend_qtagg.py', reloading
[ 2025-01-09 16:39:56,225 ] 97 werkzeug - INFO -  * Detected change in 'c:\\Users\\ARUN KUMAR\\Downloads\\Diamond-Price-Prediction-with-DVC-Flask-Streamlit-main\\venv\\Lib\\site-packages\\matplotlib\\backends\\backend_qtcairo.py', reloading
[ 2025-01-09 16:39:56,225 ] 97 werkzeug - INFO -  * Detected change in 'c:\\users\\arun kumar\\downloads\\diamond-price-prediction-with-dvc-flask-streamlit-main\\venv\\Lib\\site-packages\\matplotlib\\backends\\backend_qtcairo.py', reloading
[ 2025-01-09 16:39:56,278 ] 97 werkzeug - INFO -  * Detected change in 'c:\\Users\\ARUN KUMAR\\Downloads\\Diamond-Price-Prediction-with-DVC-Flask-Streamlit-main\\venv\\Lib\\site-packages\\matplotlib\\backends\\backend_svg.py', reloading
[ 2025-01-09 16:39:56,278 ] 97 werkzeug - INFO -  * Detected change in 'c:\\users\\arun kumar\\downloads\\diamond-price-prediction-with-dvc-flask-streamlit-main\\venv\\Lib\\site-packages\\matplotlib\\backends\\backend_svg.py', reloading
[ 2025-01-09 16:39:56,326 ] 97 werkzeug - INFO -  * Detected change in 'c:\\Users\\ARUN KUMAR\\Downloads\\Diamond-Price-Prediction-with-DVC-Flask-Streamlit-main\\venv\\Lib\\site-packages\\matplotlib\\backends\\backend_template.py', reloading
[ 2025-01-09 16:39:56,326 ] 97 werkzeug - INFO -  * Detected change in 'c:\\users\\arun kumar\\downloads\\diamond-price-prediction-with-dvc-flask-streamlit-main\\venv\\Lib\\site-packages\\matplotlib\\backends\\backend_template.py', reloading
[ 2025-01-09 16:39:56,330 ] 97 werkzeug - INFO -  * Detected change in 'c:\\Users\\ARUN KUMAR\\Downloads\\Diamond-Price-Prediction-with-DVC-Flask-Streamlit-main\\venv\\Lib\\site-packages\\matplotlib\\backends\\backend_tkagg.py', reloading
[ 2025-01-09 16:39:56,330 ] 97 werkzeug - INFO -  * Detected change in 'c:\\users\\arun kumar\\downloads\\diamond-price-prediction-with-dvc-flask-streamlit-main\\venv\\Lib\\site-packages\\matplotlib\\backends\\backend_tkagg.py', reloading
[ 2025-01-09 16:39:56,362 ] 97 werkzeug - INFO -  * Detected change in 'c:\\Users\\ARUN KUMAR\\Downloads\\Diamond-Price-Prediction-with-DVC-Flask-Streamlit-main\\venv\\Lib\\site-packages\\matplotlib\\backends\\backend_tkcairo.py', reloading
[ 2025-01-09 16:39:56,362 ] 97 werkzeug - INFO -  * Detected change in 'c:\\users\\arun kumar\\downloads\\diamond-price-prediction-with-dvc-flask-streamlit-main\\venv\\Lib\\site-packages\\matplotlib\\backends\\backend_tkcairo.py', reloading
[ 2025-01-09 16:39:56,362 ] 97 werkzeug - INFO -  * Detected change in 'c:\\Users\\ARUN KUMAR\\Downloads\\Diamond-Price-Prediction-with-DVC-Flask-Streamlit-main\\venv\\Lib\\site-packages\\matplotlib\\backends\\backend_webagg.py', reloading
[ 2025-01-09 16:39:56,369 ] 97 werkzeug - INFO -  * Detected change in 'c:\\users\\arun kumar\\downloads\\diamond-price-prediction-with-dvc-flask-streamlit-main\\venv\\Lib\\site-packages\\matplotlib\\backends\\backend_webagg.py', reloading
[ 2025-01-09 16:39:56,370 ] 97 werkzeug - INFO -  * Detected change in 'c:\\Users\\ARUN KUMAR\\Downloads\\Diamond-Price-Prediction-with-DVC-Flask-Streamlit-main\\venv\\Lib\\site-packages\\matplotlib\\backends\\backend_webagg_core.py', reloading
[ 2025-01-09 16:39:56,373 ] 97 werkzeug - INFO -  * Detected change in 'c:\\users\\arun kumar\\downloads\\diamond-price-prediction-with-dvc-flask-streamlit-main\\venv\\Lib\\site-packages\\matplotlib\\backends\\backend_webagg_core.py', reloading
[ 2025-01-09 16:39:56,394 ] 97 werkzeug - INFO -  * Detected change in 'c:\\users\\arun kumar\\downloads\\diamond-price-prediction-with-dvc-flask-streamlit-main\\venv\\Lib\\site-packages\\matplotlib\\bezier.py', reloading
[ 2025-01-09 16:39:56,394 ] 97 werkzeug - INFO -  * Detected change in 'c:\\Users\\ARUN KUMAR\\Downloads\\Diamond-Price-Prediction-with-DVC-Flask-Streamlit-main\\venv\\Lib\\site-packages\\matplotlib\\bezier.py', reloading
[ 2025-01-09 16:39:56,433 ] 97 werkzeug - INFO -  * Detected change in 'c:\\Users\\ARUN KUMAR\\Downloads\\Diamond-Price-Prediction-with-DVC-Flask-Streamlit-main\\venv\\Lib\\site-packages\\matplotlib\\category.py', reloading
[ 2025-01-09 16:39:56,433 ] 97 werkzeug - INFO -  * Detected change in 'c:\\users\\arun kumar\\downloads\\diamond-price-prediction-with-dvc-flask-streamlit-main\\venv\\Lib\\site-packages\\matplotlib\\category.py', reloading
[ 2025-01-09 16:39:56,480 ] 97 werkzeug - INFO -  * Detected change in 'c:\\Users\\ARUN KUMAR\\Downloads\\Diamond-Price-Prediction-with-DVC-Flask-Streamlit-main\\venv\\Lib\\site-packages\\matplotlib\\cbook.py', reloading
[ 2025-01-09 16:39:56,480 ] 97 werkzeug - INFO -  * Detected change in 'c:\\users\\arun kumar\\downloads\\diamond-price-prediction-with-dvc-flask-streamlit-main\\venv\\Lib\\site-packages\\matplotlib\\cbook.py', reloading
[ 2025-01-09 16:39:56,488 ] 97 werkzeug - INFO -  * Detected change in 'c:\\users\\arun kumar\\downloads\\diamond-price-prediction-with-dvc-flask-streamlit-main\\venv\\Lib\\site-packages\\matplotlib\\cm.py', reloading
[ 2025-01-09 16:39:56,489 ] 97 werkzeug - INFO -  * Detected change in 'c:\\Users\\ARUN KUMAR\\Downloads\\Diamond-Price-Prediction-with-DVC-Flask-Streamlit-main\\venv\\Lib\\site-packages\\matplotlib\\cm.py', reloading
[ 2025-01-09 16:39:56,694 ] 97 werkzeug - INFO -  * Detected change in 'c:\\Users\\ARUN KUMAR\\Downloads\\Diamond-Price-Prediction-with-DVC-Flask-Streamlit-main\\venv\\Lib\\site-packages\\matplotlib\\collections.py', reloading
[ 2025-01-09 16:39:56,694 ] 97 werkzeug - INFO -  * Detected change in 'c:\\users\\arun kumar\\downloads\\diamond-price-prediction-with-dvc-flask-streamlit-main\\venv\\Lib\\site-packages\\matplotlib\\collections.py', reloading
[ 2025-01-09 16:39:56,775 ] 97 werkzeug - INFO -  * Detected change in 'c:\\Users\\ARUN KUMAR\\Downloads\\Diamond-Price-Prediction-with-DVC-Flask-Streamlit-main\\venv\\Lib\\site-packages\\matplotlib\\colorbar.py', reloading
[ 2025-01-09 16:39:56,776 ] 97 werkzeug - INFO -  * Detected change in 'c:\\users\\arun kumar\\downloads\\diamond-price-prediction-with-dvc-flask-streamlit-main\\venv\\Lib\\site-packages\\matplotlib\\colorbar.py', reloading
[ 2025-01-09 16:39:56,780 ] 97 werkzeug - INFO -  * Detected change in 'C:\\Users\\ARUN KUMAR\\Desktop\\Lib\\site-packages\\tensorflow\\python\\util\\tf_inspect.py', reloading
[ 2025-01-09 16:39:56,843 ] 97 werkzeug - INFO -  * Detected change in 'C:\\Users\\ARUN KUMAR\\Desktop\\Lib\\site-packages\\tensorflow\\python\\util\\module_wrapper.py', reloading
[ 2025-01-09 16:39:56,861 ] 97 werkzeug - INFO -  * Detected change in 'c:\\Users\\ARUN KUMAR\\Downloads\\Diamond-Price-Prediction-with-DVC-Flask-Streamlit-main\\venv\\Lib\\site-packages\\matplotlib\\colorizer.py', reloading
[ 2025-01-09 16:39:56,862 ] 97 werkzeug - INFO -  * Detected change in 'c:\\users\\arun kumar\\downloads\\diamond-price-prediction-with-dvc-flask-streamlit-main\\venv\\Lib\\site-packages\\matplotlib\\colorizer.py', reloading
[ 2025-01-09 16:39:56,882 ] 97 werkzeug - INFO -  * Detected change in 'c:\\Users\\ARUN KUMAR\\Downloads\\Diamond-Price-Prediction-with-DVC-Flask-Streamlit-main\\venv\\Lib\\site-packages\\matplotlib\\colors.py', reloading
[ 2025-01-09 16:39:56,883 ] 97 werkzeug - INFO -  * Detected change in 'c:\\users\\arun kumar\\downloads\\diamond-price-prediction-with-dvc-flask-streamlit-main\\venv\\Lib\\site-packages\\matplotlib\\colors.py', reloading
[ 2025-01-09 16:39:56,912 ] 97 werkzeug - INFO -  * Detected change in 'c:\\Users\\ARUN KUMAR\\Downloads\\Diamond-Price-Prediction-with-DVC-Flask-Streamlit-main\\venv\\Lib\\site-packages\\matplotlib\\container.py', reloading
[ 2025-01-09 16:39:56,913 ] 97 werkzeug - INFO -  * Detected change in 'c:\\users\\arun kumar\\downloads\\diamond-price-prediction-with-dvc-flask-streamlit-main\\venv\\Lib\\site-packages\\matplotlib\\container.py', reloading
[ 2025-01-09 16:39:56,931 ] 97 werkzeug - INFO -  * Detected change in 'c:\\users\\arun kumar\\downloads\\diamond-price-prediction-with-dvc-flask-streamlit-main\\venv\\Lib\\site-packages\\matplotlib\\contour.py', reloading
[ 2025-01-09 16:39:56,931 ] 97 werkzeug - INFO -  * Detected change in 'c:\\Users\\ARUN KUMAR\\Downloads\\Diamond-Price-Prediction-with-DVC-Flask-Streamlit-main\\venv\\Lib\\site-packages\\matplotlib\\contour.py', reloading
[ 2025-01-09 16:39:56,953 ] 97 werkzeug - INFO -  * Detected change in 'c:\\users\\arun kumar\\downloads\\diamond-price-prediction-with-dvc-flask-streamlit-main\\venv\\Lib\\site-packages\\matplotlib\\dates.py', reloading
[ 2025-01-09 16:39:56,953 ] 97 werkzeug - INFO -  * Detected change in 'c:\\Users\\ARUN KUMAR\\Downloads\\Diamond-Price-Prediction-with-DVC-Flask-Streamlit-main\\venv\\Lib\\site-packages\\matplotlib\\dates.py', reloading
[ 2025-01-09 16:39:56,968 ] 97 werkzeug - INFO -  * Detected change in 'c:\\users\\arun kumar\\downloads\\diamond-price-prediction-with-dvc-flask-streamlit-main\\venv\\Lib\\site-packages\\matplotlib\\dviread.py', reloading
[ 2025-01-09 16:39:56,969 ] 97 werkzeug - INFO -  * Detected change in 'c:\\Users\\ARUN KUMAR\\Downloads\\Diamond-Price-Prediction-with-DVC-Flask-Streamlit-main\\venv\\Lib\\site-packages\\matplotlib\\dviread.py', reloading
[ 2025-01-09 16:39:56,991 ] 97 werkzeug - INFO -  * Detected change in 'c:\\Users\\ARUN KUMAR\\Downloads\\Diamond-Price-Prediction-with-DVC-Flask-Streamlit-main\\venv\\Lib\\site-packages\\matplotlib\\figure.py', reloading
[ 2025-01-09 16:39:56,992 ] 97 werkzeug - INFO -  * Detected change in 'c:\\users\\arun kumar\\downloads\\diamond-price-prediction-with-dvc-flask-streamlit-main\\venv\\Lib\\site-packages\\matplotlib\\figure.py', reloading
