[ 2025-01-09 17:10:08,166 ] 97 werkzeug - WARNING -  * Debugger is active!
[ 2025-01-09 17:10:08,173 ] 97 werkzeug - INFO -  * Debugger PIN: 368-050-414
[ 2025-01-09 17:10:08,260 ] 97 werkzeug - INFO -  * Detected change in 'c:\\Users\\ARUN KUMAR\\Downloads\\Diamond-Price-Prediction-with-DVC-Flask-Streamlit-main\\venv\\Lib\\site-packages\\pandas\\tests\\indexing\\multiindex\\test_chaining_and_caching.py', reloading
[ 2025-01-09 17:10:08,262 ] 97 werkzeug - INFO -  * Detected change in 'c:\\users\\arun kumar\\downloads\\diamond-price-prediction-with-dvc-flask-streamlit-main\\venv\\Lib\\site-packages\\pandas\\tests\\indexing\\multiindex\\test_chaining_and_caching.py', reloading
[ 2025-01-09 17:10:08,266 ] 97 werkzeug - INFO -  * Detected change in 'c:\\users\\arun kumar\\downloads\\diamond-price-prediction-with-dvc-flask-streamlit-main\\venv\\Lib\\site-packages\\pandas\\tests\\indexing\\multiindex\\test_datetime.py', reloading
[ 2025-01-09 17:10:08,267 ] 97 werkzeug - INFO -  * Detected change in 'c:\\Users\\ARUN KUMAR\\Downloads\\Diamond-Price-Prediction-with-DVC-Flask-Streamlit-main\\venv\\Lib\\site-packages\\pandas\\tests\\indexing\\multiindex\\test_datetime.py', reloading
[ 2025-01-09 17:10:08,270 ] 97 werkzeug - INFO -  * Detected change in 'c:\\users\\arun kumar\\downloads\\diamond-price-prediction-with-dvc-flask-streamlit-main\\venv\\Lib\\site-packages\\pandas\\tests\\indexing\\multiindex\\test_getitem.py', reloading
[ 2025-01-09 17:10:08,271 ] 97 werkzeug - INFO -  * Detected change in 'c:\\Users\\ARUN KUMAR\\Downloads\\Diamond-Price-Prediction-with-DVC-Flask-Streamlit-main\\venv\\Lib\\site-packages\\pandas\\tests\\indexing\\multiindex\\test_getitem.py', reloading
[ 2025-01-09 17:10:08,278 ] 97 werkzeug - INFO -  * Detected change in 'c:\\users\\arun kumar\\downloads\\diamond-price-prediction-with-dvc-flask-streamlit-main\\venv\\Lib\\site-packages\\pandas\\tests\\indexing\\multiindex\\test_iloc.py', reloading
[ 2025-01-09 17:10:08,279 ] 97 werkzeug - INFO -  * Detected change in 'c:\\Users\\ARUN KUMAR\\Downloads\\Diamond-Price-Prediction-with-DVC-Flask-Streamlit-main\\venv\\Lib\\site-packages\\pandas\\tests\\indexing\\multiindex\\test_iloc.py', reloading
[ 2025-01-09 17:10:08,284 ] 97 werkzeug - INFO -  * Detected change in 'c:\\Users\\ARUN KUMAR\\Downloads\\Diamond-Price-Prediction-with-DVC-Flask-Streamlit-main\\venv\\Lib\\site-packages\\pandas\\tests\\indexing\\multiindex\\test_indexing_slow.py', reloading
[ 2025-01-09 17:10:08,285 ] 97 werkzeug - INFO -  * Detected change in 'c:\\users\\arun kumar\\downloads\\diamond-price-prediction-with-dvc-flask-streamlit-main\\venv\\Lib\\site-packages\\pandas\\tests\\indexing\\multiindex\\test_indexing_slow.py', reloading
[ 2025-01-09 17:10:08,289 ] 97 werkzeug - INFO -  * Detected change in 'c:\\Users\\ARUN KUMAR\\Downloads\\Diamond-Price-Prediction-with-DVC-Flask-Streamlit-main\\venv\\Lib\\site-packages\\pandas\\tests\\indexing\\multiindex\\test_loc.py', reloading
[ 2025-01-09 17:10:08,293 ] 97 werkzeug - INFO -  * Detected change in 'c:\\users\\arun kumar\\downloads\\diamond-price-prediction-with-dvc-flask-streamlit-main\\venv\\Lib\\site-packages\\pandas\\tests\\indexing\\multiindex\\test_loc.py', reloading
[ 2025-01-09 17:10:08,294 ] 97 werkzeug - INFO -  * Detected change in 'c:\\Users\\ARUN KUMAR\\Downloads\\Diamond-Price-Prediction-with-DVC-Flask-Streamlit-main\\venv\\Lib\\site-packages\\pandas\\tests\\indexing\\multiindex\\test_multiindex.py', reloading
[ 2025-01-09 17:10:08,297 ] 97 werkzeug - INFO -  * Detected change in 'c:\\users\\arun kumar\\downloads\\diamond-price-prediction-with-dvc-flask-streamlit-main\\venv\\Lib\\site-packages\\pandas\\tests\\indexing\\multiindex\\test_multiindex.py', reloading
[ 2025-01-09 17:10:08,299 ] 97 werkzeug - INFO -  * Detected change in 'c:\\Users\\ARUN KUMAR\\Downloads\\Diamond-Price-Prediction-with-DVC-Flask-Streamlit-main\\venv\\Lib\\site-packages\\pandas\\tests\\indexing\\multiindex\\test_partial.py', reloading
[ 2025-01-09 17:10:08,303 ] 97 werkzeug - INFO -  * Detected change in 'c:\\users\\arun kumar\\downloads\\diamond-price-prediction-with-dvc-flask-streamlit-main\\venv\\Lib\\site-packages\\pandas\\tests\\indexing\\multiindex\\test_partial.py', reloading
[ 2025-01-09 17:10:08,304 ] 97 werkzeug - INFO -  * Detected change in 'c:\\Users\\ARUN KUMAR\\Downloads\\Diamond-Price-Prediction-with-DVC-Flask-Streamlit-main\\venv\\Lib\\site-packages\\pandas\\tests\\indexing\\multiindex\\test_setitem.py', reloading
[ 2025-01-09 17:10:08,306 ] 97 werkzeug - INFO -  * Detected change in 'c:\\users\\arun kumar\\downloads\\diamond-price-prediction-with-dvc-flask-streamlit-main\\venv\\Lib\\site-packages\\pandas\\tests\\indexing\\multiindex\\test_setitem.py', reloading
[ 2025-01-09 17:10:08,308 ] 97 werkzeug - INFO -  * Detected change in 'c:\\Users\\ARUN KUMAR\\Downloads\\Diamond-Price-Prediction-with-DVC-Flask-Streamlit-main\\venv\\Lib\\site-packages\\pandas\\tests\\indexing\\multiindex\\test_slice.py', reloading
[ 2025-01-09 17:10:08,310 ] 97 werkzeug - INFO -  * Detected change in 'c:\\users\\arun kumar\\downloads\\diamond-price-prediction-with-dvc-flask-streamlit-main\\venv\\Lib\\site-packages\\pandas\\tests\\indexing\\multiindex\\test_slice.py', reloading
[ 2025-01-09 17:10:08,314 ] 97 werkzeug - INFO -  * Detected change in 'c:\\Users\\ARUN KUMAR\\Downloads\\Diamond-Price-Prediction-with-DVC-Flask-Streamlit-main\\venv\\Lib\\site-packages\\pandas\\tests\\indexing\\multiindex\\test_sorted.py', reloading
[ 2025-01-09 17:10:08,316 ] 97 werkzeug - INFO -  * Detected change in 'c:\\users\\arun kumar\\downloads\\diamond-price-prediction-with-dvc-flask-streamlit-main\\venv\\Lib\\site-packages\\pandas\\tests\\indexing\\multiindex\\test_sorted.py', reloading
[ 2025-01-09 17:10:08,321 ] 97 werkzeug - INFO -  * Detected change in 'c:\\Users\\ARUN KUMAR\\Downloads\\Diamond-Price-Prediction-with-DVC-Flask-Streamlit-main\\venv\\Lib\\site-packages\\pandas\\tests\\indexing\\test_at.py', reloading
[ 2025-01-09 17:10:08,323 ] 97 werkzeug - INFO -  * Detected change in 'c:\\users\\arun kumar\\downloads\\diamond-price-prediction-with-dvc-flask-streamlit-main\\venv\\Lib\\site-packages\\pandas\\tests\\indexing\\test_at.py', reloading
[ 2025-01-09 17:10:08,325 ] 97 werkzeug - INFO -  * Detected change in 'c:\\users\\arun kumar\\downloads\\diamond-price-prediction-with-dvc-flask-streamlit-main\\venv\\Lib\\site-packages\\pandas\\tests\\indexing\\test_categorical.py', reloading
[ 2025-01-09 17:10:08,328 ] 97 werkzeug - INFO -  * Detected change in 'c:\\users\\arun kumar\\downloads\\diamond-price-prediction-with-dvc-flask-streamlit-main\\venv\\Lib\\site-packages\\pandas\\tests\\indexing\\test_chaining_and_caching.py', reloading
[ 2025-01-09 17:10:08,331 ] 97 werkzeug - INFO -  * Detected change in 'c:\\Users\\ARUN KUMAR\\Downloads\\Diamond-Price-Prediction-with-DVC-Flask-Streamlit-main\\venv\\Lib\\site-packages\\pandas\\tests\\indexing\\test_categorical.py', reloading
[ 2025-01-09 17:10:08,333 ] 97 werkzeug - INFO -  * Detected change in 'c:\\Users\\ARUN KUMAR\\Downloads\\Diamond-Price-Prediction-with-DVC-Flask-Streamlit-main\\venv\\Lib\\site-packages\\pandas\\tests\\indexing\\test_chaining_and_caching.py', reloading
[ 2025-01-09 17:10:08,336 ] 97 werkzeug - INFO -  * Detected change in 'c:\\users\\arun kumar\\downloads\\diamond-price-prediction-with-dvc-flask-streamlit-main\\venv\\Lib\\site-packages\\pandas\\tests\\indexing\\test_check_indexer.py', reloading
[ 2025-01-09 17:10:08,338 ] 97 werkzeug - INFO -  * Detected change in 'c:\\Users\\ARUN KUMAR\\Downloads\\Diamond-Price-Prediction-with-DVC-Flask-Streamlit-main\\venv\\Lib\\site-packages\\pandas\\tests\\indexing\\test_check_indexer.py', reloading
[ 2025-01-09 17:10:08,340 ] 97 werkzeug - INFO -  * Detected change in 'c:\\users\\arun kumar\\downloads\\diamond-price-prediction-with-dvc-flask-streamlit-main\\venv\\Lib\\site-packages\\pandas\\tests\\indexing\\test_coercion.py', reloading
[ 2025-01-09 17:10:08,343 ] 97 werkzeug - INFO -  * Detected change in 'c:\\Users\\ARUN KUMAR\\Downloads\\Diamond-Price-Prediction-with-DVC-Flask-Streamlit-main\\venv\\Lib\\site-packages\\pandas\\tests\\indexing\\test_coercion.py', reloading
[ 2025-01-09 17:10:08,345 ] 97 werkzeug - INFO -  * Detected change in 'c:\\users\\arun kumar\\downloads\\diamond-price-prediction-with-dvc-flask-streamlit-main\\venv\\Lib\\site-packages\\pandas\\tests\\indexing\\test_datetime.py', reloading
[ 2025-01-09 17:10:08,349 ] 97 werkzeug - INFO -  * Detected change in 'c:\\users\\arun kumar\\downloads\\diamond-price-prediction-with-dvc-flask-streamlit-main\\venv\\Lib\\site-packages\\pandas\\tests\\indexing\\test_floats.py', reloading
[ 2025-01-09 17:10:08,352 ] 97 werkzeug - INFO -  * Detected change in 'c:\\Users\\ARUN KUMAR\\Downloads\\Diamond-Price-Prediction-with-DVC-Flask-Streamlit-main\\venv\\Lib\\site-packages\\pandas\\tests\\indexing\\test_datetime.py', reloading
[ 2025-01-09 17:10:08,355 ] 97 werkzeug - INFO -  * Detected change in 'c:\\users\\arun kumar\\downloads\\diamond-price-prediction-with-dvc-flask-streamlit-main\\venv\\Lib\\site-packages\\pandas\\tests\\indexing\\test_iat.py', reloading
[ 2025-01-09 17:10:08,358 ] 97 werkzeug - INFO -  * Detected change in 'c:\\Users\\ARUN KUMAR\\Downloads\\Diamond-Price-Prediction-with-DVC-Flask-Streamlit-main\\venv\\Lib\\site-packages\\pandas\\tests\\indexing\\test_floats.py', reloading
[ 2025-01-09 17:10:08,359 ] 97 werkzeug - INFO -  * Detected change in 'c:\\users\\arun kumar\\downloads\\diamond-price-prediction-with-dvc-flask-streamlit-main\\venv\\Lib\\site-packages\\pandas\\tests\\indexing\\test_iloc.py', reloading
[ 2025-01-09 17:10:08,364 ] 97 werkzeug - INFO -  * Detected change in 'c:\\users\\arun kumar\\downloads\\diamond-price-prediction-with-dvc-flask-streamlit-main\\venv\\Lib\\site-packages\\pandas\\tests\\indexing\\test_indexers.py', reloading
[ 2025-01-09 17:10:08,365 ] 97 werkzeug - INFO -  * Detected change in 'c:\\Users\\ARUN KUMAR\\Downloads\\Diamond-Price-Prediction-with-DVC-Flask-Streamlit-main\\venv\\Lib\\site-packages\\pandas\\tests\\indexing\\test_iat.py', reloading
[ 2025-01-09 17:10:08,370 ] 97 werkzeug - INFO -  * Detected change in 'c:\\users\\arun kumar\\downloads\\diamond-price-prediction-with-dvc-flask-streamlit-main\\venv\\Lib\\site-packages\\pandas\\tests\\indexing\\test_indexing.py', reloading
[ 2025-01-09 17:10:08,371 ] 97 werkzeug - INFO -  * Detected change in 'c:\\Users\\ARUN KUMAR\\Downloads\\Diamond-Price-Prediction-with-DVC-Flask-Streamlit-main\\venv\\Lib\\site-packages\\pandas\\tests\\indexing\\test_iloc.py', reloading
[ 2025-01-09 17:10:08,375 ] 97 werkzeug - INFO -  * Detected change in 'c:\\Users\\ARUN KUMAR\\Downloads\\Diamond-Price-Prediction-with-DVC-Flask-Streamlit-main\\venv\\Lib\\site-packages\\pandas\\tests\\indexing\\test_indexers.py', reloading
[ 2025-01-09 17:10:08,376 ] 97 werkzeug - INFO -  * Detected change in 'c:\\users\\arun kumar\\downloads\\diamond-price-prediction-with-dvc-flask-streamlit-main\\venv\\Lib\\site-packages\\pandas\\tests\\indexing\\test_loc.py', reloading
[ 2025-01-09 17:10:08,381 ] 97 werkzeug - INFO -  * Detected change in 'c:\\Users\\ARUN KUMAR\\Downloads\\Diamond-Price-Prediction-with-DVC-Flask-Streamlit-main\\venv\\Lib\\site-packages\\pandas\\tests\\indexing\\test_indexing.py', reloading
[ 2025-01-09 17:10:08,383 ] 97 werkzeug - INFO -  * Detected change in 'c:\\users\\arun kumar\\downloads\\diamond-price-prediction-with-dvc-flask-streamlit-main\\venv\\Lib\\site-packages\\pandas\\tests\\indexing\\test_na_indexing.py', reloading
[ 2025-01-09 17:10:08,387 ] 97 werkzeug - INFO -  * Detected change in 'c:\\users\\arun kumar\\downloads\\diamond-price-prediction-with-dvc-flask-streamlit-main\\venv\\Lib\\site-packages\\pandas\\tests\\indexing\\test_partial.py', reloading
[ 2025-01-09 17:10:08,389 ] 97 werkzeug - INFO -  * Detected change in 'c:\\Users\\ARUN KUMAR\\Downloads\\Diamond-Price-Prediction-with-DVC-Flask-Streamlit-main\\venv\\Lib\\site-packages\\pandas\\tests\\indexing\\test_loc.py', reloading
[ 2025-01-09 17:10:08,392 ] 97 werkzeug - INFO -  * Detected change in 'c:\\users\\arun kumar\\downloads\\diamond-price-prediction-with-dvc-flask-streamlit-main\\venv\\Lib\\site-packages\\pandas\\tests\\indexing\\test_scalar.py', reloading
[ 2025-01-09 17:10:08,394 ] 97 werkzeug - INFO -  * Detected change in 'c:\\Users\\ARUN KUMAR\\Downloads\\Diamond-Price-Prediction-with-DVC-Flask-Streamlit-main\\venv\\Lib\\site-packages\\pandas\\tests\\indexing\\test_na_indexing.py', reloading
[ 2025-01-09 17:10:08,398 ] 97 werkzeug - INFO -  * Detected change in 'c:\\Users\\ARUN KUMAR\\Downloads\\Diamond-Price-Prediction-with-DVC-Flask-Streamlit-main\\venv\\Lib\\site-packages\\pandas\\tests\\indexing\\test_partial.py', reloading
[ 2025-01-09 17:10:08,401 ] 97 werkzeug - INFO -  * Detected change in 'c:\\Users\\ARUN KUMAR\\Downloads\\Diamond-Price-Prediction-with-DVC-Flask-Streamlit-main\\venv\\Lib\\site-packages\\pandas\\tests\\indexing\\test_scalar.py', reloading
[ 2025-01-09 17:10:08,411 ] 97 werkzeug - INFO -  * Detected change in 'c:\\users\\arun kumar\\downloads\\diamond-price-prediction-with-dvc-flask-streamlit-main\\venv\\Lib\\site-packages\\pandas\\tests\\interchange\\test_impl.py', reloading
[ 2025-01-09 17:10:08,416 ] 97 werkzeug - INFO -  * Detected change in 'c:\\users\\arun kumar\\downloads\\diamond-price-prediction-with-dvc-flask-streamlit-main\\venv\\Lib\\site-packages\\pandas\\tests\\interchange\\test_spec_conformance.py', reloading
[ 2025-01-09 17:10:08,422 ] 97 werkzeug - INFO -  * Detected change in 'c:\\users\\arun kumar\\downloads\\diamond-price-prediction-with-dvc-flask-streamlit-main\\venv\\Lib\\site-packages\\pandas\\tests\\interchange\\test_utils.py', reloading
[ 2025-01-09 17:10:08,423 ] 97 werkzeug - INFO -  * Detected change in 'c:\\Users\\ARUN KUMAR\\Downloads\\Diamond-Price-Prediction-with-DVC-Flask-Streamlit-main\\venv\\Lib\\site-packages\\pandas\\tests\\interchange\\test_impl.py', reloading
[ 2025-01-09 17:10:08,427 ] 97 werkzeug - INFO -  * Detected change in 'c:\\Users\\ARUN KUMAR\\Downloads\\Diamond-Price-Prediction-with-DVC-Flask-Streamlit-main\\venv\\Lib\\site-packages\\pandas\\tests\\interchange\\test_spec_conformance.py', reloading
[ 2025-01-09 17:10:08,432 ] 97 werkzeug - INFO -  * Detected change in 'c:\\Users\\ARUN KUMAR\\Downloads\\Diamond-Price-Prediction-with-DVC-Flask-Streamlit-main\\venv\\Lib\\site-packages\\pandas\\tests\\interchange\\test_utils.py', reloading
[ 2025-01-09 17:10:08,442 ] 97 werkzeug - INFO -  * Detected change in 'c:\\users\\arun kumar\\downloads\\diamond-price-prediction-with-dvc-flask-streamlit-main\\venv\\Lib\\site-packages\\pandas\\tests\\internals\\test_api.py', reloading
[ 2025-01-09 17:10:08,447 ] 97 werkzeug - INFO -  * Detected change in 'c:\\users\\arun kumar\\downloads\\diamond-price-prediction-with-dvc-flask-streamlit-main\\venv\\Lib\\site-packages\\pandas\\tests\\internals\\test_internals.py', reloading
[ 2025-01-09 17:10:08,453 ] 97 werkzeug - INFO -  * Detected change in 'c:\\users\\arun kumar\\downloads\\diamond-price-prediction-with-dvc-flask-streamlit-main\\venv\\Lib\\site-packages\\pandas\\tests\\internals\\test_managers.py', reloading
[ 2025-01-09 17:10:08,454 ] 97 werkzeug - INFO -  * Detected change in 'c:\\Users\\ARUN KUMAR\\Downloads\\Diamond-Price-Prediction-with-DVC-Flask-Streamlit-main\\venv\\Lib\\site-packages\\pandas\\tests\\internals\\test_api.py', reloading
[ 2025-01-09 17:10:08,457 ] 97 werkzeug - INFO -  * Detected change in 'c:\\Users\\ARUN KUMAR\\Downloads\\Diamond-Price-Prediction-with-DVC-Flask-Streamlit-main\\venv\\Lib\\site-packages\\pandas\\tests\\internals\\test_internals.py', reloading
[ 2025-01-09 17:10:08,461 ] 97 werkzeug - INFO -  * Detected change in 'c:\\Users\\ARUN KUMAR\\Downloads\\Diamond-Price-Prediction-with-DVC-Flask-Streamlit-main\\venv\\Lib\\site-packages\\pandas\\tests\\internals\\test_managers.py', reloading
[ 2025-01-09 17:10:08,535 ] 97 werkzeug - INFO -  * Detected change in 'c:\\Users\\ARUN KUMAR\\Downloads\\Diamond-Price-Prediction-with-DVC-Flask-Streamlit-main\\venv\\Lib\\site-packages\\pandas\\tests\\io\\conftest.py', reloading
[ 2025-01-09 17:10:08,536 ] 97 werkzeug - INFO -  * Detected change in 'c:\\users\\arun kumar\\downloads\\diamond-price-prediction-with-dvc-flask-streamlit-main\\venv\\Lib\\site-packages\\pandas\\tests\\io\\conftest.py', reloading
[ 2025-01-09 17:10:08,578 ] 97 werkzeug - INFO -  * Detected change in 'c:\\users\\arun kumar\\downloads\\diamond-price-prediction-with-dvc-flask-streamlit-main\\venv\\Lib\\site-packages\\pandas\\tests\\io\\excel\\test_odf.py', reloading
[ 2025-01-09 17:10:08,579 ] 97 werkzeug - INFO -  * Detected change in 'c:\\Users\\ARUN KUMAR\\Downloads\\Diamond-Price-Prediction-with-DVC-Flask-Streamlit-main\\venv\\Lib\\site-packages\\pandas\\tests\\io\\excel\\test_odf.py', reloading
[ 2025-01-09 17:10:08,583 ] 97 werkzeug - INFO -  * Detected change in 'c:\\users\\arun kumar\\downloads\\diamond-price-prediction-with-dvc-flask-streamlit-main\\venv\\Lib\\site-packages\\pandas\\tests\\io\\excel\\test_odswriter.py', reloading
[ 2025-01-09 17:10:08,584 ] 97 werkzeug - INFO -  * Detected change in 'c:\\Users\\ARUN KUMAR\\Downloads\\Diamond-Price-Prediction-with-DVC-Flask-Streamlit-main\\venv\\Lib\\site-packages\\pandas\\tests\\io\\excel\\test_odswriter.py', reloading
[ 2025-01-09 17:10:08,588 ] 97 werkzeug - INFO -  * Detected change in 'c:\\users\\arun kumar\\downloads\\diamond-price-prediction-with-dvc-flask-streamlit-main\\venv\\Lib\\site-packages\\pandas\\tests\\io\\excel\\test_openpyxl.py', reloading
[ 2025-01-09 17:10:08,589 ] 97 werkzeug - INFO -  * Detected change in 'c:\\Users\\ARUN KUMAR\\Downloads\\Diamond-Price-Prediction-with-DVC-Flask-Streamlit-main\\venv\\Lib\\site-packages\\pandas\\tests\\io\\excel\\test_openpyxl.py', reloading
[ 2025-01-09 17:10:08,593 ] 97 werkzeug - INFO -  * Detected change in 'c:\\users\\arun kumar\\downloads\\diamond-price-prediction-with-dvc-flask-streamlit-main\\venv\\Lib\\site-packages\\pandas\\tests\\io\\excel\\test_readers.py', reloading
[ 2025-01-09 17:10:08,595 ] 97 werkzeug - INFO -  * Detected change in 'c:\\Users\\ARUN KUMAR\\Downloads\\Diamond-Price-Prediction-with-DVC-Flask-Streamlit-main\\venv\\Lib\\site-packages\\pandas\\tests\\io\\excel\\test_readers.py', reloading
[ 2025-01-09 17:10:08,598 ] 97 werkzeug - INFO -  * Detected change in 'c:\\Users\\ARUN KUMAR\\Downloads\\Diamond-Price-Prediction-with-DVC-Flask-Streamlit-main\\venv\\Lib\\site-packages\\pandas\\tests\\io\\excel\\test_style.py', reloading
[ 2025-01-09 17:10:08,599 ] 97 werkzeug - INFO -  * Detected change in 'c:\\users\\arun kumar\\downloads\\diamond-price-prediction-with-dvc-flask-streamlit-main\\venv\\Lib\\site-packages\\pandas\\tests\\io\\excel\\test_style.py', reloading
[ 2025-01-09 17:10:08,604 ] 97 werkzeug - INFO -  * Detected change in 'c:\\users\\arun kumar\\downloads\\diamond-price-prediction-with-dvc-flask-streamlit-main\\venv\\Lib\\site-packages\\pandas\\tests\\io\\excel\\test_writers.py', reloading
[ 2025-01-09 17:10:08,605 ] 97 werkzeug - INFO -  * Detected change in 'c:\\Users\\ARUN KUMAR\\Downloads\\Diamond-Price-Prediction-with-DVC-Flask-Streamlit-main\\venv\\Lib\\site-packages\\pandas\\tests\\io\\excel\\test_writers.py', reloading
[ 2025-01-09 17:10:08,606 ] 97 werkzeug - INFO -  * Detected change in 'c:\\users\\arun kumar\\downloads\\diamond-price-prediction-with-dvc-flask-streamlit-main\\venv\\Lib\\site-packages\\pandas\\tests\\io\\excel\\test_xlrd.py', reloading
[ 2025-01-09 17:10:08,607 ] 97 werkzeug - INFO -  * Detected change in 'c:\\Users\\ARUN KUMAR\\Downloads\\Diamond-Price-Prediction-with-DVC-Flask-Streamlit-main\\venv\\Lib\\site-packages\\pandas\\tests\\io\\excel\\test_xlrd.py', reloading
[ 2025-01-09 17:10:08,610 ] 97 werkzeug - INFO -  * Detected change in 'c:\\users\\arun kumar\\downloads\\diamond-price-prediction-with-dvc-flask-streamlit-main\\venv\\Lib\\site-packages\\pandas\\tests\\io\\excel\\test_xlsxwriter.py', reloading
[ 2025-01-09 17:10:08,611 ] 97 werkzeug - INFO -  * Detected change in 'c:\\Users\\ARUN KUMAR\\Downloads\\Diamond-Price-Prediction-with-DVC-Flask-Streamlit-main\\venv\\Lib\\site-packages\\pandas\\tests\\io\\excel\\test_xlsxwriter.py', reloading
[ 2025-01-09 17:10:08,722 ] 97 werkzeug - INFO -  * Detected change in 'c:\\Users\\ARUN KUMAR\\Downloads\\Diamond-Price-Prediction-with-DVC-Flask-Streamlit-main\\venv\\Lib\\site-packages\\pandas\\tests\\io\\formats\\style\\test_bar.py', reloading
[ 2025-01-09 17:10:08,723 ] 97 werkzeug - INFO -  * Detected change in 'c:\\users\\arun kumar\\downloads\\diamond-price-prediction-with-dvc-flask-streamlit-main\\venv\\Lib\\site-packages\\pandas\\tests\\io\\formats\\style\\test_bar.py', reloading
[ 2025-01-09 17:10:08,728 ] 97 werkzeug - INFO -  * Detected change in 'c:\\users\\arun kumar\\downloads\\diamond-price-prediction-with-dvc-flask-streamlit-main\\venv\\Lib\\site-packages\\pandas\\tests\\io\\formats\\style\\test_exceptions.py', reloading
[ 2025-01-09 17:10:08,729 ] 97 werkzeug - INFO -  * Detected change in 'c:\\Users\\ARUN KUMAR\\Downloads\\Diamond-Price-Prediction-with-DVC-Flask-Streamlit-main\\venv\\Lib\\site-packages\\pandas\\tests\\io\\formats\\style\\test_exceptions.py', reloading
[ 2025-01-09 17:10:08,734 ] 97 werkzeug - INFO -  * Detected change in 'c:\\Users\\ARUN KUMAR\\Downloads\\Diamond-Price-Prediction-with-DVC-Flask-Streamlit-main\\venv\\Lib\\site-packages\\pandas\\tests\\io\\formats\\style\\test_format.py', reloading
[ 2025-01-09 17:10:08,734 ] 97 werkzeug - INFO -  * Detected change in 'c:\\users\\arun kumar\\downloads\\diamond-price-prediction-with-dvc-flask-streamlit-main\\venv\\Lib\\site-packages\\pandas\\tests\\io\\formats\\style\\test_format.py', reloading
[ 2025-01-09 17:10:08,736 ] 97 werkzeug - INFO -  * Detected change in 'c:\\users\\arun kumar\\downloads\\diamond-price-prediction-with-dvc-flask-streamlit-main\\venv\\Lib\\site-packages\\pandas\\tests\\io\\formats\\style\\test_highlight.py', reloading
[ 2025-01-09 17:10:08,738 ] 97 werkzeug - INFO -  * Detected change in 'c:\\Users\\ARUN KUMAR\\Downloads\\Diamond-Price-Prediction-with-DVC-Flask-Streamlit-main\\venv\\Lib\\site-packages\\pandas\\tests\\io\\formats\\style\\test_highlight.py', reloading
[ 2025-01-09 17:10:08,742 ] 97 werkzeug - INFO -  * Detected change in 'c:\\users\\arun kumar\\downloads\\diamond-price-prediction-with-dvc-flask-streamlit-main\\venv\\Lib\\site-packages\\pandas\\tests\\io\\formats\\style\\test_html.py', reloading
[ 2025-01-09 17:10:08,743 ] 97 werkzeug - INFO -  * Detected change in 'c:\\Users\\ARUN KUMAR\\Downloads\\Diamond-Price-Prediction-with-DVC-Flask-Streamlit-main\\venv\\Lib\\site-packages\\pandas\\tests\\io\\formats\\style\\test_html.py', reloading
[ 2025-01-09 17:10:08,747 ] 97 werkzeug - INFO -  * Detected change in 'c:\\users\\arun kumar\\downloads\\diamond-price-prediction-with-dvc-flask-streamlit-main\\venv\\Lib\\site-packages\\pandas\\tests\\io\\formats\\style\\test_matplotlib.py', reloading
[ 2025-01-09 17:10:08,748 ] 97 werkzeug - INFO -  * Detected change in 'c:\\users\\arun kumar\\downloads\\diamond-price-prediction-with-dvc-flask-streamlit-main\\venv\\Lib\\site-packages\\pandas\\tests\\io\\formats\\style\\test_non_unique.py', reloading
[ 2025-01-09 17:10:08,749 ] 97 werkzeug - INFO -  * Detected change in 'c:\\Users\\ARUN KUMAR\\Downloads\\Diamond-Price-Prediction-with-DVC-Flask-Streamlit-main\\venv\\Lib\\site-packages\\pandas\\tests\\io\\formats\\style\\test_matplotlib.py', reloading
[ 2025-01-09 17:10:08,753 ] 97 werkzeug - INFO -  * Detected change in 'c:\\Users\\ARUN KUMAR\\Downloads\\Diamond-Price-Prediction-with-DVC-Flask-Streamlit-main\\venv\\Lib\\site-packages\\pandas\\tests\\io\\formats\\style\\test_non_unique.py', reloading
[ 2025-01-09 17:10:08,755 ] 97 werkzeug - INFO -  * Detected change in 'c:\\users\\arun kumar\\downloads\\diamond-price-prediction-with-dvc-flask-streamlit-main\\venv\\Lib\\site-packages\\pandas\\tests\\io\\formats\\style\\test_style.py', reloading
[ 2025-01-09 17:10:08,760 ] 97 werkzeug - INFO -  * Detected change in 'c:\\Users\\ARUN KUMAR\\Downloads\\Diamond-Price-Prediction-with-DVC-Flask-Streamlit-main\\venv\\Lib\\site-packages\\pandas\\tests\\io\\formats\\style\\test_style.py', reloading
[ 2025-01-09 17:10:08,761 ] 97 werkzeug - INFO -  * Detected change in 'c:\\users\\arun kumar\\downloads\\diamond-price-prediction-with-dvc-flask-streamlit-main\\venv\\Lib\\site-packages\\pandas\\tests\\io\\formats\\style\\test_to_latex.py', reloading
[ 2025-01-09 17:10:08,764 ] 97 werkzeug - INFO -  * Detected change in 'c:\\users\\arun kumar\\downloads\\diamond-price-prediction-with-dvc-flask-streamlit-main\\venv\\Lib\\site-packages\\pandas\\tests\\io\\formats\\style\\test_to_string.py', reloading
[ 2025-01-09 17:10:08,767 ] 97 werkzeug - INFO -  * Detected change in 'c:\\users\\arun kumar\\downloads\\diamond-price-prediction-with-dvc-flask-streamlit-main\\venv\\Lib\\site-packages\\pandas\\tests\\io\\formats\\style\\test_tooltip.py', reloading
[ 2025-01-09 17:10:08,767 ] 97 werkzeug - INFO -  * Detected change in 'c:\\Users\\ARUN KUMAR\\Downloads\\Diamond-Price-Prediction-with-DVC-Flask-Streamlit-main\\venv\\Lib\\site-packages\\pandas\\tests\\io\\formats\\style\\test_to_latex.py', reloading
[ 2025-01-09 17:10:08,771 ] 97 werkzeug - INFO -  * Detected change in 'c:\\Users\\ARUN KUMAR\\Downloads\\Diamond-Price-Prediction-with-DVC-Flask-Streamlit-main\\venv\\Lib\\site-packages\\pandas\\tests\\io\\formats\\style\\test_to_string.py', reloading
[ 2025-01-09 17:10:08,773 ] 97 werkzeug - INFO -  * Detected change in 'c:\\users\\arun kumar\\downloads\\diamond-price-prediction-with-dvc-flask-streamlit-main\\venv\\Lib\\site-packages\\pandas\\tests\\io\\formats\\test_console.py', reloading
[ 2025-01-09 17:10:08,775 ] 97 werkzeug - INFO -  * Detected change in 'c:\\users\\arun kumar\\downloads\\diamond-price-prediction-with-dvc-flask-streamlit-main\\venv\\Lib\\site-packages\\pandas\\tests\\io\\formats\\test_css.py', reloading
[ 2025-01-09 17:10:08,776 ] 97 werkzeug - INFO -  * Detected change in 'c:\\Users\\ARUN KUMAR\\Downloads\\Diamond-Price-Prediction-with-DVC-Flask-Streamlit-main\\venv\\Lib\\site-packages\\pandas\\tests\\io\\formats\\style\\test_tooltip.py', reloading
[ 2025-01-09 17:10:08,781 ] 97 werkzeug - INFO -  * Detected change in 'c:\\Users\\ARUN KUMAR\\Downloads\\Diamond-Price-Prediction-with-DVC-Flask-Streamlit-main\\venv\\Lib\\site-packages\\pandas\\tests\\io\\formats\\test_console.py', reloading
[ 2025-01-09 17:10:08,782 ] 97 werkzeug - INFO -  * Detected change in 'c:\\users\\arun kumar\\downloads\\diamond-price-prediction-with-dvc-flask-streamlit-main\\venv\\Lib\\site-packages\\pandas\\tests\\io\\formats\\test_eng_formatting.py', reloading
[ 2025-01-09 17:10:08,785 ] 97 werkzeug - INFO -  * Detected change in 'c:\\Users\\ARUN KUMAR\\Downloads\\Diamond-Price-Prediction-with-DVC-Flask-Streamlit-main\\venv\\Lib\\site-packages\\pandas\\tests\\io\\formats\\test_css.py', reloading
[ 2025-01-09 17:10:08,787 ] 97 werkzeug - INFO -  * Detected change in 'c:\\users\\arun kumar\\downloads\\diamond-price-prediction-with-dvc-flask-streamlit-main\\venv\\Lib\\site-packages\\pandas\\tests\\io\\formats\\test_format.py', reloading
[ 2025-01-09 17:10:08,789 ] 97 werkzeug - INFO -  * Detected change in 'c:\\Users\\ARUN KUMAR\\Downloads\\Diamond-Price-Prediction-with-DVC-Flask-Streamlit-main\\venv\\Lib\\site-packages\\pandas\\tests\\io\\formats\\test_eng_formatting.py', reloading
[ 2025-01-09 17:10:08,791 ] 97 werkzeug - INFO -  * Detected change in 'c:\\users\\arun kumar\\downloads\\diamond-price-prediction-with-dvc-flask-streamlit-main\\venv\\Lib\\site-packages\\pandas\\tests\\io\\formats\\test_ipython_compat.py', reloading
[ 2025-01-09 17:10:08,793 ] 97 werkzeug - INFO -  * Detected change in 'c:\\Users\\ARUN KUMAR\\Downloads\\Diamond-Price-Prediction-with-DVC-Flask-Streamlit-main\\venv\\Lib\\site-packages\\pandas\\tests\\io\\formats\\test_format.py', reloading
[ 2025-01-09 17:10:08,798 ] 97 werkzeug - INFO -  * Detected change in 'c:\\users\\arun kumar\\downloads\\diamond-price-prediction-with-dvc-flask-streamlit-main\\venv\\Lib\\site-packages\\pandas\\tests\\io\\formats\\test_printing.py', reloading
[ 2025-01-09 17:10:08,799 ] 97 werkzeug - INFO -  * Detected change in 'c:\\Users\\ARUN KUMAR\\Downloads\\Diamond-Price-Prediction-with-DVC-Flask-Streamlit-main\\venv\\Lib\\site-packages\\pandas\\tests\\io\\formats\\test_ipython_compat.py', reloading
[ 2025-01-09 17:10:08,802 ] 97 werkzeug - INFO -  * Detected change in 'c:\\Users\\ARUN KUMAR\\Downloads\\Diamond-Price-Prediction-with-DVC-Flask-Streamlit-main\\venv\\Lib\\site-packages\\pandas\\tests\\io\\formats\\test_printing.py', reloading
[ 2025-01-09 17:10:08,803 ] 97 werkzeug - INFO -  * Detected change in 'c:\\users\\arun kumar\\downloads\\diamond-price-prediction-with-dvc-flask-streamlit-main\\venv\\Lib\\site-packages\\pandas\\tests\\io\\formats\\test_to_csv.py', reloading
[ 2025-01-09 17:10:08,807 ] 97 werkzeug - INFO -  * Detected change in 'c:\\users\\arun kumar\\downloads\\diamond-price-prediction-with-dvc-flask-streamlit-main\\venv\\Lib\\site-packages\\pandas\\tests\\io\\formats\\test_to_excel.py', reloading
[ 2025-01-09 17:10:08,808 ] 97 werkzeug - INFO -  * Detected change in 'c:\\Users\\ARUN KUMAR\\Downloads\\Diamond-Price-Prediction-with-DVC-Flask-Streamlit-main\\venv\\Lib\\site-packages\\pandas\\tests\\io\\formats\\test_to_csv.py', reloading
[ 2025-01-09 17:10:08,810 ] 97 werkzeug - INFO -  * Detected change in 'c:\\Users\\ARUN KUMAR\\Downloads\\Diamond-Price-Prediction-with-DVC-Flask-Streamlit-main\\venv\\Lib\\site-packages\\pandas\\tests\\io\\formats\\test_to_excel.py', reloading
[ 2025-01-09 17:10:08,813 ] 97 werkzeug - INFO -  * Detected change in 'c:\\users\\arun kumar\\downloads\\diamond-price-prediction-with-dvc-flask-streamlit-main\\venv\\Lib\\site-packages\\pandas\\tests\\io\\formats\\test_to_html.py', reloading
[ 2025-01-09 17:10:08,814 ] 97 werkzeug - INFO -  * Detected change in 'c:\\Users\\ARUN KUMAR\\Downloads\\Diamond-Price-Prediction-with-DVC-Flask-Streamlit-main\\venv\\Lib\\site-packages\\pandas\\tests\\io\\formats\\test_to_html.py', reloading
[ 2025-01-09 17:10:08,815 ] 97 werkzeug - INFO -  * Detected change in 'c:\\users\\arun kumar\\downloads\\diamond-price-prediction-with-dvc-flask-streamlit-main\\venv\\Lib\\site-packages\\pandas\\tests\\io\\formats\\test_to_latex.py', reloading
[ 2025-01-09 17:10:08,818 ] 97 werkzeug - INFO -  * Detected change in 'c:\\Users\\ARUN KUMAR\\Downloads\\Diamond-Price-Prediction-with-DVC-Flask-Streamlit-main\\venv\\Lib\\site-packages\\pandas\\tests\\io\\formats\\test_to_latex.py', reloading
[ 2025-01-09 17:10:08,819 ] 97 werkzeug - INFO -  * Detected change in 'c:\\users\\arun kumar\\downloads\\diamond-price-prediction-with-dvc-flask-streamlit-main\\venv\\Lib\\site-packages\\pandas\\tests\\io\\formats\\test_to_markdown.py', reloading
[ 2025-01-09 17:10:08,822 ] 97 werkzeug - INFO -  * Detected change in 'c:\\Users\\ARUN KUMAR\\Downloads\\Diamond-Price-Prediction-with-DVC-Flask-Streamlit-main\\venv\\Lib\\site-packages\\pandas\\tests\\io\\formats\\test_to_markdown.py', reloading
[ 2025-01-09 17:10:08,825 ] 97 werkzeug - INFO -  * Detected change in 'c:\\users\\arun kumar\\downloads\\diamond-price-prediction-with-dvc-flask-streamlit-main\\venv\\Lib\\site-packages\\pandas\\tests\\io\\formats\\test_to_string.py', reloading
[ 2025-01-09 17:10:08,828 ] 97 werkzeug - INFO -  * Detected change in 'c:\\Users\\ARUN KUMAR\\Downloads\\Diamond-Price-Prediction-with-DVC-Flask-Streamlit-main\\venv\\Lib\\site-packages\\pandas\\tests\\io\\formats\\test_to_string.py', reloading
[ 2025-01-09 17:10:08,829 ] 97 werkzeug - INFO -  * Detected change in 'c:\\users\\arun kumar\\downloads\\diamond-price-prediction-with-dvc-flask-streamlit-main\\venv\\Lib\\site-packages\\pandas\\tests\\io\\generate_legacy_storage_files.py', reloading
[ 2025-01-09 17:10:08,832 ] 97 werkzeug - INFO -  * Detected change in 'c:\\Users\\ARUN KUMAR\\Downloads\\Diamond-Price-Prediction-with-DVC-Flask-Streamlit-main\\venv\\Lib\\site-packages\\pandas\\tests\\io\\generate_legacy_storage_files.py', reloading
[ 2025-01-09 17:10:08,867 ] 97 werkzeug - INFO -  * Detected change in 'c:\\Users\\ARUN KUMAR\\Downloads\\Diamond-Price-Prediction-with-DVC-Flask-Streamlit-main\\venv\\Lib\\site-packages\\pandas\\tests\\io\\json\\conftest.py', reloading
[ 2025-01-09 17:10:08,868 ] 97 werkzeug - INFO -  * Detected change in 'c:\\users\\arun kumar\\downloads\\diamond-price-prediction-with-dvc-flask-streamlit-main\\venv\\Lib\\site-packages\\pandas\\tests\\io\\json\\conftest.py', reloading
[ 2025-01-09 17:10:08,872 ] 97 werkzeug - INFO -  * Detected change in 'c:\\Users\\ARUN KUMAR\\Downloads\\Diamond-Price-Prediction-with-DVC-Flask-Streamlit-main\\venv\\Lib\\site-packages\\pandas\\tests\\io\\json\\test_compression.py', reloading
[ 2025-01-09 17:10:08,873 ] 97 werkzeug - INFO -  * Detected change in 'c:\\users\\arun kumar\\downloads\\diamond-price-prediction-with-dvc-flask-streamlit-main\\venv\\Lib\\site-packages\\pandas\\tests\\io\\json\\test_compression.py', reloading
[ 2025-01-09 17:10:08,876 ] 97 werkzeug - INFO -  * Detected change in 'c:\\Users\\ARUN KUMAR\\Downloads\\Diamond-Price-Prediction-with-DVC-Flask-Streamlit-main\\venv\\Lib\\site-packages\\pandas\\tests\\io\\json\\test_deprecated_kwargs.py', reloading
[ 2025-01-09 17:10:08,877 ] 97 werkzeug - INFO -  * Detected change in 'c:\\users\\arun kumar\\downloads\\diamond-price-prediction-with-dvc-flask-streamlit-main\\venv\\Lib\\site-packages\\pandas\\tests\\io\\json\\test_deprecated_kwargs.py', reloading
[ 2025-01-09 17:10:08,881 ] 97 werkzeug - INFO -  * Detected change in 'c:\\Users\\ARUN KUMAR\\Downloads\\Diamond-Price-Prediction-with-DVC-Flask-Streamlit-main\\venv\\Lib\\site-packages\\pandas\\tests\\io\\json\\test_json_table_schema.py', reloading
[ 2025-01-09 17:10:08,882 ] 97 werkzeug - INFO -  * Detected change in 'c:\\users\\arun kumar\\downloads\\diamond-price-prediction-with-dvc-flask-streamlit-main\\venv\\Lib\\site-packages\\pandas\\tests\\io\\json\\test_json_table_schema.py', reloading
[ 2025-01-09 17:10:08,885 ] 97 werkzeug - INFO -  * Detected change in 'c:\\users\\arun kumar\\downloads\\diamond-price-prediction-with-dvc-flask-streamlit-main\\venv\\Lib\\site-packages\\pandas\\tests\\io\\json\\test_json_table_schema_ext_dtype.py', reloading
[ 2025-01-09 17:10:08,885 ] 97 werkzeug - INFO -  * Detected change in 'c:\\Users\\ARUN KUMAR\\Downloads\\Diamond-Price-Prediction-with-DVC-Flask-Streamlit-main\\venv\\Lib\\site-packages\\pandas\\tests\\io\\json\\test_json_table_schema_ext_dtype.py', reloading
[ 2025-01-09 17:10:08,888 ] 97 werkzeug - INFO -  * Detected change in 'c:\\users\\arun kumar\\downloads\\diamond-price-prediction-with-dvc-flask-streamlit-main\\venv\\Lib\\site-packages\\pandas\\tests\\io\\json\\test_normalize.py', reloading
[ 2025-01-09 17:10:08,889 ] 97 werkzeug - INFO -  * Detected change in 'c:\\Users\\ARUN KUMAR\\Downloads\\Diamond-Price-Prediction-with-DVC-Flask-Streamlit-main\\venv\\Lib\\site-packages\\pandas\\tests\\io\\json\\test_normalize.py', reloading
[ 2025-01-09 17:10:08,894 ] 97 werkzeug - INFO -  * Detected change in 'c:\\users\\arun kumar\\downloads\\diamond-price-prediction-with-dvc-flask-streamlit-main\\venv\\Lib\\site-packages\\pandas\\tests\\io\\json\\test_pandas.py', reloading
[ 2025-01-09 17:10:08,896 ] 97 werkzeug - INFO -  * Detected change in 'c:\\Users\\ARUN KUMAR\\Downloads\\Diamond-Price-Prediction-with-DVC-Flask-Streamlit-main\\venv\\Lib\\site-packages\\pandas\\tests\\io\\json\\test_pandas.py', reloading
[ 2025-01-09 17:10:08,899 ] 97 werkzeug - INFO -  * Detected change in 'c:\\Users\\ARUN KUMAR\\Downloads\\Diamond-Price-Prediction-with-DVC-Flask-Streamlit-main\\venv\\Lib\\site-packages\\pandas\\tests\\io\\json\\test_readlines.py', reloading
[ 2025-01-09 17:10:08,900 ] 97 werkzeug - INFO -  * Detected change in 'c:\\users\\arun kumar\\downloads\\diamond-price-prediction-with-dvc-flask-streamlit-main\\venv\\Lib\\site-packages\\pandas\\tests\\io\\json\\test_readlines.py', reloading
[ 2025-01-09 17:10:08,904 ] 97 werkzeug - INFO -  * Detected change in 'c:\\users\\arun kumar\\downloads\\diamond-price-prediction-with-dvc-flask-streamlit-main\\venv\\Lib\\site-packages\\pandas\\tests\\io\\json\\test_ujson.py', reloading
[ 2025-01-09 17:10:08,904 ] 97 werkzeug - INFO -  * Detected change in 'c:\\Users\\ARUN KUMAR\\Downloads\\Diamond-Price-Prediction-with-DVC-Flask-Streamlit-main\\venv\\Lib\\site-packages\\pandas\\tests\\io\\json\\test_ujson.py', reloading
[ 2025-01-09 17:10:09,026 ] 97 werkzeug - INFO -  * Detected change in 'c:\\users\\arun kumar\\downloads\\diamond-price-prediction-with-dvc-flask-streamlit-main\\venv\\Lib\\site-packages\\pandas\\tests\\io\\parser\\common\\test_chunksize.py', reloading
[ 2025-01-09 17:10:09,026 ] 97 werkzeug - INFO -  * Detected change in 'c:\\Users\\ARUN KUMAR\\Downloads\\Diamond-Price-Prediction-with-DVC-Flask-Streamlit-main\\venv\\Lib\\site-packages\\pandas\\tests\\io\\parser\\common\\test_chunksize.py', reloading
[ 2025-01-09 17:10:09,033 ] 97 werkzeug - INFO -  * Detected change in 'c:\\users\\arun kumar\\downloads\\diamond-price-prediction-with-dvc-flask-streamlit-main\\venv\\Lib\\site-packages\\pandas\\tests\\io\\parser\\common\\test_common_basic.py', reloading
[ 2025-01-09 17:10:09,034 ] 97 werkzeug - INFO -  * Detected change in 'c:\\Users\\ARUN KUMAR\\Downloads\\Diamond-Price-Prediction-with-DVC-Flask-Streamlit-main\\venv\\Lib\\site-packages\\pandas\\tests\\io\\parser\\common\\test_common_basic.py', reloading
[ 2025-01-09 17:10:09,035 ] 97 werkzeug - INFO -  * Detected change in 'c:\\Users\\ARUN KUMAR\\Downloads\\Diamond-Price-Prediction-with-DVC-Flask-Streamlit-main\\venv\\Lib\\site-packages\\pandas\\tests\\io\\parser\\common\\test_data_list.py', reloading
[ 2025-01-09 17:10:09,037 ] 97 werkzeug - INFO -  * Detected change in 'c:\\Users\\ARUN KUMAR\\Downloads\\Diamond-Price-Prediction-with-DVC-Flask-Streamlit-main\\venv\\Lib\\site-packages\\pandas\\tests\\io\\parser\\common\\test_decimal.py', reloading
[ 2025-01-09 17:10:09,039 ] 97 werkzeug - INFO -  * Detected change in 'c:\\users\\arun kumar\\downloads\\diamond-price-prediction-with-dvc-flask-streamlit-main\\venv\\Lib\\site-packages\\pandas\\tests\\io\\parser\\common\\test_data_list.py', reloading
[ 2025-01-09 17:10:09,041 ] 97 werkzeug - INFO -  * Detected change in 'c:\\Users\\ARUN KUMAR\\Downloads\\Diamond-Price-Prediction-with-DVC-Flask-Streamlit-main\\venv\\Lib\\site-packages\\pandas\\tests\\io\\parser\\common\\test_file_buffer_url.py', reloading
[ 2025-01-09 17:10:09,042 ] 97 werkzeug - INFO -  * Detected change in 'c:\\users\\arun kumar\\downloads\\diamond-price-prediction-with-dvc-flask-streamlit-main\\venv\\Lib\\site-packages\\pandas\\tests\\io\\parser\\common\\test_decimal.py', reloading
[ 2025-01-09 17:10:09,046 ] 97 werkzeug - INFO -  * Detected change in 'c:\\users\\arun kumar\\downloads\\diamond-price-prediction-with-dvc-flask-streamlit-main\\venv\\Lib\\site-packages\\pandas\\tests\\io\\parser\\common\\test_file_buffer_url.py', reloading
[ 2025-01-09 17:10:09,047 ] 97 werkzeug - INFO -  * Detected change in 'c:\\Users\\ARUN KUMAR\\Downloads\\Diamond-Price-Prediction-with-DVC-Flask-Streamlit-main\\venv\\Lib\\site-packages\\pandas\\tests\\io\\parser\\common\\test_float.py', reloading
[ 2025-01-09 17:10:09,049 ] 97 werkzeug - INFO -  * Detected change in 'c:\\users\\arun kumar\\downloads\\diamond-price-prediction-with-dvc-flask-streamlit-main\\venv\\Lib\\site-packages\\pandas\\tests\\io\\parser\\common\\test_float.py', reloading
[ 2025-01-09 17:10:09,050 ] 97 werkzeug - INFO -  * Detected change in 'c:\\Users\\ARUN KUMAR\\Downloads\\Diamond-Price-Prediction-with-DVC-Flask-Streamlit-main\\venv\\Lib\\site-packages\\pandas\\tests\\io\\parser\\common\\test_index.py', reloading
[ 2025-01-09 17:10:09,052 ] 97 werkzeug - INFO -  * Detected change in 'c:\\users\\arun kumar\\downloads\\diamond-price-prediction-with-dvc-flask-streamlit-main\\venv\\Lib\\site-packages\\pandas\\tests\\io\\parser\\common\\test_index.py', reloading
[ 2025-01-09 17:10:09,053 ] 97 werkzeug - INFO -  * Detected change in 'c:\\Users\\ARUN KUMAR\\Downloads\\Diamond-Price-Prediction-with-DVC-Flask-Streamlit-main\\venv\\Lib\\site-packages\\pandas\\tests\\io\\parser\\common\\test_inf.py', reloading
[ 2025-01-09 17:10:09,056 ] 97 werkzeug - INFO -  * Detected change in 'c:\\users\\arun kumar\\downloads\\diamond-price-prediction-with-dvc-flask-streamlit-main\\venv\\Lib\\site-packages\\pandas\\tests\\io\\parser\\common\\test_inf.py', reloading
[ 2025-01-09 17:10:09,056 ] 97 werkzeug - INFO -  * Detected change in 'c:\\Users\\ARUN KUMAR\\Downloads\\Diamond-Price-Prediction-with-DVC-Flask-Streamlit-main\\venv\\Lib\\site-packages\\pandas\\tests\\io\\parser\\common\\test_ints.py', reloading
[ 2025-01-09 17:10:09,058 ] 97 werkzeug - INFO -  * Detected change in 'c:\\users\\arun kumar\\downloads\\diamond-price-prediction-with-dvc-flask-streamlit-main\\venv\\Lib\\site-packages\\pandas\\tests\\io\\parser\\common\\test_ints.py', reloading
[ 2025-01-09 17:10:09,059 ] 97 werkzeug - INFO -  * Detected change in 'c:\\Users\\ARUN KUMAR\\Downloads\\Diamond-Price-Prediction-with-DVC-Flask-Streamlit-main\\venv\\Lib\\site-packages\\pandas\\tests\\io\\parser\\common\\test_iterator.py', reloading
[ 2025-01-09 17:10:09,063 ] 97 werkzeug - INFO -  * Detected change in 'c:\\users\\arun kumar\\downloads\\diamond-price-prediction-with-dvc-flask-streamlit-main\\venv\\Lib\\site-packages\\pandas\\tests\\io\\parser\\common\\test_iterator.py', reloading
[ 2025-01-09 17:10:09,064 ] 97 werkzeug - INFO -  * Detected change in 'c:\\Users\\ARUN KUMAR\\Downloads\\Diamond-Price-Prediction-with-DVC-Flask-Streamlit-main\\venv\\Lib\\site-packages\\pandas\\tests\\io\\parser\\common\\test_read_errors.py', reloading
[ 2025-01-09 17:10:09,067 ] 97 werkzeug - INFO -  * Detected change in 'c:\\users\\arun kumar\\downloads\\diamond-price-prediction-with-dvc-flask-streamlit-main\\venv\\Lib\\site-packages\\pandas\\tests\\io\\parser\\common\\test_read_errors.py', reloading
[ 2025-01-09 17:10:09,068 ] 97 werkzeug - INFO -  * Detected change in 'c:\\Users\\ARUN KUMAR\\Downloads\\Diamond-Price-Prediction-with-DVC-Flask-Streamlit-main\\venv\\Lib\\site-packages\\pandas\\tests\\io\\parser\\common\\test_verbose.py', reloading
[ 2025-01-09 17:10:09,072 ] 97 werkzeug - INFO -  * Detected change in 'c:\\users\\arun kumar\\downloads\\diamond-price-prediction-with-dvc-flask-streamlit-main\\venv\\Lib\\site-packages\\pandas\\tests\\io\\parser\\common\\test_verbose.py', reloading
[ 2025-01-09 17:10:09,073 ] 97 werkzeug - INFO -  * Detected change in 'c:\\Users\\ARUN KUMAR\\Downloads\\Diamond-Price-Prediction-with-DVC-Flask-Streamlit-main\\venv\\Lib\\site-packages\\pandas\\tests\\io\\parser\\conftest.py', reloading
[ 2025-01-09 17:10:09,075 ] 97 werkzeug - INFO -  * Detected change in 'c:\\users\\arun kumar\\downloads\\diamond-price-prediction-with-dvc-flask-streamlit-main\\venv\\Lib\\site-packages\\pandas\\tests\\io\\parser\\conftest.py', reloading
[ 2025-01-09 17:10:09,087 ] 97 werkzeug - INFO -  * Detected change in 'c:\\Users\\ARUN KUMAR\\Downloads\\Diamond-Price-Prediction-with-DVC-Flask-Streamlit-main\\venv\\Lib\\site-packages\\pandas\\tests\\io\\parser\\dtypes\\test_categorical.py', reloading
[ 2025-01-09 17:10:09,090 ] 97 werkzeug - INFO -  * Detected change in 'c:\\Users\\ARUN KUMAR\\Downloads\\Diamond-Price-Prediction-with-DVC-Flask-Streamlit-main\\venv\\Lib\\site-packages\\pandas\\tests\\io\\parser\\dtypes\\test_dtypes_basic.py', reloading
[ 2025-01-09 17:10:09,090 ] 97 werkzeug - INFO -  * Detected change in 'c:\\users\\arun kumar\\downloads\\diamond-price-prediction-with-dvc-flask-streamlit-main\\venv\\Lib\\site-packages\\pandas\\tests\\io\\parser\\dtypes\\test_categorical.py', reloading
[ 2025-01-09 17:10:09,094 ] 97 werkzeug - INFO -  * Detected change in 'c:\\Users\\ARUN KUMAR\\Downloads\\Diamond-Price-Prediction-with-DVC-Flask-Streamlit-main\\venv\\Lib\\site-packages\\pandas\\tests\\io\\parser\\dtypes\\test_empty.py', reloading
[ 2025-01-09 17:10:09,094 ] 97 werkzeug - INFO -  * Detected change in 'c:\\users\\arun kumar\\downloads\\diamond-price-prediction-with-dvc-flask-streamlit-main\\venv\\Lib\\site-packages\\pandas\\tests\\io\\parser\\dtypes\\test_dtypes_basic.py', reloading
[ 2025-01-09 17:10:09,099 ] 97 werkzeug - INFO -  * Detected change in 'c:\\users\\arun kumar\\downloads\\diamond-price-prediction-with-dvc-flask-streamlit-main\\venv\\Lib\\site-packages\\pandas\\tests\\io\\parser\\dtypes\\test_empty.py', reloading
[ 2025-01-09 17:10:09,100 ] 97 werkzeug - INFO -  * Detected change in 'c:\\Users\\ARUN KUMAR\\Downloads\\Diamond-Price-Prediction-with-DVC-Flask-Streamlit-main\\venv\\Lib\\site-packages\\pandas\\tests\\io\\parser\\test_c_parser_only.py', reloading
[ 2025-01-09 17:10:09,103 ] 97 werkzeug - INFO -  * Detected change in 'c:\\users\\arun kumar\\downloads\\diamond-price-prediction-with-dvc-flask-streamlit-main\\venv\\Lib\\site-packages\\pandas\\tests\\io\\parser\\test_c_parser_only.py', reloading
[ 2025-01-09 17:10:09,104 ] 97 werkzeug - INFO -  * Detected change in 'c:\\Users\\ARUN KUMAR\\Downloads\\Diamond-Price-Prediction-with-DVC-Flask-Streamlit-main\\venv\\Lib\\site-packages\\pandas\\tests\\io\\parser\\test_comment.py', reloading
[ 2025-01-09 17:10:09,107 ] 97 werkzeug - INFO -  * Detected change in 'c:\\users\\arun kumar\\downloads\\diamond-price-prediction-with-dvc-flask-streamlit-main\\venv\\Lib\\site-packages\\pandas\\tests\\io\\parser\\test_comment.py', reloading
[ 2025-01-09 17:10:09,107 ] 97 werkzeug - INFO -  * Detected change in 'c:\\Users\\ARUN KUMAR\\Downloads\\Diamond-Price-Prediction-with-DVC-Flask-Streamlit-main\\venv\\Lib\\site-packages\\pandas\\tests\\io\\parser\\test_compression.py', reloading
[ 2025-01-09 17:10:09,111 ] 97 werkzeug - INFO -  * Detected change in 'c:\\Users\\ARUN KUMAR\\Downloads\\Diamond-Price-Prediction-with-DVC-Flask-Streamlit-main\\venv\\Lib\\site-packages\\pandas\\tests\\io\\parser\\test_concatenate_chunks.py', reloading
[ 2025-01-09 17:10:09,112 ] 97 werkzeug - INFO -  * Detected change in 'c:\\users\\arun kumar\\downloads\\diamond-price-prediction-with-dvc-flask-streamlit-main\\venv\\Lib\\site-packages\\pandas\\tests\\io\\parser\\test_compression.py', reloading
[ 2025-01-09 17:10:09,115 ] 97 werkzeug - INFO -  * Detected change in 'c:\\Users\\ARUN KUMAR\\Downloads\\Diamond-Price-Prediction-with-DVC-Flask-Streamlit-main\\venv\\Lib\\site-packages\\pandas\\tests\\io\\parser\\test_converters.py', reloading
[ 2025-01-09 17:10:09,116 ] 97 werkzeug - INFO -  * Detected change in 'c:\\users\\arun kumar\\downloads\\diamond-price-prediction-with-dvc-flask-streamlit-main\\venv\\Lib\\site-packages\\pandas\\tests\\io\\parser\\test_concatenate_chunks.py', reloading
[ 2025-01-09 17:10:09,119 ] 97 werkzeug - INFO -  * Detected change in 'c:\\Users\\ARUN KUMAR\\Downloads\\Diamond-Price-Prediction-with-DVC-Flask-Streamlit-main\\venv\\Lib\\site-packages\\pandas\\tests\\io\\parser\\test_dialect.py', reloading
[ 2025-01-09 17:10:09,120 ] 97 werkzeug - INFO -  * Detected change in 'c:\\users\\arun kumar\\downloads\\diamond-price-prediction-with-dvc-flask-streamlit-main\\venv\\Lib\\site-packages\\pandas\\tests\\io\\parser\\test_converters.py', reloading
[ 2025-01-09 17:10:09,122 ] 97 werkzeug - INFO -  * Detected change in 'c:\\Users\\ARUN KUMAR\\Downloads\\Diamond-Price-Prediction-with-DVC-Flask-Streamlit-main\\venv\\Lib\\site-packages\\pandas\\tests\\io\\parser\\test_encoding.py', reloading
[ 2025-01-09 17:10:09,123 ] 97 werkzeug - INFO -  * Detected change in 'c:\\users\\arun kumar\\downloads\\diamond-price-prediction-with-dvc-flask-streamlit-main\\venv\\Lib\\site-packages\\pandas\\tests\\io\\parser\\test_dialect.py', reloading
[ 2025-01-09 17:10:09,126 ] 97 werkzeug - INFO -  * Detected change in 'c:\\Users\\ARUN KUMAR\\Downloads\\Diamond-Price-Prediction-with-DVC-Flask-Streamlit-main\\venv\\Lib\\site-packages\\pandas\\tests\\io\\parser\\test_header.py', reloading
[ 2025-01-09 17:10:09,127 ] 97 werkzeug - INFO -  * Detected change in 'c:\\users\\arun kumar\\downloads\\diamond-price-prediction-with-dvc-flask-streamlit-main\\venv\\Lib\\site-packages\\pandas\\tests\\io\\parser\\test_encoding.py', reloading
[ 2025-01-09 17:10:09,129 ] 97 werkzeug - INFO -  * Detected change in 'c:\\Users\\ARUN KUMAR\\Downloads\\Diamond-Price-Prediction-with-DVC-Flask-Streamlit-main\\venv\\Lib\\site-packages\\pandas\\tests\\io\\parser\\test_index_col.py', reloading
[ 2025-01-09 17:10:09,132 ] 97 werkzeug - INFO -  * Detected change in 'c:\\users\\arun kumar\\downloads\\diamond-price-prediction-with-dvc-flask-streamlit-main\\venv\\Lib\\site-packages\\pandas\\tests\\io\\parser\\test_header.py', reloading
[ 2025-01-09 17:10:09,135 ] 97 werkzeug - INFO -  * Detected change in 'c:\\Users\\ARUN KUMAR\\Downloads\\Diamond-Price-Prediction-with-DVC-Flask-Streamlit-main\\venv\\Lib\\site-packages\\pandas\\tests\\io\\parser\\test_mangle_dupes.py', reloading
[ 2025-01-09 17:10:09,136 ] 97 werkzeug - INFO -  * Detected change in 'c:\\users\\arun kumar\\downloads\\diamond-price-prediction-with-dvc-flask-streamlit-main\\venv\\Lib\\site-packages\\pandas\\tests\\io\\parser\\test_index_col.py', reloading
[ 2025-01-09 17:10:09,139 ] 97 werkzeug - INFO -  * Detected change in 'c:\\Users\\ARUN KUMAR\\Downloads\\Diamond-Price-Prediction-with-DVC-Flask-Streamlit-main\\venv\\Lib\\site-packages\\pandas\\tests\\io\\parser\\test_multi_thread.py', reloading
[ 2025-01-09 17:10:09,141 ] 97 werkzeug - INFO -  * Detected change in 'c:\\users\\arun kumar\\downloads\\diamond-price-prediction-with-dvc-flask-streamlit-main\\venv\\Lib\\site-packages\\pandas\\tests\\io\\parser\\test_mangle_dupes.py', reloading
[ 2025-01-09 17:10:09,145 ] 97 werkzeug - INFO -  * Detected change in 'c:\\users\\arun kumar\\downloads\\diamond-price-prediction-with-dvc-flask-streamlit-main\\venv\\Lib\\site-packages\\pandas\\tests\\io\\parser\\test_multi_thread.py', reloading
[ 2025-01-09 17:10:09,146 ] 97 werkzeug - INFO -  * Detected change in 'c:\\Users\\ARUN KUMAR\\Downloads\\Diamond-Price-Prediction-with-DVC-Flask-Streamlit-main\\venv\\Lib\\site-packages\\pandas\\tests\\io\\parser\\test_na_values.py', reloading
[ 2025-01-09 17:10:09,150 ] 97 werkzeug - INFO -  * Detected change in 'c:\\users\\arun kumar\\downloads\\diamond-price-prediction-with-dvc-flask-streamlit-main\\venv\\Lib\\site-packages\\pandas\\tests\\io\\parser\\test_na_values.py', reloading
[ 2025-01-09 17:10:09,151 ] 97 werkzeug - INFO -  * Detected change in 'c:\\Users\\ARUN KUMAR\\Downloads\\Diamond-Price-Prediction-with-DVC-Flask-Streamlit-main\\venv\\Lib\\site-packages\\pandas\\tests\\io\\parser\\test_network.py', reloading
[ 2025-01-09 17:10:09,155 ] 97 werkzeug - INFO -  * Detected change in 'c:\\users\\arun kumar\\downloads\\diamond-price-prediction-with-dvc-flask-streamlit-main\\venv\\Lib\\site-packages\\pandas\\tests\\io\\parser\\test_network.py', reloading
[ 2025-01-09 17:10:09,155 ] 97 werkzeug - INFO -  * Detected change in 'c:\\Users\\ARUN KUMAR\\Downloads\\Diamond-Price-Prediction-with-DVC-Flask-Streamlit-main\\venv\\Lib\\site-packages\\pandas\\tests\\io\\parser\\test_parse_dates.py', reloading
[ 2025-01-09 17:10:09,158 ] 97 werkzeug - INFO -  * Detected change in 'c:\\users\\arun kumar\\downloads\\diamond-price-prediction-with-dvc-flask-streamlit-main\\venv\\Lib\\site-packages\\pandas\\tests\\io\\parser\\test_parse_dates.py', reloading
[ 2025-01-09 17:10:09,160 ] 97 werkzeug - INFO -  * Detected change in 'c:\\Users\\ARUN KUMAR\\Downloads\\Diamond-Price-Prediction-with-DVC-Flask-Streamlit-main\\venv\\Lib\\site-packages\\pandas\\tests\\io\\parser\\test_python_parser_only.py', reloading
[ 2025-01-09 17:10:09,164 ] 97 werkzeug - INFO -  * Detected change in 'c:\\users\\arun kumar\\downloads\\diamond-price-prediction-with-dvc-flask-streamlit-main\\venv\\Lib\\site-packages\\pandas\\tests\\io\\parser\\test_python_parser_only.py', reloading
[ 2025-01-09 17:10:09,167 ] 97 werkzeug - INFO -  * Detected change in 'c:\\Users\\ARUN KUMAR\\Downloads\\Diamond-Price-Prediction-with-DVC-Flask-Streamlit-main\\venv\\Lib\\site-packages\\pandas\\tests\\io\\parser\\test_quoting.py', reloading
[ 2025-01-09 17:10:09,168 ] 97 werkzeug - INFO -  * Detected change in 'c:\\users\\arun kumar\\downloads\\diamond-price-prediction-with-dvc-flask-streamlit-main\\venv\\Lib\\site-packages\\pandas\\tests\\io\\parser\\test_quoting.py', reloading
[ 2025-01-09 17:10:09,173 ] 97 werkzeug - INFO -  * Detected change in 'c:\\Users\\ARUN KUMAR\\Downloads\\Diamond-Price-Prediction-with-DVC-Flask-Streamlit-main\\venv\\Lib\\site-packages\\pandas\\tests\\io\\parser\\test_read_fwf.py', reloading
[ 2025-01-09 17:10:09,174 ] 97 werkzeug - INFO -  * Detected change in 'c:\\users\\arun kumar\\downloads\\diamond-price-prediction-with-dvc-flask-streamlit-main\\venv\\Lib\\site-packages\\pandas\\tests\\io\\parser\\test_read_fwf.py', reloading
[ 2025-01-09 17:10:09,178 ] 97 werkzeug - INFO -  * Detected change in 'c:\\Users\\ARUN KUMAR\\Downloads\\Diamond-Price-Prediction-with-DVC-Flask-Streamlit-main\\venv\\Lib\\site-packages\\pandas\\tests\\io\\parser\\test_skiprows.py', reloading
[ 2025-01-09 17:10:09,179 ] 97 werkzeug - INFO -  * Detected change in 'c:\\users\\arun kumar\\downloads\\diamond-price-prediction-with-dvc-flask-streamlit-main\\venv\\Lib\\site-packages\\pandas\\tests\\io\\parser\\test_skiprows.py', reloading
[ 2025-01-09 17:10:09,182 ] 97 werkzeug - INFO -  * Detected change in 'c:\\Users\\ARUN KUMAR\\Downloads\\Diamond-Price-Prediction-with-DVC-Flask-Streamlit-main\\venv\\Lib\\site-packages\\pandas\\tests\\io\\parser\\test_textreader.py', reloading
[ 2025-01-09 17:10:09,184 ] 97 werkzeug - INFO -  * Detected change in 'c:\\users\\arun kumar\\downloads\\diamond-price-prediction-with-dvc-flask-streamlit-main\\venv\\Lib\\site-packages\\pandas\\tests\\io\\parser\\test_textreader.py', reloading
[ 2025-01-09 17:10:09,187 ] 97 werkzeug - INFO -  * Detected change in 'c:\\Users\\ARUN KUMAR\\Downloads\\Diamond-Price-Prediction-with-DVC-Flask-Streamlit-main\\venv\\Lib\\site-packages\\pandas\\tests\\io\\parser\\test_unsupported.py', reloading
[ 2025-01-09 17:10:09,188 ] 97 werkzeug - INFO -  * Detected change in 'c:\\users\\arun kumar\\downloads\\diamond-price-prediction-with-dvc-flask-streamlit-main\\venv\\Lib\\site-packages\\pandas\\tests\\io\\parser\\test_unsupported.py', reloading
[ 2025-01-09 17:10:09,191 ] 97 werkzeug - INFO -  * Detected change in 'c:\\Users\\ARUN KUMAR\\Downloads\\Diamond-Price-Prediction-with-DVC-Flask-Streamlit-main\\venv\\Lib\\site-packages\\pandas\\tests\\io\\parser\\test_upcast.py', reloading
[ 2025-01-09 17:10:09,193 ] 97 werkzeug - INFO -  * Detected change in 'c:\\users\\arun kumar\\downloads\\diamond-price-prediction-with-dvc-flask-streamlit-main\\venv\\Lib\\site-packages\\pandas\\tests\\io\\parser\\test_upcast.py', reloading
[ 2025-01-09 17:10:09,212 ] 97 werkzeug - INFO -  * Detected change in 'c:\\Users\\ARUN KUMAR\\Downloads\\Diamond-Price-Prediction-with-DVC-Flask-Streamlit-main\\venv\\Lib\\site-packages\\pandas\\tests\\io\\parser\\usecols\\test_parse_dates.py', reloading
[ 2025-01-09 17:10:09,215 ] 97 werkzeug - INFO -  * Detected change in 'c:\\users\\arun kumar\\downloads\\diamond-price-prediction-with-dvc-flask-streamlit-main\\venv\\Lib\\site-packages\\pandas\\tests\\io\\parser\\usecols\\test_parse_dates.py', reloading
[ 2025-01-09 17:10:09,217 ] 97 werkzeug - INFO -  * Detected change in 'c:\\Users\\ARUN KUMAR\\Downloads\\Diamond-Price-Prediction-with-DVC-Flask-Streamlit-main\\venv\\Lib\\site-packages\\pandas\\tests\\io\\parser\\usecols\\test_strings.py', reloading
[ 2025-01-09 17:10:09,220 ] 97 werkzeug - INFO -  * Detected change in 'c:\\users\\arun kumar\\downloads\\diamond-price-prediction-with-dvc-flask-streamlit-main\\venv\\Lib\\site-packages\\pandas\\tests\\io\\parser\\usecols\\test_strings.py', reloading
[ 2025-01-09 17:10:09,222 ] 97 werkzeug - INFO -  * Detected change in 'c:\\Users\\ARUN KUMAR\\Downloads\\Diamond-Price-Prediction-with-DVC-Flask-Streamlit-main\\venv\\Lib\\site-packages\\pandas\\tests\\io\\parser\\usecols\\test_usecols_basic.py', reloading
[ 2025-01-09 17:10:09,224 ] 97 werkzeug - INFO -  * Detected change in 'c:\\users\\arun kumar\\downloads\\diamond-price-prediction-with-dvc-flask-streamlit-main\\venv\\Lib\\site-packages\\pandas\\tests\\io\\parser\\usecols\\test_usecols_basic.py', reloading
