[ 2025-01-09 16:35:07,091 ] 97 werkzeug - WARNING -  * Debugger is active!
[ 2025-01-09 16:35:07,100 ] 97 werkzeug - INFO -  * Debugger PIN: 368-050-414
[ 2025-01-09 16:35:08,708 ] 97 werkzeug - INFO -  * Detected change in 'C:\\Users\\ARUN KUMAR\\Desktop\\Lib\\site-packages\\urllib3\\connection.py', reloading
[ 2025-01-09 16:35:08,790 ] 97 werkzeug - INFO -  * Detected change in 'c:\\Users\\ARUN KUMAR\\Downloads\\Diamond-Price-Prediction-with-DVC-Flask-Streamlit-main\\venv\\Lib\\site-packages\\joblib\\externals\\loky\\backend\\_posix_reduction.py', reloading
[ 2025-01-09 16:35:08,790 ] 97 werkzeug - INFO -  * Detected change in 'c:\\Users\\ARUN KUMAR\\Downloads\\Diamond-Price-Prediction-with-DVC-Flask-Streamlit-main\\venv\\Lib\\site-packages\\joblib\\externals\\loky\\backend\\_win_reduction.py', reloading
[ 2025-01-09 16:35:08,796 ] 97 werkzeug - INFO -  * Detected change in 'C:\\Users\\ARUN KUMAR\\Desktop\\Lib\\site-packages\\urllib3\\util\\connection.py', reloading
[ 2025-01-09 16:35:08,797 ] 97 werkzeug - INFO -  * Detected change in 'c:\\Users\\ARUN KUMAR\\Downloads\\Diamond-Price-Prediction-with-DVC-Flask-Streamlit-main\\venv\\Lib\\site-packages\\joblib\\externals\\loky\\backend\\context.py', reloading
[ 2025-01-09 16:35:08,801 ] 97 werkzeug - INFO -  * Detected change in 'c:\\users\\arun kumar\\downloads\\diamond-price-prediction-with-dvc-flask-streamlit-main\\venv\\Lib\\site-packages\\joblib\\externals\\loky\\backend\\_posix_reduction.py', reloading
[ 2025-01-09 16:35:08,801 ] 97 werkzeug - INFO -  * Detected change in 'c:\\Users\\ARUN KUMAR\\Downloads\\Diamond-Price-Prediction-with-DVC-Flask-Streamlit-main\\venv\\Lib\\site-packages\\joblib\\externals\\loky\\backend\\fork_exec.py', reloading
[ 2025-01-09 16:35:08,814 ] 97 werkzeug - INFO -  * Detected change in 'c:\\Users\\ARUN KUMAR\\Downloads\\Diamond-Price-Prediction-with-DVC-Flask-Streamlit-main\\venv\\Lib\\site-packages\\joblib\\externals\\loky\\backend\\popen_loky_posix.py', reloading
[ 2025-01-09 16:35:08,820 ] 97 werkzeug - INFO -  * Detected change in 'c:\\Users\\ARUN KUMAR\\Downloads\\Diamond-Price-Prediction-with-DVC-Flask-Streamlit-main\\venv\\Lib\\site-packages\\joblib\\externals\\loky\\backend\\popen_loky_win32.py', reloading
[ 2025-01-09 16:35:08,820 ] 97 werkzeug - INFO -  * Detected change in 'c:\\Users\\ARUN KUMAR\\Downloads\\Diamond-Price-Prediction-with-DVC-Flask-Streamlit-main\\venv\\Lib\\site-packages\\joblib\\externals\\loky\\backend\\process.py', reloading
[ 2025-01-09 16:35:08,820 ] 97 werkzeug - INFO -  * Detected change in 'c:\\users\\arun kumar\\downloads\\diamond-price-prediction-with-dvc-flask-streamlit-main\\venv\\Lib\\site-packages\\joblib\\externals\\loky\\backend\\_win_reduction.py', reloading
[ 2025-01-09 16:35:08,828 ] 97 werkzeug - INFO -  * Detected change in 'c:\\Users\\ARUN KUMAR\\Downloads\\Diamond-Price-Prediction-with-DVC-Flask-Streamlit-main\\venv\\Lib\\site-packages\\joblib\\externals\\loky\\backend\\queues.py', reloading
[ 2025-01-09 16:35:08,832 ] 97 werkzeug - INFO -  * Detected change in 'c:\\users\\arun kumar\\downloads\\diamond-price-prediction-with-dvc-flask-streamlit-main\\venv\\Lib\\site-packages\\joblib\\externals\\loky\\backend\\context.py', reloading
[ 2025-01-09 16:35:08,843 ] 97 werkzeug - INFO -  * Detected change in 'c:\\Users\\ARUN KUMAR\\Downloads\\Diamond-Price-Prediction-with-DVC-Flask-Streamlit-main\\venv\\Lib\\site-packages\\joblib\\externals\\loky\\backend\\reduction.py', reloading
[ 2025-01-09 16:35:08,844 ] 97 werkzeug - INFO -  * Detected change in 'c:\\Users\\ARUN KUMAR\\Downloads\\Diamond-Price-Prediction-with-DVC-Flask-Streamlit-main\\venv\\Lib\\site-packages\\joblib\\externals\\loky\\backend\\resource_tracker.py', reloading
[ 2025-01-09 16:35:08,848 ] 97 werkzeug - INFO -  * Detected change in 'c:\\users\\arun kumar\\downloads\\diamond-price-prediction-with-dvc-flask-streamlit-main\\venv\\Lib\\site-packages\\joblib\\externals\\loky\\backend\\fork_exec.py', reloading
[ 2025-01-09 16:35:08,857 ] 97 werkzeug - INFO -  * Detected change in 'c:\\users\\arun kumar\\downloads\\diamond-price-prediction-with-dvc-flask-streamlit-main\\venv\\Lib\\site-packages\\joblib\\externals\\loky\\backend\\popen_loky_posix.py', reloading
[ 2025-01-09 16:35:08,859 ] 97 werkzeug - INFO -  * Detected change in 'c:\\Users\\ARUN KUMAR\\Downloads\\Diamond-Price-Prediction-with-DVC-Flask-Streamlit-main\\venv\\Lib\\site-packages\\joblib\\externals\\loky\\backend\\spawn.py', reloading
[ 2025-01-09 16:35:08,863 ] 97 werkzeug - INFO -  * Detected change in 'c:\\users\\arun kumar\\downloads\\diamond-price-prediction-with-dvc-flask-streamlit-main\\venv\\Lib\\site-packages\\joblib\\externals\\loky\\backend\\popen_loky_win32.py', reloading
[ 2025-01-09 16:35:08,865 ] 97 werkzeug - INFO -  * Detected change in 'c:\\Users\\ARUN KUMAR\\Downloads\\Diamond-Price-Prediction-with-DVC-Flask-Streamlit-main\\venv\\Lib\\site-packages\\joblib\\externals\\loky\\backend\\synchronize.py', reloading
[ 2025-01-09 16:35:08,881 ] 97 werkzeug - INFO -  * Detected change in 'c:\\Users\\ARUN KUMAR\\Downloads\\Diamond-Price-Prediction-with-DVC-Flask-Streamlit-main\\venv\\Lib\\site-packages\\joblib\\externals\\loky\\backend\\utils.py', reloading
[ 2025-01-09 16:35:08,882 ] 97 werkzeug - INFO -  * Detected change in 'c:\\users\\arun kumar\\downloads\\diamond-price-prediction-with-dvc-flask-streamlit-main\\venv\\Lib\\site-packages\\joblib\\externals\\loky\\backend\\process.py', reloading
[ 2025-01-09 16:35:08,890 ] 97 werkzeug - INFO -  * Detected change in 'c:\\users\\arun kumar\\downloads\\diamond-price-prediction-with-dvc-flask-streamlit-main\\venv\\Lib\\site-packages\\joblib\\externals\\loky\\backend\\queues.py', reloading
[ 2025-01-09 16:35:08,892 ] 97 werkzeug - INFO -  * Detected change in 'c:\\Users\\ARUN KUMAR\\Downloads\\Diamond-Price-Prediction-with-DVC-Flask-Streamlit-main\\venv\\Lib\\site-packages\\joblib\\externals\\loky\\cloudpickle_wrapper.py', reloading
[ 2025-01-09 16:35:08,895 ] 97 werkzeug - INFO -  * Detected change in 'c:\\users\\arun kumar\\downloads\\diamond-price-prediction-with-dvc-flask-streamlit-main\\venv\\Lib\\site-packages\\joblib\\externals\\loky\\backend\\reduction.py', reloading
[ 2025-01-09 16:35:08,898 ] 97 werkzeug - INFO -  * Detected change in 'c:\\users\\arun kumar\\downloads\\diamond-price-prediction-with-dvc-flask-streamlit-main\\venv\\Lib\\site-packages\\joblib\\externals\\loky\\backend\\resource_tracker.py', reloading
[ 2025-01-09 16:35:08,905 ] 97 werkzeug - INFO -  * Detected change in 'c:\\users\\arun kumar\\downloads\\diamond-price-prediction-with-dvc-flask-streamlit-main\\venv\\Lib\\site-packages\\joblib\\externals\\loky\\backend\\spawn.py', reloading
[ 2025-01-09 16:35:08,907 ] 97 werkzeug - INFO -  * Detected change in 'c:\\Users\\ARUN KUMAR\\Downloads\\Diamond-Price-Prediction-with-DVC-Flask-Streamlit-main\\venv\\Lib\\site-packages\\joblib\\externals\\loky\\initializers.py', reloading
[ 2025-01-09 16:35:08,909 ] 97 werkzeug - INFO -  * Detected change in 'c:\\users\\arun kumar\\downloads\\diamond-price-prediction-with-dvc-flask-streamlit-main\\venv\\Lib\\site-packages\\joblib\\externals\\loky\\backend\\synchronize.py', reloading
[ 2025-01-09 16:35:08,913 ] 97 werkzeug - INFO -  * Detected change in 'c:\\users\\arun kumar\\downloads\\diamond-price-prediction-with-dvc-flask-streamlit-main\\venv\\Lib\\site-packages\\joblib\\externals\\loky\\backend\\utils.py', reloading
[ 2025-01-09 16:35:08,915 ] 97 werkzeug - INFO -  * Detected change in 'c:\\Users\\ARUN KUMAR\\Downloads\\Diamond-Price-Prediction-with-DVC-Flask-Streamlit-main\\venv\\Lib\\site-packages\\joblib\\externals\\loky\\process_executor.py', reloading
[ 2025-01-09 16:35:08,923 ] 97 werkzeug - INFO -  * Detected change in 'c:\\users\\arun kumar\\downloads\\diamond-price-prediction-with-dvc-flask-streamlit-main\\venv\\Lib\\site-packages\\joblib\\externals\\loky\\cloudpickle_wrapper.py', reloading
[ 2025-01-09 16:35:08,926 ] 97 werkzeug - INFO -  * Detected change in 'c:\\Users\\ARUN KUMAR\\Downloads\\Diamond-Price-Prediction-with-DVC-Flask-Streamlit-main\\venv\\Lib\\site-packages\\joblib\\externals\\loky\\reusable_executor.py', reloading
[ 2025-01-09 16:35:08,937 ] 97 werkzeug - INFO -  * Detected change in 'c:\\users\\arun kumar\\downloads\\diamond-price-prediction-with-dvc-flask-streamlit-main\\venv\\Lib\\site-packages\\joblib\\externals\\loky\\initializers.py', reloading
[ 2025-01-09 16:35:08,940 ] 97 werkzeug - INFO -  * Detected change in 'c:\\Users\\ARUN KUMAR\\Downloads\\Diamond-Price-Prediction-with-DVC-Flask-Streamlit-main\\venv\\Lib\\site-packages\\joblib\\func_inspect.py', reloading
[ 2025-01-09 16:35:08,943 ] 97 werkzeug - INFO -  * Detected change in 'c:\\users\\arun kumar\\downloads\\diamond-price-prediction-with-dvc-flask-streamlit-main\\venv\\Lib\\site-packages\\joblib\\externals\\loky\\process_executor.py', reloading
[ 2025-01-09 16:35:08,947 ] 97 werkzeug - INFO -  * Detected change in 'c:\\Users\\ARUN KUMAR\\Downloads\\Diamond-Price-Prediction-with-DVC-Flask-Streamlit-main\\venv\\Lib\\site-packages\\joblib\\hashing.py', reloading
[ 2025-01-09 16:35:08,948 ] 97 werkzeug - INFO -  * Detected change in 'C:\\Users\\ARUN KUMAR\\Desktop\\Lib\\socket.py', reloading
[ 2025-01-09 16:35:08,953 ] 97 werkzeug - INFO -  * Detected change in 'c:\\users\\arun kumar\\downloads\\diamond-price-prediction-with-dvc-flask-streamlit-main\\venv\\Lib\\site-packages\\joblib\\externals\\loky\\reusable_executor.py', reloading
[ 2025-01-09 16:35:08,958 ] 97 werkzeug - INFO -  * Detected change in 'c:\\Users\\ARUN KUMAR\\Downloads\\Diamond-Price-Prediction-with-DVC-Flask-Streamlit-main\\venv\\Lib\\site-packages\\joblib\\logger.py', reloading
[ 2025-01-09 16:35:08,960 ] 97 werkzeug - INFO -  * Detected change in 'c:\\users\\arun kumar\\downloads\\diamond-price-prediction-with-dvc-flask-streamlit-main\\venv\\Lib\\site-packages\\joblib\\func_inspect.py', reloading
[ 2025-01-09 16:35:08,964 ] 97 werkzeug - INFO -  * Detected change in 'c:\\Users\\ARUN KUMAR\\Downloads\\Diamond-Price-Prediction-with-DVC-Flask-Streamlit-main\\venv\\Lib\\site-packages\\joblib\\memory.py', reloading
[ 2025-01-09 16:35:08,969 ] 97 werkzeug - INFO -  * Detected change in 'c:\\users\\arun kumar\\downloads\\diamond-price-prediction-with-dvc-flask-streamlit-main\\venv\\Lib\\site-packages\\joblib\\hashing.py', reloading
[ 2025-01-09 16:35:08,975 ] 97 werkzeug - INFO -  * Detected change in 'c:\\Users\\ARUN KUMAR\\Downloads\\Diamond-Price-Prediction-with-DVC-Flask-Streamlit-main\\venv\\Lib\\site-packages\\joblib\\numpy_pickle.py', reloading
[ 2025-01-09 16:35:08,977 ] 97 werkzeug - INFO -  * Detected change in 'c:\\users\\arun kumar\\downloads\\diamond-price-prediction-with-dvc-flask-streamlit-main\\venv\\Lib\\site-packages\\joblib\\logger.py', reloading
[ 2025-01-09 16:35:08,994 ] 97 werkzeug - INFO -  * Detected change in 'c:\\Users\\ARUN KUMAR\\Downloads\\Diamond-Price-Prediction-with-DVC-Flask-Streamlit-main\\venv\\Lib\\site-packages\\joblib\\numpy_pickle_compat.py', reloading
[ 2025-01-09 16:35:08,994 ] 97 werkzeug - INFO -  * Detected change in 'c:\\users\\arun kumar\\downloads\\diamond-price-prediction-with-dvc-flask-streamlit-main\\venv\\Lib\\site-packages\\joblib\\memory.py', reloading
[ 2025-01-09 16:35:08,994 ] 97 werkzeug - INFO -  * Detected change in 'c:\\Users\\ARUN KUMAR\\Downloads\\Diamond-Price-Prediction-with-DVC-Flask-Streamlit-main\\venv\\Lib\\site-packages\\joblib\\numpy_pickle_utils.py', reloading
[ 2025-01-09 16:35:09,003 ] 97 werkzeug - INFO -  * Detected change in 'c:\\users\\arun kumar\\downloads\\diamond-price-prediction-with-dvc-flask-streamlit-main\\venv\\Lib\\site-packages\\joblib\\numpy_pickle.py', reloading
[ 2025-01-09 16:35:09,005 ] 97 werkzeug - INFO -  * Detected change in 'c:\\Users\\ARUN KUMAR\\Downloads\\Diamond-Price-Prediction-with-DVC-Flask-Streamlit-main\\venv\\Lib\\site-packages\\joblib\\parallel.py', reloading
[ 2025-01-09 16:35:09,009 ] 97 werkzeug - INFO -  * Detected change in 'c:\\users\\arun kumar\\downloads\\diamond-price-prediction-with-dvc-flask-streamlit-main\\venv\\Lib\\site-packages\\joblib\\numpy_pickle_compat.py', reloading
[ 2025-01-09 16:35:09,011 ] 97 werkzeug - INFO -  * Detected change in 'c:\\Users\\ARUN KUMAR\\Downloads\\Diamond-Price-Prediction-with-DVC-Flask-Streamlit-main\\venv\\Lib\\site-packages\\joblib\\pool.py', reloading
[ 2025-01-09 16:35:09,011 ] 97 werkzeug - INFO -  * Detected change in 'c:\\users\\arun kumar\\downloads\\diamond-price-prediction-with-dvc-flask-streamlit-main\\venv\\Lib\\site-packages\\joblib\\numpy_pickle_utils.py', reloading
[ 2025-01-09 16:35:09,018 ] 97 werkzeug - INFO -  * Detected change in 'c:\\users\\arun kumar\\downloads\\diamond-price-prediction-with-dvc-flask-streamlit-main\\venv\\Lib\\site-packages\\joblib\\parallel.py', reloading
[ 2025-01-09 16:35:09,021 ] 97 werkzeug - INFO -  * Detected change in 'c:\\users\\arun kumar\\downloads\\diamond-price-prediction-with-dvc-flask-streamlit-main\\venv\\Lib\\site-packages\\joblib\\pool.py', reloading
[ 2025-01-09 16:35:09,078 ] 97 werkzeug - INFO -  * Detected change in 'C:\\Users\\ARUN KUMAR\\Desktop\\Lib\\site-packages\\urllib3\\connectionpool.py', reloading
[ 2025-01-09 16:35:09,169 ] 97 werkzeug - INFO -  * Detected change in 'C:\\Users\\ARUN KUMAR\\Desktop\\Lib\\site-packages\\requests\\adapters.py', reloading
[ 2025-01-09 16:35:09,207 ] 97 werkzeug - INFO -  * Detected change in 'c:\\Users\\ARUN KUMAR\\Downloads\\Diamond-Price-Prediction-with-DVC-Flask-Streamlit-main\\venv\\Lib\\site-packages\\joblib\\test\\common.py', reloading
[ 2025-01-09 16:35:09,209 ] 97 werkzeug - INFO -  * Detected change in 'c:\\users\\arun kumar\\downloads\\diamond-price-prediction-with-dvc-flask-streamlit-main\\venv\\Lib\\site-packages\\joblib\\test\\common.py', reloading
[ 2025-01-09 16:35:09,237 ] 97 werkzeug - INFO -  * Detected change in 'C:\\Users\\ARUN KUMAR\\Desktop\\Lib\\site-packages\\urllib3\\util\\retry.py', reloading
[ 2025-01-09 16:35:09,238 ] 97 werkzeug - INFO -  * Detected change in 'c:\\Users\\ARUN KUMAR\\Downloads\\Diamond-Price-Prediction-with-DVC-Flask-Streamlit-main\\venv\\Lib\\site-packages\\joblib\\test\\data\\create_numpy_pickle.py', reloading
[ 2025-01-09 16:35:09,241 ] 97 werkzeug - INFO -  * Detected change in 'c:\\users\\arun kumar\\downloads\\diamond-price-prediction-with-dvc-flask-streamlit-main\\venv\\Lib\\site-packages\\joblib\\test\\data\\create_numpy_pickle.py', reloading
[ 2025-01-09 16:35:09,394 ] 97 werkzeug - INFO -  * Detected change in 'C:\\Users\\ARUN KUMAR\\Desktop\\Lib\\site-packages\\requests\\sessions.py', reloading
