[ 2025-01-09 16:38:43,920 ] 97 werkzeug - WARNING -  * Debugger is active!
[ 2025-01-09 16:38:43,930 ] 97 werkzeug - INFO -  * Debugger PIN: 368-050-414
[ 2025-01-09 16:38:44,007 ] 97 werkzeug - INFO -  * Detected change in 'c:\\Users\\ARUN KUMAR\\Downloads\\Diamond-Price-Prediction-with-DVC-Flask-Streamlit-main\\venv\\Lib\\site-packages\\gto\\versions.py', reloading
[ 2025-01-09 16:38:44,008 ] 97 werkzeug - INFO -  * Detected change in 'c:\\users\\arun kumar\\downloads\\diamond-price-prediction-with-dvc-flask-streamlit-main\\venv\\Lib\\site-packages\\gto\\versions.py', reloading
[ 2025-01-09 16:38:44,022 ] 97 werkzeug - INFO -  * Detected change in 'c:\\Users\\ARUN KUMAR\\Downloads\\Diamond-Price-Prediction-with-DVC-Flask-Streamlit-main\\venv\\Lib\\site-packages\\dvc\\commands\\ls\\ls_colors.py', reloading
[ 2025-01-09 16:38:44,023 ] 97 werkzeug - INFO -  * Detected change in 'c:\\users\\arun kumar\\downloads\\diamond-price-prediction-with-dvc-flask-streamlit-main\\venv\\Lib\\site-packages\\dvc\\commands\\ls\\ls_colors.py', reloading
[ 2025-01-09 16:38:44,046 ] 97 werkzeug - INFO -  * Detected change in 'c:\\Users\\ARUN KUMAR\\Downloads\\Diamond-Price-Prediction-with-DVC-Flask-Streamlit-main\\venv\\Lib\\site-packages\\dvc\\commands\\move.py', reloading
[ 2025-01-09 16:38:44,046 ] 97 werkzeug - INFO -  * Detected change in 'c:\\users\\arun kumar\\downloads\\diamond-price-prediction-with-dvc-flask-streamlit-main\\venv\\Lib\\site-packages\\dvc\\commands\\move.py', reloading
[ 2025-01-09 16:38:44,074 ] 97 werkzeug - INFO -  * Detected change in 'c:\\Users\\ARUN KUMAR\\Downloads\\Diamond-Price-Prediction-with-DVC-Flask-Streamlit-main\\venv\\Lib\\site-packages\\dvc\\commands\\params.py', reloading
[ 2025-01-09 16:38:44,074 ] 97 werkzeug - INFO -  * Detected change in 'c:\\users\\arun kumar\\downloads\\diamond-price-prediction-with-dvc-flask-streamlit-main\\venv\\Lib\\site-packages\\dvc\\commands\\params.py', reloading
[ 2025-01-09 16:38:44,084 ] 97 werkzeug - INFO -  * Detected change in 'c:\\Users\\ARUN KUMAR\\Downloads\\Diamond-Price-Prediction-with-DVC-Flask-Streamlit-main\\venv\\Lib\\site-packages\\dvc\\commands\\queue\\__init__.py', reloading
[ 2025-01-09 16:38:44,086 ] 97 werkzeug - INFO -  * Detected change in 'c:\\users\\arun kumar\\downloads\\diamond-price-prediction-with-dvc-flask-streamlit-main\\venv\\Lib\\site-packages\\dvc\\commands\\queue\\__init__.py', reloading
[ 2025-01-09 16:38:44,087 ] 97 werkzeug - INFO -  * Detected change in 'c:\\Users\\ARUN KUMAR\\Downloads\\Diamond-Price-Prediction-with-DVC-Flask-Streamlit-main\\venv\\Lib\\site-packages\\dvc\\commands\\plots.py', reloading
[ 2025-01-09 16:38:44,087 ] 97 werkzeug - INFO -  * Detected change in 'c:\\users\\arun kumar\\downloads\\diamond-price-prediction-with-dvc-flask-streamlit-main\\venv\\Lib\\site-packages\\dvc\\commands\\plots.py', reloading
[ 2025-01-09 16:38:44,124 ] 97 werkzeug - INFO -  * Detected change in 'c:\\Users\\ARUN KUMAR\\Downloads\\Diamond-Price-Prediction-with-DVC-Flask-Streamlit-main\\venv\\Lib\\site-packages\\dvc\\commands\\update.py', reloading
[ 2025-01-09 16:38:44,124 ] 97 werkzeug - INFO -  * Detected change in 'c:\\users\\arun kumar\\downloads\\diamond-price-prediction-with-dvc-flask-streamlit-main\\venv\\Lib\\site-packages\\dvc\\commands\\update.py', reloading
[ 2025-01-09 16:38:44,158 ] 97 werkzeug - INFO -  * Detected change in 'c:\\Users\\ARUN KUMAR\\Downloads\\Diamond-Price-Prediction-with-DVC-Flask-Streamlit-main\\venv\\Lib\\site-packages\\dvc\\repo\\init.py', reloading
[ 2025-01-09 16:38:44,158 ] 97 werkzeug - INFO -  * Detected change in 'c:\\users\\arun kumar\\downloads\\diamond-price-prediction-with-dvc-flask-streamlit-main\\venv\\Lib\\site-packages\\dvc\\repo\\init.py', reloading
[ 2025-01-09 16:38:44,174 ] 97 werkzeug - INFO -  * Detected change in 'c:\\Users\\ARUN KUMAR\\Downloads\\Diamond-Price-Prediction-with-DVC-Flask-Streamlit-main\\venv\\Lib\\site-packages\\dvc\\commands\\version.py', reloading
[ 2025-01-09 16:38:44,175 ] 97 werkzeug - INFO -  * Detected change in 'c:\\users\\arun kumar\\downloads\\diamond-price-prediction-with-dvc-flask-streamlit-main\\venv\\Lib\\site-packages\\dvc\\commands\\version.py', reloading
[ 2025-01-09 16:38:44,261 ] 97 werkzeug - INFO -  * Detected change in 'c:\\Users\\ARUN KUMAR\\Downloads\\Diamond-Price-Prediction-with-DVC-Flask-Streamlit-main\\venv\\Lib\\site-packages\\dvc\\repo\\metrics\\show.py', reloading
[ 2025-01-09 16:38:44,262 ] 97 werkzeug - INFO -  * Detected change in 'c:\\users\\arun kumar\\downloads\\diamond-price-prediction-with-dvc-flask-streamlit-main\\venv\\Lib\\site-packages\\dvc\\repo\\metrics\\show.py', reloading
[ 2025-01-09 16:38:44,289 ] 97 werkzeug - INFO -  * Detected change in 'c:\\Users\\ARUN KUMAR\\Downloads\\Diamond-Price-Prediction-with-DVC-Flask-Streamlit-main\\venv\\Lib\\site-packages\\dvc\\repo\\move.py', reloading
[ 2025-01-09 16:38:44,290 ] 97 werkzeug - INFO -  * Detected change in 'c:\\users\\arun kumar\\downloads\\diamond-price-prediction-with-dvc-flask-streamlit-main\\venv\\Lib\\site-packages\\dvc\\repo\\move.py', reloading
[ 2025-01-09 16:38:44,305 ] 97 werkzeug - INFO -  * Detected change in 'c:\\Users\\ARUN KUMAR\\Downloads\\Diamond-Price-Prediction-with-DVC-Flask-Streamlit-main\\venv\\Lib\\site-packages\\dvc\\repo\\params\\__init__.py', reloading
[ 2025-01-09 16:38:44,306 ] 97 werkzeug - INFO -  * Detected change in 'c:\\users\\arun kumar\\downloads\\diamond-price-prediction-with-dvc-flask-streamlit-main\\venv\\Lib\\site-packages\\dvc\\repo\\params\\__init__.py', reloading
[ 2025-01-09 16:38:44,306 ] 97 werkzeug - INFO -  * Detected change in 'c:\\Users\\ARUN KUMAR\\Downloads\\Diamond-Price-Prediction-with-DVC-Flask-Streamlit-main\\venv\\Lib\\site-packages\\dvc\\repo\\remove.py', reloading
[ 2025-01-09 16:38:44,307 ] 97 werkzeug - INFO -  * Detected change in 'c:\\users\\arun kumar\\downloads\\diamond-price-prediction-with-dvc-flask-streamlit-main\\venv\\Lib\\site-packages\\dvc\\repo\\remove.py', reloading
[ 2025-01-09 16:38:44,319 ] 97 werkzeug - INFO -  * Detected change in 'c:\\Users\\ARUN KUMAR\\Downloads\\Diamond-Price-Prediction-with-DVC-Flask-Streamlit-main\\venv\\Lib\\site-packages\\dvc\\repo\\stage.py', reloading
[ 2025-01-09 16:38:44,320 ] 97 werkzeug - INFO -  * Detected change in 'c:\\users\\arun kumar\\downloads\\diamond-price-prediction-with-dvc-flask-streamlit-main\\venv\\Lib\\site-packages\\dvc\\repo\\stage.py', reloading
[ 2025-01-09 16:38:44,352 ] 97 werkzeug - INFO -  * Detected change in 'c:\\users\\arun kumar\\downloads\\diamond-price-prediction-with-dvc-flask-streamlit-main\\venv\\Lib\\site-packages\\dvc\\repo\\worktree.py', reloading
[ 2025-01-09 16:38:44,353 ] 97 werkzeug - INFO -  * Detected change in 'c:\\Users\\ARUN KUMAR\\Downloads\\Diamond-Price-Prediction-with-DVC-Flask-Streamlit-main\\venv\\Lib\\site-packages\\dvc\\repo\\worktree.py', reloading
[ 2025-01-09 16:38:44,375 ] 97 werkzeug - INFO -  * Detected change in 'c:\\Users\\ARUN KUMAR\\Downloads\\Diamond-Price-Prediction-with-DVC-Flask-Streamlit-main\\venv\\Lib\\site-packages\\dvc\\stage\\__init__.py', reloading
[ 2025-01-09 16:38:44,376 ] 97 werkzeug - INFO -  * Detected change in 'c:\\users\\arun kumar\\downloads\\diamond-price-prediction-with-dvc-flask-streamlit-main\\venv\\Lib\\site-packages\\dvc\\stage\\__init__.py', reloading
[ 2025-01-09 16:38:44,417 ] 97 werkzeug - INFO -  * Detected change in 'c:\\Users\\ARUN KUMAR\\Downloads\\Diamond-Price-Prediction-with-DVC-Flask-Streamlit-main\\venv\\Lib\\site-packages\\dvc\\repo\\reproduce.py', reloading
[ 2025-01-09 16:38:44,418 ] 97 werkzeug - INFO -  * Detected change in 'c:\\users\\arun kumar\\downloads\\diamond-price-prediction-with-dvc-flask-streamlit-main\\venv\\Lib\\site-packages\\dvc\\repo\\reproduce.py', reloading
[ 2025-01-09 16:38:44,444 ] 97 werkzeug - INFO -  * Detected change in 'c:\\Users\\ARUN KUMAR\\Downloads\\Diamond-Price-Prediction-with-DVC-Flask-Streamlit-main\\venv\\Lib\\site-packages\\dvc\\stage\\run.py', reloading
[ 2025-01-09 16:38:44,444 ] 97 werkzeug - INFO -  * Detected change in 'c:\\users\\arun kumar\\downloads\\diamond-price-prediction-with-dvc-flask-streamlit-main\\venv\\Lib\\site-packages\\dvc\\stage\\run.py', reloading
[ 2025-01-09 16:38:44,512 ] 97 werkzeug - INFO -  * Detected change in 'c:\\Users\\ARUN KUMAR\\Downloads\\Diamond-Price-Prediction-with-DVC-Flask-Streamlit-main\\venv\\Lib\\site-packages\\dvc\\testing\\api_tests.py', reloading
[ 2025-01-09 16:38:44,512 ] 97 werkzeug - INFO -  * Detected change in 'c:\\users\\arun kumar\\downloads\\diamond-price-prediction-with-dvc-flask-streamlit-main\\venv\\Lib\\site-packages\\dvc\\testing\\api_tests.py', reloading
[ 2025-01-09 16:38:44,576 ] 97 werkzeug - INFO -  * Detected change in 'c:\\Users\\ARUN KUMAR\\Downloads\\Diamond-Price-Prediction-with-DVC-Flask-Streamlit-main\\venv\\Lib\\site-packages\\dvc\\testing\\benchmarks\\cli\\commands\\test_diff.py', reloading
[ 2025-01-09 16:38:44,577 ] 97 werkzeug - INFO -  * Detected change in 'c:\\users\\arun kumar\\downloads\\diamond-price-prediction-with-dvc-flask-streamlit-main\\venv\\Lib\\site-packages\\dvc\\testing\\benchmarks\\cli\\commands\\test_diff.py', reloading
[ 2025-01-09 16:38:44,578 ] 97 werkzeug - INFO -  * Detected change in 'c:\\Users\\ARUN KUMAR\\Downloads\\Diamond-Price-Prediction-with-DVC-Flask-Streamlit-main\\venv\\Lib\\site-packages\\dvc\\testing\\benchmarks\\cli\\commands\\test_checkout.py', reloading
[ 2025-01-09 16:38:44,579 ] 97 werkzeug - INFO -  * Detected change in 'c:\\users\\arun kumar\\downloads\\diamond-price-prediction-with-dvc-flask-streamlit-main\\venv\\Lib\\site-packages\\dvc\\testing\\benchmarks\\cli\\commands\\test_checkout.py', reloading
[ 2025-01-09 16:38:44,592 ] 97 werkzeug - INFO -  * Detected change in 'c:\\Users\\ARUN KUMAR\\Downloads\\Diamond-Price-Prediction-with-DVC-Flask-Streamlit-main\\venv\\Lib\\site-packages\\dvc\\testing\\benchmarks\\cli\\commands\\test_fetch.py', reloading
[ 2025-01-09 16:38:44,593 ] 97 werkzeug - INFO -  * Detected change in 'c:\\users\\arun kumar\\downloads\\diamond-price-prediction-with-dvc-flask-streamlit-main\\venv\\Lib\\site-packages\\dvc\\testing\\benchmarks\\cli\\commands\\test_fetch.py', reloading
[ 2025-01-09 16:38:44,600 ] 97 werkzeug - INFO -  * Detected change in 'c:\\Users\\ARUN KUMAR\\Downloads\\Diamond-Price-Prediction-with-DVC-Flask-Streamlit-main\\venv\\Lib\\site-packages\\dvc\\testing\\benchmarks\\cli\\commands\\test_help.py', reloading
[ 2025-01-09 16:38:44,602 ] 97 werkzeug - INFO -  * Detected change in 'c:\\users\\arun kumar\\downloads\\diamond-price-prediction-with-dvc-flask-streamlit-main\\venv\\Lib\\site-packages\\dvc\\testing\\benchmarks\\cli\\commands\\test_help.py', reloading
[ 2025-01-09 16:38:44,618 ] 97 werkzeug - INFO -  * Detected change in 'c:\\Users\\ARUN KUMAR\\Downloads\\Diamond-Price-Prediction-with-DVC-Flask-Streamlit-main\\venv\\Lib\\site-packages\\dvc\\testing\\benchmarks\\cli\\commands\\test_import.py', reloading
[ 2025-01-09 16:38:44,619 ] 97 werkzeug - INFO -  * Detected change in 'c:\\users\\arun kumar\\downloads\\diamond-price-prediction-with-dvc-flask-streamlit-main\\venv\\Lib\\site-packages\\dvc\\testing\\benchmarks\\cli\\commands\\test_import.py', reloading
[ 2025-01-09 16:38:44,633 ] 97 werkzeug - INFO -  * Detected change in 'c:\\users\\arun kumar\\downloads\\diamond-price-prediction-with-dvc-flask-streamlit-main\\venv\\Lib\\site-packages\\dvc\\testing\\benchmarks\\cli\\commands\\test_get_url.py', reloading
[ 2025-01-09 16:38:44,633 ] 97 werkzeug - INFO -  * Detected change in 'c:\\Users\\ARUN KUMAR\\Downloads\\Diamond-Price-Prediction-with-DVC-Flask-Streamlit-main\\venv\\Lib\\site-packages\\dvc\\testing\\benchmarks\\cli\\commands\\test_get_url.py', reloading
[ 2025-01-09 16:38:44,635 ] 97 werkzeug - INFO -  * Detected change in 'c:\\users\\arun kumar\\downloads\\diamond-price-prediction-with-dvc-flask-streamlit-main\\venv\\Lib\\site-packages\\dvc\\testing\\benchmarks\\cli\\commands\\test_ls.py', reloading
[ 2025-01-09 16:38:44,635 ] 97 werkzeug - INFO -  * Detected change in 'c:\\Users\\ARUN KUMAR\\Downloads\\Diamond-Price-Prediction-with-DVC-Flask-Streamlit-main\\venv\\Lib\\site-packages\\dvc\\testing\\benchmarks\\cli\\commands\\test_ls.py', reloading
[ 2025-01-09 16:38:44,646 ] 97 werkzeug - INFO -  * Detected change in 'c:\\Users\\ARUN KUMAR\\Downloads\\Diamond-Price-Prediction-with-DVC-Flask-Streamlit-main\\venv\\Lib\\site-packages\\dvc\\testing\\benchmarks\\cli\\commands\\test_push.py', reloading
[ 2025-01-09 16:38:44,646 ] 97 werkzeug - INFO -  * Detected change in 'c:\\users\\arun kumar\\downloads\\diamond-price-prediction-with-dvc-flask-streamlit-main\\venv\\Lib\\site-packages\\dvc\\testing\\benchmarks\\cli\\commands\\test_push.py', reloading
[ 2025-01-09 16:38:44,654 ] 97 werkzeug - INFO -  * Detected change in 'c:\\Users\\ARUN KUMAR\\Downloads\\Diamond-Price-Prediction-with-DVC-Flask-Streamlit-main\\venv\\Lib\\site-packages\\dvc\\testing\\benchmarks\\cli\\stories\\use_cases\\test_sharing.py', reloading
[ 2025-01-09 16:38:44,655 ] 97 werkzeug - INFO -  * Detected change in 'c:\\users\\arun kumar\\downloads\\diamond-price-prediction-with-dvc-flask-streamlit-main\\venv\\Lib\\site-packages\\dvc\\testing\\benchmarks\\cli\\stories\\use_cases\\test_sharing.py', reloading
[ 2025-01-09 16:38:44,660 ] 97 werkzeug - INFO -  * Detected change in 'c:\\users\\arun kumar\\downloads\\diamond-price-prediction-with-dvc-flask-streamlit-main\\venv\\Lib\\site-packages\\dvc\\testing\\benchmarks\\conftest.py', reloading
[ 2025-01-09 16:38:44,661 ] 97 werkzeug - INFO -  * Detected change in 'c:\\Users\\ARUN KUMAR\\Downloads\\Diamond-Price-Prediction-with-DVC-Flask-Streamlit-main\\venv\\Lib\\site-packages\\dvc\\testing\\benchmarks\\conftest.py', reloading
[ 2025-01-09 16:38:44,675 ] 97 werkzeug - INFO -  * Detected change in 'c:\\Users\\ARUN KUMAR\\Downloads\\Diamond-Price-Prediction-with-DVC-Flask-Streamlit-main\\venv\\Lib\\site-packages\\dvc\\ui\\_rich_progress.py', reloading
[ 2025-01-09 16:38:44,676 ] 97 werkzeug - INFO -  * Detected change in 'c:\\users\\arun kumar\\downloads\\diamond-price-prediction-with-dvc-flask-streamlit-main\\venv\\Lib\\site-packages\\dvc\\ui\\_rich_progress.py', reloading
[ 2025-01-09 16:38:44,687 ] 97 werkzeug - INFO -  * Detected change in 'c:\\Users\\ARUN KUMAR\\Downloads\\Diamond-Price-Prediction-with-DVC-Flask-Streamlit-main\\venv\\Lib\\site-packages\\dvc\\testing\\fixtures.py', reloading
[ 2025-01-09 16:38:44,687 ] 97 werkzeug - INFO -  * Detected change in 'c:\\users\\arun kumar\\downloads\\diamond-price-prediction-with-dvc-flask-streamlit-main\\venv\\Lib\\site-packages\\dvc\\testing\\fixtures.py', reloading
[ 2025-01-09 16:38:44,700 ] 97 werkzeug - INFO -  * Detected change in 'c:\\Users\\ARUN KUMAR\\Downloads\\Diamond-Price-Prediction-with-DVC-Flask-Streamlit-main\\venv\\Lib\\site-packages\\dvc\\dependency\\dataset.py', reloading
[ 2025-01-09 16:38:44,702 ] 97 werkzeug - INFO -  * Detected change in 'c:\\users\\arun kumar\\downloads\\diamond-price-prediction-with-dvc-flask-streamlit-main\\venv\\Lib\\site-packages\\dvc\\dependency\\dataset.py', reloading
[ 2025-01-09 16:38:44,731 ] 97 werkzeug - INFO -  * Detected change in 'c:\\Users\\ARUN KUMAR\\Downloads\\Diamond-Price-Prediction-with-DVC-Flask-Streamlit-main\\venv\\Lib\\site-packages\\dvc\\dependency\\repo.py', reloading
[ 2025-01-09 16:38:44,732 ] 97 werkzeug - INFO -  * Detected change in 'c:\\users\\arun kumar\\downloads\\diamond-price-prediction-with-dvc-flask-streamlit-main\\venv\\Lib\\site-packages\\dvc\\dependency\\repo.py', reloading
[ 2025-01-09 16:38:44,773 ] 97 werkzeug - INFO -  * Detected change in 'c:\\users\\arun kumar\\downloads\\diamond-price-prediction-with-dvc-flask-streamlit-main\\venv\\Lib\\site-packages\\dvc\\fs\\data.py', reloading
[ 2025-01-09 16:38:44,774 ] 97 werkzeug - INFO -  * Detected change in 'c:\\Users\\ARUN KUMAR\\Downloads\\Diamond-Price-Prediction-with-DVC-Flask-Streamlit-main\\venv\\Lib\\site-packages\\dvc\\fs\\data.py', reloading
[ 2025-01-09 16:38:44,791 ] 97 werkzeug - INFO -  * Detected change in 'c:\\Users\\ARUN KUMAR\\Downloads\\Diamond-Price-Prediction-with-DVC-Flask-Streamlit-main\\venv\\Lib\\site-packages\\dvc\\fs\\dvc.py', reloading
[ 2025-01-09 16:38:44,792 ] 97 werkzeug - INFO -  * Detected change in 'c:\\users\\arun kumar\\downloads\\diamond-price-prediction-with-dvc-flask-streamlit-main\\venv\\Lib\\site-packages\\dvc\\fs\\dvc.py', reloading
[ 2025-01-09 16:38:44,910 ] 97 werkzeug - INFO -  * Detected change in 'c:\\users\\arun kumar\\downloads\\diamond-price-prediction-with-dvc-flask-streamlit-main\\venv\\Lib\\site-packages\\dvc\\ignore.py', reloading
[ 2025-01-09 16:38:44,910 ] 97 werkzeug - INFO -  * Detected change in 'c:\\Users\\ARUN KUMAR\\Downloads\\Diamond-Price-Prediction-with-DVC-Flask-Streamlit-main\\venv\\Lib\\site-packages\\dvc\\ignore.py', reloading
