[ 2025-01-09 17:09:46,313 ] 97 werkzeug - WARNING -  * Debugger is active!
[ 2025-01-09 17:09:46,319 ] 97 werkzeug - INFO -  * Debugger PIN: 368-050-414
[ 2025-01-09 17:09:59,932 ] 97 werkzeug - INFO -  * Detected change in 'c:\\users\\arun kumar\\downloads\\diamond-price-prediction-with-dvc-flask-streamlit-main\\venv\\Lib\\site-packages\\omegaconf\\__init__.py', reloading
[ 2025-01-09 17:09:59,934 ] 97 werkzeug - INFO -  * Detected change in 'c:\\Users\\ARUN KUMAR\\Downloads\\Diamond-Price-Prediction-with-DVC-Flask-Streamlit-main\\venv\\Lib\\site-packages\\omegaconf\\__init__.py', reloading
[ 2025-01-09 17:09:59,997 ] 97 werkzeug - INFO -  * Detected change in 'c:\\users\\arun kumar\\downloads\\diamond-price-prediction-with-dvc-flask-streamlit-main\\venv\\Lib\\site-packages\\omegaconf\\_impl.py', reloading
[ 2025-01-09 17:09:59,998 ] 97 werkzeug - INFO -  * Detected change in 'c:\\Users\\ARUN KUMAR\\Downloads\\Diamond-Price-Prediction-with-DVC-Flask-Streamlit-main\\venv\\Lib\\site-packages\\omegaconf\\_impl.py', reloading
[ 2025-01-09 17:10:00,001 ] 97 werkzeug - INFO -  * Detected change in 'c:\\users\\arun kumar\\downloads\\diamond-price-prediction-with-dvc-flask-streamlit-main\\venv\\Lib\\site-packages\\omegaconf\\_utils.py', reloading
[ 2025-01-09 17:10:00,004 ] 97 werkzeug - INFO -  * Detected change in 'c:\\Users\\ARUN KUMAR\\Downloads\\Diamond-Price-Prediction-with-DVC-Flask-Streamlit-main\\venv\\Lib\\site-packages\\omegaconf\\_utils.py', reloading
[ 2025-01-09 17:10:00,009 ] 97 werkzeug - INFO -  * Detected change in 'c:\\users\\arun kumar\\downloads\\diamond-price-prediction-with-dvc-flask-streamlit-main\\venv\\Lib\\site-packages\\omegaconf\\base.py', reloading
[ 2025-01-09 17:10:00,010 ] 97 werkzeug - INFO -  * Detected change in 'c:\\Users\\ARUN KUMAR\\Downloads\\Diamond-Price-Prediction-with-DVC-Flask-Streamlit-main\\venv\\Lib\\site-packages\\omegaconf\\base.py', reloading
[ 2025-01-09 17:10:00,020 ] 97 werkzeug - INFO -  * Detected change in 'c:\\Users\\ARUN KUMAR\\Downloads\\Diamond-Price-Prediction-with-DVC-Flask-Streamlit-main\\venv\\Lib\\site-packages\\omegaconf\\basecontainer.py', reloading
[ 2025-01-09 17:10:00,020 ] 97 werkzeug - INFO -  * Detected change in 'c:\\users\\arun kumar\\downloads\\diamond-price-prediction-with-dvc-flask-streamlit-main\\venv\\Lib\\site-packages\\omegaconf\\basecontainer.py', reloading
[ 2025-01-09 17:10:00,025 ] 97 werkzeug - INFO -  * Detected change in 'c:\\users\\arun kumar\\downloads\\diamond-price-prediction-with-dvc-flask-streamlit-main\\venv\\Lib\\site-packages\\omegaconf\\dictconfig.py', reloading
[ 2025-01-09 17:10:00,026 ] 97 werkzeug - INFO -  * Detected change in 'c:\\Users\\ARUN KUMAR\\Downloads\\Diamond-Price-Prediction-with-DVC-Flask-Streamlit-main\\venv\\Lib\\site-packages\\omegaconf\\dictconfig.py', reloading
[ 2025-01-09 17:10:00,033 ] 97 werkzeug - INFO -  * Detected change in 'c:\\users\\arun kumar\\downloads\\diamond-price-prediction-with-dvc-flask-streamlit-main\\venv\\Lib\\site-packages\\omegaconf\\errors.py', reloading
[ 2025-01-09 17:10:00,034 ] 97 werkzeug - INFO -  * Detected change in 'c:\\Users\\ARUN KUMAR\\Downloads\\Diamond-Price-Prediction-with-DVC-Flask-Streamlit-main\\venv\\Lib\\site-packages\\omegaconf\\errors.py', reloading
[ 2025-01-09 17:10:00,042 ] 97 werkzeug - INFO -  * Detected change in 'c:\\Users\\ARUN KUMAR\\Downloads\\Diamond-Price-Prediction-with-DVC-Flask-Streamlit-main\\venv\\Lib\\site-packages\\omegaconf\\grammar\\gen\\OmegaConfGrammarLexer.py', reloading
[ 2025-01-09 17:10:00,061 ] 97 werkzeug - INFO -  * Detected change in 'c:\\users\\arun kumar\\downloads\\diamond-price-prediction-with-dvc-flask-streamlit-main\\venv\\Lib\\site-packages\\omegaconf\\grammar\\gen\\OmegaConfGrammarLexer.py', reloading
[ 2025-01-09 17:10:00,062 ] 97 werkzeug - INFO -  * Detected change in 'c:\\Users\\ARUN KUMAR\\Downloads\\Diamond-Price-Prediction-with-DVC-Flask-Streamlit-main\\venv\\Lib\\site-packages\\omegaconf\\grammar\\gen\\OmegaConfGrammarParser.py', reloading
[ 2025-01-09 17:10:00,065 ] 97 werkzeug - INFO -  * Detected change in 'c:\\Users\\ARUN KUMAR\\Downloads\\Diamond-Price-Prediction-with-DVC-Flask-Streamlit-main\\venv\\Lib\\site-packages\\omegaconf\\grammar\\gen\\OmegaConfGrammarParserListener.py', reloading
[ 2025-01-09 17:10:00,066 ] 97 werkzeug - INFO -  * Detected change in 'c:\\users\\arun kumar\\downloads\\diamond-price-prediction-with-dvc-flask-streamlit-main\\venv\\Lib\\site-packages\\omegaconf\\grammar\\gen\\OmegaConfGrammarParser.py', reloading
[ 2025-01-09 17:10:00,071 ] 97 werkzeug - INFO -  * Detected change in 'c:\\Users\\ARUN KUMAR\\Downloads\\Diamond-Price-Prediction-with-DVC-Flask-Streamlit-main\\venv\\Lib\\site-packages\\omegaconf\\grammar\\gen\\OmegaConfGrammarParserVisitor.py', reloading
[ 2025-01-09 17:10:00,077 ] 97 werkzeug - INFO -  * Detected change in 'c:\\users\\arun kumar\\downloads\\diamond-price-prediction-with-dvc-flask-streamlit-main\\venv\\Lib\\site-packages\\omegaconf\\grammar\\gen\\OmegaConfGrammarParserListener.py', reloading
[ 2025-01-09 17:10:00,087 ] 97 werkzeug - INFO -  * Detected change in 'c:\\users\\arun kumar\\downloads\\diamond-price-prediction-with-dvc-flask-streamlit-main\\venv\\Lib\\site-packages\\omegaconf\\grammar\\gen\\OmegaConfGrammarParserVisitor.py', reloading
[ 2025-01-09 17:10:00,103 ] 97 werkzeug - INFO -  * Detected change in 'c:\\Users\\ARUN KUMAR\\Downloads\\Diamond-Price-Prediction-with-DVC-Flask-Streamlit-main\\venv\\Lib\\site-packages\\omegaconf\\grammar_parser.py', reloading
[ 2025-01-09 17:10:00,111 ] 97 werkzeug - INFO -  * Detected change in 'c:\\Users\\ARUN KUMAR\\Downloads\\Diamond-Price-Prediction-with-DVC-Flask-Streamlit-main\\venv\\Lib\\site-packages\\omegaconf\\grammar_visitor.py', reloading
[ 2025-01-09 17:10:00,118 ] 97 werkzeug - INFO -  * Detected change in 'c:\\Users\\ARUN KUMAR\\Downloads\\Diamond-Price-Prediction-with-DVC-Flask-Streamlit-main\\venv\\Lib\\site-packages\\omegaconf\\listconfig.py', reloading
[ 2025-01-09 17:10:00,121 ] 97 werkzeug - INFO -  * Detected change in 'c:\\users\\arun kumar\\downloads\\diamond-price-prediction-with-dvc-flask-streamlit-main\\venv\\Lib\\site-packages\\omegaconf\\grammar_parser.py', reloading
[ 2025-01-09 17:10:00,125 ] 97 werkzeug - INFO -  * Detected change in 'c:\\Users\\ARUN KUMAR\\Downloads\\Diamond-Price-Prediction-with-DVC-Flask-Streamlit-main\\venv\\Lib\\site-packages\\omegaconf\\nodes.py', reloading
[ 2025-01-09 17:10:00,128 ] 97 werkzeug - INFO -  * Detected change in 'c:\\users\\arun kumar\\downloads\\diamond-price-prediction-with-dvc-flask-streamlit-main\\venv\\Lib\\site-packages\\omegaconf\\grammar_visitor.py', reloading
[ 2025-01-09 17:10:00,132 ] 97 werkzeug - INFO -  * Detected change in 'c:\\Users\\ARUN KUMAR\\Downloads\\Diamond-Price-Prediction-with-DVC-Flask-Streamlit-main\\venv\\Lib\\site-packages\\omegaconf\\omegaconf.py', reloading
[ 2025-01-09 17:10:00,133 ] 97 werkzeug - INFO -  * Detected change in 'c:\\users\\arun kumar\\downloads\\diamond-price-prediction-with-dvc-flask-streamlit-main\\venv\\Lib\\site-packages\\omegaconf\\listconfig.py', reloading
[ 2025-01-09 17:10:00,137 ] 97 werkzeug - INFO -  * Detected change in 'c:\\users\\arun kumar\\downloads\\diamond-price-prediction-with-dvc-flask-streamlit-main\\venv\\Lib\\site-packages\\omegaconf\\nodes.py', reloading
[ 2025-01-09 17:10:00,141 ] 97 werkzeug - INFO -  * Detected change in 'c:\\Users\\ARUN KUMAR\\Downloads\\Diamond-Price-Prediction-with-DVC-Flask-Streamlit-main\\venv\\Lib\\site-packages\\omegaconf\\resolvers\\__init__.py', reloading
[ 2025-01-09 17:10:00,145 ] 97 werkzeug - INFO -  * Detected change in 'c:\\users\\arun kumar\\downloads\\diamond-price-prediction-with-dvc-flask-streamlit-main\\venv\\Lib\\site-packages\\omegaconf\\omegaconf.py', reloading
[ 2025-01-09 17:10:00,152 ] 97 werkzeug - INFO -  * Detected change in 'c:\\Users\\ARUN KUMAR\\Downloads\\Diamond-Price-Prediction-with-DVC-Flask-Streamlit-main\\venv\\Lib\\site-packages\\omegaconf\\resolvers\\oc\\__init__.py', reloading
[ 2025-01-09 17:10:00,154 ] 97 werkzeug - INFO -  * Detected change in 'c:\\users\\arun kumar\\downloads\\diamond-price-prediction-with-dvc-flask-streamlit-main\\venv\\Lib\\site-packages\\omegaconf\\resolvers\\__init__.py', reloading
[ 2025-01-09 17:10:00,163 ] 97 werkzeug - INFO -  * Detected change in 'c:\\users\\arun kumar\\downloads\\diamond-price-prediction-with-dvc-flask-streamlit-main\\venv\\Lib\\site-packages\\omegaconf\\resolvers\\oc\\__init__.py', reloading
[ 2025-01-09 17:10:00,167 ] 97 werkzeug - INFO -  * Detected change in 'c:\\Users\\ARUN KUMAR\\Downloads\\Diamond-Price-Prediction-with-DVC-Flask-Streamlit-main\\venv\\Lib\\site-packages\\omegaconf\\resolvers\\oc\\dict.py', reloading
[ 2025-01-09 17:10:00,173 ] 97 werkzeug - INFO -  * Detected change in 'c:\\Users\\ARUN KUMAR\\Downloads\\Diamond-Price-Prediction-with-DVC-Flask-Streamlit-main\\venv\\Lib\\site-packages\\omegaconf\\version.py', reloading
[ 2025-01-09 17:10:00,179 ] 97 werkzeug - INFO -  * Detected change in 'c:\\users\\arun kumar\\downloads\\diamond-price-prediction-with-dvc-flask-streamlit-main\\venv\\Lib\\site-packages\\omegaconf\\resolvers\\oc\\dict.py', reloading
[ 2025-01-09 17:10:00,183 ] 97 werkzeug - INFO -  * Detected change in 'c:\\users\\arun kumar\\downloads\\diamond-price-prediction-with-dvc-flask-streamlit-main\\venv\\Lib\\site-packages\\omegaconf\\version.py', reloading
[ 2025-01-09 17:10:00,448 ] 97 werkzeug - INFO -  * Detected change in 'c:\\Users\\ARUN KUMAR\\Downloads\\Diamond-Price-Prediction-with-DVC-Flask-Streamlit-main\\venv\\Lib\\site-packages\\pandas\\_config\\config.py', reloading
[ 2025-01-09 17:10:00,453 ] 97 werkzeug - INFO -  * Detected change in 'c:\\Users\\ARUN KUMAR\\Downloads\\Diamond-Price-Prediction-with-DVC-Flask-Streamlit-main\\venv\\Lib\\site-packages\\pandas\\_config\\dates.py', reloading
[ 2025-01-09 17:10:00,458 ] 97 werkzeug - INFO -  * Detected change in 'c:\\Users\\ARUN KUMAR\\Downloads\\Diamond-Price-Prediction-with-DVC-Flask-Streamlit-main\\venv\\Lib\\site-packages\\pandas\\_config\\display.py', reloading
[ 2025-01-09 17:10:00,463 ] 97 werkzeug - INFO -  * Detected change in 'c:\\Users\\ARUN KUMAR\\Downloads\\Diamond-Price-Prediction-with-DVC-Flask-Streamlit-main\\venv\\Lib\\site-packages\\pandas\\_config\\localization.py', reloading
[ 2025-01-09 17:10:00,471 ] 97 werkzeug - INFO -  * Detected change in 'c:\\users\\arun kumar\\downloads\\diamond-price-prediction-with-dvc-flask-streamlit-main\\venv\\Lib\\site-packages\\pandas\\_config\\config.py', reloading
[ 2025-01-09 17:10:00,475 ] 97 werkzeug - INFO -  * Detected change in 'c:\\users\\arun kumar\\downloads\\diamond-price-prediction-with-dvc-flask-streamlit-main\\venv\\Lib\\site-packages\\pandas\\_config\\dates.py', reloading
[ 2025-01-09 17:10:00,478 ] 97 werkzeug - INFO -  * Detected change in 'c:\\users\\arun kumar\\downloads\\diamond-price-prediction-with-dvc-flask-streamlit-main\\venv\\Lib\\site-packages\\pandas\\_config\\display.py', reloading
[ 2025-01-09 17:10:00,481 ] 97 werkzeug - INFO -  * Detected change in 'c:\\users\\arun kumar\\downloads\\diamond-price-prediction-with-dvc-flask-streamlit-main\\venv\\Lib\\site-packages\\pandas\\_config\\localization.py', reloading
